[1.942s] Invoking command in '/home/chris/capstone/hitc_ws/src/camera_capture': PYTHONPATH=/home/chris/capstone/hitc_ws/build/camera_capture/prefix_override:/home/chris/capstone/hitc_ws/install/camera_capture/lib/python3.10/site-packages:${PYTHONPATH} /usr/bin/python3 -W ignore:setup.py install is deprecated setup.py egg_info --egg-base ../../build/camera_capture build --build-base /home/chris/capstone/hitc_ws/build/camera_capture/build install --record /home/chris/capstone/hitc_ws/build/camera_capture/install.log --single-version-externally-managed install_data
[2.239s] running egg_info
[2.240s] writing ../../build/camera_capture/camera_capture.egg-info/PKG-INFO
[2.240s] writing dependency_links to ../../build/camera_capture/camera_capture.egg-info/dependency_links.txt
[2.240s] writing entry points to ../../build/camera_capture/camera_capture.egg-info/entry_points.txt
[2.241s] writing requirements to ../../build/camera_capture/camera_capture.egg-info/requires.txt
[2.241s] writing top-level names to ../../build/camera_capture/camera_capture.egg-info/top_level.txt
[2.243s] reading manifest file '../../build/camera_capture/camera_capture.egg-info/SOURCES.txt'
[2.245s] writing manifest file '../../build/camera_capture/camera_capture.egg-info/SOURCES.txt'
[2.245s] running build
[2.246s] running build_py
[2.247s] running install
[2.247s] running install_lib
[2.249s] running install_data
[2.249s] running install_egg_info
[2.252s] removing '/home/chris/capstone/hitc_ws/install/camera_capture/lib/python3.10/site-packages/camera_capture-0.0.0-py3.10.egg-info' (and everything under it)
[2.252s] Copying ../../build/camera_capture/camera_capture.egg-info to /home/chris/capstone/hitc_ws/install/camera_capture/lib/python3.10/site-packages/camera_capture-0.0.0-py3.10.egg-info
[2.253s] running install_scripts
[2.278s] Installing camera_capture script to /home/chris/capstone/hitc_ws/install/camera_capture/lib/camera_capture
[2.278s] Installing image_proccessing script to /home/chris/capstone/hitc_ws/install/camera_capture/lib/camera_capture
[2.278s] Installing motor_controller script to /home/chris/capstone/hitc_ws/install/camera_capture/lib/camera_capture
[2.278s] Installing safety_system script to /home/chris/capstone/hitc_ws/install/camera_capture/lib/camera_capture
[2.279s] writing list of installed files to '/home/chris/capstone/hitc_ws/build/camera_capture/install.log'
[2.318s] Invoked command in '/home/chris/capstone/hitc_ws/src/camera_capture' returned '0': PYTHONPATH=/home/chris/capstone/hitc_ws/build/camera_capture/prefix_override:/home/chris/capstone/hitc_ws/install/camera_capture/lib/python3.10/site-packages:${PYTHONPATH} /usr/bin/python3 -W ignore:setup.py install is deprecated setup.py egg_info --egg-base ../../build/camera_capture build --build-base /home/chris/capstone/hitc_ws/build/camera_capture/build install --record /home/chris/capstone/hitc_ws/build/camera_capture/install.log --single-version-externally-managed install_data
