[1.323s] Invoking command in '/home/chris/capstone/hitc_ws/src/build/robot_arm_description': CMAKE_PREFIX_PATH=${CMAKE_PREFIX_PATH}:/home/chris/ros2_ws/install/turtlesim_catch_them_all:/home/chris/ros2_ws/install/my_py_pkg:/home/chris/hitc_ws/install/test_motors_py:/home/chris/hitc_ws/install/camera_py:/opt/ros/humble /usr/bin/cmake /home/chris/capstone/hitc_ws/src/robot_arm_description -DCMAKE_INSTALL_PREFIX=/home/chris/capstone/hitc_ws/src/install/robot_arm_description
[1.675s] -- The C compiler identification is GNU 11.4.0
[1.675s] -- The CXX compiler identification is GNU 11.4.0
[1.675s] -- Detecting C compiler ABI info
[1.675s] -- Detecting C compiler ABI info - done
[1.676s] -- Check for working C compiler: /usr/bin/cc - skipped
[1.676s] -- Detecting C compile features
[1.676s] -- Detecting C compile features - done
[1.676s] -- Detecting CXX compiler ABI info
[1.676s] -- Detecting CXX compiler ABI info - done
[1.676s] -- Check for working CXX compiler: /usr/bin/c++ - skipped
[1.676s] -- Detecting CXX compile features
[1.676s] -- Detecting CXX compile features - done
[1.676s] -- Found ament_cmake: 1.3.7 (/opt/ros/humble/share/ament_cmake/cmake)
[1.760s] -- Found Python3: /usr/bin/python3.10 (found version "3.10.12") found components: Interpreter 
[1.867s] -- Found ament_lint_auto: 0.12.10 (/opt/ros/humble/share/ament_lint_auto/cmake)
[1.947s] -- Added test 'lint_cmake' to check CMake code style
[1.948s] -- Added test 'xmllint' to check XML markup files
[1.949s] -- Configuring done
[1.968s] -- Generating done
[1.969s] -- Build files have been written to: /home/chris/capstone/hitc_ws/src/build/robot_arm_description
[2.038s] Invoked command in '/home/chris/capstone/hitc_ws/src/build/robot_arm_description' returned '0': CMAKE_PREFIX_PATH=${CMAKE_PREFIX_PATH}:/home/chris/ros2_ws/install/turtlesim_catch_them_all:/home/chris/ros2_ws/install/my_py_pkg:/home/chris/hitc_ws/install/test_motors_py:/home/chris/hitc_ws/install/camera_py:/opt/ros/humble /usr/bin/cmake /home/chris/capstone/hitc_ws/src/robot_arm_description -DCMAKE_INSTALL_PREFIX=/home/chris/capstone/hitc_ws/src/install/robot_arm_description
[2.041s] Invoking command in '/home/chris/capstone/hitc_ws/src/build/robot_arm_description': CMAKE_PREFIX_PATH=${CMAKE_PREFIX_PATH}:/home/chris/ros2_ws/install/turtlesim_catch_them_all:/home/chris/ros2_ws/install/my_py_pkg:/home/chris/hitc_ws/install/test_motors_py:/home/chris/hitc_ws/install/camera_py:/opt/ros/humble /usr/bin/cmake --build /home/chris/capstone/hitc_ws/src/build/robot_arm_description -- -j12 -l12
