[7.368s] Invoking command in '/home/chris/capstone/hitc_ws/src/camera_capture': PYTHONPATH=/home/chris/capstone/hitc_ws/build/camera_capture/prefix_override:/home/chris/capstone/hitc_ws/install/camera_capture/lib/python3.10/site-packages:${PYTHONPATH} /usr/bin/python3 setup.py egg_info --egg-base ../../build/camera_capture build --build-base /home/chris/capstone/hitc_ws/build/camera_capture/build install --record /home/chris/capstone/hitc_ws/build/camera_capture/install.log --single-version-externally-managed
[9.075s] running egg_info
[9.079s] writing ../../build/camera_capture/camera_capture.egg-info/PKG-INFO
[9.082s] writing dependency_links to ../../build/camera_capture/camera_capture.egg-info/dependency_links.txt
[9.083s] writing entry points to ../../build/camera_capture/camera_capture.egg-info/entry_points.txt
[9.085s] writing requirements to ../../build/camera_capture/camera_capture.egg-info/requires.txt
[9.086s] writing top-level names to ../../build/camera_capture/camera_capture.egg-info/top_level.txt
[9.096s] reading manifest file '../../build/camera_capture/camera_capture.egg-info/SOURCES.txt'
[9.101s] writing manifest file '../../build/camera_capture/camera_capture.egg-info/SOURCES.txt'
[9.103s] running build
[9.104s] running build_py
[9.107s] copying camera_capture/human_checker.py -> /home/chris/capstone/hitc_ws/build/camera_capture/build/lib/camera_capture
[9.108s] running install
[9.109s] running install_lib
[9.112s] copying /home/chris/capstone/hitc_ws/build/camera_capture/build/lib/camera_capture/human_checker.py -> /home/chris/capstone/hitc_ws/install/camera_capture/lib/python3.10/site-packages/camera_capture
[9.116s] byte-compiling /home/chris/capstone/hitc_ws/install/camera_capture/lib/python3.10/site-packages/camera_capture/human_checker.py to human_checker.cpython-310.pyc
[9.122s] running install_data
[9.124s] running install_egg_info
[9.132s] removing '/home/chris/capstone/hitc_ws/install/camera_capture/lib/python3.10/site-packages/camera_capture-0.0.0-py3.10.egg-info' (and everything under it)
[9.135s] Copying ../../build/camera_capture/camera_capture.egg-info to /home/chris/capstone/hitc_ws/install/camera_capture/lib/python3.10/site-packages/camera_capture-0.0.0-py3.10.egg-info
[9.143s] running install_scripts
[9.254s] Installing camera_capture script to /home/chris/capstone/hitc_ws/install/camera_capture/lib/camera_capture
[9.255s] Installing human_checker script to /home/chris/capstone/hitc_ws/install/camera_capture/lib/camera_capture
[9.256s] Installing image_proccessing script to /home/chris/capstone/hitc_ws/install/camera_capture/lib/camera_capture
[9.261s] writing list of installed files to '/home/chris/capstone/hitc_ws/build/camera_capture/install.log'
[9.539s] Invoked command in '/home/chris/capstone/hitc_ws/src/camera_capture' returned '0': PYTHONPATH=/home/chris/capstone/hitc_ws/build/camera_capture/prefix_override:/home/chris/capstone/hitc_ws/install/camera_capture/lib/python3.10/site-packages:${PYTHONPATH} /usr/bin/python3 setup.py egg_info --egg-base ../../build/camera_capture build --build-base /home/chris/capstone/hitc_ws/build/camera_capture/build install --record /home/chris/capstone/hitc_ws/build/camera_capture/install.log --single-version-externally-managed
