[22.080s] Invoking command in '/home/chris/capstone/hitc_ws/src/my_robot_description': PYTHONPATH=/home/chris/capstone/hitc_ws/build/my_robot_description/prefix_override:/home/chris/capstone/hitc_ws/install/my_robot_description/lib/python3.10/site-packages:${PYTHONPATH} /usr/bin/python3 setup.py egg_info --egg-base ../../build/my_robot_description build --build-base /home/chris/capstone/hitc_ws/build/my_robot_description/build install --record /home/chris/capstone/hitc_ws/build/my_robot_description/install.log --single-version-externally-managed
[28.621s] running egg_info
[28.631s] writing ../../build/my_robot_description/my_robot_description.egg-info/PKG-INFO
[28.658s] writing dependency_links to ../../build/my_robot_description/my_robot_description.egg-info/dependency_links.txt
[28.659s] writing entry points to ../../build/my_robot_description/my_robot_description.egg-info/entry_points.txt
[28.664s] writing requirements to ../../build/my_robot_description/my_robot_description.egg-info/requires.txt
[28.667s] writing top-level names to ../../build/my_robot_description/my_robot_description.egg-info/top_level.txt
[28.679s] reading manifest file '../../build/my_robot_description/my_robot_description.egg-info/SOURCES.txt'
[28.689s] writing manifest file '../../build/my_robot_description/my_robot_description.egg-info/SOURCES.txt'
[28.690s] running build
[28.691s] running build_py
[28.691s] running install
[28.696s] running install_lib
[28.697s] running install_data
[28.701s] running install_egg_info
[28.734s] removing '/home/chris/capstone/hitc_ws/install/my_robot_description/lib/python3.10/site-packages/my_robot_description-0.0.0-py3.10.egg-info' (and everything under it)
[28.736s] Copying ../../build/my_robot_description/my_robot_description.egg-info to /home/chris/capstone/hitc_ws/install/my_robot_description/lib/python3.10/site-packages/my_robot_description-0.0.0-py3.10.egg-info
[28.769s] running install_scripts
[29.270s] writing list of installed files to '/home/chris/capstone/hitc_ws/build/my_robot_description/install.log'
[31.970s] Invoked command in '/home/chris/capstone/hitc_ws/src/my_robot_description' returned '0': PYTHONPATH=/home/chris/capstone/hitc_ws/build/my_robot_description/prefix_override:/home/chris/capstone/hitc_ws/install/my_robot_description/lib/python3.10/site-packages:${PYTHONPATH} /usr/bin/python3 setup.py egg_info --egg-base ../../build/my_robot_description build --build-base /home/chris/capstone/hitc_ws/build/my_robot_description/build install --record /home/chris/capstone/hitc_ws/build/my_robot_description/install.log --single-version-externally-managed
