[22.385s] Invoking command in '/home/chris/capstone/hitc_ws/src/camera_capture': PYTHONPATH=/home/chris/capstone/hitc_ws/build/camera_capture/prefix_override:/home/chris/capstone/hitc_ws/install/camera_capture/lib/python3.10/site-packages:${PYTHONPATH} /usr/bin/python3 setup.py egg_info --egg-base ../../build/camera_capture build --build-base /home/chris/capstone/hitc_ws/build/camera_capture/build install --record /home/chris/capstone/hitc_ws/build/camera_capture/install.log --single-version-externally-managed
[28.598s] running egg_info
[28.610s] writing ../../build/camera_capture/camera_capture.egg-info/PKG-INFO
[28.620s] writing dependency_links to ../../build/camera_capture/camera_capture.egg-info/dependency_links.txt
[28.627s] writing entry points to ../../build/camera_capture/camera_capture.egg-info/entry_points.txt
[28.634s] writing requirements to ../../build/camera_capture/camera_capture.egg-info/requires.txt
[28.641s] writing top-level names to ../../build/camera_capture/camera_capture.egg-info/top_level.txt
[28.675s] reading manifest file '../../build/camera_capture/camera_capture.egg-info/SOURCES.txt'
[28.705s] writing manifest file '../../build/camera_capture/camera_capture.egg-info/SOURCES.txt'
[28.719s] running build
[28.720s] running build_py
[28.725s] copying camera_capture/human_checker.py -> /home/chris/capstone/hitc_ws/build/camera_capture/build/lib/camera_capture
[28.726s] running install
[28.728s] running install_lib
[28.739s] copying /home/chris/capstone/hitc_ws/build/camera_capture/build/lib/camera_capture/human_checker.py -> /home/chris/capstone/hitc_ws/install/camera_capture/lib/python3.10/site-packages/camera_capture
[28.757s] byte-compiling /home/chris/capstone/hitc_ws/install/camera_capture/lib/python3.10/site-packages/camera_capture/human_checker.py to human_checker.cpython-310.pyc
[28.762s] running install_data
[28.773s] running install_egg_info
[28.789s] removing '/home/chris/capstone/hitc_ws/install/camera_capture/lib/python3.10/site-packages/camera_capture-0.0.0-py3.10.egg-info' (and everything under it)
[28.794s] Copying ../../build/camera_capture/camera_capture.egg-info to /home/chris/capstone/hitc_ws/install/camera_capture/lib/python3.10/site-packages/camera_capture-0.0.0-py3.10.egg-info
[28.811s] running install_scripts
[29.107s] Installing camera_capture script to /home/chris/capstone/hitc_ws/install/camera_capture/lib/camera_capture
[29.109s] Installing human_checker script to /home/chris/capstone/hitc_ws/install/camera_capture/lib/camera_capture
[29.116s] Installing image_proccessing script to /home/chris/capstone/hitc_ws/install/camera_capture/lib/camera_capture
[29.118s] writing list of installed files to '/home/chris/capstone/hitc_ws/build/camera_capture/install.log'
[29.893s] Invoked command in '/home/chris/capstone/hitc_ws/src/camera_capture' returned '0': PYTHONPATH=/home/chris/capstone/hitc_ws/build/camera_capture/prefix_override:/home/chris/capstone/hitc_ws/install/camera_capture/lib/python3.10/site-packages:${PYTHONPATH} /usr/bin/python3 setup.py egg_info --egg-base ../../build/camera_capture build --build-base /home/chris/capstone/hitc_ws/build/camera_capture/build install --record /home/chris/capstone/hitc_ws/build/camera_capture/install.log --single-version-externally-managed
