[3.622s] Invoking command in '/home/chris/capstone/hitc_ws/build/laser_pointer': PYTHONPATH=/home/chris/capstone/hitc_ws/build/laser_pointer/prefix_override:/home/chris/capstone/hitc_ws/install/laser_pointer/lib/python3.10/site-packages:${PYTHONPATH} /usr/bin/python3 setup.py develop --uninstall --editable --build-directory /home/chris/capstone/hitc_ws/build/laser_pointer/build
[3.931s] running develop
[4.139s] Removing /home/chris/capstone/hitc_ws/install/laser_pointer/lib/python3.10/site-packages/laser-pointer.egg-link (link to .)
[4.192s] Invoked command in '/home/chris/capstone/hitc_ws/build/laser_pointer' returned '0': PYTHONPATH=/home/chris/capstone/hitc_ws/build/laser_pointer/prefix_override:/home/chris/capstone/hitc_ws/install/laser_pointer/lib/python3.10/site-packages:${PYTHONPATH} /usr/bin/python3 setup.py develop --uninstall --editable --build-directory /home/chris/capstone/hitc_ws/build/laser_pointer/build
[4.194s] Invoking command in '/home/chris/capstone/hitc_ws/src/laser_pointer': PYTHONPATH=/home/chris/capstone/hitc_ws/build/laser_pointer/prefix_override:/home/chris/capstone/hitc_ws/install/laser_pointer/lib/python3.10/site-packages:${PYTHONPATH} /usr/bin/python3 setup.py egg_info --egg-base ../../build/laser_pointer build --build-base /home/chris/capstone/hitc_ws/build/laser_pointer/build install --record /home/chris/capstone/hitc_ws/build/laser_pointer/install.log --single-version-externally-managed
[4.490s] running egg_info
[4.491s] writing ../../build/laser_pointer/laser_pointer.egg-info/PKG-INFO
[4.491s] writing dependency_links to ../../build/laser_pointer/laser_pointer.egg-info/dependency_links.txt
[4.492s] writing entry points to ../../build/laser_pointer/laser_pointer.egg-info/entry_points.txt
[4.492s] writing requirements to ../../build/laser_pointer/laser_pointer.egg-info/requires.txt
[4.492s] writing top-level names to ../../build/laser_pointer/laser_pointer.egg-info/top_level.txt
[4.494s] reading manifest file '../../build/laser_pointer/laser_pointer.egg-info/SOURCES.txt'
[4.496s] writing manifest file '../../build/laser_pointer/laser_pointer.egg-info/SOURCES.txt'
[4.496s] running build
[4.496s] running build_py
[4.497s] creating /home/chris/capstone/hitc_ws/build/laser_pointer/build
[4.497s] creating /home/chris/capstone/hitc_ws/build/laser_pointer/build/lib
[4.497s] creating /home/chris/capstone/hitc_ws/build/laser_pointer/build/lib/laser_pointer
[4.497s] copying laser_pointer/laser_end_effector.py -> /home/chris/capstone/hitc_ws/build/laser_pointer/build/lib/laser_pointer
[4.498s] copying laser_pointer/__init__.py -> /home/chris/capstone/hitc_ws/build/laser_pointer/build/lib/laser_pointer
[4.498s] copying laser_pointer/position_publisher.py -> /home/chris/capstone/hitc_ws/build/laser_pointer/build/lib/laser_pointer
[4.500s] copying laser_pointer/servo_position.py -> /home/chris/capstone/hitc_ws/build/laser_pointer/build/lib/laser_pointer
[4.501s] running install
[4.501s] running install_lib
[4.502s] creating /home/chris/capstone/hitc_ws/install/laser_pointer/lib/python3.10/site-packages/laser_pointer
[4.503s] copying /home/chris/capstone/hitc_ws/build/laser_pointer/build/lib/laser_pointer/laser_end_effector.py -> /home/chris/capstone/hitc_ws/install/laser_pointer/lib/python3.10/site-packages/laser_pointer
[4.503s] copying /home/chris/capstone/hitc_ws/build/laser_pointer/build/lib/laser_pointer/__init__.py -> /home/chris/capstone/hitc_ws/install/laser_pointer/lib/python3.10/site-packages/laser_pointer
[4.503s] copying /home/chris/capstone/hitc_ws/build/laser_pointer/build/lib/laser_pointer/position_publisher.py -> /home/chris/capstone/hitc_ws/install/laser_pointer/lib/python3.10/site-packages/laser_pointer
[4.503s] copying /home/chris/capstone/hitc_ws/build/laser_pointer/build/lib/laser_pointer/servo_position.py -> /home/chris/capstone/hitc_ws/install/laser_pointer/lib/python3.10/site-packages/laser_pointer
[4.504s] byte-compiling /home/chris/capstone/hitc_ws/install/laser_pointer/lib/python3.10/site-packages/laser_pointer/laser_end_effector.py to laser_end_effector.cpython-310.pyc
[4.504s] byte-compiling /home/chris/capstone/hitc_ws/install/laser_pointer/lib/python3.10/site-packages/laser_pointer/__init__.py to __init__.cpython-310.pyc
[4.504s] byte-compiling /home/chris/capstone/hitc_ws/install/laser_pointer/lib/python3.10/site-packages/laser_pointer/position_publisher.py to position_publisher.cpython-310.pyc
[4.505s] byte-compiling /home/chris/capstone/hitc_ws/install/laser_pointer/lib/python3.10/site-packages/laser_pointer/servo_position.py to servo_position.cpython-310.pyc
[4.505s] running install_data
[4.506s] running install_egg_info
[4.507s] Copying ../../build/laser_pointer/laser_pointer.egg-info to /home/chris/capstone/hitc_ws/install/laser_pointer/lib/python3.10/site-packages/laser_pointer-0.0.0-py3.10.egg-info
[4.507s] running install_scripts
[4.526s] Installing laser_pointer script to /home/chris/capstone/hitc_ws/install/laser_pointer/lib/laser_pointer
[4.526s] Installing position_publisher script to /home/chris/capstone/hitc_ws/install/laser_pointer/lib/laser_pointer
[4.526s] Installing servo_position script to /home/chris/capstone/hitc_ws/install/laser_pointer/lib/laser_pointer
[4.527s] writing list of installed files to '/home/chris/capstone/hitc_ws/build/laser_pointer/install.log'
[4.752s] Invoked command in '/home/chris/capstone/hitc_ws/src/laser_pointer' returned '0': PYTHONPATH=/home/chris/capstone/hitc_ws/build/laser_pointer/prefix_override:/home/chris/capstone/hitc_ws/install/laser_pointer/lib/python3.10/site-packages:${PYTHONPATH} /usr/bin/python3 setup.py egg_info --egg-base ../../build/laser_pointer build --build-base /home/chris/capstone/hitc_ws/build/laser_pointer/build install --record /home/chris/capstone/hitc_ws/build/laser_pointer/install.log --single-version-externally-managed
