[7.231s] Invoking command in '/home/chris/capstone/hitc_ws/src/laser_pointer': PYTHONPATH=/home/chris/capstone/hitc_ws/build/laser_pointer/prefix_override:/home/chris/capstone/hitc_ws/install/laser_pointer/lib/python3.10/site-packages:${PYTHONPATH} /usr/bin/python3 setup.py egg_info --egg-base ../../build/laser_pointer build --build-base /home/chris/capstone/hitc_ws/build/laser_pointer/build install --record /home/chris/capstone/hitc_ws/build/laser_pointer/install.log --single-version-externally-managed
[8.965s] running egg_info
[8.974s] writing ../../build/laser_pointer/laser_pointer.egg-info/PKG-INFO
[8.975s] writing dependency_links to ../../build/laser_pointer/laser_pointer.egg-info/dependency_links.txt
[8.975s] writing entry points to ../../build/laser_pointer/laser_pointer.egg-info/entry_points.txt
[8.976s] writing requirements to ../../build/laser_pointer/laser_pointer.egg-info/requires.txt
[8.976s] writing top-level names to ../../build/laser_pointer/laser_pointer.egg-info/top_level.txt
[8.983s] reading manifest file '../../build/laser_pointer/laser_pointer.egg-info/SOURCES.txt'
[8.987s] writing manifest file '../../build/laser_pointer/laser_pointer.egg-info/SOURCES.txt'
[8.989s] running build
[8.990s] running build_py
[8.992s] copying laser_pointer/laser_end_effector.py -> /home/chris/capstone/hitc_ws/build/laser_pointer/build/lib/laser_pointer
[8.995s] running install
[8.996s] running install_lib
[9.000s] copying /home/chris/capstone/hitc_ws/build/laser_pointer/build/lib/laser_pointer/laser_end_effector.py -> /home/chris/capstone/hitc_ws/install/laser_pointer/lib/python3.10/site-packages/laser_pointer
[9.001s] byte-compiling /home/chris/capstone/hitc_ws/install/laser_pointer/lib/python3.10/site-packages/laser_pointer/laser_end_effector.py to laser_end_effector.cpython-310.pyc
[9.006s] running install_data
[9.009s] running install_egg_info
[9.026s] removing '/home/chris/capstone/hitc_ws/install/laser_pointer/lib/python3.10/site-packages/laser_pointer-0.0.0-py3.10.egg-info' (and everything under it)
[9.032s] Copying ../../build/laser_pointer/laser_pointer.egg-info to /home/chris/capstone/hitc_ws/install/laser_pointer/lib/python3.10/site-packages/laser_pointer-0.0.0-py3.10.egg-info
[9.040s] running install_scripts
[9.156s] Installing laser_end_effector script to /home/chris/capstone/hitc_ws/install/laser_pointer/lib/laser_pointer
[9.159s] writing list of installed files to '/home/chris/capstone/hitc_ws/build/laser_pointer/install.log'
[9.706s] Invoked command in '/home/chris/capstone/hitc_ws/src/laser_pointer' returned '0': PYTHONPATH=/home/chris/capstone/hitc_ws/build/laser_pointer/prefix_override:/home/chris/capstone/hitc_ws/install/laser_pointer/lib/python3.10/site-packages:${PYTHONPATH} /usr/bin/python3 setup.py egg_info --egg-base ../../build/laser_pointer build --build-base /home/chris/capstone/hitc_ws/build/laser_pointer/build install --record /home/chris/capstone/hitc_ws/build/laser_pointer/install.log --single-version-externally-managed
