/home/chris/capstone/hitc_ws/install/path_planner/lib/python3.10/site-packages/path_planner/modular_path_planner.py
/home/chris/capstone/hitc_ws/install/path_planner/lib/python3.10/site-packages/path_planner/__init__.py
/home/chris/capstone/hitc_ws/install/path_planner/lib/python3.10/site-packages/path_planner/milestone_arm_only.py
/home/chris/capstone/hitc_ws/install/path_planner/lib/python3.10/site-packages/path_planner/test_modular_path_planner.py
/home/chris/capstone/hitc_ws/install/path_planner/lib/python3.10/site-packages/path_planner/test_arm_only.py
/home/chris/capstone/hitc_ws/install/path_planner/lib/python3.10/site-packages/path_planner/cartesian_to_radians.py
/home/chris/capstone/hitc_ws/install/path_planner/lib/python3.10/site-packages/path_planner/modern_robotics/__init__.py
/home/chris/capstone/hitc_ws/install/path_planner/lib/python3.10/site-packages/path_planner/modern_robotics/__version__.py
/home/chris/capstone/hitc_ws/install/path_planner/lib/python3.10/site-packages/path_planner/modern_robotics/app.py
/home/chris/capstone/hitc_ws/install/path_planner/lib/python3.10/site-packages/path_planner/modern_robotics/core.py
/home/chris/capstone/hitc_ws/install/path_planner/lib/python3.10/site-packages/path_planner/__pycache__/modular_path_planner.cpython-310.pyc
/home/chris/capstone/hitc_ws/install/path_planner/lib/python3.10/site-packages/path_planner/__pycache__/__init__.cpython-310.pyc
/home/chris/capstone/hitc_ws/install/path_planner/lib/python3.10/site-packages/path_planner/__pycache__/milestone_arm_only.cpython-310.pyc
/home/chris/capstone/hitc_ws/install/path_planner/lib/python3.10/site-packages/path_planner/__pycache__/test_modular_path_planner.cpython-310.pyc
/home/chris/capstone/hitc_ws/install/path_planner/lib/python3.10/site-packages/path_planner/__pycache__/test_arm_only.cpython-310.pyc
/home/chris/capstone/hitc_ws/install/path_planner/lib/python3.10/site-packages/path_planner/__pycache__/cartesian_to_radians.cpython-310.pyc
/home/chris/capstone/hitc_ws/install/path_planner/lib/python3.10/site-packages/path_planner/modern_robotics/__pycache__/__init__.cpython-310.pyc
/home/chris/capstone/hitc_ws/install/path_planner/lib/python3.10/site-packages/path_planner/modern_robotics/__pycache__/__version__.cpython-310.pyc
/home/chris/capstone/hitc_ws/install/path_planner/lib/python3.10/site-packages/path_planner/modern_robotics/__pycache__/app.cpython-310.pyc
/home/chris/capstone/hitc_ws/install/path_planner/lib/python3.10/site-packages/path_planner/modern_robotics/__pycache__/core.cpython-310.pyc
/home/chris/capstone/hitc_ws/install/path_planner/share/ament_index/resource_index/packages/path_planner
/home/chris/capstone/hitc_ws/install/path_planner/share/path_planner/package.xml
/home/chris/capstone/hitc_ws/install/path_planner/lib/python3.10/site-packages/path_planner-0.0.0-py3.10.egg-info/dependency_links.txt
/home/chris/capstone/hitc_ws/install/path_planner/lib/python3.10/site-packages/path_planner-0.0.0-py3.10.egg-info/SOURCES.txt
/home/chris/capstone/hitc_ws/install/path_planner/lib/python3.10/site-packages/path_planner-0.0.0-py3.10.egg-info/zip-safe
/home/chris/capstone/hitc_ws/install/path_planner/lib/python3.10/site-packages/path_planner-0.0.0-py3.10.egg-info/requires.txt
/home/chris/capstone/hitc_ws/install/path_planner/lib/python3.10/site-packages/path_planner-0.0.0-py3.10.egg-info/top_level.txt
/home/chris/capstone/hitc_ws/install/path_planner/lib/python3.10/site-packages/path_planner-0.0.0-py3.10.egg-info/PKG-INFO
/home/chris/capstone/hitc_ws/install/path_planner/lib/python3.10/site-packages/path_planner-0.0.0-py3.10.egg-info/entry_points.txt
