[3.695s] Invoking command in '/home/chris/capstone/hitc_ws/src/laser_pointer': PYTHONPATH=/home/chris/capstone/hitc_ws/build/laser_pointer/prefix_override:/home/chris/capstone/hitc_ws/install/laser_pointer/lib/python3.10/site-packages:${PYTHONPATH} /usr/bin/python3 setup.py egg_info --egg-base ../../build/laser_pointer build --build-base /home/chris/capstone/hitc_ws/build/laser_pointer/build install --record /home/chris/capstone/hitc_ws/build/laser_pointer/install.log --single-version-externally-managed
[4.896s] running egg_info
[4.898s] creating ../../build/laser_pointer/laser_pointer.egg-info
[4.899s] writing ../../build/laser_pointer/laser_pointer.egg-info/PKG-INFO
[4.901s] writing dependency_links to ../../build/laser_pointer/laser_pointer.egg-info/dependency_links.txt
[4.901s] writing entry points to ../../build/laser_pointer/laser_pointer.egg-info/entry_points.txt
[4.902s] writing requirements to ../../build/laser_pointer/laser_pointer.egg-info/requires.txt
[4.903s] writing top-level names to ../../build/laser_pointer/laser_pointer.egg-info/top_level.txt
[4.904s] writing manifest file '../../build/laser_pointer/laser_pointer.egg-info/SOURCES.txt'
[4.911s] reading manifest file '../../build/laser_pointer/laser_pointer.egg-info/SOURCES.txt'
[4.914s] writing manifest file '../../build/laser_pointer/laser_pointer.egg-info/SOURCES.txt'
[4.915s] running build
[4.916s] running build_py
[4.916s] creating /home/chris/capstone/hitc_ws/build/laser_pointer/build
[4.917s] creating /home/chris/capstone/hitc_ws/build/laser_pointer/build/lib
[4.917s] creating /home/chris/capstone/hitc_ws/build/laser_pointer/build/lib/laser_pointer
[4.918s] copying laser_pointer/laser_end_effector.py -> /home/chris/capstone/hitc_ws/build/laser_pointer/build/lib/laser_pointer
[4.918s] copying laser_pointer/__init__.py -> /home/chris/capstone/hitc_ws/build/laser_pointer/build/lib/laser_pointer
[4.919s] running install
[4.920s] running install_lib
[4.923s] creating /home/chris/capstone/hitc_ws/install/laser_pointer/lib/python3.10/site-packages/laser_pointer
[4.923s] copying /home/chris/capstone/hitc_ws/build/laser_pointer/build/lib/laser_pointer/laser_end_effector.py -> /home/chris/capstone/hitc_ws/install/laser_pointer/lib/python3.10/site-packages/laser_pointer
[4.924s] copying /home/chris/capstone/hitc_ws/build/laser_pointer/build/lib/laser_pointer/__init__.py -> /home/chris/capstone/hitc_ws/install/laser_pointer/lib/python3.10/site-packages/laser_pointer
[4.927s] byte-compiling /home/chris/capstone/hitc_ws/install/laser_pointer/lib/python3.10/site-packages/laser_pointer/laser_end_effector.py to laser_end_effector.cpython-310.pyc
[4.928s] byte-compiling /home/chris/capstone/hitc_ws/install/laser_pointer/lib/python3.10/site-packages/laser_pointer/__init__.py to __init__.cpython-310.pyc
[4.929s] running install_data
[4.932s] creating /home/chris/capstone/hitc_ws/install/laser_pointer/share/ament_index
[4.932s] creating /home/chris/capstone/hitc_ws/install/laser_pointer/share/ament_index/resource_index
[4.933s] creating /home/chris/capstone/hitc_ws/install/laser_pointer/share/ament_index/resource_index/packages
[4.933s] copying resource/laser_pointer -> /home/chris/capstone/hitc_ws/install/laser_pointer/share/ament_index/resource_index/packages
[4.934s] copying package.xml -> /home/chris/capstone/hitc_ws/install/laser_pointer/share/laser_pointer
[4.934s] running install_egg_info
[4.941s] Copying ../../build/laser_pointer/laser_pointer.egg-info to /home/chris/capstone/hitc_ws/install/laser_pointer/lib/python3.10/site-packages/laser_pointer-0.0.0-py3.10.egg-info
[4.946s] running install_scripts
[5.029s] Installing lazer_end_effector script to /home/chris/capstone/hitc_ws/install/laser_pointer/lib/laser_pointer
[5.031s] writing list of installed files to '/home/chris/capstone/hitc_ws/build/laser_pointer/install.log'
[5.182s] Invoked command in '/home/chris/capstone/hitc_ws/src/laser_pointer' returned '0': PYTHONPATH=/home/chris/capstone/hitc_ws/build/laser_pointer/prefix_override:/home/chris/capstone/hitc_ws/install/laser_pointer/lib/python3.10/site-packages:${PYTHONPATH} /usr/bin/python3 setup.py egg_info --egg-base ../../build/laser_pointer build --build-base /home/chris/capstone/hitc_ws/build/laser_pointer/build install --record /home/chris/capstone/hitc_ws/build/laser_pointer/install.log --single-version-externally-managed
