running egg_info
creating ../../build/state_publisher_py/state_publisher_py.egg-info
writing ../../build/state_publisher_py/state_publisher_py.egg-info/PKG-INFO
writing dependency_links to ../../build/state_publisher_py/state_publisher_py.egg-info/dependency_links.txt
writing entry points to ../../build/state_publisher_py/state_publisher_py.egg-info/entry_points.txt
writing requirements to ../../build/state_publisher_py/state_publisher_py.egg-info/requires.txt
writing top-level names to ../../build/state_publisher_py/state_publisher_py.egg-info/top_level.txt
writing manifest file '../../build/state_publisher_py/state_publisher_py.egg-info/SOURCES.txt'
reading manifest file '../../build/state_publisher_py/state_publisher_py.egg-info/SOURCES.txt'
writing manifest file '../../build/state_publisher_py/state_publisher_py.egg-info/SOURCES.txt'
running build
running build_py
creating /home/chris/capstone/hitc_ws/build/state_publisher_py/build
creating /home/chris/capstone/hitc_ws/build/state_publisher_py/build/lib
creating /home/chris/capstone/hitc_ws/build/state_publisher_py/build/lib/state_publisher_py
copying state_publisher_py/state_publisher.py -> /home/chris/capstone/hitc_ws/build/state_publisher_py/build/lib/state_publisher_py
copying state_publisher_py/__init__.py -> /home/chris/capstone/hitc_ws/build/state_publisher_py/build/lib/state_publisher_py
copying state_publisher_py/test.py -> /home/chris/capstone/hitc_ws/build/state_publisher_py/build/lib/state_publisher_py
running install
running install_lib
creating /home/chris/capstone/hitc_ws/install/state_publisher_py/lib/python3.10/site-packages/state_publisher_py
copying /home/chris/capstone/hitc_ws/build/state_publisher_py/build/lib/state_publisher_py/state_publisher.py -> /home/chris/capstone/hitc_ws/install/state_publisher_py/lib/python3.10/site-packages/state_publisher_py
copying /home/chris/capstone/hitc_ws/build/state_publisher_py/build/lib/state_publisher_py/__init__.py -> /home/chris/capstone/hitc_ws/install/state_publisher_py/lib/python3.10/site-packages/state_publisher_py
copying /home/chris/capstone/hitc_ws/build/state_publisher_py/build/lib/state_publisher_py/test.py -> /home/chris/capstone/hitc_ws/install/state_publisher_py/lib/python3.10/site-packages/state_publisher_py
byte-compiling /home/chris/capstone/hitc_ws/install/state_publisher_py/lib/python3.10/site-packages/state_publisher_py/state_publisher.py to state_publisher.cpython-310.pyc
byte-compiling /home/chris/capstone/hitc_ws/install/state_publisher_py/lib/python3.10/site-packages/state_publisher_py/__init__.py to __init__.cpython-310.pyc
byte-compiling /home/chris/capstone/hitc_ws/install/state_publisher_py/lib/python3.10/site-packages/state_publisher_py/test.py to test.cpython-310.pyc
running install_data
creating /home/chris/capstone/hitc_ws/install/state_publisher_py/share/ament_index
creating /home/chris/capstone/hitc_ws/install/state_publisher_py/share/ament_index/resource_index
creating /home/chris/capstone/hitc_ws/install/state_publisher_py/share/ament_index/resource_index/packages
copying resource/state_publisher_py -> /home/chris/capstone/hitc_ws/install/state_publisher_py/share/ament_index/resource_index/packages
copying package.xml -> /home/chris/capstone/hitc_ws/install/state_publisher_py/share/state_publisher_py
running install_egg_info
Copying ../../build/state_publisher_py/state_publisher_py.egg-info to /home/chris/capstone/hitc_ws/install/state_publisher_py/lib/python3.10/site-packages/state_publisher_py-0.0.0-py3.10.egg-info
running install_scripts
Installing state_publisher script to /home/chris/capstone/hitc_ws/install/state_publisher_py/lib/state_publisher_py
writing list of installed files to '/home/chris/capstone/hitc_ws/build/state_publisher_py/install.log'
