[3.066s] Invoking command in '/home/chris/capstone/hitc_ws/src/state_publisher_py': PYTHONPATH=/home/chris/capstone/hitc_ws/build/state_publisher_py/prefix_override:/home/chris/capstone/hitc_ws/install/state_publisher_py/lib/python3.10/site-packages:${PYTHONPATH} /usr/bin/python3 setup.py egg_info --egg-base ../../build/state_publisher_py build --build-base /home/chris/capstone/hitc_ws/build/state_publisher_py/build install --record /home/chris/capstone/hitc_ws/build/state_publisher_py/install.log --single-version-externally-managed
[3.399s] running egg_info
[3.400s] creating ../../build/state_publisher_py/state_publisher_py.egg-info
[3.400s] writing ../../build/state_publisher_py/state_publisher_py.egg-info/PKG-INFO
[3.400s] writing dependency_links to ../../build/state_publisher_py/state_publisher_py.egg-info/dependency_links.txt
[3.400s] writing entry points to ../../build/state_publisher_py/state_publisher_py.egg-info/entry_points.txt
[3.401s] writing requirements to ../../build/state_publisher_py/state_publisher_py.egg-info/requires.txt
[3.401s] writing top-level names to ../../build/state_publisher_py/state_publisher_py.egg-info/top_level.txt
[3.401s] writing manifest file '../../build/state_publisher_py/state_publisher_py.egg-info/SOURCES.txt'
[3.403s] reading manifest file '../../build/state_publisher_py/state_publisher_py.egg-info/SOURCES.txt'
[3.404s] writing manifest file '../../build/state_publisher_py/state_publisher_py.egg-info/SOURCES.txt'
[3.404s] running build
[3.404s] running build_py
[3.404s] creating /home/chris/capstone/hitc_ws/build/state_publisher_py/build
[3.404s] creating /home/chris/capstone/hitc_ws/build/state_publisher_py/build/lib
[3.405s] creating /home/chris/capstone/hitc_ws/build/state_publisher_py/build/lib/state_publisher_py
[3.405s] copying state_publisher_py/state_publisher.py -> /home/chris/capstone/hitc_ws/build/state_publisher_py/build/lib/state_publisher_py
[3.405s] copying state_publisher_py/__init__.py -> /home/chris/capstone/hitc_ws/build/state_publisher_py/build/lib/state_publisher_py
[3.406s] copying state_publisher_py/test.py -> /home/chris/capstone/hitc_ws/build/state_publisher_py/build/lib/state_publisher_py
[3.406s] running install
[3.406s] running install_lib
[3.406s] creating /home/chris/capstone/hitc_ws/install/state_publisher_py/lib/python3.10/site-packages/state_publisher_py
[3.406s] copying /home/chris/capstone/hitc_ws/build/state_publisher_py/build/lib/state_publisher_py/state_publisher.py -> /home/chris/capstone/hitc_ws/install/state_publisher_py/lib/python3.10/site-packages/state_publisher_py
[3.407s] copying /home/chris/capstone/hitc_ws/build/state_publisher_py/build/lib/state_publisher_py/__init__.py -> /home/chris/capstone/hitc_ws/install/state_publisher_py/lib/python3.10/site-packages/state_publisher_py
[3.407s] copying /home/chris/capstone/hitc_ws/build/state_publisher_py/build/lib/state_publisher_py/test.py -> /home/chris/capstone/hitc_ws/install/state_publisher_py/lib/python3.10/site-packages/state_publisher_py
[3.407s] byte-compiling /home/chris/capstone/hitc_ws/install/state_publisher_py/lib/python3.10/site-packages/state_publisher_py/state_publisher.py to state_publisher.cpython-310.pyc
[3.408s] byte-compiling /home/chris/capstone/hitc_ws/install/state_publisher_py/lib/python3.10/site-packages/state_publisher_py/__init__.py to __init__.cpython-310.pyc
[3.408s] byte-compiling /home/chris/capstone/hitc_ws/install/state_publisher_py/lib/python3.10/site-packages/state_publisher_py/test.py to test.cpython-310.pyc
[3.409s] running install_data
[3.409s] creating /home/chris/capstone/hitc_ws/install/state_publisher_py/share/ament_index
[3.409s] creating /home/chris/capstone/hitc_ws/install/state_publisher_py/share/ament_index/resource_index
[3.410s] creating /home/chris/capstone/hitc_ws/install/state_publisher_py/share/ament_index/resource_index/packages
[3.410s] copying resource/state_publisher_py -> /home/chris/capstone/hitc_ws/install/state_publisher_py/share/ament_index/resource_index/packages
[3.410s] copying package.xml -> /home/chris/capstone/hitc_ws/install/state_publisher_py/share/state_publisher_py
[3.410s] running install_egg_info
[3.413s] Copying ../../build/state_publisher_py/state_publisher_py.egg-info to /home/chris/capstone/hitc_ws/install/state_publisher_py/lib/python3.10/site-packages/state_publisher_py-0.0.0-py3.10.egg-info
[3.413s] running install_scripts
[3.438s] Installing state_publisher script to /home/chris/capstone/hitc_ws/install/state_publisher_py/lib/state_publisher_py
[3.438s] writing list of installed files to '/home/chris/capstone/hitc_ws/build/state_publisher_py/install.log'
[3.624s] Invoked command in '/home/chris/capstone/hitc_ws/src/state_publisher_py' returned '0': PYTHONPATH=/home/chris/capstone/hitc_ws/build/state_publisher_py/prefix_override:/home/chris/capstone/hitc_ws/install/state_publisher_py/lib/python3.10/site-packages:${PYTHONPATH} /usr/bin/python3 setup.py egg_info --egg-base ../../build/state_publisher_py build --build-base /home/chris/capstone/hitc_ws/build/state_publisher_py/build install --record /home/chris/capstone/hitc_ws/build/state_publisher_py/install.log --single-version-externally-managed
