[3.792s] Invoking command in '/home/chris/capstone/hitc_ws/src/camera_capture': PYTHONPATH=/home/chris/capstone/hitc_ws/build/camera_capture/prefix_override:/home/chris/capstone/hitc_ws/install/camera_capture/lib/python3.10/site-packages:${PYTHONPATH} /usr/bin/python3 setup.py egg_info --egg-base ../../build/camera_capture build --build-base /home/chris/capstone/hitc_ws/build/camera_capture/build install --record /home/chris/capstone/hitc_ws/build/camera_capture/install.log --single-version-externally-managed
[4.078s] running egg_info
[4.079s] writing ../../build/camera_capture/camera_capture.egg-info/PKG-INFO
[4.079s] writing dependency_links to ../../build/camera_capture/camera_capture.egg-info/dependency_links.txt
[4.079s] writing entry points to ../../build/camera_capture/camera_capture.egg-info/entry_points.txt
[4.080s] writing requirements to ../../build/camera_capture/camera_capture.egg-info/requires.txt
[4.080s] writing top-level names to ../../build/camera_capture/camera_capture.egg-info/top_level.txt
[4.082s] reading manifest file '../../build/camera_capture/camera_capture.egg-info/SOURCES.txt'
[4.082s] writing manifest file '../../build/camera_capture/camera_capture.egg-info/SOURCES.txt'
[4.083s] running build
[4.083s] running build_py
[4.083s] running install
[4.084s] running install_lib
[4.085s] running install_data
[4.086s] running install_egg_info
[4.087s] removing '/home/chris/capstone/hitc_ws/install/camera_capture/lib/python3.10/site-packages/camera_capture-0.0.0-py3.10.egg-info' (and everything under it)
[4.088s] Copying ../../build/camera_capture/camera_capture.egg-info to /home/chris/capstone/hitc_ws/install/camera_capture/lib/python3.10/site-packages/camera_capture-0.0.0-py3.10.egg-info
[4.088s] running install_scripts
[4.109s] Installing camera_capture script to /home/chris/capstone/hitc_ws/install/camera_capture/lib/camera_capture
[4.109s] Installing image_proccessing script to /home/chris/capstone/hitc_ws/install/camera_capture/lib/camera_capture
[4.109s] Installing motor_controller script to /home/chris/capstone/hitc_ws/install/camera_capture/lib/camera_capture
[4.109s] Installing safety_system script to /home/chris/capstone/hitc_ws/install/camera_capture/lib/camera_capture
[4.110s] writing list of installed files to '/home/chris/capstone/hitc_ws/build/camera_capture/install.log'
[4.193s] Invoked command in '/home/chris/capstone/hitc_ws/src/camera_capture' returned '0': PYTHONPATH=/home/chris/capstone/hitc_ws/build/camera_capture/prefix_override:/home/chris/capstone/hitc_ws/install/camera_capture/lib/python3.10/site-packages:${PYTHONPATH} /usr/bin/python3 setup.py egg_info --egg-base ../../build/camera_capture build --build-base /home/chris/capstone/hitc_ws/build/camera_capture/build install --record /home/chris/capstone/hitc_ws/build/camera_capture/install.log --single-version-externally-managed
