[3.602s] Invoking command in '/home/chris/capstone/hitc_ws/src/camera_capture': PYTHONPATH=/home/chris/capstone/hitc_ws/build/camera_capture/prefix_override:/home/chris/capstone/hitc_ws/install/camera_capture/lib/python3.10/site-packages:${PYTHONPATH} /usr/bin/python3 setup.py egg_info --egg-base ../../build/camera_capture build --build-base /home/chris/capstone/hitc_ws/build/camera_capture/build install --record /home/chris/capstone/hitc_ws/build/camera_capture/install.log --single-version-externally-managed
[3.886s] running egg_info
[3.887s] writing ../../build/camera_capture/camera_capture.egg-info/PKG-INFO
[3.887s] writing dependency_links to ../../build/camera_capture/camera_capture.egg-info/dependency_links.txt
[3.887s] writing entry points to ../../build/camera_capture/camera_capture.egg-info/entry_points.txt
[3.888s] writing requirements to ../../build/camera_capture/camera_capture.egg-info/requires.txt
[3.888s] writing top-level names to ../../build/camera_capture/camera_capture.egg-info/top_level.txt
[3.890s] reading manifest file '../../build/camera_capture/camera_capture.egg-info/SOURCES.txt'
[3.891s] writing manifest file '../../build/camera_capture/camera_capture.egg-info/SOURCES.txt'
[3.892s] running build
[3.892s] running build_py
[3.892s] copying camera_capture/workspace_processing.py -> /home/chris/capstone/hitc_ws/build/camera_capture/build/lib/camera_capture
[3.892s] copying camera_capture/send_workspace.py -> /home/chris/capstone/hitc_ws/build/camera_capture/build/lib/camera_capture
[3.893s] running install
[3.893s] running install_lib
[3.894s] copying /home/chris/capstone/hitc_ws/build/camera_capture/build/lib/camera_capture/workspace_processing.py -> /home/chris/capstone/hitc_ws/install/camera_capture/lib/python3.10/site-packages/camera_capture
[3.894s] copying /home/chris/capstone/hitc_ws/build/camera_capture/build/lib/camera_capture/send_workspace.py -> /home/chris/capstone/hitc_ws/install/camera_capture/lib/python3.10/site-packages/camera_capture
[3.895s] byte-compiling /home/chris/capstone/hitc_ws/install/camera_capture/lib/python3.10/site-packages/camera_capture/workspace_processing.py to workspace_processing.cpython-310.pyc
[3.897s] byte-compiling /home/chris/capstone/hitc_ws/install/camera_capture/lib/python3.10/site-packages/camera_capture/send_workspace.py to send_workspace.cpython-310.pyc
[3.898s] running install_data
[3.898s] running install_egg_info
[3.901s] removing '/home/chris/capstone/hitc_ws/install/camera_capture/lib/python3.10/site-packages/camera_capture-0.0.0-py3.10.egg-info' (and everything under it)
[3.901s] Copying ../../build/camera_capture/camera_capture.egg-info to /home/chris/capstone/hitc_ws/install/camera_capture/lib/python3.10/site-packages/camera_capture-0.0.0-py3.10.egg-info
[3.902s] running install_scripts
[3.930s] Installing camera_capture script to /home/chris/capstone/hitc_ws/install/camera_capture/lib/camera_capture
[3.930s] Installing image_proccessing script to /home/chris/capstone/hitc_ws/install/camera_capture/lib/camera_capture
[3.930s] Installing motor_controller script to /home/chris/capstone/hitc_ws/install/camera_capture/lib/camera_capture
[3.930s] Installing safety_system script to /home/chris/capstone/hitc_ws/install/camera_capture/lib/camera_capture
[3.930s] writing list of installed files to '/home/chris/capstone/hitc_ws/build/camera_capture/install.log'
[4.080s] Invoked command in '/home/chris/capstone/hitc_ws/src/camera_capture' returned '0': PYTHONPATH=/home/chris/capstone/hitc_ws/build/camera_capture/prefix_override:/home/chris/capstone/hitc_ws/install/camera_capture/lib/python3.10/site-packages:${PYTHONPATH} /usr/bin/python3 setup.py egg_info --egg-base ../../build/camera_capture build --build-base /home/chris/capstone/hitc_ws/build/camera_capture/build install --record /home/chris/capstone/hitc_ws/build/camera_capture/install.log --single-version-externally-managed
