[4.484s] Invoking command in '/home/chris/capstone/hitc_ws/src/camera_capture': PYTHONPATH=/home/chris/capstone/hitc_ws/build/camera_capture/prefix_override:/home/chris/capstone/hitc_ws/install/camera_capture/lib/python3.10/site-packages:${PYTHONPATH} /usr/bin/python3 setup.py egg_info --egg-base ../../build/camera_capture build --build-base /home/chris/capstone/hitc_ws/build/camera_capture/build install --record /home/chris/capstone/hitc_ws/build/camera_capture/install.log --single-version-externally-managed
[5.969s] running egg_info
[5.972s] writing ../../build/camera_capture/camera_capture.egg-info/PKG-INFO
[5.974s] writing dependency_links to ../../build/camera_capture/camera_capture.egg-info/dependency_links.txt
[5.975s] writing entry points to ../../build/camera_capture/camera_capture.egg-info/entry_points.txt
[5.976s] writing requirements to ../../build/camera_capture/camera_capture.egg-info/requires.txt
[5.978s] writing top-level names to ../../build/camera_capture/camera_capture.egg-info/top_level.txt
[5.988s] reading manifest file '../../build/camera_capture/camera_capture.egg-info/SOURCES.txt'
[5.995s] writing manifest file '../../build/camera_capture/camera_capture.egg-info/SOURCES.txt'
[5.997s] running build
[5.997s] running build_py
[5.998s] copying camera_capture/human_checker.py -> /home/chris/capstone/hitc_ws/build/camera_capture/build/lib/camera_capture
[6.002s] running install
[6.003s] running install_lib
[6.007s] copying /home/chris/capstone/hitc_ws/build/camera_capture/build/lib/camera_capture/human_checker.py -> /home/chris/capstone/hitc_ws/install/camera_capture/lib/python3.10/site-packages/camera_capture
[6.011s] byte-compiling /home/chris/capstone/hitc_ws/install/camera_capture/lib/python3.10/site-packages/camera_capture/human_checker.py to human_checker.cpython-310.pyc
[6.014s] running install_data
[6.017s] running install_egg_info
[6.025s] removing '/home/chris/capstone/hitc_ws/install/camera_capture/lib/python3.10/site-packages/camera_capture-0.0.0-py3.10.egg-info' (and everything under it)
[6.027s] Copying ../../build/camera_capture/camera_capture.egg-info to /home/chris/capstone/hitc_ws/install/camera_capture/lib/python3.10/site-packages/camera_capture-0.0.0-py3.10.egg-info
[6.034s] running install_scripts
[6.129s] Installing camera_capture script to /home/chris/capstone/hitc_ws/install/camera_capture/lib/camera_capture
[6.130s] Installing human_checker script to /home/chris/capstone/hitc_ws/install/camera_capture/lib/camera_capture
[6.131s] Installing image_proccessing script to /home/chris/capstone/hitc_ws/install/camera_capture/lib/camera_capture
[6.133s] writing list of installed files to '/home/chris/capstone/hitc_ws/build/camera_capture/install.log'
[6.293s] Invoked command in '/home/chris/capstone/hitc_ws/src/camera_capture' returned '0': PYTHONPATH=/home/chris/capstone/hitc_ws/build/camera_capture/prefix_override:/home/chris/capstone/hitc_ws/install/camera_capture/lib/python3.10/site-packages:${PYTHONPATH} /usr/bin/python3 setup.py egg_info --egg-base ../../build/camera_capture build --build-base /home/chris/capstone/hitc_ws/build/camera_capture/build install --record /home/chris/capstone/hitc_ws/build/camera_capture/install.log --single-version-externally-managed
