[3.306s] Invoking command in '/home/chris/capstone/hitc_ws/src/laser_pointer': PYTHONPATH=/home/chris/capstone/hitc_ws/build/laser_pointer/prefix_override:/home/chris/capstone/hitc_ws/install/laser_pointer/lib/python3.10/site-packages:${PYTHONPATH} /usr/bin/python3 setup.py egg_info --egg-base ../../build/laser_pointer build --build-base /home/chris/capstone/hitc_ws/build/laser_pointer/build install --record /home/chris/capstone/hitc_ws/build/laser_pointer/install.log --single-version-externally-managed
[3.590s] running egg_info
[3.590s] writing ../../build/laser_pointer/laser_pointer.egg-info/PKG-INFO
[3.590s] writing dependency_links to ../../build/laser_pointer/laser_pointer.egg-info/dependency_links.txt
[3.591s] writing entry points to ../../build/laser_pointer/laser_pointer.egg-info/entry_points.txt
[3.591s] writing requirements to ../../build/laser_pointer/laser_pointer.egg-info/requires.txt
[3.591s] writing top-level names to ../../build/laser_pointer/laser_pointer.egg-info/top_level.txt
[3.592s] reading manifest file '../../build/laser_pointer/laser_pointer.egg-info/SOURCES.txt'
[3.593s] writing manifest file '../../build/laser_pointer/laser_pointer.egg-info/SOURCES.txt'
[3.593s] running build
[3.594s] running build_py
[3.594s] running install
[3.595s] running install_lib
[3.596s] running install_data
[3.596s] running install_egg_info
[3.598s] removing '/home/chris/capstone/hitc_ws/install/laser_pointer/lib/python3.10/site-packages/laser_pointer-0.0.0-py3.10.egg-info' (and everything under it)
[3.598s] Copying ../../build/laser_pointer/laser_pointer.egg-info to /home/chris/capstone/hitc_ws/install/laser_pointer/lib/python3.10/site-packages/laser_pointer-0.0.0-py3.10.egg-info
[3.599s] running install_scripts
[3.619s] Installing laser_pointer script to /home/chris/capstone/hitc_ws/install/laser_pointer/lib/laser_pointer
[3.619s] Installing position_publisher script to /home/chris/capstone/hitc_ws/install/laser_pointer/lib/laser_pointer
[3.619s] Installing servo_position script to /home/chris/capstone/hitc_ws/install/laser_pointer/lib/laser_pointer
[3.619s] writing list of installed files to '/home/chris/capstone/hitc_ws/build/laser_pointer/install.log'
[3.652s] Invoked command in '/home/chris/capstone/hitc_ws/src/laser_pointer' returned '0': PYTHONPATH=/home/chris/capstone/hitc_ws/build/laser_pointer/prefix_override:/home/chris/capstone/hitc_ws/install/laser_pointer/lib/python3.10/site-packages:${PYTHONPATH} /usr/bin/python3 setup.py egg_info --egg-base ../../build/laser_pointer build --build-base /home/chris/capstone/hitc_ws/build/laser_pointer/build install --record /home/chris/capstone/hitc_ws/build/laser_pointer/install.log --single-version-externally-managed
