[4.459s] Invoking command in '/home/chris/capstone/hitc_ws/src/laser_pointer': PYTHONPATH=/home/chris/capstone/hitc_ws/build/laser_pointer/prefix_override:/home/chris/capstone/hitc_ws/install/laser_pointer/lib/python3.10/site-packages:${PYTHONPATH} /usr/bin/python3 setup.py egg_info --egg-base ../../build/laser_pointer build --build-base /home/chris/capstone/hitc_ws/build/laser_pointer/build install --record /home/chris/capstone/hitc_ws/build/laser_pointer/install.log --single-version-externally-managed
[5.956s] running egg_info
[5.959s] writing ../../build/laser_pointer/laser_pointer.egg-info/PKG-INFO
[5.961s] writing dependency_links to ../../build/laser_pointer/laser_pointer.egg-info/dependency_links.txt
[5.962s] writing entry points to ../../build/laser_pointer/laser_pointer.egg-info/entry_points.txt
[5.963s] writing requirements to ../../build/laser_pointer/laser_pointer.egg-info/requires.txt
[5.963s] writing top-level names to ../../build/laser_pointer/laser_pointer.egg-info/top_level.txt
[5.977s] reading manifest file '../../build/laser_pointer/laser_pointer.egg-info/SOURCES.txt'
[5.980s] writing manifest file '../../build/laser_pointer/laser_pointer.egg-info/SOURCES.txt'
[5.980s] running build
[5.981s] running build_py
[5.982s] copying laser_pointer/position_publisher.py -> /home/chris/capstone/hitc_ws/build/laser_pointer/build/lib/laser_pointer
[5.985s] running install
[5.988s] running install_lib
[5.994s] copying /home/chris/capstone/hitc_ws/build/laser_pointer/build/lib/laser_pointer/position_publisher.py -> /home/chris/capstone/hitc_ws/install/laser_pointer/lib/python3.10/site-packages/laser_pointer
[5.998s] byte-compiling /home/chris/capstone/hitc_ws/install/laser_pointer/lib/python3.10/site-packages/laser_pointer/position_publisher.py to position_publisher.cpython-310.pyc
[6.001s] running install_data
[6.005s] running install_egg_info
[6.016s] removing '/home/chris/capstone/hitc_ws/install/laser_pointer/lib/python3.10/site-packages/laser_pointer-0.0.0-py3.10.egg-info' (and everything under it)
[6.018s] Copying ../../build/laser_pointer/laser_pointer.egg-info to /home/chris/capstone/hitc_ws/install/laser_pointer/lib/python3.10/site-packages/laser_pointer-0.0.0-py3.10.egg-info
[6.025s] running install_scripts
[6.119s] Installing laser_pointer script to /home/chris/capstone/hitc_ws/install/laser_pointer/lib/laser_pointer
[6.120s] Installing position_publisher script to /home/chris/capstone/hitc_ws/install/laser_pointer/lib/laser_pointer
[6.121s] Installing servo_position script to /home/chris/capstone/hitc_ws/install/laser_pointer/lib/laser_pointer
[6.123s] writing list of installed files to '/home/chris/capstone/hitc_ws/build/laser_pointer/install.log'
[6.264s] Invoked command in '/home/chris/capstone/hitc_ws/src/laser_pointer' returned '0': PYTHONPATH=/home/chris/capstone/hitc_ws/build/laser_pointer/prefix_override:/home/chris/capstone/hitc_ws/install/laser_pointer/lib/python3.10/site-packages:${PYTHONPATH} /usr/bin/python3 setup.py egg_info --egg-base ../../build/laser_pointer build --build-base /home/chris/capstone/hitc_ws/build/laser_pointer/build install --record /home/chris/capstone/hitc_ws/build/laser_pointer/install.log --single-version-externally-managed
