[3.021s] Invoking command in '/home/chris/capstone/hitc_ws/src/path_planner': PYTHONPATH=/home/chris/capstone/hitc_ws/build/path_planner/prefix_override:/home/chris/capstone/hitc_ws/install/path_planner/lib/python3.10/site-packages:${PYTHONPATH} /usr/bin/python3 setup.py egg_info --egg-base ../../build/path_planner build --build-base /home/chris/capstone/hitc_ws/build/path_planner/build install --record /home/chris/capstone/hitc_ws/build/path_planner/install.log --single-version-externally-managed
[3.303s] running egg_info
[3.303s] writing ../../build/path_planner/path_planner.egg-info/PKG-INFO
[3.304s] writing dependency_links to ../../build/path_planner/path_planner.egg-info/dependency_links.txt
[3.304s] writing entry points to ../../build/path_planner/path_planner.egg-info/entry_points.txt
[3.304s] writing requirements to ../../build/path_planner/path_planner.egg-info/requires.txt
[3.304s] writing top-level names to ../../build/path_planner/path_planner.egg-info/top_level.txt
[3.306s] reading manifest file '../../build/path_planner/path_planner.egg-info/SOURCES.txt'
[3.307s] writing manifest file '../../build/path_planner/path_planner.egg-info/SOURCES.txt'
[3.307s] running build
[3.307s] running build_py
[3.307s] copying path_planner/milestone_arm_only.py -> /home/chris/capstone/hitc_ws/build/path_planner/build/lib/path_planner
[3.307s] copying path_planner/test_arm_only.py -> /home/chris/capstone/hitc_ws/build/path_planner/build/lib/path_planner
[3.307s] running install
[3.308s] running install_lib
[3.309s] copying /home/chris/capstone/hitc_ws/build/path_planner/build/lib/path_planner/milestone_arm_only.py -> /home/chris/capstone/hitc_ws/install/path_planner/lib/python3.10/site-packages/path_planner
[3.309s] copying /home/chris/capstone/hitc_ws/build/path_planner/build/lib/path_planner/test_arm_only.py -> /home/chris/capstone/hitc_ws/install/path_planner/lib/python3.10/site-packages/path_planner
[3.310s] byte-compiling /home/chris/capstone/hitc_ws/install/path_planner/lib/python3.10/site-packages/path_planner/milestone_arm_only.py to milestone_arm_only.cpython-310.pyc
[3.311s] byte-compiling /home/chris/capstone/hitc_ws/install/path_planner/lib/python3.10/site-packages/path_planner/test_arm_only.py to test_arm_only.cpython-310.pyc
[3.312s] running install_data
[3.312s] running install_egg_info
[3.314s] removing '/home/chris/capstone/hitc_ws/install/path_planner/lib/python3.10/site-packages/path_planner-0.0.0-py3.10.egg-info' (and everything under it)
[3.314s] Copying ../../build/path_planner/path_planner.egg-info to /home/chris/capstone/hitc_ws/install/path_planner/lib/python3.10/site-packages/path_planner-0.0.0-py3.10.egg-info
[3.315s] running install_scripts
[3.335s] writing list of installed files to '/home/chris/capstone/hitc_ws/build/path_planner/install.log'
[3.417s] Invoked command in '/home/chris/capstone/hitc_ws/src/path_planner' returned '0': PYTHONPATH=/home/chris/capstone/hitc_ws/build/path_planner/prefix_override:/home/chris/capstone/hitc_ws/install/path_planner/lib/python3.10/site-packages:${PYTHONPATH} /usr/bin/python3 setup.py egg_info --egg-base ../../build/path_planner build --build-base /home/chris/capstone/hitc_ws/build/path_planner/build install --record /home/chris/capstone/hitc_ws/build/path_planner/install.log --single-version-externally-managed
