[3.973s] Invoking command in '/home/chris/capstone/hitc_ws/src/camera_capture': PYTHONPATH=/home/chris/capstone/hitc_ws/build/camera_capture/prefix_override:/home/chris/capstone/hitc_ws/install/camera_capture/lib/python3.10/site-packages:${PYTHONPATH} /usr/bin/python3 setup.py egg_info --egg-base ../../build/camera_capture build --build-base /home/chris/capstone/hitc_ws/build/camera_capture/build install --record /home/chris/capstone/hitc_ws/build/camera_capture/install.log --single-version-externally-managed
[4.274s] running egg_info
[4.275s] writing ../../build/camera_capture/camera_capture.egg-info/PKG-INFO
[4.275s] writing dependency_links to ../../build/camera_capture/camera_capture.egg-info/dependency_links.txt
[4.275s] writing entry points to ../../build/camera_capture/camera_capture.egg-info/entry_points.txt
[4.275s] writing requirements to ../../build/camera_capture/camera_capture.egg-info/requires.txt
[4.275s] writing top-level names to ../../build/camera_capture/camera_capture.egg-info/top_level.txt
[4.278s] reading manifest file '../../build/camera_capture/camera_capture.egg-info/SOURCES.txt'
[4.278s] writing manifest file '../../build/camera_capture/camera_capture.egg-info/SOURCES.txt'
[4.278s] running build
[4.279s] running build_py
[4.279s] running install
[4.279s] running install_lib
[4.280s] running install_data
[4.282s] running install_egg_info
[4.283s] removing '/home/chris/capstone/hitc_ws/install/camera_capture/lib/python3.10/site-packages/camera_capture-0.0.0-py3.10.egg-info' (and everything under it)
[4.283s] Copying ../../build/camera_capture/camera_capture.egg-info to /home/chris/capstone/hitc_ws/install/camera_capture/lib/python3.10/site-packages/camera_capture-0.0.0-py3.10.egg-info
[4.284s] running install_scripts
[4.307s] Installing camera_capture script to /home/chris/capstone/hitc_ws/install/camera_capture/lib/camera_capture
[4.307s] Installing image_proccessing script to /home/chris/capstone/hitc_ws/install/camera_capture/lib/camera_capture
[4.307s] Installing motor_controller script to /home/chris/capstone/hitc_ws/install/camera_capture/lib/camera_capture
[4.307s] Installing safety_system script to /home/chris/capstone/hitc_ws/install/camera_capture/lib/camera_capture
[4.307s] writing list of installed files to '/home/chris/capstone/hitc_ws/build/camera_capture/install.log'
[4.428s] Invoked command in '/home/chris/capstone/hitc_ws/src/camera_capture' returned '0': PYTHONPATH=/home/chris/capstone/hitc_ws/build/camera_capture/prefix_override:/home/chris/capstone/hitc_ws/install/camera_capture/lib/python3.10/site-packages:${PYTHONPATH} /usr/bin/python3 setup.py egg_info --egg-base ../../build/camera_capture build --build-base /home/chris/capstone/hitc_ws/build/camera_capture/build install --record /home/chris/capstone/hitc_ws/build/camera_capture/install.log --single-version-externally-managed
