running egg_info
creating ../../build/laser_pointer/laser_pointer.egg-info
writing ../../build/laser_pointer/laser_pointer.egg-info/PKG-INFO
writing dependency_links to ../../build/laser_pointer/laser_pointer.egg-info/dependency_links.txt
writing entry points to ../../build/laser_pointer/laser_pointer.egg-info/entry_points.txt
writing requirements to ../../build/laser_pointer/laser_pointer.egg-info/requires.txt
writing top-level names to ../../build/laser_pointer/laser_pointer.egg-info/top_level.txt
writing manifest file '../../build/laser_pointer/laser_pointer.egg-info/SOURCES.txt'
reading manifest file '../../build/laser_pointer/laser_pointer.egg-info/SOURCES.txt'
writing manifest file '../../build/laser_pointer/laser_pointer.egg-info/SOURCES.txt'
running build
running build_py
creating /home/chris/capstone/hitc_ws/build/laser_pointer/build
creating /home/chris/capstone/hitc_ws/build/laser_pointer/build/lib
creating /home/chris/capstone/hitc_ws/build/laser_pointer/build/lib/laser_pointer
copying laser_pointer/laser_end_effector.py -> /home/chris/capstone/hitc_ws/build/laser_pointer/build/lib/laser_pointer
copying laser_pointer/__init__.py -> /home/chris/capstone/hitc_ws/build/laser_pointer/build/lib/laser_pointer
copying laser_pointer/position_publisher.py -> /home/chris/capstone/hitc_ws/build/laser_pointer/build/lib/laser_pointer
copying laser_pointer/servo_position.py -> /home/chris/capstone/hitc_ws/build/laser_pointer/build/lib/laser_pointer
running install
running install_lib
creating /home/chris/capstone/hitc_ws/install/laser_pointer/lib/python3.10/site-packages/laser_pointer
copying /home/chris/capstone/hitc_ws/build/laser_pointer/build/lib/laser_pointer/laser_end_effector.py -> /home/chris/capstone/hitc_ws/install/laser_pointer/lib/python3.10/site-packages/laser_pointer
copying /home/chris/capstone/hitc_ws/build/laser_pointer/build/lib/laser_pointer/__init__.py -> /home/chris/capstone/hitc_ws/install/laser_pointer/lib/python3.10/site-packages/laser_pointer
copying /home/chris/capstone/hitc_ws/build/laser_pointer/build/lib/laser_pointer/position_publisher.py -> /home/chris/capstone/hitc_ws/install/laser_pointer/lib/python3.10/site-packages/laser_pointer
copying /home/chris/capstone/hitc_ws/build/laser_pointer/build/lib/laser_pointer/servo_position.py -> /home/chris/capstone/hitc_ws/install/laser_pointer/lib/python3.10/site-packages/laser_pointer
byte-compiling /home/chris/capstone/hitc_ws/install/laser_pointer/lib/python3.10/site-packages/laser_pointer/laser_end_effector.py to laser_end_effector.cpython-310.pyc
byte-compiling /home/chris/capstone/hitc_ws/install/laser_pointer/lib/python3.10/site-packages/laser_pointer/__init__.py to __init__.cpython-310.pyc
byte-compiling /home/chris/capstone/hitc_ws/install/laser_pointer/lib/python3.10/site-packages/laser_pointer/position_publisher.py to position_publisher.cpython-310.pyc
byte-compiling /home/chris/capstone/hitc_ws/install/laser_pointer/lib/python3.10/site-packages/laser_pointer/servo_position.py to servo_position.cpython-310.pyc
running install_data
creating /home/chris/capstone/hitc_ws/install/laser_pointer/share/ament_index
creating /home/chris/capstone/hitc_ws/install/laser_pointer/share/ament_index/resource_index
creating /home/chris/capstone/hitc_ws/install/laser_pointer/share/ament_index/resource_index/packages
copying resource/laser_pointer -> /home/chris/capstone/hitc_ws/install/laser_pointer/share/ament_index/resource_index/packages
copying package.xml -> /home/chris/capstone/hitc_ws/install/laser_pointer/share/laser_pointer
running install_egg_info
Copying ../../build/laser_pointer/laser_pointer.egg-info to /home/chris/capstone/hitc_ws/install/laser_pointer/lib/python3.10/site-packages/laser_pointer-0.0.0-py3.10.egg-info
running install_scripts
Installing laser_pointer script to /home/chris/capstone/hitc_ws/install/laser_pointer/lib/laser_pointer
Installing position_publisher script to /home/chris/capstone/hitc_ws/install/laser_pointer/lib/laser_pointer
Installing servo_position script to /home/chris/capstone/hitc_ws/install/laser_pointer/lib/laser_pointer
writing list of installed files to '/home/chris/capstone/hitc_ws/build/laser_pointer/install.log'
