[3.136s] Invoking command in '/home/chris/capstone/hitc_ws/src/path_planner': PYTHONPATH=/home/chris/capstone/hitc_ws/build/path_planner/prefix_override:/home/chris/capstone/hitc_ws/install/path_planner/lib/python3.10/site-packages:${PYTHONPATH} /usr/bin/python3 setup.py egg_info --egg-base ../../build/path_planner build --build-base /home/chris/capstone/hitc_ws/build/path_planner/build install --record /home/chris/capstone/hitc_ws/build/path_planner/install.log --single-version-externally-managed
[3.413s] running egg_info
[3.414s] writing ../../build/path_planner/path_planner.egg-info/PKG-INFO
[3.415s] writing dependency_links to ../../build/path_planner/path_planner.egg-info/dependency_links.txt
[3.415s] writing entry points to ../../build/path_planner/path_planner.egg-info/entry_points.txt
[3.416s] writing requirements to ../../build/path_planner/path_planner.egg-info/requires.txt
[3.416s] writing top-level names to ../../build/path_planner/path_planner.egg-info/top_level.txt
[3.418s] reading manifest file '../../build/path_planner/path_planner.egg-info/SOURCES.txt'
[3.418s] writing manifest file '../../build/path_planner/path_planner.egg-info/SOURCES.txt'
[3.419s] running build
[3.419s] running build_py
[3.419s] copying path_planner/modular_path_planner.py -> /home/chris/capstone/hitc_ws/build/path_planner/build/lib/path_planner
[3.420s] copying path_planner/test_modular_path_planner.py -> /home/chris/capstone/hitc_ws/build/path_planner/build/lib/path_planner
[3.420s] running install
[3.420s] running install_lib
[3.420s] copying /home/chris/capstone/hitc_ws/build/path_planner/build/lib/path_planner/modular_path_planner.py -> /home/chris/capstone/hitc_ws/install/path_planner/lib/python3.10/site-packages/path_planner
[3.421s] copying /home/chris/capstone/hitc_ws/build/path_planner/build/lib/path_planner/test_modular_path_planner.py -> /home/chris/capstone/hitc_ws/install/path_planner/lib/python3.10/site-packages/path_planner
[3.422s] byte-compiling /home/chris/capstone/hitc_ws/install/path_planner/lib/python3.10/site-packages/path_planner/modular_path_planner.py to modular_path_planner.cpython-310.pyc
[3.423s] byte-compiling /home/chris/capstone/hitc_ws/install/path_planner/lib/python3.10/site-packages/path_planner/test_modular_path_planner.py to test_modular_path_planner.cpython-310.pyc
[3.423s] running install_data
[3.424s] running install_egg_info
[3.425s] removing '/home/chris/capstone/hitc_ws/install/path_planner/lib/python3.10/site-packages/path_planner-0.0.0-py3.10.egg-info' (and everything under it)
[3.426s] Copying ../../build/path_planner/path_planner.egg-info to /home/chris/capstone/hitc_ws/install/path_planner/lib/python3.10/site-packages/path_planner-0.0.0-py3.10.egg-info
[3.427s] running install_scripts
[3.446s] writing list of installed files to '/home/chris/capstone/hitc_ws/build/path_planner/install.log'
[3.579s] Invoked command in '/home/chris/capstone/hitc_ws/src/path_planner' returned '0': PYTHONPATH=/home/chris/capstone/hitc_ws/build/path_planner/prefix_override:/home/chris/capstone/hitc_ws/install/path_planner/lib/python3.10/site-packages:${PYTHONPATH} /usr/bin/python3 setup.py egg_info --egg-base ../../build/path_planner build --build-base /home/chris/capstone/hitc_ws/build/path_planner/build install --record /home/chris/capstone/hitc_ws/build/path_planner/install.log --single-version-externally-managed
