[13.374s] Invoking command in '/home/chris/capstone/hitc_ws/src/laser_pointer': PYTHONPATH=/home/chris/capstone/hitc_ws/build/laser_pointer/prefix_override:/home/chris/capstone/hitc_ws/install/laser_pointer/lib/python3.10/site-packages:${PYTHONPATH} /usr/bin/python3 setup.py egg_info --egg-base ../../build/laser_pointer build --build-base /home/chris/capstone/hitc_ws/build/laser_pointer/build install --record /home/chris/capstone/hitc_ws/build/laser_pointer/install.log --single-version-externally-managed
[16.340s] running egg_info
[16.359s] writing ../../build/laser_pointer/laser_pointer.egg-info/PKG-INFO
[16.375s] writing dependency_links to ../../build/laser_pointer/laser_pointer.egg-info/dependency_links.txt
[16.381s] writing entry points to ../../build/laser_pointer/laser_pointer.egg-info/entry_points.txt
[16.384s] writing requirements to ../../build/laser_pointer/laser_pointer.egg-info/requires.txt
[16.385s] writing top-level names to ../../build/laser_pointer/laser_pointer.egg-info/top_level.txt
[16.405s] reading manifest file '../../build/laser_pointer/laser_pointer.egg-info/SOURCES.txt'
[16.413s] writing manifest file '../../build/laser_pointer/laser_pointer.egg-info/SOURCES.txt'
[16.415s] running build
[16.416s] running build_py
[16.418s] copying laser_pointer/laser_end_effector.py -> /home/chris/capstone/hitc_ws/build/laser_pointer/build/lib/laser_pointer
[16.419s] running install
[16.420s] running install_lib
[16.427s] copying /home/chris/capstone/hitc_ws/build/laser_pointer/build/lib/laser_pointer/laser_end_effector.py -> /home/chris/capstone/hitc_ws/install/laser_pointer/lib/python3.10/site-packages/laser_pointer
[16.433s] byte-compiling /home/chris/capstone/hitc_ws/install/laser_pointer/lib/python3.10/site-packages/laser_pointer/laser_end_effector.py to laser_end_effector.cpython-310.pyc
[16.440s] running install_data
[16.446s] running install_egg_info
[16.459s] removing '/home/chris/capstone/hitc_ws/install/laser_pointer/lib/python3.10/site-packages/laser_pointer-0.0.0-py3.10.egg-info' (and everything under it)
[16.463s] Copying ../../build/laser_pointer/laser_pointer.egg-info to /home/chris/capstone/hitc_ws/install/laser_pointer/lib/python3.10/site-packages/laser_pointer-0.0.0-py3.10.egg-info
[16.486s] running install_scripts
[16.600s] Installing laser_end_effector script to /home/chris/capstone/hitc_ws/install/laser_pointer/lib/laser_pointer
[16.602s] writing list of installed files to '/home/chris/capstone/hitc_ws/build/laser_pointer/install.log'
[17.717s] Invoked command in '/home/chris/capstone/hitc_ws/src/laser_pointer' returned '0': PYTHONPATH=/home/chris/capstone/hitc_ws/build/laser_pointer/prefix_override:/home/chris/capstone/hitc_ws/install/laser_pointer/lib/python3.10/site-packages:${PYTHONPATH} /usr/bin/python3 setup.py egg_info --egg-base ../../build/laser_pointer build --build-base /home/chris/capstone/hitc_ws/build/laser_pointer/build install --record /home/chris/capstone/hitc_ws/build/laser_pointer/install.log --single-version-externally-managed
