[16.517s] Invoking command in '/home/chris/capstone/hitc_ws/src/my_robot_description': PYTHONPATH=/home/chris/capstone/hitc_ws/build/my_robot_description/prefix_override:/home/chris/capstone/hitc_ws/install/my_robot_description/lib/python3.10/site-packages:${PYTHONPATH} /usr/bin/python3 setup.py egg_info --egg-base ../../build/my_robot_description build --build-base /home/chris/capstone/hitc_ws/build/my_robot_description/build install --record /home/chris/capstone/hitc_ws/build/my_robot_description/install.log --single-version-externally-managed
[19.892s] running egg_info
[19.902s] writing ../../build/my_robot_description/my_robot_description.egg-info/PKG-INFO
[19.906s] writing dependency_links to ../../build/my_robot_description/my_robot_description.egg-info/dependency_links.txt
[19.919s] writing entry points to ../../build/my_robot_description/my_robot_description.egg-info/entry_points.txt
[19.931s] writing requirements to ../../build/my_robot_description/my_robot_description.egg-info/requires.txt
[19.935s] writing top-level names to ../../build/my_robot_description/my_robot_description.egg-info/top_level.txt
[19.940s] reading manifest file '../../build/my_robot_description/my_robot_description.egg-info/SOURCES.txt'
[19.945s] writing manifest file '../../build/my_robot_description/my_robot_description.egg-info/SOURCES.txt'
[19.950s] running build
[19.967s] running build_py
[19.988s] running install
[19.993s] running install_lib
[19.996s] running install_data
[20.001s] running install_egg_info
[20.010s] removing '/home/chris/capstone/hitc_ws/install/my_robot_description/lib/python3.10/site-packages/my_robot_description-0.0.0-py3.10.egg-info' (and everything under it)
[20.013s] Copying ../../build/my_robot_description/my_robot_description.egg-info to /home/chris/capstone/hitc_ws/install/my_robot_description/lib/python3.10/site-packages/my_robot_description-0.0.0-py3.10.egg-info
[20.017s] running install_scripts
[20.177s] writing list of installed files to '/home/chris/capstone/hitc_ws/build/my_robot_description/install.log'
[20.428s] Invoked command in '/home/chris/capstone/hitc_ws/src/my_robot_description' returned '0': PYTHONPATH=/home/chris/capstone/hitc_ws/build/my_robot_description/prefix_override:/home/chris/capstone/hitc_ws/install/my_robot_description/lib/python3.10/site-packages:${PYTHONPATH} /usr/bin/python3 setup.py egg_info --egg-base ../../build/my_robot_description build --build-base /home/chris/capstone/hitc_ws/build/my_robot_description/build install --record /home/chris/capstone/hitc_ws/build/my_robot_description/install.log --single-version-externally-managed
