[11.837s] Invoking command in '/home/chris/capstone/hitc_ws/src/camera_capture': PYTHONPATH=/home/chris/capstone/hitc_ws/build/camera_capture/prefix_override:/home/chris/capstone/hitc_ws/install/camera_capture/lib/python3.10/site-packages:${PYTHONPATH} /usr/bin/python3 setup.py egg_info --egg-base ../../build/camera_capture build --build-base /home/chris/capstone/hitc_ws/build/camera_capture/build install --record /home/chris/capstone/hitc_ws/build/camera_capture/install.log --single-version-externally-managed
[13.888s] running egg_info
[13.889s] creating ../../build/camera_capture/camera_capture.egg-info
[13.892s] writing ../../build/camera_capture/camera_capture.egg-info/PKG-INFO
[13.898s] writing dependency_links to ../../build/camera_capture/camera_capture.egg-info/dependency_links.txt
[13.901s] writing entry points to ../../build/camera_capture/camera_capture.egg-info/entry_points.txt
[13.908s] writing requirements to ../../build/camera_capture/camera_capture.egg-info/requires.txt
[13.912s] writing top-level names to ../../build/camera_capture/camera_capture.egg-info/top_level.txt
[13.917s] writing manifest file '../../build/camera_capture/camera_capture.egg-info/SOURCES.txt'
[13.933s] reading manifest file '../../build/camera_capture/camera_capture.egg-info/SOURCES.txt'
[13.941s] writing manifest file '../../build/camera_capture/camera_capture.egg-info/SOURCES.txt'
[13.944s] running build
[13.946s] running build_py
[13.949s] creating /home/chris/capstone/hitc_ws/build/camera_capture/build
[13.950s] creating /home/chris/capstone/hitc_ws/build/camera_capture/build/lib
[13.953s] creating /home/chris/capstone/hitc_ws/build/camera_capture/build/lib/camera_capture
[13.955s] copying camera_capture/__init__.py -> /home/chris/capstone/hitc_ws/build/camera_capture/build/lib/camera_capture
[13.958s] running install
[13.961s] running install_lib
[13.966s] creating /home/chris/capstone/hitc_ws/install/camera_capture/lib/python3.10/site-packages/camera_capture
[13.968s] copying /home/chris/capstone/hitc_ws/build/camera_capture/build/lib/camera_capture/__init__.py -> /home/chris/capstone/hitc_ws/install/camera_capture/lib/python3.10/site-packages/camera_capture
[13.973s] byte-compiling /home/chris/capstone/hitc_ws/install/camera_capture/lib/python3.10/site-packages/camera_capture/__init__.py to __init__.cpython-310.pyc
[13.976s] running install_data
[13.980s] creating /home/chris/capstone/hitc_ws/install/camera_capture/share/ament_index
[13.981s] creating /home/chris/capstone/hitc_ws/install/camera_capture/share/ament_index/resource_index
[13.983s] creating /home/chris/capstone/hitc_ws/install/camera_capture/share/ament_index/resource_index/packages
[13.985s] copying resource/camera_capture -> /home/chris/capstone/hitc_ws/install/camera_capture/share/ament_index/resource_index/packages
[13.988s] copying package.xml -> /home/chris/capstone/hitc_ws/install/camera_capture/share/camera_capture
[13.990s] running install_egg_info
[14.001s] Copying ../../build/camera_capture/camera_capture.egg-info to /home/chris/capstone/hitc_ws/install/camera_capture/lib/python3.10/site-packages/camera_capture-0.0.0-py3.10.egg-info
[14.012s] running install_scripts
[14.131s] writing list of installed files to '/home/chris/capstone/hitc_ws/build/camera_capture/install.log'
[14.592s] Invoked command in '/home/chris/capstone/hitc_ws/src/camera_capture' returned '0': PYTHONPATH=/home/chris/capstone/hitc_ws/build/camera_capture/prefix_override:/home/chris/capstone/hitc_ws/install/camera_capture/lib/python3.10/site-packages:${PYTHONPATH} /usr/bin/python3 setup.py egg_info --egg-base ../../build/camera_capture build --build-base /home/chris/capstone/hitc_ws/build/camera_capture/build install --record /home/chris/capstone/hitc_ws/build/camera_capture/install.log --single-version-externally-managed
