[5.469s] DEBUG:colcon:Command line arguments: ['/usr/bin/colcon', 'build', '--packages-select', 'laser_pointer']
[5.469s] DEBUG:colcon:Parsed command line arguments: Namespace(log_base=None, log_level=None, verb_name='build', build_base='build', install_base='install', merge_install=False, symlink_install=False, test_result_base=None, continue_on_error=False, executor='parallel', parallel_workers=4, event_handlers=None, ignore_user_meta=False, metas=['./colcon.meta'], base_paths=['.'], packages_ignore=None, packages_ignore_regex=None, paths=None, packages_up_to=None, packages_up_to_regex=None, packages_above=None, packages_above_and_dependencies=None, packages_above_depth=None, packages_select_by_dep=None, packages_skip_by_dep=None, packages_skip_up_to=None, packages_select_build_failed=False, packages_skip_build_finished=False, packages_select_test_failures=False, packages_skip_test_passed=False, packages_select=['laser_pointer'], packages_skip=None, packages_select_regex=None, packages_skip_regex=None, packages_start=None, packages_end=None, allow_overriding=[], cmake_args=None, cmake_target=None, cmake_target_skip_unavailable=False, cmake_clean_cache=False, cmake_clean_first=False, cmake_force_configure=False, ament_cmake_args=None, catkin_cmake_args=None, catkin_skip_building_tests=False, verb_parser=<colcon_defaults.argument_parser.defaults.DefaultArgumentsDecorator object at 0xffffbbd011b0>, verb_extension=<colcon_core.verb.build.BuildVerb object at 0xffffbbd00dc0>, main=<bound method BuildVerb.main of <colcon_core.verb.build.BuildVerb object at 0xffffbbd00dc0>>)
[5.725s] Level 1:colcon.colcon_core.package_discovery:discover_packages(colcon_meta) check parameters
[5.726s] Level 1:colcon.colcon_core.package_discovery:discover_packages(recursive) check parameters
[5.726s] Level 1:colcon.colcon_core.package_discovery:discover_packages(ignore) check parameters
[5.726s] Level 1:colcon.colcon_core.package_discovery:discover_packages(path) check parameters
[5.726s] Level 1:colcon.colcon_core.package_discovery:discover_packages(colcon_meta) discover
[5.727s] Level 1:colcon.colcon_core.package_discovery:discover_packages(recursive) discover
[5.727s] INFO:colcon.colcon_core.package_discovery:Crawling recursively for packages in '/home/chris/capstone/hitc_ws'
[5.727s] Level 1:colcon.colcon_core.package_identification:_identify(.) by extensions ['ignore', 'ignore_ament_install']
[5.728s] Level 1:colcon.colcon_core.package_identification:_identify(.) by extension 'ignore'
[5.728s] Level 1:colcon.colcon_core.package_identification:_identify(.) by extension 'ignore_ament_install'
[5.728s] Level 1:colcon.colcon_core.package_identification:_identify(.) by extensions ['colcon_pkg']
[5.729s] Level 1:colcon.colcon_core.package_identification:_identify(.) by extension 'colcon_pkg'
[5.729s] Level 1:colcon.colcon_core.package_identification:_identify(.) by extensions ['colcon_meta']
[5.729s] Level 1:colcon.colcon_core.package_identification:_identify(.) by extension 'colcon_meta'
[5.729s] Level 1:colcon.colcon_core.package_identification:_identify(.) by extensions ['ros']
[5.729s] Level 1:colcon.colcon_core.package_identification:_identify(.) by extension 'ros'
[5.779s] Level 1:colcon.colcon_core.package_identification:_identify(.) by extensions ['cmake', 'python']
[5.780s] Level 1:colcon.colcon_core.package_identification:_identify(.) by extension 'cmake'
[5.780s] Level 1:colcon.colcon_core.package_identification:_identify(.) by extension 'python'
[5.780s] Level 1:colcon.colcon_core.package_identification:_identify(.) by extensions ['python_setup_py']
[5.780s] Level 1:colcon.colcon_core.package_identification:_identify(.) by extension 'python_setup_py'
[5.781s] Level 1:colcon.colcon_core.package_identification:_identify(build) by extensions ['ignore', 'ignore_ament_install']
[5.782s] Level 1:colcon.colcon_core.package_identification:_identify(build) by extension 'ignore'
[5.782s] Level 1:colcon.colcon_core.package_identification:_identify(build) ignored
[5.783s] Level 1:colcon.colcon_core.package_identification:_identify(install) by extensions ['ignore', 'ignore_ament_install']
[5.783s] Level 1:colcon.colcon_core.package_identification:_identify(install) by extension 'ignore'
[5.783s] Level 1:colcon.colcon_core.package_identification:_identify(install) ignored
[5.784s] Level 1:colcon.colcon_core.package_identification:_identify(log) by extensions ['ignore', 'ignore_ament_install']
[5.785s] Level 1:colcon.colcon_core.package_identification:_identify(log) by extension 'ignore'
[5.785s] Level 1:colcon.colcon_core.package_identification:_identify(log) ignored
[5.786s] Level 1:colcon.colcon_core.package_identification:_identify(src) by extensions ['ignore', 'ignore_ament_install']
[5.786s] Level 1:colcon.colcon_core.package_identification:_identify(src) by extension 'ignore'
[5.786s] Level 1:colcon.colcon_core.package_identification:_identify(src) by extension 'ignore_ament_install'
[5.786s] Level 1:colcon.colcon_core.package_identification:_identify(src) by extensions ['colcon_pkg']
[5.787s] Level 1:colcon.colcon_core.package_identification:_identify(src) by extension 'colcon_pkg'
[5.787s] Level 1:colcon.colcon_core.package_identification:_identify(src) by extensions ['colcon_meta']
[5.787s] Level 1:colcon.colcon_core.package_identification:_identify(src) by extension 'colcon_meta'
[5.787s] Level 1:colcon.colcon_core.package_identification:_identify(src) by extensions ['ros']
[5.787s] Level 1:colcon.colcon_core.package_identification:_identify(src) by extension 'ros'
[5.788s] Level 1:colcon.colcon_core.package_identification:_identify(src) by extensions ['cmake', 'python']
[5.788s] Level 1:colcon.colcon_core.package_identification:_identify(src) by extension 'cmake'
[5.788s] Level 1:colcon.colcon_core.package_identification:_identify(src) by extension 'python'
[5.788s] Level 1:colcon.colcon_core.package_identification:_identify(src) by extensions ['python_setup_py']
[5.788s] Level 1:colcon.colcon_core.package_identification:_identify(src) by extension 'python_setup_py'
[5.789s] Level 1:colcon.colcon_core.package_identification:_identify(src/camera_capture) by extensions ['ignore', 'ignore_ament_install']
[5.790s] Level 1:colcon.colcon_core.package_identification:_identify(src/camera_capture) by extension 'ignore'
[5.790s] Level 1:colcon.colcon_core.package_identification:_identify(src/camera_capture) by extension 'ignore_ament_install'
[5.790s] Level 1:colcon.colcon_core.package_identification:_identify(src/camera_capture) by extensions ['colcon_pkg']
[5.790s] Level 1:colcon.colcon_core.package_identification:_identify(src/camera_capture) by extension 'colcon_pkg'
[5.790s] Level 1:colcon.colcon_core.package_identification:_identify(src/camera_capture) by extensions ['colcon_meta']
[5.791s] Level 1:colcon.colcon_core.package_identification:_identify(src/camera_capture) by extension 'colcon_meta'
[5.791s] Level 1:colcon.colcon_core.package_identification:_identify(src/camera_capture) by extensions ['ros']
[5.791s] Level 1:colcon.colcon_core.package_identification:_identify(src/camera_capture) by extension 'ros'
[5.802s] DEBUG:colcon.colcon_core.package_identification:Package 'src/camera_capture' with type 'ros.ament_python' and name 'camera_capture'
[5.803s] Level 1:colcon.colcon_core.package_identification:_identify(src/laser_pointer) by extensions ['ignore', 'ignore_ament_install']
[5.803s] Level 1:colcon.colcon_core.package_identification:_identify(src/laser_pointer) by extension 'ignore'
[5.804s] Level 1:colcon.colcon_core.package_identification:_identify(src/laser_pointer) by extension 'ignore_ament_install'
[5.804s] Level 1:colcon.colcon_core.package_identification:_identify(src/laser_pointer) by extensions ['colcon_pkg']
[5.805s] Level 1:colcon.colcon_core.package_identification:_identify(src/laser_pointer) by extension 'colcon_pkg'
[5.805s] Level 1:colcon.colcon_core.package_identification:_identify(src/laser_pointer) by extensions ['colcon_meta']
[5.805s] Level 1:colcon.colcon_core.package_identification:_identify(src/laser_pointer) by extension 'colcon_meta'
[5.805s] Level 1:colcon.colcon_core.package_identification:_identify(src/laser_pointer) by extensions ['ros']
[5.806s] Level 1:colcon.colcon_core.package_identification:_identify(src/laser_pointer) by extension 'ros'
[5.808s] DEBUG:colcon.colcon_core.package_identification:Package 'src/laser_pointer' with type 'ros.ament_python' and name 'laser_pointer'
[5.809s] Level 1:colcon.colcon_core.package_identification:_identify(src/my_robot_description) by extensions ['ignore', 'ignore_ament_install']
[5.810s] Level 1:colcon.colcon_core.package_identification:_identify(src/my_robot_description) by extension 'ignore'
[5.810s] Level 1:colcon.colcon_core.package_identification:_identify(src/my_robot_description) by extension 'ignore_ament_install'
[5.810s] Level 1:colcon.colcon_core.package_identification:_identify(src/my_robot_description) by extensions ['colcon_pkg']
[5.810s] Level 1:colcon.colcon_core.package_identification:_identify(src/my_robot_description) by extension 'colcon_pkg'
[5.810s] Level 1:colcon.colcon_core.package_identification:_identify(src/my_robot_description) by extensions ['colcon_meta']
[5.811s] Level 1:colcon.colcon_core.package_identification:_identify(src/my_robot_description) by extension 'colcon_meta'
[5.811s] Level 1:colcon.colcon_core.package_identification:_identify(src/my_robot_description) by extensions ['ros']
[5.811s] Level 1:colcon.colcon_core.package_identification:_identify(src/my_robot_description) by extension 'ros'
[5.813s] DEBUG:colcon.colcon_core.package_identification:Package 'src/my_robot_description' with type 'ros.ament_python' and name 'my_robot_description'
[5.814s] Level 1:colcon.colcon_core.package_identification:_identify(src/path_planner) by extensions ['ignore', 'ignore_ament_install']
[5.815s] Level 1:colcon.colcon_core.package_identification:_identify(src/path_planner) by extension 'ignore'
[5.815s] Level 1:colcon.colcon_core.package_identification:_identify(src/path_planner) by extension 'ignore_ament_install'
[5.815s] Level 1:colcon.colcon_core.package_identification:_identify(src/path_planner) by extensions ['colcon_pkg']
[5.815s] Level 1:colcon.colcon_core.package_identification:_identify(src/path_planner) by extension 'colcon_pkg'
[5.816s] Level 1:colcon.colcon_core.package_identification:_identify(src/path_planner) by extensions ['colcon_meta']
[5.816s] Level 1:colcon.colcon_core.package_identification:_identify(src/path_planner) by extension 'colcon_meta'
[5.816s] Level 1:colcon.colcon_core.package_identification:_identify(src/path_planner) by extensions ['ros']
[5.816s] Level 1:colcon.colcon_core.package_identification:_identify(src/path_planner) by extension 'ros'
[5.819s] DEBUG:colcon.colcon_core.package_identification:Package 'src/path_planner' with type 'ros.ament_python' and name 'path_planner'
[5.819s] Level 1:colcon.colcon_core.package_identification:_identify(src/startup) by extensions ['ignore', 'ignore_ament_install']
[5.820s] Level 1:colcon.colcon_core.package_identification:_identify(src/startup) by extension 'ignore'
[5.820s] Level 1:colcon.colcon_core.package_identification:_identify(src/startup) by extension 'ignore_ament_install'
[5.820s] Level 1:colcon.colcon_core.package_identification:_identify(src/startup) by extensions ['colcon_pkg']
[5.821s] Level 1:colcon.colcon_core.package_identification:_identify(src/startup) by extension 'colcon_pkg'
[5.821s] Level 1:colcon.colcon_core.package_identification:_identify(src/startup) by extensions ['colcon_meta']
[5.821s] Level 1:colcon.colcon_core.package_identification:_identify(src/startup) by extension 'colcon_meta'
[5.821s] Level 1:colcon.colcon_core.package_identification:_identify(src/startup) by extensions ['ros']
[5.821s] Level 1:colcon.colcon_core.package_identification:_identify(src/startup) by extension 'ros'
[5.824s] DEBUG:colcon.colcon_core.package_identification:Package 'src/startup' with type 'ros.ament_python' and name 'startup'
[5.825s] Level 1:colcon.colcon_core.package_identification:_identify(src/testing_motors) by extensions ['ignore', 'ignore_ament_install']
[5.825s] Level 1:colcon.colcon_core.package_identification:_identify(src/testing_motors) by extension 'ignore'
[5.825s] Level 1:colcon.colcon_core.package_identification:_identify(src/testing_motors) by extension 'ignore_ament_install'
[5.826s] Level 1:colcon.colcon_core.package_identification:_identify(src/testing_motors) by extensions ['colcon_pkg']
[5.826s] Level 1:colcon.colcon_core.package_identification:_identify(src/testing_motors) by extension 'colcon_pkg'
[5.826s] Level 1:colcon.colcon_core.package_identification:_identify(src/testing_motors) by extensions ['colcon_meta']
[5.826s] Level 1:colcon.colcon_core.package_identification:_identify(src/testing_motors) by extension 'colcon_meta'
[5.826s] Level 1:colcon.colcon_core.package_identification:_identify(src/testing_motors) by extensions ['ros']
[5.827s] Level 1:colcon.colcon_core.package_identification:_identify(src/testing_motors) by extension 'ros'
[5.829s] DEBUG:colcon.colcon_core.package_identification:Package 'src/testing_motors' with type 'ros.ament_python' and name 'testing_motors'
[5.830s] Level 1:colcon.colcon_core.package_discovery:discover_packages(recursive) using defaults
[5.830s] Level 1:colcon.colcon_core.package_discovery:discover_packages(ignore) discover
[5.830s] Level 1:colcon.colcon_core.package_discovery:discover_packages(ignore) using defaults
[5.830s] Level 1:colcon.colcon_core.package_discovery:discover_packages(path) discover
[5.830s] Level 1:colcon.colcon_core.package_discovery:discover_packages(path) using defaults
[6.221s] INFO:colcon.colcon_core.package_selection:Skipping not selected package 'camera_capture' in 'src/camera_capture'
[6.221s] INFO:colcon.colcon_core.package_selection:Skipping not selected package 'my_robot_description' in 'src/my_robot_description'
[6.222s] INFO:colcon.colcon_core.package_selection:Skipping not selected package 'path_planner' in 'src/path_planner'
[6.222s] INFO:colcon.colcon_core.package_selection:Skipping not selected package 'startup' in 'src/startup'
[6.222s] INFO:colcon.colcon_core.package_selection:Skipping not selected package 'testing_motors' in 'src/testing_motors'
[6.448s] Level 1:colcon.colcon_core.package_discovery:discover_packages(prefix_path) check parameters
[6.448s] Level 1:colcon.colcon_core.package_discovery:discover_packages(prefix_path) discover
[6.611s] DEBUG:colcon.colcon_installed_package_information.package_discovery:Found 7 installed packages in /home/chris/capstone/hitc_ws/install
[6.698s] DEBUG:colcon.colcon_installed_package_information.package_discovery:Found 277 installed packages in /opt/ros/humble
[6.705s] Level 1:colcon.colcon_core.package_discovery:discover_packages(prefix_path) using defaults
[7.224s] Level 5:colcon.colcon_core.verb:set package 'laser_pointer' build argument 'cmake_args' from command line to 'None'
[7.225s] Level 5:colcon.colcon_core.verb:set package 'laser_pointer' build argument 'cmake_target' from command line to 'None'
[7.225s] Level 5:colcon.colcon_core.verb:set package 'laser_pointer' build argument 'cmake_target_skip_unavailable' from command line to 'False'
[7.225s] Level 5:colcon.colcon_core.verb:set package 'laser_pointer' build argument 'cmake_clean_cache' from command line to 'False'
[7.225s] Level 5:colcon.colcon_core.verb:set package 'laser_pointer' build argument 'cmake_clean_first' from command line to 'False'
[7.225s] Level 5:colcon.colcon_core.verb:set package 'laser_pointer' build argument 'cmake_force_configure' from command line to 'False'
[7.225s] Level 5:colcon.colcon_core.verb:set package 'laser_pointer' build argument 'ament_cmake_args' from command line to 'None'
[7.226s] Level 5:colcon.colcon_core.verb:set package 'laser_pointer' build argument 'catkin_cmake_args' from command line to 'None'
[7.226s] Level 5:colcon.colcon_core.verb:set package 'laser_pointer' build argument 'catkin_skip_building_tests' from command line to 'False'
[7.226s] DEBUG:colcon.colcon_core.verb:Building package 'laser_pointer' with the following arguments: {'ament_cmake_args': None, 'build_base': '/home/chris/capstone/hitc_ws/build/laser_pointer', 'catkin_cmake_args': None, 'catkin_skip_building_tests': False, 'cmake_args': None, 'cmake_clean_cache': False, 'cmake_clean_first': False, 'cmake_force_configure': False, 'cmake_target': None, 'cmake_target_skip_unavailable': False, 'install_base': '/home/chris/capstone/hitc_ws/install/laser_pointer', 'merge_install': False, 'path': '/home/chris/capstone/hitc_ws/src/laser_pointer', 'symlink_install': False, 'test_result_base': None}
[7.302s] INFO:colcon.colcon_core.executor:Executing jobs using 'parallel' executor
[7.383s] DEBUG:colcon.colcon_parallel_executor.executor.parallel:run_until_complete
[7.385s] INFO:colcon.colcon_ros.task.ament_python.build:Building ROS package in '/home/chris/capstone/hitc_ws/src/laser_pointer' with build type 'ament_python'
[7.385s] Level 1:colcon.colcon_core.shell:create_environment_hook('laser_pointer', 'ament_prefix_path')
[7.513s] INFO:colcon.colcon_core.plugin_system:Skipping extension 'colcon_core.shell.bat': Not used on non-Windows systems
[7.514s] INFO:colcon.colcon_core.shell:Creating environment hook '/home/chris/capstone/hitc_ws/install/laser_pointer/share/laser_pointer/hook/ament_prefix_path.ps1'
[7.518s] INFO:colcon.colcon_core.shell:Creating environment descriptor '/home/chris/capstone/hitc_ws/install/laser_pointer/share/laser_pointer/hook/ament_prefix_path.dsv'
[7.522s] INFO:colcon.colcon_core.shell:Creating environment hook '/home/chris/capstone/hitc_ws/install/laser_pointer/share/laser_pointer/hook/ament_prefix_path.sh'
[7.633s] INFO:colcon.colcon_core.shell:Skip shell extension 'powershell' for command environment: Not usable outside of PowerShell
[7.634s] DEBUG:colcon.colcon_core.shell:Skip shell extension 'dsv' for command environment
[9.511s] INFO:colcon.colcon_core.task.python.build:Building Python package in '/home/chris/capstone/hitc_ws/src/laser_pointer'
[9.600s] INFO:colcon.colcon_core.shell:Skip shell extension 'powershell' for command environment: Not usable outside of PowerShell
[9.600s] DEBUG:colcon.colcon_core.shell:Skip shell extension 'dsv' for command environment
[12.028s] DEBUG:colcon.colcon_core.event_handler.log_command:Invoking command in '/home/chris/capstone/hitc_ws/src/laser_pointer': PYTHONPATH=/home/chris/capstone/hitc_ws/build/laser_pointer/prefix_override:/home/chris/capstone/hitc_ws/install/laser_pointer/lib/python3.10/site-packages:${PYTHONPATH} /usr/bin/python3 setup.py egg_info --egg-base ../../build/laser_pointer build --build-base /home/chris/capstone/hitc_ws/build/laser_pointer/build install --record /home/chris/capstone/hitc_ws/build/laser_pointer/install.log --single-version-externally-managed
[13.846s] DEBUG:colcon.colcon_core.event_handler.log_command:Invoked command in '/home/chris/capstone/hitc_ws/src/laser_pointer' returned '0': PYTHONPATH=/home/chris/capstone/hitc_ws/build/laser_pointer/prefix_override:/home/chris/capstone/hitc_ws/install/laser_pointer/lib/python3.10/site-packages:${PYTHONPATH} /usr/bin/python3 setup.py egg_info --egg-base ../../build/laser_pointer build --build-base /home/chris/capstone/hitc_ws/build/laser_pointer/build install --record /home/chris/capstone/hitc_ws/build/laser_pointer/install.log --single-version-externally-managed
[13.947s] Level 1:colcon.colcon_core.environment:checking '/home/chris/capstone/hitc_ws/install/laser_pointer' for CMake module files
[13.950s] Level 1:colcon.colcon_core.environment:checking '/home/chris/capstone/hitc_ws/install/laser_pointer' for CMake config files
[13.956s] Level 1:colcon.colcon_core.environment:checking '/home/chris/capstone/hitc_ws/install/laser_pointer/lib'
[13.957s] Level 1:colcon.colcon_core.environment:checking '/home/chris/capstone/hitc_ws/install/laser_pointer/bin'
[13.957s] Level 1:colcon.colcon_core.environment:checking '/home/chris/capstone/hitc_ws/install/laser_pointer/lib/pkgconfig/laser_pointer.pc'
[13.959s] Level 1:colcon.colcon_core.environment:checking '/home/chris/capstone/hitc_ws/install/laser_pointer/lib/python3.10/site-packages'
[13.959s] Level 1:colcon.colcon_core.shell:create_environment_hook('laser_pointer', 'pythonpath')
[14.046s] INFO:colcon.colcon_core.shell:Creating environment hook '/home/chris/capstone/hitc_ws/install/laser_pointer/share/laser_pointer/hook/pythonpath.ps1'
[14.049s] INFO:colcon.colcon_core.shell:Creating environment descriptor '/home/chris/capstone/hitc_ws/install/laser_pointer/share/laser_pointer/hook/pythonpath.dsv'
[14.051s] INFO:colcon.colcon_core.shell:Creating environment hook '/home/chris/capstone/hitc_ws/install/laser_pointer/share/laser_pointer/hook/pythonpath.sh'
[14.054s] Level 1:colcon.colcon_core.environment:checking '/home/chris/capstone/hitc_ws/install/laser_pointer/bin'
[14.054s] Level 1:colcon.colcon_core.environment:create_environment_scripts_only(laser_pointer)
[14.146s] INFO:colcon.colcon_core.shell:Creating package script '/home/chris/capstone/hitc_ws/install/laser_pointer/share/laser_pointer/package.ps1'
[14.150s] INFO:colcon.colcon_core.shell:Creating package descriptor '/home/chris/capstone/hitc_ws/install/laser_pointer/share/laser_pointer/package.dsv'
[14.153s] INFO:colcon.colcon_core.shell:Creating package script '/home/chris/capstone/hitc_ws/install/laser_pointer/share/laser_pointer/package.sh'
[14.157s] INFO:colcon.colcon_core.shell:Creating package script '/home/chris/capstone/hitc_ws/install/laser_pointer/share/laser_pointer/package.bash'
[14.161s] INFO:colcon.colcon_core.shell:Creating package script '/home/chris/capstone/hitc_ws/install/laser_pointer/share/laser_pointer/package.zsh'
[14.165s] Level 1:colcon.colcon_core.environment:create_file_with_runtime_dependencies(/home/chris/capstone/hitc_ws/install/laser_pointer/share/colcon-core/packages/laser_pointer)
[14.166s] DEBUG:colcon.colcon_parallel_executor.executor.parallel:closing loop
[14.168s] DEBUG:colcon.colcon_parallel_executor.executor.parallel:loop closed
[14.168s] DEBUG:colcon.colcon_parallel_executor.executor.parallel:run_until_complete finished with '0'
[14.168s] DEBUG:colcon.colcon_core.event_reactor:joining thread
[14.303s] INFO:colcon.colcon_core.plugin_system:Skipping extension 'colcon_notification.desktop_notification.terminal_notifier': Not used on non-Darwin systems
[14.304s] INFO:colcon.colcon_core.plugin_system:Skipping extension 'colcon_notification.desktop_notification.win32': Not used on non-Windows systems
[14.304s] INFO:colcon.colcon_notification.desktop_notification:Sending desktop notification using 'notify2'
[14.364s] DEBUG:colcon.colcon_core.event_reactor:joined thread
[14.487s] INFO:colcon.colcon_core.shell:Creating prefix script '/home/chris/capstone/hitc_ws/install/local_setup.ps1'
[14.493s] INFO:colcon.colcon_core.shell:Creating prefix util module '/home/chris/capstone/hitc_ws/install/_local_setup_util_ps1.py'
[14.500s] INFO:colcon.colcon_core.shell:Creating prefix chain script '/home/chris/capstone/hitc_ws/install/setup.ps1'
[14.598s] INFO:colcon.colcon_core.shell:Creating prefix script '/home/chris/capstone/hitc_ws/install/local_setup.sh'
[14.601s] INFO:colcon.colcon_core.shell:Creating prefix util module '/home/chris/capstone/hitc_ws/install/_local_setup_util_sh.py'
[14.604s] INFO:colcon.colcon_core.shell:Creating prefix chain script '/home/chris/capstone/hitc_ws/install/setup.sh'
[14.694s] INFO:colcon.colcon_core.shell:Creating prefix script '/home/chris/capstone/hitc_ws/install/local_setup.bash'
[14.698s] INFO:colcon.colcon_core.shell:Creating prefix chain script '/home/chris/capstone/hitc_ws/install/setup.bash'
[14.806s] INFO:colcon.colcon_core.shell:Creating prefix script '/home/chris/capstone/hitc_ws/install/local_setup.zsh'
[14.808s] INFO:colcon.colcon_core.shell:Creating prefix chain script '/home/chris/capstone/hitc_ws/install/setup.zsh'
