[6.728s] Invoking command in '/home/chris/capstone/hitc_ws/src/laser_pointer': PYTHONPATH=/home/chris/capstone/hitc_ws/build/laser_pointer/prefix_override:/home/chris/capstone/hitc_ws/install/laser_pointer/lib/python3.10/site-packages:${PYTHONPATH} /usr/bin/python3 setup.py egg_info --egg-base ../../build/laser_pointer build --build-base /home/chris/capstone/hitc_ws/build/laser_pointer/build install --record /home/chris/capstone/hitc_ws/build/laser_pointer/install.log --single-version-externally-managed
[8.441s] running egg_info
[8.444s] writing ../../build/laser_pointer/laser_pointer.egg-info/PKG-INFO
[8.445s] writing dependency_links to ../../build/laser_pointer/laser_pointer.egg-info/dependency_links.txt
[8.447s] writing entry points to ../../build/laser_pointer/laser_pointer.egg-info/entry_points.txt
[8.448s] writing requirements to ../../build/laser_pointer/laser_pointer.egg-info/requires.txt
[8.449s] writing top-level names to ../../build/laser_pointer/laser_pointer.egg-info/top_level.txt
[8.462s] reading manifest file '../../build/laser_pointer/laser_pointer.egg-info/SOURCES.txt'
[8.467s] writing manifest file '../../build/laser_pointer/laser_pointer.egg-info/SOURCES.txt'
[8.468s] running build
[8.469s] running build_py
[8.470s] copying laser_pointer/laser_end_effector.py -> /home/chris/capstone/hitc_ws/build/laser_pointer/build/lib/laser_pointer
[8.471s] running install
[8.472s] running install_lib
[8.477s] copying /home/chris/capstone/hitc_ws/build/laser_pointer/build/lib/laser_pointer/laser_end_effector.py -> /home/chris/capstone/hitc_ws/install/laser_pointer/lib/python3.10/site-packages/laser_pointer
[8.481s] byte-compiling /home/chris/capstone/hitc_ws/install/laser_pointer/lib/python3.10/site-packages/laser_pointer/laser_end_effector.py to laser_end_effector.cpython-310.pyc
[8.484s] running install_data
[8.487s] running install_egg_info
[8.496s] removing '/home/chris/capstone/hitc_ws/install/laser_pointer/lib/python3.10/site-packages/laser_pointer-0.0.0-py3.10.egg-info' (and everything under it)
[8.498s] Copying ../../build/laser_pointer/laser_pointer.egg-info to /home/chris/capstone/hitc_ws/install/laser_pointer/lib/python3.10/site-packages/laser_pointer-0.0.0-py3.10.egg-info
[8.507s] running install_scripts
[8.633s] Installing laser_end_effector script to /home/chris/capstone/hitc_ws/install/laser_pointer/lib/laser_pointer
[8.636s] writing list of installed files to '/home/chris/capstone/hitc_ws/build/laser_pointer/install.log'
[8.861s] Invoked command in '/home/chris/capstone/hitc_ws/src/laser_pointer' returned '0': PYTHONPATH=/home/chris/capstone/hitc_ws/build/laser_pointer/prefix_override:/home/chris/capstone/hitc_ws/install/laser_pointer/lib/python3.10/site-packages:${PYTHONPATH} /usr/bin/python3 setup.py egg_info --egg-base ../../build/laser_pointer build --build-base /home/chris/capstone/hitc_ws/build/laser_pointer/build install --record /home/chris/capstone/hitc_ws/build/laser_pointer/install.log --single-version-externally-managed
