running egg_info
writing ../../build/camera_capture/camera_capture.egg-info/PKG-INFO
writing dependency_links to ../../build/camera_capture/camera_capture.egg-info/dependency_links.txt
writing entry points to ../../build/camera_capture/camera_capture.egg-info/entry_points.txt
writing requirements to ../../build/camera_capture/camera_capture.egg-info/requires.txt
writing top-level names to ../../build/camera_capture/camera_capture.egg-info/top_level.txt
reading manifest file '../../build/camera_capture/camera_capture.egg-info/SOURCES.txt'
writing manifest file '../../build/camera_capture/camera_capture.egg-info/SOURCES.txt'
running build
running build_py
copying camera_capture/solveMaze.py -> /home/chris/capstone/hitc_ws/build/camera_capture/build/lib/camera_capture
running install
running install_lib
copying /home/chris/capstone/hitc_ws/build/camera_capture/build/lib/camera_capture/solveMaze.py -> /home/chris/capstone/hitc_ws/install/camera_capture/lib/python3.10/site-packages/camera_capture
byte-compiling /home/chris/capstone/hitc_ws/install/camera_capture/lib/python3.10/site-packages/camera_capture/solveMaze.py to solveMaze.cpython-310.pyc
running install_data
running install_egg_info
removing '/home/chris/capstone/hitc_ws/install/camera_capture/lib/python3.10/site-packages/camera_capture-0.0.0-py3.10.egg-info' (and everything under it)
Copying ../../build/camera_capture/camera_capture.egg-info to /home/chris/capstone/hitc_ws/install/camera_capture/lib/python3.10/site-packages/camera_capture-0.0.0-py3.10.egg-info
running install_scripts
Installing camera_capture script to /home/chris/capstone/hitc_ws/install/camera_capture/lib/camera_capture
Installing image_proccessing script to /home/chris/capstone/hitc_ws/install/camera_capture/lib/camera_capture
Installing motor_controller script to /home/chris/capstone/hitc_ws/install/camera_capture/lib/camera_capture
Installing safety_system script to /home/chris/capstone/hitc_ws/install/camera_capture/lib/camera_capture
writing list of installed files to '/home/chris/capstone/hitc_ws/build/camera_capture/install.log'
