[2.022s] Invoking command in '/home/chris/capstone/hitc_ws/src/camera_capture': PYTHONPATH=/home/chris/capstone/hitc_ws/build/camera_capture/prefix_override:/home/chris/capstone/hitc_ws/install/camera_capture/lib/python3.10/site-packages:${PYTHONPATH} /usr/bin/python3 -W ignore:setup.py install is deprecated setup.py egg_info --egg-base ../../build/camera_capture build --build-base /home/chris/capstone/hitc_ws/build/camera_capture/build install --record /home/chris/capstone/hitc_ws/build/camera_capture/install.log --single-version-externally-managed install_data
[2.315s] running egg_info
[2.316s] writing ../../build/camera_capture/camera_capture.egg-info/PKG-INFO
[2.316s] writing dependency_links to ../../build/camera_capture/camera_capture.egg-info/dependency_links.txt
[2.316s] writing entry points to ../../build/camera_capture/camera_capture.egg-info/entry_points.txt
[2.317s] writing requirements to ../../build/camera_capture/camera_capture.egg-info/requires.txt
[2.317s] writing top-level names to ../../build/camera_capture/camera_capture.egg-info/top_level.txt
[2.319s] reading manifest file '../../build/camera_capture/camera_capture.egg-info/SOURCES.txt'
[2.320s] writing manifest file '../../build/camera_capture/camera_capture.egg-info/SOURCES.txt'
[2.320s] running build
[2.321s] running build_py
[2.321s] copying camera_capture/solveMaze.py -> /home/chris/capstone/hitc_ws/build/camera_capture/build/lib/camera_capture
[2.321s] running install
[2.322s] running install_lib
[2.323s] copying /home/chris/capstone/hitc_ws/build/camera_capture/build/lib/camera_capture/solveMaze.py -> /home/chris/capstone/hitc_ws/install/camera_capture/lib/python3.10/site-packages/camera_capture
[2.324s] byte-compiling /home/chris/capstone/hitc_ws/install/camera_capture/lib/python3.10/site-packages/camera_capture/solveMaze.py to solveMaze.cpython-310.pyc
[2.325s] running install_data
[2.325s] running install_egg_info
[2.327s] removing '/home/chris/capstone/hitc_ws/install/camera_capture/lib/python3.10/site-packages/camera_capture-0.0.0-py3.10.egg-info' (and everything under it)
[2.327s] Copying ../../build/camera_capture/camera_capture.egg-info to /home/chris/capstone/hitc_ws/install/camera_capture/lib/python3.10/site-packages/camera_capture-0.0.0-py3.10.egg-info
[2.328s] running install_scripts
[2.352s] Installing camera_capture script to /home/chris/capstone/hitc_ws/install/camera_capture/lib/camera_capture
[2.352s] Installing image_proccessing script to /home/chris/capstone/hitc_ws/install/camera_capture/lib/camera_capture
[2.352s] Installing motor_controller script to /home/chris/capstone/hitc_ws/install/camera_capture/lib/camera_capture
[2.353s] Installing safety_system script to /home/chris/capstone/hitc_ws/install/camera_capture/lib/camera_capture
[2.353s] writing list of installed files to '/home/chris/capstone/hitc_ws/build/camera_capture/install.log'
[2.384s] Invoked command in '/home/chris/capstone/hitc_ws/src/camera_capture' returned '0': PYTHONPATH=/home/chris/capstone/hitc_ws/build/camera_capture/prefix_override:/home/chris/capstone/hitc_ws/install/camera_capture/lib/python3.10/site-packages:${PYTHONPATH} /usr/bin/python3 -W ignore:setup.py install is deprecated setup.py egg_info --egg-base ../../build/camera_capture build --build-base /home/chris/capstone/hitc_ws/build/camera_capture/build install --record /home/chris/capstone/hitc_ws/build/camera_capture/install.log --single-version-externally-managed install_data
