running egg_info
creating ../../build/path_planner/path_planner.egg-info
writing ../../build/path_planner/path_planner.egg-info/PKG-INFO
writing dependency_links to ../../build/path_planner/path_planner.egg-info/dependency_links.txt
writing entry points to ../../build/path_planner/path_planner.egg-info/entry_points.txt
writing requirements to ../../build/path_planner/path_planner.egg-info/requires.txt
writing top-level names to ../../build/path_planner/path_planner.egg-info/top_level.txt
writing manifest file '../../build/path_planner/path_planner.egg-info/SOURCES.txt'
reading manifest file '../../build/path_planner/path_planner.egg-info/SOURCES.txt'
writing manifest file '../../build/path_planner/path_planner.egg-info/SOURCES.txt'
running build
running build_py
creating /home/chris/capstone/hitc_ws/build/path_planner/build
creating /home/chris/capstone/hitc_ws/build/path_planner/build/lib
creating /home/chris/capstone/hitc_ws/build/path_planner/build/lib/path_planner
copying path_planner/__init__.py -> /home/chris/capstone/hitc_ws/build/path_planner/build/lib/path_planner
copying path_planner/milestone_arm_only.py -> /home/chris/capstone/hitc_ws/build/path_planner/build/lib/path_planner
copying path_planner/test_arm_only.py -> /home/chris/capstone/hitc_ws/build/path_planner/build/lib/path_planner
copying path_planner/cartesian_to_radians.py -> /home/chris/capstone/hitc_ws/build/path_planner/build/lib/path_planner
creating /home/chris/capstone/hitc_ws/build/path_planner/build/lib/path_planner/modern_robotics
copying path_planner/modern_robotics/__init__.py -> /home/chris/capstone/hitc_ws/build/path_planner/build/lib/path_planner/modern_robotics
copying path_planner/modern_robotics/__version__.py -> /home/chris/capstone/hitc_ws/build/path_planner/build/lib/path_planner/modern_robotics
copying path_planner/modern_robotics/app.py -> /home/chris/capstone/hitc_ws/build/path_planner/build/lib/path_planner/modern_robotics
copying path_planner/modern_robotics/core.py -> /home/chris/capstone/hitc_ws/build/path_planner/build/lib/path_planner/modern_robotics
running install
running install_lib
creating /home/chris/capstone/hitc_ws/install/path_planner/lib/python3.10/site-packages/path_planner
copying /home/chris/capstone/hitc_ws/build/path_planner/build/lib/path_planner/__init__.py -> /home/chris/capstone/hitc_ws/install/path_planner/lib/python3.10/site-packages/path_planner
copying /home/chris/capstone/hitc_ws/build/path_planner/build/lib/path_planner/milestone_arm_only.py -> /home/chris/capstone/hitc_ws/install/path_planner/lib/python3.10/site-packages/path_planner
copying /home/chris/capstone/hitc_ws/build/path_planner/build/lib/path_planner/test_arm_only.py -> /home/chris/capstone/hitc_ws/install/path_planner/lib/python3.10/site-packages/path_planner
creating /home/chris/capstone/hitc_ws/install/path_planner/lib/python3.10/site-packages/path_planner/modern_robotics
copying /home/chris/capstone/hitc_ws/build/path_planner/build/lib/path_planner/modern_robotics/__init__.py -> /home/chris/capstone/hitc_ws/install/path_planner/lib/python3.10/site-packages/path_planner/modern_robotics
copying /home/chris/capstone/hitc_ws/build/path_planner/build/lib/path_planner/modern_robotics/__version__.py -> /home/chris/capstone/hitc_ws/install/path_planner/lib/python3.10/site-packages/path_planner/modern_robotics
copying /home/chris/capstone/hitc_ws/build/path_planner/build/lib/path_planner/modern_robotics/app.py -> /home/chris/capstone/hitc_ws/install/path_planner/lib/python3.10/site-packages/path_planner/modern_robotics
copying /home/chris/capstone/hitc_ws/build/path_planner/build/lib/path_planner/modern_robotics/core.py -> /home/chris/capstone/hitc_ws/install/path_planner/lib/python3.10/site-packages/path_planner/modern_robotics
copying /home/chris/capstone/hitc_ws/build/path_planner/build/lib/path_planner/cartesian_to_radians.py -> /home/chris/capstone/hitc_ws/install/path_planner/lib/python3.10/site-packages/path_planner
byte-compiling /home/chris/capstone/hitc_ws/install/path_planner/lib/python3.10/site-packages/path_planner/__init__.py to __init__.cpython-310.pyc
byte-compiling /home/chris/capstone/hitc_ws/install/path_planner/lib/python3.10/site-packages/path_planner/milestone_arm_only.py to milestone_arm_only.cpython-310.pyc
byte-compiling /home/chris/capstone/hitc_ws/install/path_planner/lib/python3.10/site-packages/path_planner/test_arm_only.py to test_arm_only.cpython-310.pyc
byte-compiling /home/chris/capstone/hitc_ws/install/path_planner/lib/python3.10/site-packages/path_planner/modern_robotics/__init__.py to __init__.cpython-310.pyc
byte-compiling /home/chris/capstone/hitc_ws/install/path_planner/lib/python3.10/site-packages/path_planner/modern_robotics/__version__.py to __version__.cpython-310.pyc
byte-compiling /home/chris/capstone/hitc_ws/install/path_planner/lib/python3.10/site-packages/path_planner/modern_robotics/app.py to app.cpython-310.pyc
byte-compiling /home/chris/capstone/hitc_ws/install/path_planner/lib/python3.10/site-packages/path_planner/modern_robotics/core.py to core.cpython-310.pyc
byte-compiling /home/chris/capstone/hitc_ws/install/path_planner/lib/python3.10/site-packages/path_planner/cartesian_to_radians.py to cartesian_to_radians.cpython-310.pyc
running install_data
creating /home/chris/capstone/hitc_ws/install/path_planner/share/ament_index
creating /home/chris/capstone/hitc_ws/install/path_planner/share/ament_index/resource_index
creating /home/chris/capstone/hitc_ws/install/path_planner/share/ament_index/resource_index/packages
copying resource/path_planner -> /home/chris/capstone/hitc_ws/install/path_planner/share/ament_index/resource_index/packages
copying package.xml -> /home/chris/capstone/hitc_ws/install/path_planner/share/path_planner
running install_egg_info
Copying ../../build/path_planner/path_planner.egg-info to /home/chris/capstone/hitc_ws/install/path_planner/lib/python3.10/site-packages/path_planner-0.0.0-py3.10.egg-info
running install_scripts
writing list of installed files to '/home/chris/capstone/hitc_ws/build/path_planner/install.log'
