[3.299s] Invoking command in '/home/chris/capstone/hitc_ws/src/path_planner': PYTHONPATH=/home/chris/capstone/hitc_ws/build/path_planner/prefix_override:/home/chris/capstone/hitc_ws/install/path_planner/lib/python3.10/site-packages:${PYTHONPATH} /usr/bin/python3 setup.py egg_info --egg-base ../../build/path_planner build --build-base /home/chris/capstone/hitc_ws/build/path_planner/build install --record /home/chris/capstone/hitc_ws/build/path_planner/install.log --single-version-externally-managed
[3.579s] running egg_info
[3.580s] writing ../../build/path_planner/path_planner.egg-info/PKG-INFO
[3.586s] writing dependency_links to ../../build/path_planner/path_planner.egg-info/dependency_links.txt
[3.586s] writing entry points to ../../build/path_planner/path_planner.egg-info/entry_points.txt
[3.586s] writing requirements to ../../build/path_planner/path_planner.egg-info/requires.txt
[3.586s] writing top-level names to ../../build/path_planner/path_planner.egg-info/top_level.txt
[3.588s] reading manifest file '../../build/path_planner/path_planner.egg-info/SOURCES.txt'
[3.588s] writing manifest file '../../build/path_planner/path_planner.egg-info/SOURCES.txt'
[3.589s] running build
[3.589s] running build_py
[3.589s] copying path_planner/milestone_arm_only.py -> /home/chris/capstone/hitc_ws/build/path_planner/build/lib/path_planner
[3.590s] copying path_planner/test_arm_only.py -> /home/chris/capstone/hitc_ws/build/path_planner/build/lib/path_planner
[3.590s] copying path_planner/cartesian_to_radians.py -> /home/chris/capstone/hitc_ws/build/path_planner/build/lib/path_planner
[3.591s] running install
[3.591s] running install_lib
[3.592s] copying /home/chris/capstone/hitc_ws/build/path_planner/build/lib/path_planner/milestone_arm_only.py -> /home/chris/capstone/hitc_ws/install/path_planner/lib/python3.10/site-packages/path_planner
[3.593s] copying /home/chris/capstone/hitc_ws/build/path_planner/build/lib/path_planner/test_arm_only.py -> /home/chris/capstone/hitc_ws/install/path_planner/lib/python3.10/site-packages/path_planner
[3.593s] copying /home/chris/capstone/hitc_ws/build/path_planner/build/lib/path_planner/cartesian_to_radians.py -> /home/chris/capstone/hitc_ws/install/path_planner/lib/python3.10/site-packages/path_planner
[3.593s] byte-compiling /home/chris/capstone/hitc_ws/install/path_planner/lib/python3.10/site-packages/path_planner/milestone_arm_only.py to milestone_arm_only.cpython-310.pyc
[3.594s] byte-compiling /home/chris/capstone/hitc_ws/install/path_planner/lib/python3.10/site-packages/path_planner/test_arm_only.py to test_arm_only.cpython-310.pyc
[3.595s] byte-compiling /home/chris/capstone/hitc_ws/install/path_planner/lib/python3.10/site-packages/path_planner/cartesian_to_radians.py to cartesian_to_radians.cpython-310.pyc
[3.596s] running install_data
[3.596s] running install_egg_info
[3.598s] removing '/home/chris/capstone/hitc_ws/install/path_planner/lib/python3.10/site-packages/path_planner-0.0.0-py3.10.egg-info' (and everything under it)
[3.598s] Copying ../../build/path_planner/path_planner.egg-info to /home/chris/capstone/hitc_ws/install/path_planner/lib/python3.10/site-packages/path_planner-0.0.0-py3.10.egg-info
[3.599s] running install_scripts
[3.619s] writing list of installed files to '/home/chris/capstone/hitc_ws/build/path_planner/install.log'
[3.892s] Invoked command in '/home/chris/capstone/hitc_ws/src/path_planner' returned '0': PYTHONPATH=/home/chris/capstone/hitc_ws/build/path_planner/prefix_override:/home/chris/capstone/hitc_ws/install/path_planner/lib/python3.10/site-packages:${PYTHONPATH} /usr/bin/python3 setup.py egg_info --egg-base ../../build/path_planner build --build-base /home/chris/capstone/hitc_ws/build/path_planner/build install --record /home/chris/capstone/hitc_ws/build/path_planner/install.log --single-version-externally-managed
