[7.774s] Invoking command in '/home/chris/capstone/hitc_ws/src/camera_capture': PYTHONPATH=/home/chris/capstone/hitc_ws/build/camera_capture/prefix_override:/home/chris/capstone/hitc_ws/install/camera_capture/lib/python3.10/site-packages:${PYTHONPATH} /usr/bin/python3 setup.py egg_info --egg-base ../../build/camera_capture build --build-base /home/chris/capstone/hitc_ws/build/camera_capture/build install --record /home/chris/capstone/hitc_ws/build/camera_capture/install.log --single-version-externally-managed
[9.487s] running egg_info
[9.494s] writing ../../build/camera_capture/camera_capture.egg-info/PKG-INFO
[9.495s] writing dependency_links to ../../build/camera_capture/camera_capture.egg-info/dependency_links.txt
[9.495s] writing entry points to ../../build/camera_capture/camera_capture.egg-info/entry_points.txt
[9.502s] writing requirements to ../../build/camera_capture/camera_capture.egg-info/requires.txt
[9.503s] writing top-level names to ../../build/camera_capture/camera_capture.egg-info/top_level.txt
[9.507s] reading manifest file '../../build/camera_capture/camera_capture.egg-info/SOURCES.txt'
[9.514s] writing manifest file '../../build/camera_capture/camera_capture.egg-info/SOURCES.txt'
[9.516s] running build
[9.517s] running build_py
[9.518s] copying camera_capture/human_checker.py -> /home/chris/capstone/hitc_ws/build/camera_capture/build/lib/camera_capture
[9.520s] running install
[9.520s] running install_lib
[9.523s] copying /home/chris/capstone/hitc_ws/build/camera_capture/build/lib/camera_capture/human_checker.py -> /home/chris/capstone/hitc_ws/install/camera_capture/lib/python3.10/site-packages/camera_capture
[9.528s] byte-compiling /home/chris/capstone/hitc_ws/install/camera_capture/lib/python3.10/site-packages/camera_capture/human_checker.py to human_checker.cpython-310.pyc
[9.531s] running install_data
[9.545s] running install_egg_info
[9.551s] removing '/home/chris/capstone/hitc_ws/install/camera_capture/lib/python3.10/site-packages/camera_capture-0.0.0-py3.10.egg-info' (and everything under it)
[9.552s] Copying ../../build/camera_capture/camera_capture.egg-info to /home/chris/capstone/hitc_ws/install/camera_capture/lib/python3.10/site-packages/camera_capture-0.0.0-py3.10.egg-info
[9.560s] running install_scripts
[9.672s] Installing camera_capture script to /home/chris/capstone/hitc_ws/install/camera_capture/lib/camera_capture
[9.673s] Installing human_checker script to /home/chris/capstone/hitc_ws/install/camera_capture/lib/camera_capture
[9.675s] Installing image_proccessing script to /home/chris/capstone/hitc_ws/install/camera_capture/lib/camera_capture
[9.680s] writing list of installed files to '/home/chris/capstone/hitc_ws/build/camera_capture/install.log'
[9.899s] Invoked command in '/home/chris/capstone/hitc_ws/src/camera_capture' returned '0': PYTHONPATH=/home/chris/capstone/hitc_ws/build/camera_capture/prefix_override:/home/chris/capstone/hitc_ws/install/camera_capture/lib/python3.10/site-packages:${PYTHONPATH} /usr/bin/python3 setup.py egg_info --egg-base ../../build/camera_capture build --build-base /home/chris/capstone/hitc_ws/build/camera_capture/build install --record /home/chris/capstone/hitc_ws/build/camera_capture/install.log --single-version-externally-managed
