[20.739s] Invoking command in '/home/chris/capstone/hitc_ws/src/camera_capture': PYTHONPATH=/home/chris/capstone/hitc_ws/build/camera_capture/prefix_override:/home/chris/capstone/hitc_ws/install/camera_capture/lib/python3.10/site-packages:${PYTHONPATH} /usr/bin/python3 setup.py egg_info --egg-base ../../build/camera_capture build --build-base /home/chris/capstone/hitc_ws/build/camera_capture/build install --record /home/chris/capstone/hitc_ws/build/camera_capture/install.log --single-version-externally-managed
[25.346s] running egg_info
[25.347s] writing ../../build/camera_capture/camera_capture.egg-info/PKG-INFO
[25.347s] writing dependency_links to ../../build/camera_capture/camera_capture.egg-info/dependency_links.txt
[25.349s] writing entry points to ../../build/camera_capture/camera_capture.egg-info/entry_points.txt
[25.351s] writing requirements to ../../build/camera_capture/camera_capture.egg-info/requires.txt
[25.367s] writing top-level names to ../../build/camera_capture/camera_capture.egg-info/top_level.txt
[25.386s] reading manifest file '../../build/camera_capture/camera_capture.egg-info/SOURCES.txt'
[25.387s] writing manifest file '../../build/camera_capture/camera_capture.egg-info/SOURCES.txt'
[25.387s] running build
[25.388s] running build_py
[25.404s] copying camera_capture/image_processing.py -> /home/chris/capstone/hitc_ws/build/camera_capture/build/lib/camera_capture
[25.405s] running install
[25.405s] running install_lib
[25.406s] copying /home/chris/capstone/hitc_ws/build/camera_capture/build/lib/camera_capture/image_processing.py -> /home/chris/capstone/hitc_ws/install/camera_capture/lib/python3.10/site-packages/camera_capture
[25.407s] byte-compiling /home/chris/capstone/hitc_ws/install/camera_capture/lib/python3.10/site-packages/camera_capture/image_processing.py to image_processing.cpython-310.pyc
[25.408s] running install_data
[25.437s] running install_egg_info
[25.462s] removing '/home/chris/capstone/hitc_ws/install/camera_capture/lib/python3.10/site-packages/camera_capture-0.0.0-py3.10.egg-info' (and everything under it)
[25.463s] Copying ../../build/camera_capture/camera_capture.egg-info to /home/chris/capstone/hitc_ws/install/camera_capture/lib/python3.10/site-packages/camera_capture-0.0.0-py3.10.egg-info
[25.464s] running install_scripts
[25.659s] Installing camera_capture script to /home/chris/capstone/hitc_ws/install/camera_capture/lib/camera_capture
[25.692s] Installing image_proccessing script to /home/chris/capstone/hitc_ws/install/camera_capture/lib/camera_capture
[25.693s] writing list of installed files to '/home/chris/capstone/hitc_ws/build/camera_capture/install.log'
[26.682s] Invoked command in '/home/chris/capstone/hitc_ws/src/camera_capture' returned '0': PYTHONPATH=/home/chris/capstone/hitc_ws/build/camera_capture/prefix_override:/home/chris/capstone/hitc_ws/install/camera_capture/lib/python3.10/site-packages:${PYTHONPATH} /usr/bin/python3 setup.py egg_info --egg-base ../../build/camera_capture build --build-base /home/chris/capstone/hitc_ws/build/camera_capture/build install --record /home/chris/capstone/hitc_ws/build/camera_capture/install.log --single-version-externally-managed
