[4.589s] DEBUG:colcon:Command line arguments: ['/usr/bin/colcon', 'build', '--packages-select', 'my_robot_description']
[4.589s] DEBUG:colcon:Parsed command line arguments: Namespace(log_base=None, log_level=None, verb_name='build', build_base='build', install_base='install', merge_install=False, symlink_install=False, test_result_base=None, continue_on_error=False, executor='parallel', parallel_workers=4, event_handlers=None, ignore_user_meta=False, metas=['./colcon.meta'], base_paths=['.'], packages_ignore=None, packages_ignore_regex=None, paths=None, packages_up_to=None, packages_up_to_regex=None, packages_above=None, packages_above_and_dependencies=None, packages_above_depth=None, packages_select_by_dep=None, packages_skip_by_dep=None, packages_skip_up_to=None, packages_select_build_failed=False, packages_skip_build_finished=False, packages_select_test_failures=False, packages_skip_test_passed=False, packages_select=['my_robot_description'], packages_skip=None, packages_select_regex=None, packages_skip_regex=None, packages_start=None, packages_end=None, allow_overriding=[], cmake_args=None, cmake_target=None, cmake_target_skip_unavailable=False, cmake_clean_cache=False, cmake_clean_first=False, cmake_force_configure=False, ament_cmake_args=None, catkin_cmake_args=None, catkin_skip_building_tests=False, verb_parser=<colcon_defaults.argument_parser.defaults.DefaultArgumentsDecorator object at 0xffff86c53be0>, verb_extension=<colcon_core.verb.build.BuildVerb object at 0xffff86c504f0>, main=<bound method BuildVerb.main of <colcon_core.verb.build.BuildVerb object at 0xffff86c504f0>>)
[4.891s] Level 1:colcon.colcon_core.package_discovery:discover_packages(colcon_meta) check parameters
[4.892s] Level 1:colcon.colcon_core.package_discovery:discover_packages(recursive) check parameters
[4.892s] Level 1:colcon.colcon_core.package_discovery:discover_packages(ignore) check parameters
[4.892s] Level 1:colcon.colcon_core.package_discovery:discover_packages(path) check parameters
[4.892s] Level 1:colcon.colcon_core.package_discovery:discover_packages(colcon_meta) discover
[4.892s] Level 1:colcon.colcon_core.package_discovery:discover_packages(recursive) discover
[4.893s] INFO:colcon.colcon_core.package_discovery:Crawling recursively for packages in '/home/chris/capstone/hitc_ws'
[4.893s] Level 1:colcon.colcon_core.package_identification:_identify(.) by extensions ['ignore', 'ignore_ament_install']
[4.893s] Level 1:colcon.colcon_core.package_identification:_identify(.) by extension 'ignore'
[4.894s] Level 1:colcon.colcon_core.package_identification:_identify(.) by extension 'ignore_ament_install'
[4.894s] Level 1:colcon.colcon_core.package_identification:_identify(.) by extensions ['colcon_pkg']
[4.894s] Level 1:colcon.colcon_core.package_identification:_identify(.) by extension 'colcon_pkg'
[4.894s] Level 1:colcon.colcon_core.package_identification:_identify(.) by extensions ['colcon_meta']
[4.894s] Level 1:colcon.colcon_core.package_identification:_identify(.) by extension 'colcon_meta'
[4.894s] Level 1:colcon.colcon_core.package_identification:_identify(.) by extensions ['ros']
[4.895s] Level 1:colcon.colcon_core.package_identification:_identify(.) by extension 'ros'
[4.939s] Level 1:colcon.colcon_core.package_identification:_identify(.) by extensions ['cmake', 'python']
[4.939s] Level 1:colcon.colcon_core.package_identification:_identify(.) by extension 'cmake'
[4.940s] Level 1:colcon.colcon_core.package_identification:_identify(.) by extension 'python'
[4.940s] Level 1:colcon.colcon_core.package_identification:_identify(.) by extensions ['python_setup_py']
[4.940s] Level 1:colcon.colcon_core.package_identification:_identify(.) by extension 'python_setup_py'
[4.941s] Level 1:colcon.colcon_core.package_identification:_identify(build) by extensions ['ignore', 'ignore_ament_install']
[4.941s] Level 1:colcon.colcon_core.package_identification:_identify(build) by extension 'ignore'
[4.941s] Level 1:colcon.colcon_core.package_identification:_identify(build) ignored
[4.942s] Level 1:colcon.colcon_core.package_identification:_identify(install) by extensions ['ignore', 'ignore_ament_install']
[4.942s] Level 1:colcon.colcon_core.package_identification:_identify(install) by extension 'ignore'
[4.942s] Level 1:colcon.colcon_core.package_identification:_identify(install) ignored
[4.943s] Level 1:colcon.colcon_core.package_identification:_identify(log) by extensions ['ignore', 'ignore_ament_install']
[4.943s] Level 1:colcon.colcon_core.package_identification:_identify(log) by extension 'ignore'
[4.943s] Level 1:colcon.colcon_core.package_identification:_identify(log) ignored
[4.944s] Level 1:colcon.colcon_core.package_identification:_identify(src) by extensions ['ignore', 'ignore_ament_install']
[4.944s] Level 1:colcon.colcon_core.package_identification:_identify(src) by extension 'ignore'
[4.944s] Level 1:colcon.colcon_core.package_identification:_identify(src) by extension 'ignore_ament_install'
[4.945s] Level 1:colcon.colcon_core.package_identification:_identify(src) by extensions ['colcon_pkg']
[4.945s] Level 1:colcon.colcon_core.package_identification:_identify(src) by extension 'colcon_pkg'
[4.945s] Level 1:colcon.colcon_core.package_identification:_identify(src) by extensions ['colcon_meta']
[4.945s] Level 1:colcon.colcon_core.package_identification:_identify(src) by extension 'colcon_meta'
[4.945s] Level 1:colcon.colcon_core.package_identification:_identify(src) by extensions ['ros']
[4.945s] Level 1:colcon.colcon_core.package_identification:_identify(src) by extension 'ros'
[4.946s] Level 1:colcon.colcon_core.package_identification:_identify(src) by extensions ['cmake', 'python']
[4.946s] Level 1:colcon.colcon_core.package_identification:_identify(src) by extension 'cmake'
[4.946s] Level 1:colcon.colcon_core.package_identification:_identify(src) by extension 'python'
[4.946s] Level 1:colcon.colcon_core.package_identification:_identify(src) by extensions ['python_setup_py']
[4.946s] Level 1:colcon.colcon_core.package_identification:_identify(src) by extension 'python_setup_py'
[4.947s] Level 1:colcon.colcon_core.package_identification:_identify(src/camera_capture) by extensions ['ignore', 'ignore_ament_install']
[4.947s] Level 1:colcon.colcon_core.package_identification:_identify(src/camera_capture) by extension 'ignore'
[4.947s] Level 1:colcon.colcon_core.package_identification:_identify(src/camera_capture) by extension 'ignore_ament_install'
[4.947s] Level 1:colcon.colcon_core.package_identification:_identify(src/camera_capture) by extensions ['colcon_pkg']
[4.948s] Level 1:colcon.colcon_core.package_identification:_identify(src/camera_capture) by extension 'colcon_pkg'
[4.948s] Level 1:colcon.colcon_core.package_identification:_identify(src/camera_capture) by extensions ['colcon_meta']
[4.948s] Level 1:colcon.colcon_core.package_identification:_identify(src/camera_capture) by extension 'colcon_meta'
[4.948s] Level 1:colcon.colcon_core.package_identification:_identify(src/camera_capture) by extensions ['ros']
[4.948s] Level 1:colcon.colcon_core.package_identification:_identify(src/camera_capture) by extension 'ros'
[4.960s] DEBUG:colcon.colcon_core.package_identification:Package 'src/camera_capture' with type 'ros.ament_python' and name 'camera_capture'
[4.961s] Level 1:colcon.colcon_core.package_identification:_identify(src/image_processing) by extensions ['ignore', 'ignore_ament_install']
[4.961s] Level 1:colcon.colcon_core.package_identification:_identify(src/image_processing) by extension 'ignore'
[4.961s] Level 1:colcon.colcon_core.package_identification:_identify(src/image_processing) by extension 'ignore_ament_install'
[4.962s] Level 1:colcon.colcon_core.package_identification:_identify(src/image_processing) by extensions ['colcon_pkg']
[4.962s] Level 1:colcon.colcon_core.package_identification:_identify(src/image_processing) by extension 'colcon_pkg'
[4.962s] Level 1:colcon.colcon_core.package_identification:_identify(src/image_processing) by extensions ['colcon_meta']
[4.962s] Level 1:colcon.colcon_core.package_identification:_identify(src/image_processing) by extension 'colcon_meta'
[4.962s] Level 1:colcon.colcon_core.package_identification:_identify(src/image_processing) by extensions ['ros']
[4.963s] Level 1:colcon.colcon_core.package_identification:_identify(src/image_processing) by extension 'ros'
[4.966s] DEBUG:colcon.colcon_core.package_identification:Package 'src/image_processing' with type 'ros.ament_python' and name 'image_processing'
[4.966s] Level 1:colcon.colcon_core.package_identification:_identify(src/laser_pointer) by extensions ['ignore', 'ignore_ament_install']
[4.967s] Level 1:colcon.colcon_core.package_identification:_identify(src/laser_pointer) by extension 'ignore'
[4.967s] Level 1:colcon.colcon_core.package_identification:_identify(src/laser_pointer) by extension 'ignore_ament_install'
[4.967s] Level 1:colcon.colcon_core.package_identification:_identify(src/laser_pointer) by extensions ['colcon_pkg']
[4.967s] Level 1:colcon.colcon_core.package_identification:_identify(src/laser_pointer) by extension 'colcon_pkg'
[4.968s] Level 1:colcon.colcon_core.package_identification:_identify(src/laser_pointer) by extensions ['colcon_meta']
[4.968s] Level 1:colcon.colcon_core.package_identification:_identify(src/laser_pointer) by extension 'colcon_meta'
[4.968s] Level 1:colcon.colcon_core.package_identification:_identify(src/laser_pointer) by extensions ['ros']
[4.968s] Level 1:colcon.colcon_core.package_identification:_identify(src/laser_pointer) by extension 'ros'
[4.971s] DEBUG:colcon.colcon_core.package_identification:Package 'src/laser_pointer' with type 'ros.ament_python' and name 'laser_pointer'
[4.972s] Level 1:colcon.colcon_core.package_identification:_identify(src/my_robot_description) by extensions ['ignore', 'ignore_ament_install']
[4.972s] Level 1:colcon.colcon_core.package_identification:_identify(src/my_robot_description) by extension 'ignore'
[4.973s] Level 1:colcon.colcon_core.package_identification:_identify(src/my_robot_description) by extension 'ignore_ament_install'
[4.973s] Level 1:colcon.colcon_core.package_identification:_identify(src/my_robot_description) by extensions ['colcon_pkg']
[4.973s] Level 1:colcon.colcon_core.package_identification:_identify(src/my_robot_description) by extension 'colcon_pkg'
[4.973s] Level 1:colcon.colcon_core.package_identification:_identify(src/my_robot_description) by extensions ['colcon_meta']
[4.973s] Level 1:colcon.colcon_core.package_identification:_identify(src/my_robot_description) by extension 'colcon_meta'
[4.973s] Level 1:colcon.colcon_core.package_identification:_identify(src/my_robot_description) by extensions ['ros']
[4.974s] Level 1:colcon.colcon_core.package_identification:_identify(src/my_robot_description) by extension 'ros'
[4.976s] DEBUG:colcon.colcon_core.package_identification:Package 'src/my_robot_description' with type 'ros.ament_python' and name 'my_robot_description'
[4.976s] Level 1:colcon.colcon_core.package_identification:_identify(src/path_planner) by extensions ['ignore', 'ignore_ament_install']
[4.977s] Level 1:colcon.colcon_core.package_identification:_identify(src/path_planner) by extension 'ignore'
[4.977s] Level 1:colcon.colcon_core.package_identification:_identify(src/path_planner) by extension 'ignore_ament_install'
[4.977s] Level 1:colcon.colcon_core.package_identification:_identify(src/path_planner) by extensions ['colcon_pkg']
[4.977s] Level 1:colcon.colcon_core.package_identification:_identify(src/path_planner) by extension 'colcon_pkg'
[4.978s] Level 1:colcon.colcon_core.package_identification:_identify(src/path_planner) by extensions ['colcon_meta']
[4.978s] Level 1:colcon.colcon_core.package_identification:_identify(src/path_planner) by extension 'colcon_meta'
[4.978s] Level 1:colcon.colcon_core.package_identification:_identify(src/path_planner) by extensions ['ros']
[4.978s] Level 1:colcon.colcon_core.package_identification:_identify(src/path_planner) by extension 'ros'
[4.981s] DEBUG:colcon.colcon_core.package_identification:Package 'src/path_planner' with type 'ros.ament_python' and name 'path_planner'
[4.982s] Level 1:colcon.colcon_core.package_identification:_identify(src/testing_motors) by extensions ['ignore', 'ignore_ament_install']
[4.982s] Level 1:colcon.colcon_core.package_identification:_identify(src/testing_motors) by extension 'ignore'
[4.982s] Level 1:colcon.colcon_core.package_identification:_identify(src/testing_motors) by extension 'ignore_ament_install'
[4.983s] Level 1:colcon.colcon_core.package_identification:_identify(src/testing_motors) by extensions ['colcon_pkg']
[4.983s] Level 1:colcon.colcon_core.package_identification:_identify(src/testing_motors) by extension 'colcon_pkg'
[4.983s] Level 1:colcon.colcon_core.package_identification:_identify(src/testing_motors) by extensions ['colcon_meta']
[4.983s] Level 1:colcon.colcon_core.package_identification:_identify(src/testing_motors) by extension 'colcon_meta'
[4.983s] Level 1:colcon.colcon_core.package_identification:_identify(src/testing_motors) by extensions ['ros']
[4.984s] Level 1:colcon.colcon_core.package_identification:_identify(src/testing_motors) by extension 'ros'
[4.987s] DEBUG:colcon.colcon_core.package_identification:Package 'src/testing_motors' with type 'ros.ament_python' and name 'testing_motors'
[4.987s] Level 1:colcon.colcon_core.package_discovery:discover_packages(recursive) using defaults
[4.987s] Level 1:colcon.colcon_core.package_discovery:discover_packages(ignore) discover
[4.987s] Level 1:colcon.colcon_core.package_discovery:discover_packages(ignore) using defaults
[4.988s] Level 1:colcon.colcon_core.package_discovery:discover_packages(path) discover
[4.988s] Level 1:colcon.colcon_core.package_discovery:discover_packages(path) using defaults
[5.309s] INFO:colcon.colcon_core.package_selection:Skipping not selected package 'camera_capture' in 'src/camera_capture'
[5.310s] INFO:colcon.colcon_core.package_selection:Skipping not selected package 'image_processing' in 'src/image_processing'
[5.310s] INFO:colcon.colcon_core.package_selection:Skipping not selected package 'laser_pointer' in 'src/laser_pointer'
[5.310s] INFO:colcon.colcon_core.package_selection:Skipping not selected package 'path_planner' in 'src/path_planner'
[5.310s] INFO:colcon.colcon_core.package_selection:Skipping not selected package 'testing_motors' in 'src/testing_motors'
[5.436s] Level 1:colcon.colcon_core.package_discovery:discover_packages(prefix_path) check parameters
[5.437s] Level 1:colcon.colcon_core.package_discovery:discover_packages(prefix_path) discover
[5.578s] DEBUG:colcon.colcon_installed_package_information.package_discovery:Found 5 installed packages in /home/chris/capstone/hitc_ws/install
[5.650s] DEBUG:colcon.colcon_installed_package_information.package_discovery:Found 277 installed packages in /opt/ros/humble
[5.656s] Level 1:colcon.colcon_core.package_discovery:discover_packages(prefix_path) using defaults
[6.102s] Level 5:colcon.colcon_core.verb:set package 'my_robot_description' build argument 'cmake_args' from command line to 'None'
[6.102s] Level 5:colcon.colcon_core.verb:set package 'my_robot_description' build argument 'cmake_target' from command line to 'None'
[6.102s] Level 5:colcon.colcon_core.verb:set package 'my_robot_description' build argument 'cmake_target_skip_unavailable' from command line to 'False'
[6.102s] Level 5:colcon.colcon_core.verb:set package 'my_robot_description' build argument 'cmake_clean_cache' from command line to 'False'
[6.102s] Level 5:colcon.colcon_core.verb:set package 'my_robot_description' build argument 'cmake_clean_first' from command line to 'False'
[6.102s] Level 5:colcon.colcon_core.verb:set package 'my_robot_description' build argument 'cmake_force_configure' from command line to 'False'
[6.103s] Level 5:colcon.colcon_core.verb:set package 'my_robot_description' build argument 'ament_cmake_args' from command line to 'None'
[6.103s] Level 5:colcon.colcon_core.verb:set package 'my_robot_description' build argument 'catkin_cmake_args' from command line to 'None'
[6.103s] Level 5:colcon.colcon_core.verb:set package 'my_robot_description' build argument 'catkin_skip_building_tests' from command line to 'False'
[6.103s] DEBUG:colcon.colcon_core.verb:Building package 'my_robot_description' with the following arguments: {'ament_cmake_args': None, 'build_base': '/home/chris/capstone/hitc_ws/build/my_robot_description', 'catkin_cmake_args': None, 'catkin_skip_building_tests': False, 'cmake_args': None, 'cmake_clean_cache': False, 'cmake_clean_first': False, 'cmake_force_configure': False, 'cmake_target': None, 'cmake_target_skip_unavailable': False, 'install_base': '/home/chris/capstone/hitc_ws/install/my_robot_description', 'merge_install': False, 'path': '/home/chris/capstone/hitc_ws/src/my_robot_description', 'symlink_install': False, 'test_result_base': None}
[6.166s] INFO:colcon.colcon_core.executor:Executing jobs using 'parallel' executor
[6.233s] DEBUG:colcon.colcon_parallel_executor.executor.parallel:run_until_complete
[6.234s] INFO:colcon.colcon_ros.task.ament_python.build:Building ROS package in '/home/chris/capstone/hitc_ws/src/my_robot_description' with build type 'ament_python'
[6.234s] Level 1:colcon.colcon_core.shell:create_environment_hook('my_robot_description', 'ament_prefix_path')
[6.341s] INFO:colcon.colcon_core.plugin_system:Skipping extension 'colcon_core.shell.bat': Not used on non-Windows systems
[6.342s] INFO:colcon.colcon_core.shell:Creating environment hook '/home/chris/capstone/hitc_ws/install/my_robot_description/share/my_robot_description/hook/ament_prefix_path.ps1'
[6.347s] INFO:colcon.colcon_core.shell:Creating environment descriptor '/home/chris/capstone/hitc_ws/install/my_robot_description/share/my_robot_description/hook/ament_prefix_path.dsv'
[6.351s] INFO:colcon.colcon_core.shell:Creating environment hook '/home/chris/capstone/hitc_ws/install/my_robot_description/share/my_robot_description/hook/ament_prefix_path.sh'
[6.446s] INFO:colcon.colcon_core.shell:Skip shell extension 'powershell' for command environment: Not usable outside of PowerShell
[6.446s] DEBUG:colcon.colcon_core.shell:Skip shell extension 'dsv' for command environment
[8.016s] INFO:colcon.colcon_core.task.python.build:Building Python package in '/home/chris/capstone/hitc_ws/src/my_robot_description'
[8.088s] INFO:colcon.colcon_core.shell:Skip shell extension 'powershell' for command environment: Not usable outside of PowerShell
[8.089s] DEBUG:colcon.colcon_core.shell:Skip shell extension 'dsv' for command environment
[10.171s] DEBUG:colcon.colcon_core.event_handler.log_command:Invoking command in '/home/chris/capstone/hitc_ws/src/my_robot_description': PYTHONPATH=/home/chris/capstone/hitc_ws/build/my_robot_description/prefix_override:/home/chris/capstone/hitc_ws/install/my_robot_description/lib/python3.10/site-packages:${PYTHONPATH} /usr/bin/python3 setup.py egg_info --egg-base ../../build/my_robot_description build --build-base /home/chris/capstone/hitc_ws/build/my_robot_description/build install --record /home/chris/capstone/hitc_ws/build/my_robot_description/install.log --single-version-externally-managed
[11.686s] DEBUG:colcon.colcon_core.event_handler.log_command:Invoked command in '/home/chris/capstone/hitc_ws/src/my_robot_description' returned '0': PYTHONPATH=/home/chris/capstone/hitc_ws/build/my_robot_description/prefix_override:/home/chris/capstone/hitc_ws/install/my_robot_description/lib/python3.10/site-packages:${PYTHONPATH} /usr/bin/python3 setup.py egg_info --egg-base ../../build/my_robot_description build --build-base /home/chris/capstone/hitc_ws/build/my_robot_description/build install --record /home/chris/capstone/hitc_ws/build/my_robot_description/install.log --single-version-externally-managed
[11.786s] Level 1:colcon.colcon_core.environment:checking '/home/chris/capstone/hitc_ws/install/my_robot_description' for CMake module files
[11.788s] Level 1:colcon.colcon_core.environment:checking '/home/chris/capstone/hitc_ws/install/my_robot_description' for CMake config files
[11.792s] Level 1:colcon.colcon_core.environment:checking '/home/chris/capstone/hitc_ws/install/my_robot_description/lib'
[11.793s] Level 1:colcon.colcon_core.environment:checking '/home/chris/capstone/hitc_ws/install/my_robot_description/bin'
[11.793s] Level 1:colcon.colcon_core.environment:checking '/home/chris/capstone/hitc_ws/install/my_robot_description/lib/pkgconfig/my_robot_description.pc'
[11.794s] Level 1:colcon.colcon_core.environment:checking '/home/chris/capstone/hitc_ws/install/my_robot_description/lib/python3.10/site-packages'
[11.795s] Level 1:colcon.colcon_core.shell:create_environment_hook('my_robot_description', 'pythonpath')
[11.865s] INFO:colcon.colcon_core.shell:Creating environment hook '/home/chris/capstone/hitc_ws/install/my_robot_description/share/my_robot_description/hook/pythonpath.ps1'
[11.867s] INFO:colcon.colcon_core.shell:Creating environment descriptor '/home/chris/capstone/hitc_ws/install/my_robot_description/share/my_robot_description/hook/pythonpath.dsv'
[11.869s] INFO:colcon.colcon_core.shell:Creating environment hook '/home/chris/capstone/hitc_ws/install/my_robot_description/share/my_robot_description/hook/pythonpath.sh'
[11.871s] Level 1:colcon.colcon_core.environment:checking '/home/chris/capstone/hitc_ws/install/my_robot_description/bin'
[11.871s] Level 1:colcon.colcon_core.environment:create_environment_scripts_only(my_robot_description)
[11.941s] INFO:colcon.colcon_core.shell:Creating package script '/home/chris/capstone/hitc_ws/install/my_robot_description/share/my_robot_description/package.ps1'
[11.945s] INFO:colcon.colcon_core.shell:Creating package descriptor '/home/chris/capstone/hitc_ws/install/my_robot_description/share/my_robot_description/package.dsv'
[11.948s] INFO:colcon.colcon_core.shell:Creating package script '/home/chris/capstone/hitc_ws/install/my_robot_description/share/my_robot_description/package.sh'
[11.952s] INFO:colcon.colcon_core.shell:Creating package script '/home/chris/capstone/hitc_ws/install/my_robot_description/share/my_robot_description/package.bash'
[11.956s] INFO:colcon.colcon_core.shell:Creating package script '/home/chris/capstone/hitc_ws/install/my_robot_description/share/my_robot_description/package.zsh'
[11.960s] Level 1:colcon.colcon_core.environment:create_file_with_runtime_dependencies(/home/chris/capstone/hitc_ws/install/my_robot_description/share/colcon-core/packages/my_robot_description)
[11.962s] DEBUG:colcon.colcon_parallel_executor.executor.parallel:closing loop
[11.963s] DEBUG:colcon.colcon_parallel_executor.executor.parallel:loop closed
[11.963s] DEBUG:colcon.colcon_parallel_executor.executor.parallel:run_until_complete finished with '0'
[11.964s] DEBUG:colcon.colcon_core.event_reactor:joining thread
[12.095s] INFO:colcon.colcon_core.plugin_system:Skipping extension 'colcon_notification.desktop_notification.terminal_notifier': Not used on non-Darwin systems
[12.095s] INFO:colcon.colcon_core.plugin_system:Skipping extension 'colcon_notification.desktop_notification.win32': Not used on non-Windows systems
[12.095s] INFO:colcon.colcon_notification.desktop_notification:Sending desktop notification using 'notify2'
[12.211s] DEBUG:colcon.colcon_core.event_reactor:joined thread
[12.346s] INFO:colcon.colcon_core.shell:Creating prefix script '/home/chris/capstone/hitc_ws/install/local_setup.ps1'
[12.352s] INFO:colcon.colcon_core.shell:Creating prefix util module '/home/chris/capstone/hitc_ws/install/_local_setup_util_ps1.py'
[12.362s] INFO:colcon.colcon_core.shell:Creating prefix chain script '/home/chris/capstone/hitc_ws/install/setup.ps1'
[12.495s] INFO:colcon.colcon_core.shell:Creating prefix script '/home/chris/capstone/hitc_ws/install/local_setup.sh'
[12.504s] INFO:colcon.colcon_core.shell:Creating prefix util module '/home/chris/capstone/hitc_ws/install/_local_setup_util_sh.py'
[12.506s] INFO:colcon.colcon_core.shell:Creating prefix chain script '/home/chris/capstone/hitc_ws/install/setup.sh'
[12.580s] INFO:colcon.colcon_core.shell:Creating prefix script '/home/chris/capstone/hitc_ws/install/local_setup.bash'
[12.583s] INFO:colcon.colcon_core.shell:Creating prefix chain script '/home/chris/capstone/hitc_ws/install/setup.bash'
[12.653s] INFO:colcon.colcon_core.shell:Creating prefix script '/home/chris/capstone/hitc_ws/install/local_setup.zsh'
[12.656s] INFO:colcon.colcon_core.shell:Creating prefix chain script '/home/chris/capstone/hitc_ws/install/setup.zsh'
