[12.210s] Invoking command in '/home/chris/capstone/hitc_ws/src/my_robot_description': PYTHONPATH=/home/chris/capstone/hitc_ws/build/my_robot_description/prefix_override:/home/chris/capstone/hitc_ws/install/my_robot_description/lib/python3.10/site-packages:${PYTHONPATH} /usr/bin/python3 setup.py egg_info --egg-base ../../build/my_robot_description build --build-base /home/chris/capstone/hitc_ws/build/my_robot_description/build install --record /home/chris/capstone/hitc_ws/build/my_robot_description/install.log --single-version-externally-managed
[14.975s] running egg_info
[14.988s] writing ../../build/my_robot_description/my_robot_description.egg-info/PKG-INFO
[14.990s] writing dependency_links to ../../build/my_robot_description/my_robot_description.egg-info/dependency_links.txt
[14.991s] writing entry points to ../../build/my_robot_description/my_robot_description.egg-info/entry_points.txt
[14.992s] writing requirements to ../../build/my_robot_description/my_robot_description.egg-info/requires.txt
[14.993s] writing top-level names to ../../build/my_robot_description/my_robot_description.egg-info/top_level.txt
[15.006s] reading manifest file '../../build/my_robot_description/my_robot_description.egg-info/SOURCES.txt'
[15.022s] writing manifest file '../../build/my_robot_description/my_robot_description.egg-info/SOURCES.txt'
[15.023s] running build
[15.023s] running build_py
[15.025s] running install
[15.027s] running install_lib
[15.038s] running install_data
[15.046s] running install_egg_info
[15.059s] removing '/home/chris/capstone/hitc_ws/install/my_robot_description/lib/python3.10/site-packages/my_robot_description-0.0.0-py3.10.egg-info' (and everything under it)
[15.070s] Copying ../../build/my_robot_description/my_robot_description.egg-info to /home/chris/capstone/hitc_ws/install/my_robot_description/lib/python3.10/site-packages/my_robot_description-0.0.0-py3.10.egg-info
[15.088s] running install_scripts
[15.321s] writing list of installed files to '/home/chris/capstone/hitc_ws/build/my_robot_description/install.log'
[17.694s] Invoked command in '/home/chris/capstone/hitc_ws/src/my_robot_description' returned '0': PYTHONPATH=/home/chris/capstone/hitc_ws/build/my_robot_description/prefix_override:/home/chris/capstone/hitc_ws/install/my_robot_description/lib/python3.10/site-packages:${PYTHONPATH} /usr/bin/python3 setup.py egg_info --egg-base ../../build/my_robot_description build --build-base /home/chris/capstone/hitc_ws/build/my_robot_description/build install --record /home/chris/capstone/hitc_ws/build/my_robot_description/install.log --single-version-externally-managed
