[20.668s] Invoking command in '/home/chris/capstone/hitc_ws/src/path_planner': PYTHONPATH=/home/chris/capstone/hitc_ws/build/path_planner/prefix_override:/home/chris/capstone/hitc_ws/install/path_planner/lib/python3.10/site-packages:${PYTHONPATH} /usr/bin/python3 setup.py egg_info --egg-base ../../build/path_planner build --build-base /home/chris/capstone/hitc_ws/build/path_planner/build install --record /home/chris/capstone/hitc_ws/build/path_planner/install.log --single-version-externally-managed
[27.807s] running egg_info
[27.810s] writing ../../build/path_planner/path_planner.egg-info/PKG-INFO
[27.823s] writing dependency_links to ../../build/path_planner/path_planner.egg-info/dependency_links.txt
[27.825s] writing entry points to ../../build/path_planner/path_planner.egg-info/entry_points.txt
[27.826s] writing requirements to ../../build/path_planner/path_planner.egg-info/requires.txt
[27.832s] writing top-level names to ../../build/path_planner/path_planner.egg-info/top_level.txt
[27.888s] reading manifest file '../../build/path_planner/path_planner.egg-info/SOURCES.txt'
[27.904s] writing manifest file '../../build/path_planner/path_planner.egg-info/SOURCES.txt'
[27.907s] running build
[27.910s] running build_py
[27.920s] running install
[27.922s] running install_lib
[27.952s] running install_data
[27.957s] running install_egg_info
[28.001s] removing '/home/chris/capstone/hitc_ws/install/path_planner/lib/python3.10/site-packages/path_planner-0.0.0-py3.10.egg-info' (and everything under it)
[28.004s] Copying ../../build/path_planner/path_planner.egg-info to /home/chris/capstone/hitc_ws/install/path_planner/lib/python3.10/site-packages/path_planner-0.0.0-py3.10.egg-info
[28.065s] running install_scripts
[28.301s] writing list of installed files to '/home/chris/capstone/hitc_ws/build/path_planner/install.log'
[31.081s] Invoked command in '/home/chris/capstone/hitc_ws/src/path_planner' returned '0': PYTHONPATH=/home/chris/capstone/hitc_ws/build/path_planner/prefix_override:/home/chris/capstone/hitc_ws/install/path_planner/lib/python3.10/site-packages:${PYTHONPATH} /usr/bin/python3 setup.py egg_info --egg-base ../../build/path_planner build --build-base /home/chris/capstone/hitc_ws/build/path_planner/build install --record /home/chris/capstone/hitc_ws/build/path_planner/install.log --single-version-externally-managed
