[2.070s] Invoking command in '/home/chris/capstone/hitc_ws/src/path_planner': PYTHONPATH=/home/chris/capstone/hitc_ws/build/path_planner/prefix_override:/home/chris/capstone/hitc_ws/install/path_planner/lib/python3.10/site-packages:${PYTHONPATH} /usr/bin/python3 -W ignore:setup.py install is deprecated setup.py egg_info --egg-base ../../build/path_planner build --build-base /home/chris/capstone/hitc_ws/build/path_planner/build install --record /home/chris/capstone/hitc_ws/build/path_planner/install.log --single-version-externally-managed install_data
[2.351s] running egg_info
[2.351s] writing ../../build/path_planner/path_planner.egg-info/PKG-INFO
[2.352s] writing dependency_links to ../../build/path_planner/path_planner.egg-info/dependency_links.txt
[2.352s] writing entry points to ../../build/path_planner/path_planner.egg-info/entry_points.txt
[2.352s] writing requirements to ../../build/path_planner/path_planner.egg-info/requires.txt
[2.352s] writing top-level names to ../../build/path_planner/path_planner.egg-info/top_level.txt
[2.354s] reading manifest file '../../build/path_planner/path_planner.egg-info/SOURCES.txt'
[2.355s] writing manifest file '../../build/path_planner/path_planner.egg-info/SOURCES.txt'
[2.355s] running build
[2.355s] running build_py
[2.356s] copying path_planner/modular_path_planner.py -> /home/chris/capstone/hitc_ws/build/path_planner/build/lib/path_planner
[2.356s] running install
[2.356s] running install_lib
[2.357s] copying /home/chris/capstone/hitc_ws/build/path_planner/build/lib/path_planner/modular_path_planner.py -> /home/chris/capstone/hitc_ws/install/path_planner/lib/python3.10/site-packages/path_planner
[2.358s] byte-compiling /home/chris/capstone/hitc_ws/install/path_planner/lib/python3.10/site-packages/path_planner/modular_path_planner.py to modular_path_planner.cpython-310.pyc
[2.360s] running install_data
[2.360s] running install_egg_info
[2.362s] removing '/home/chris/capstone/hitc_ws/install/path_planner/lib/python3.10/site-packages/path_planner-0.0.0-py3.10.egg-info' (and everything under it)
[2.362s] Copying ../../build/path_planner/path_planner.egg-info to /home/chris/capstone/hitc_ws/install/path_planner/lib/python3.10/site-packages/path_planner-0.0.0-py3.10.egg-info
[2.363s] running install_scripts
[2.384s] writing list of installed files to '/home/chris/capstone/hitc_ws/build/path_planner/install.log'
[2.425s] Invoked command in '/home/chris/capstone/hitc_ws/src/path_planner' returned '0': PYTHONPATH=/home/chris/capstone/hitc_ws/build/path_planner/prefix_override:/home/chris/capstone/hitc_ws/install/path_planner/lib/python3.10/site-packages:${PYTHONPATH} /usr/bin/python3 -W ignore:setup.py install is deprecated setup.py egg_info --egg-base ../../build/path_planner build --build-base /home/chris/capstone/hitc_ws/build/path_planner/build install --record /home/chris/capstone/hitc_ws/build/path_planner/install.log --single-version-externally-managed install_data
