[4.516s] Invoking command in '/home/chris/capstone/hitc_ws/src/laser_pointer': PYTHONPATH=/home/chris/capstone/hitc_ws/build/laser_pointer/prefix_override:/home/chris/capstone/hitc_ws/install/laser_pointer/lib/python3.10/site-packages:${PYTHONPATH} /usr/bin/python3 setup.py egg_info --egg-base ../../build/laser_pointer build --build-base /home/chris/capstone/hitc_ws/build/laser_pointer/build install --record /home/chris/capstone/hitc_ws/build/laser_pointer/install.log --single-version-externally-managed
[6.036s] running egg_info
[6.039s] writing ../../build/laser_pointer/laser_pointer.egg-info/PKG-INFO
[6.040s] writing dependency_links to ../../build/laser_pointer/laser_pointer.egg-info/dependency_links.txt
[6.041s] writing entry points to ../../build/laser_pointer/laser_pointer.egg-info/entry_points.txt
[6.042s] writing requirements to ../../build/laser_pointer/laser_pointer.egg-info/requires.txt
[6.043s] writing top-level names to ../../build/laser_pointer/laser_pointer.egg-info/top_level.txt
[6.053s] reading manifest file '../../build/laser_pointer/laser_pointer.egg-info/SOURCES.txt'
[6.057s] writing manifest file '../../build/laser_pointer/laser_pointer.egg-info/SOURCES.txt'
[6.058s] running build
[6.058s] running build_py
[6.059s] copying laser_pointer/servo_position.py -> /home/chris/capstone/hitc_ws/build/laser_pointer/build/lib/laser_pointer
[6.061s] running install
[6.062s] running install_lib
[6.067s] copying /home/chris/capstone/hitc_ws/build/laser_pointer/build/lib/laser_pointer/servo_position.py -> /home/chris/capstone/hitc_ws/install/laser_pointer/lib/python3.10/site-packages/laser_pointer
[6.071s] byte-compiling /home/chris/capstone/hitc_ws/install/laser_pointer/lib/python3.10/site-packages/laser_pointer/servo_position.py to servo_position.cpython-310.pyc
[6.073s] running install_data
[6.076s] running install_egg_info
[6.084s] removing '/home/chris/capstone/hitc_ws/install/laser_pointer/lib/python3.10/site-packages/laser_pointer-0.0.0-py3.10.egg-info' (and everything under it)
[6.086s] Copying ../../build/laser_pointer/laser_pointer.egg-info to /home/chris/capstone/hitc_ws/install/laser_pointer/lib/python3.10/site-packages/laser_pointer-0.0.0-py3.10.egg-info
[6.101s] running install_scripts
[6.193s] Installing laser_pointer script to /home/chris/capstone/hitc_ws/install/laser_pointer/lib/laser_pointer
[6.195s] Installing servo_position script to /home/chris/capstone/hitc_ws/install/laser_pointer/lib/laser_pointer
[6.197s] writing list of installed files to '/home/chris/capstone/hitc_ws/build/laser_pointer/install.log'
[6.355s] Invoked command in '/home/chris/capstone/hitc_ws/src/laser_pointer' returned '0': PYTHONPATH=/home/chris/capstone/hitc_ws/build/laser_pointer/prefix_override:/home/chris/capstone/hitc_ws/install/laser_pointer/lib/python3.10/site-packages:${PYTHONPATH} /usr/bin/python3 setup.py egg_info --egg-base ../../build/laser_pointer build --build-base /home/chris/capstone/hitc_ws/build/laser_pointer/build install --record /home/chris/capstone/hitc_ws/build/laser_pointer/install.log --single-version-externally-managed
