[1.970s] Invoking command in '/home/chris/capstone/hitc_ws/src/state_publisher_py': PYTHONPATH=/home/chris/capstone/hitc_ws/build/state_publisher_py/prefix_override:/home/chris/capstone/hitc_ws/install/state_publisher_py/lib/python3.10/site-packages:${PYTHONPATH} /usr/bin/python3 -W ignore:setup.py install is deprecated setup.py egg_info --egg-base ../../build/state_publisher_py build --build-base /home/chris/capstone/hitc_ws/build/state_publisher_py/build install --record /home/chris/capstone/hitc_ws/build/state_publisher_py/install.log --single-version-externally-managed install_data
[2.267s] running egg_info
[2.267s] writing ../../build/state_publisher_py/state_publisher_py.egg-info/PKG-INFO
[2.268s] writing dependency_links to ../../build/state_publisher_py/state_publisher_py.egg-info/dependency_links.txt
[2.268s] writing entry points to ../../build/state_publisher_py/state_publisher_py.egg-info/entry_points.txt
[2.268s] writing requirements to ../../build/state_publisher_py/state_publisher_py.egg-info/requires.txt
[2.268s] writing top-level names to ../../build/state_publisher_py/state_publisher_py.egg-info/top_level.txt
[2.270s] reading manifest file '../../build/state_publisher_py/state_publisher_py.egg-info/SOURCES.txt'
[2.271s] writing manifest file '../../build/state_publisher_py/state_publisher_py.egg-info/SOURCES.txt'
[2.271s] running build
[2.271s] running build_py
[2.271s] copying state_publisher_py/state_publisher.py -> /home/chris/capstone/hitc_ws/build/state_publisher_py/build/lib/state_publisher_py
[2.272s] running install
[2.272s] running install_lib
[2.274s] copying /home/chris/capstone/hitc_ws/build/state_publisher_py/build/lib/state_publisher_py/state_publisher.py -> /home/chris/capstone/hitc_ws/install/state_publisher_py/lib/python3.10/site-packages/state_publisher_py
[2.274s] byte-compiling /home/chris/capstone/hitc_ws/install/state_publisher_py/lib/python3.10/site-packages/state_publisher_py/state_publisher.py to state_publisher.cpython-310.pyc
[2.276s] running install_data
[2.277s] running install_egg_info
[2.278s] removing '/home/chris/capstone/hitc_ws/install/state_publisher_py/lib/python3.10/site-packages/state_publisher_py-0.0.0-py3.10.egg-info' (and everything under it)
[2.279s] Copying ../../build/state_publisher_py/state_publisher_py.egg-info to /home/chris/capstone/hitc_ws/install/state_publisher_py/lib/python3.10/site-packages/state_publisher_py-0.0.0-py3.10.egg-info
[2.279s] running install_scripts
[2.299s] Installing state_publisher script to /home/chris/capstone/hitc_ws/install/state_publisher_py/lib/state_publisher_py
[2.299s] writing list of installed files to '/home/chris/capstone/hitc_ws/build/state_publisher_py/install.log'
[2.324s] Invoked command in '/home/chris/capstone/hitc_ws/src/state_publisher_py' returned '0': PYTHONPATH=/home/chris/capstone/hitc_ws/build/state_publisher_py/prefix_override:/home/chris/capstone/hitc_ws/install/state_publisher_py/lib/python3.10/site-packages:${PYTHONPATH} /usr/bin/python3 -W ignore:setup.py install is deprecated setup.py egg_info --egg-base ../../build/state_publisher_py build --build-base /home/chris/capstone/hitc_ws/build/state_publisher_py/build install --record /home/chris/capstone/hitc_ws/build/state_publisher_py/install.log --single-version-externally-managed install_data
