[3.060s] Invoking command in '/home/chris/capstone/hitc_ws/src/state_publisher_py': PYTHONPATH=/home/chris/capstone/hitc_ws/build/state_publisher_py/prefix_override:/home/chris/capstone/hitc_ws/install/state_publisher_py/lib/python3.10/site-packages:${PYTHONPATH} /usr/bin/python3 setup.py egg_info --egg-base ../../build/state_publisher_py build --build-base /home/chris/capstone/hitc_ws/build/state_publisher_py/build install --record /home/chris/capstone/hitc_ws/build/state_publisher_py/install.log --single-version-externally-managed
[3.351s] running egg_info
[3.351s] writing ../../build/state_publisher_py/state_publisher_py.egg-info/PKG-INFO
[3.352s] writing dependency_links to ../../build/state_publisher_py/state_publisher_py.egg-info/dependency_links.txt
[3.352s] writing entry points to ../../build/state_publisher_py/state_publisher_py.egg-info/entry_points.txt
[3.352s] writing requirements to ../../build/state_publisher_py/state_publisher_py.egg-info/requires.txt
[3.352s] writing top-level names to ../../build/state_publisher_py/state_publisher_py.egg-info/top_level.txt
[3.354s] reading manifest file '../../build/state_publisher_py/state_publisher_py.egg-info/SOURCES.txt'
[3.355s] writing manifest file '../../build/state_publisher_py/state_publisher_py.egg-info/SOURCES.txt'
[3.355s] running build
[3.355s] running build_py
[3.356s] copying state_publisher_py/state_publisher.py -> /home/chris/capstone/hitc_ws/build/state_publisher_py/build/lib/state_publisher_py
[3.356s] copying state_publisher_py/test.py -> /home/chris/capstone/hitc_ws/build/state_publisher_py/build/lib/state_publisher_py
[3.356s] running install
[3.357s] running install_lib
[3.358s] copying /home/chris/capstone/hitc_ws/build/state_publisher_py/build/lib/state_publisher_py/state_publisher.py -> /home/chris/capstone/hitc_ws/install/state_publisher_py/lib/python3.10/site-packages/state_publisher_py
[3.358s] copying /home/chris/capstone/hitc_ws/build/state_publisher_py/build/lib/state_publisher_py/test.py -> /home/chris/capstone/hitc_ws/install/state_publisher_py/lib/python3.10/site-packages/state_publisher_py
[3.359s] byte-compiling /home/chris/capstone/hitc_ws/install/state_publisher_py/lib/python3.10/site-packages/state_publisher_py/state_publisher.py to state_publisher.cpython-310.pyc
[3.360s] byte-compiling /home/chris/capstone/hitc_ws/install/state_publisher_py/lib/python3.10/site-packages/state_publisher_py/test.py to test.cpython-310.pyc
[3.360s] running install_data
[3.361s] running install_egg_info
[3.364s] removing '/home/chris/capstone/hitc_ws/install/state_publisher_py/lib/python3.10/site-packages/state_publisher_py-0.0.0-py3.10.egg-info' (and everything under it)
[3.364s] Copying ../../build/state_publisher_py/state_publisher_py.egg-info to /home/chris/capstone/hitc_ws/install/state_publisher_py/lib/python3.10/site-packages/state_publisher_py-0.0.0-py3.10.egg-info
[3.366s] running install_scripts
[3.389s] Installing state_publisher script to /home/chris/capstone/hitc_ws/install/state_publisher_py/lib/state_publisher_py
[3.389s] writing list of installed files to '/home/chris/capstone/hitc_ws/build/state_publisher_py/install.log'
[3.562s] Invoked command in '/home/chris/capstone/hitc_ws/src/state_publisher_py' returned '0': PYTHONPATH=/home/chris/capstone/hitc_ws/build/state_publisher_py/prefix_override:/home/chris/capstone/hitc_ws/install/state_publisher_py/lib/python3.10/site-packages:${PYTHONPATH} /usr/bin/python3 setup.py egg_info --egg-base ../../build/state_publisher_py build --build-base /home/chris/capstone/hitc_ws/build/state_publisher_py/build install --record /home/chris/capstone/hitc_ws/build/state_publisher_py/install.log --single-version-externally-managed
