[1.510s] DEBUG:colcon:Command line arguments: ['/usr/bin/colcon', 'build']
[1.510s] DEBUG:colcon:Parsed command line arguments: Namespace(log_base=None, log_level=None, verb_name='build', build_base='build', install_base='install', merge_install=False, symlink_install=False, test_result_base=None, continue_on_error=False, executor='parallel', parallel_workers=12, event_handlers=None, ignore_user_meta=False, metas=['./colcon.meta'], base_paths=['.'], packages_ignore=None, packages_ignore_regex=None, paths=None, packages_up_to=None, packages_up_to_regex=None, packages_above=None, packages_above_and_dependencies=None, packages_above_depth=None, packages_select_by_dep=None, packages_skip_by_dep=None, packages_skip_up_to=None, packages_select_build_failed=False, packages_skip_build_finished=False, packages_select_test_failures=False, packages_skip_test_passed=False, packages_select=None, packages_skip=None, packages_select_regex=None, packages_skip_regex=None, packages_start=None, packages_end=None, allow_overriding=[], cmake_args=None, cmake_target=None, cmake_target_skip_unavailable=False, cmake_clean_cache=False, cmake_clean_first=False, cmake_force_configure=False, ament_cmake_args=None, catkin_cmake_args=None, catkin_skip_building_tests=False, mixin_files=None, mixin=None, verb_parser=<colcon_mixin.mixin.mixin_argument.MixinArgumentDecorator object at 0x75da279b4f10>, verb_extension=<colcon_core.verb.build.BuildVerb object at 0x75da279b63b0>, main=<bound method BuildVerb.main of <colcon_core.verb.build.BuildVerb object at 0x75da279b63b0>>, mixin_verb=('build',))
[1.569s] Level 1:colcon.colcon_core.package_discovery:discover_packages(colcon_meta) check parameters
[1.569s] Level 1:colcon.colcon_core.package_discovery:discover_packages(recursive) check parameters
[1.569s] Level 1:colcon.colcon_core.package_discovery:discover_packages(ignore) check parameters
[1.569s] Level 1:colcon.colcon_core.package_discovery:discover_packages(path) check parameters
[1.569s] Level 1:colcon.colcon_core.package_discovery:discover_packages(colcon_meta) discover
[1.569s] Level 1:colcon.colcon_core.package_discovery:discover_packages(recursive) discover
[1.569s] INFO:colcon.colcon_core.package_discovery:Crawling recursively for packages in '/home/chris/capstone/hitc_ws'
[1.569s] Level 1:colcon.colcon_core.package_identification:_identify(.) by extensions ['ignore', 'ignore_ament_install']
[1.569s] Level 1:colcon.colcon_core.package_identification:_identify(.) by extension 'ignore'
[1.569s] Level 1:colcon.colcon_core.package_identification:_identify(.) by extension 'ignore_ament_install'
[1.569s] Level 1:colcon.colcon_core.package_identification:_identify(.) by extensions ['colcon_pkg']
[1.569s] Level 1:colcon.colcon_core.package_identification:_identify(.) by extension 'colcon_pkg'
[1.569s] Level 1:colcon.colcon_core.package_identification:_identify(.) by extensions ['colcon_meta']
[1.569s] Level 1:colcon.colcon_core.package_identification:_identify(.) by extension 'colcon_meta'
[1.570s] Level 1:colcon.colcon_core.package_identification:_identify(.) by extensions ['ros']
[1.570s] Level 1:colcon.colcon_core.package_identification:_identify(.) by extension 'ros'
[1.580s] Level 1:colcon.colcon_core.package_identification:_identify(.) by extensions ['cmake', 'python']
[1.580s] Level 1:colcon.colcon_core.package_identification:_identify(.) by extension 'cmake'
[1.580s] Level 1:colcon.colcon_core.package_identification:_identify(.) by extension 'python'
[1.580s] Level 1:colcon.colcon_core.package_identification:_identify(.) by extensions ['python_setup_py']
[1.580s] Level 1:colcon.colcon_core.package_identification:_identify(.) by extension 'python_setup_py'
[1.580s] Level 1:colcon.colcon_core.package_identification:_identify(build) by extensions ['ignore', 'ignore_ament_install']
[1.580s] Level 1:colcon.colcon_core.package_identification:_identify(build) by extension 'ignore'
[1.581s] Level 1:colcon.colcon_core.package_identification:_identify(build) ignored
[1.581s] Level 1:colcon.colcon_core.package_identification:_identify(install) by extensions ['ignore', 'ignore_ament_install']
[1.581s] Level 1:colcon.colcon_core.package_identification:_identify(install) by extension 'ignore'
[1.581s] Level 1:colcon.colcon_core.package_identification:_identify(install) ignored
[1.581s] Level 1:colcon.colcon_core.package_identification:_identify(log) by extensions ['ignore', 'ignore_ament_install']
[1.581s] Level 1:colcon.colcon_core.package_identification:_identify(log) by extension 'ignore'
[1.581s] Level 1:colcon.colcon_core.package_identification:_identify(log) ignored
[1.581s] Level 1:colcon.colcon_core.package_identification:_identify(src) by extensions ['ignore', 'ignore_ament_install']
[1.581s] Level 1:colcon.colcon_core.package_identification:_identify(src) by extension 'ignore'
[1.581s] Level 1:colcon.colcon_core.package_identification:_identify(src) by extension 'ignore_ament_install'
[1.581s] Level 1:colcon.colcon_core.package_identification:_identify(src) by extensions ['colcon_pkg']
[1.581s] Level 1:colcon.colcon_core.package_identification:_identify(src) by extension 'colcon_pkg'
[1.581s] Level 1:colcon.colcon_core.package_identification:_identify(src) by extensions ['colcon_meta']
[1.581s] Level 1:colcon.colcon_core.package_identification:_identify(src) by extension 'colcon_meta'
[1.581s] Level 1:colcon.colcon_core.package_identification:_identify(src) by extensions ['ros']
[1.581s] Level 1:colcon.colcon_core.package_identification:_identify(src) by extension 'ros'
[1.582s] Level 1:colcon.colcon_core.package_identification:_identify(src) by extensions ['cmake', 'python']
[1.582s] Level 1:colcon.colcon_core.package_identification:_identify(src) by extension 'cmake'
[1.582s] Level 1:colcon.colcon_core.package_identification:_identify(src) by extension 'python'
[1.582s] Level 1:colcon.colcon_core.package_identification:_identify(src) by extensions ['python_setup_py']
[1.582s] Level 1:colcon.colcon_core.package_identification:_identify(src) by extension 'python_setup_py'
[1.582s] Level 1:colcon.colcon_core.package_identification:_identify(src/Sensor_readings) by extensions ['ignore', 'ignore_ament_install']
[1.582s] Level 1:colcon.colcon_core.package_identification:_identify(src/Sensor_readings) by extension 'ignore'
[1.582s] Level 1:colcon.colcon_core.package_identification:_identify(src/Sensor_readings) by extension 'ignore_ament_install'
[1.582s] Level 1:colcon.colcon_core.package_identification:_identify(src/Sensor_readings) by extensions ['colcon_pkg']
[1.582s] Level 1:colcon.colcon_core.package_identification:_identify(src/Sensor_readings) by extension 'colcon_pkg'
[1.582s] Level 1:colcon.colcon_core.package_identification:_identify(src/Sensor_readings) by extensions ['colcon_meta']
[1.582s] Level 1:colcon.colcon_core.package_identification:_identify(src/Sensor_readings) by extension 'colcon_meta'
[1.582s] Level 1:colcon.colcon_core.package_identification:_identify(src/Sensor_readings) by extensions ['ros']
[1.582s] Level 1:colcon.colcon_core.package_identification:_identify(src/Sensor_readings) by extension 'ros'
[1.582s] Level 1:colcon.colcon_core.package_identification:_identify(src/Sensor_readings) by extensions ['cmake', 'python']
[1.582s] Level 1:colcon.colcon_core.package_identification:_identify(src/Sensor_readings) by extension 'cmake'
[1.582s] Level 1:colcon.colcon_core.package_identification:_identify(src/Sensor_readings) by extension 'python'
[1.582s] Level 1:colcon.colcon_core.package_identification:_identify(src/Sensor_readings) by extensions ['python_setup_py']
[1.582s] Level 1:colcon.colcon_core.package_identification:_identify(src/Sensor_readings) by extension 'python_setup_py'
[1.582s] Level 1:colcon.colcon_core.package_identification:_identify(src/aruco) by extensions ['ignore', 'ignore_ament_install']
[1.582s] Level 1:colcon.colcon_core.package_identification:_identify(src/aruco) by extension 'ignore'
[1.583s] Level 1:colcon.colcon_core.package_identification:_identify(src/aruco) by extension 'ignore_ament_install'
[1.583s] Level 1:colcon.colcon_core.package_identification:_identify(src/aruco) by extensions ['colcon_pkg']
[1.583s] Level 1:colcon.colcon_core.package_identification:_identify(src/aruco) by extension 'colcon_pkg'
[1.583s] Level 1:colcon.colcon_core.package_identification:_identify(src/aruco) by extensions ['colcon_meta']
[1.583s] Level 1:colcon.colcon_core.package_identification:_identify(src/aruco) by extension 'colcon_meta'
[1.583s] Level 1:colcon.colcon_core.package_identification:_identify(src/aruco) by extensions ['ros']
[1.583s] Level 1:colcon.colcon_core.package_identification:_identify(src/aruco) by extension 'ros'
[1.583s] Level 1:colcon.colcon_core.package_identification:_identify(src/aruco) by extensions ['cmake', 'python']
[1.583s] Level 1:colcon.colcon_core.package_identification:_identify(src/aruco) by extension 'cmake'
[1.583s] Level 1:colcon.colcon_core.package_identification:_identify(src/aruco) by extension 'python'
[1.583s] Level 1:colcon.colcon_core.package_identification:_identify(src/aruco) by extensions ['python_setup_py']
[1.583s] Level 1:colcon.colcon_core.package_identification:_identify(src/aruco) by extension 'python_setup_py'
[1.583s] Level 1:colcon.colcon_core.package_identification:_identify(src/camera_capture) by extensions ['ignore', 'ignore_ament_install']
[1.583s] Level 1:colcon.colcon_core.package_identification:_identify(src/camera_capture) by extension 'ignore'
[1.583s] Level 1:colcon.colcon_core.package_identification:_identify(src/camera_capture) by extension 'ignore_ament_install'
[1.583s] Level 1:colcon.colcon_core.package_identification:_identify(src/camera_capture) by extensions ['colcon_pkg']
[1.583s] Level 1:colcon.colcon_core.package_identification:_identify(src/camera_capture) by extension 'colcon_pkg'
[1.583s] Level 1:colcon.colcon_core.package_identification:_identify(src/camera_capture) by extensions ['colcon_meta']
[1.583s] Level 1:colcon.colcon_core.package_identification:_identify(src/camera_capture) by extension 'colcon_meta'
[1.583s] Level 1:colcon.colcon_core.package_identification:_identify(src/camera_capture) by extensions ['ros']
[1.583s] Level 1:colcon.colcon_core.package_identification:_identify(src/camera_capture) by extension 'ros'
[1.586s] DEBUG:colcon.colcon_core.package_identification:Package 'src/camera_capture' with type 'ros.ament_python' and name 'camera_capture'
[1.586s] Level 1:colcon.colcon_core.package_identification:_identify(src/hitc_robot_description) by extensions ['ignore', 'ignore_ament_install']
[1.586s] Level 1:colcon.colcon_core.package_identification:_identify(src/hitc_robot_description) by extension 'ignore'
[1.586s] Level 1:colcon.colcon_core.package_identification:_identify(src/hitc_robot_description) by extension 'ignore_ament_install'
[1.586s] Level 1:colcon.colcon_core.package_identification:_identify(src/hitc_robot_description) by extensions ['colcon_pkg']
[1.586s] Level 1:colcon.colcon_core.package_identification:_identify(src/hitc_robot_description) by extension 'colcon_pkg'
[1.586s] Level 1:colcon.colcon_core.package_identification:_identify(src/hitc_robot_description) by extensions ['colcon_meta']
[1.586s] Level 1:colcon.colcon_core.package_identification:_identify(src/hitc_robot_description) by extension 'colcon_meta'
[1.586s] Level 1:colcon.colcon_core.package_identification:_identify(src/hitc_robot_description) by extensions ['ros']
[1.586s] Level 1:colcon.colcon_core.package_identification:_identify(src/hitc_robot_description) by extension 'ros'
[1.587s] DEBUG:colcon.colcon_core.package_identification:Package 'src/hitc_robot_description' with type 'ros.ament_cmake' and name 'hitc_robot_description'
[1.587s] Level 1:colcon.colcon_core.package_identification:_identify(src/laser_pointer) by extensions ['ignore', 'ignore_ament_install']
[1.587s] Level 1:colcon.colcon_core.package_identification:_identify(src/laser_pointer) by extension 'ignore'
[1.587s] Level 1:colcon.colcon_core.package_identification:_identify(src/laser_pointer) by extension 'ignore_ament_install'
[1.587s] Level 1:colcon.colcon_core.package_identification:_identify(src/laser_pointer) by extensions ['colcon_pkg']
[1.587s] Level 1:colcon.colcon_core.package_identification:_identify(src/laser_pointer) by extension 'colcon_pkg'
[1.587s] Level 1:colcon.colcon_core.package_identification:_identify(src/laser_pointer) by extensions ['colcon_meta']
[1.587s] Level 1:colcon.colcon_core.package_identification:_identify(src/laser_pointer) by extension 'colcon_meta'
[1.587s] Level 1:colcon.colcon_core.package_identification:_identify(src/laser_pointer) by extensions ['ros']
[1.587s] Level 1:colcon.colcon_core.package_identification:_identify(src/laser_pointer) by extension 'ros'
[1.588s] DEBUG:colcon.colcon_core.package_identification:Package 'src/laser_pointer' with type 'ros.ament_python' and name 'laser_pointer'
[1.588s] Level 1:colcon.colcon_core.package_identification:_identify(src/micro-ROS-Agent) by extensions ['ignore', 'ignore_ament_install']
[1.588s] Level 1:colcon.colcon_core.package_identification:_identify(src/micro-ROS-Agent) by extension 'ignore'
[1.588s] Level 1:colcon.colcon_core.package_identification:_identify(src/micro-ROS-Agent) by extension 'ignore_ament_install'
[1.588s] Level 1:colcon.colcon_core.package_identification:_identify(src/micro-ROS-Agent) by extensions ['colcon_pkg']
[1.588s] Level 1:colcon.colcon_core.package_identification:_identify(src/micro-ROS-Agent) by extension 'colcon_pkg'
[1.588s] Level 1:colcon.colcon_core.package_identification:_identify(src/micro-ROS-Agent) by extensions ['colcon_meta']
[1.588s] Level 1:colcon.colcon_core.package_identification:_identify(src/micro-ROS-Agent) by extension 'colcon_meta'
[1.588s] Level 1:colcon.colcon_core.package_identification:_identify(src/micro-ROS-Agent) by extensions ['ros']
[1.588s] Level 1:colcon.colcon_core.package_identification:_identify(src/micro-ROS-Agent) by extension 'ros'
[1.588s] Level 1:colcon.colcon_core.package_identification:_identify(src/micro-ROS-Agent) by extensions ['cmake', 'python']
[1.588s] Level 1:colcon.colcon_core.package_identification:_identify(src/micro-ROS-Agent) by extension 'cmake'
[1.588s] Level 1:colcon.colcon_core.package_identification:_identify(src/micro-ROS-Agent) by extension 'python'
[1.588s] Level 1:colcon.colcon_core.package_identification:_identify(src/micro-ROS-Agent) by extensions ['python_setup_py']
[1.588s] Level 1:colcon.colcon_core.package_identification:_identify(src/micro-ROS-Agent) by extension 'python_setup_py'
[1.589s] Level 1:colcon.colcon_core.package_identification:_identify(src/micro-ROS-Agent/micro_ros_agent) by extensions ['ignore', 'ignore_ament_install']
[1.589s] Level 1:colcon.colcon_core.package_identification:_identify(src/micro-ROS-Agent/micro_ros_agent) by extension 'ignore'
[1.589s] Level 1:colcon.colcon_core.package_identification:_identify(src/micro-ROS-Agent/micro_ros_agent) by extension 'ignore_ament_install'
[1.589s] Level 1:colcon.colcon_core.package_identification:_identify(src/micro-ROS-Agent/micro_ros_agent) by extensions ['colcon_pkg']
[1.589s] Level 1:colcon.colcon_core.package_identification:_identify(src/micro-ROS-Agent/micro_ros_agent) by extension 'colcon_pkg'
[1.589s] Level 1:colcon.colcon_core.package_identification:_identify(src/micro-ROS-Agent/micro_ros_agent) by extensions ['colcon_meta']
[1.589s] Level 1:colcon.colcon_core.package_identification:_identify(src/micro-ROS-Agent/micro_ros_agent) by extension 'colcon_meta'
[1.589s] Level 1:colcon.colcon_core.package_identification:_identify(src/micro-ROS-Agent/micro_ros_agent) by extensions ['ros']
[1.589s] Level 1:colcon.colcon_core.package_identification:_identify(src/micro-ROS-Agent/micro_ros_agent) by extension 'ros'
[1.590s] DEBUG:colcon.colcon_core.package_identification:Package 'src/micro-ROS-Agent/micro_ros_agent' with type 'ros.ament_cmake' and name 'micro_ros_agent'
[1.590s] Level 1:colcon.colcon_core.package_identification:_identify(src/micro-ROS-Agent/snap) by extensions ['ignore', 'ignore_ament_install']
[1.590s] Level 1:colcon.colcon_core.package_identification:_identify(src/micro-ROS-Agent/snap) by extension 'ignore'
[1.590s] Level 1:colcon.colcon_core.package_identification:_identify(src/micro-ROS-Agent/snap) by extension 'ignore_ament_install'
[1.590s] Level 1:colcon.colcon_core.package_identification:_identify(src/micro-ROS-Agent/snap) by extensions ['colcon_pkg']
[1.590s] Level 1:colcon.colcon_core.package_identification:_identify(src/micro-ROS-Agent/snap) by extension 'colcon_pkg'
[1.590s] Level 1:colcon.colcon_core.package_identification:_identify(src/micro-ROS-Agent/snap) by extensions ['colcon_meta']
[1.590s] Level 1:colcon.colcon_core.package_identification:_identify(src/micro-ROS-Agent/snap) by extension 'colcon_meta'
[1.590s] Level 1:colcon.colcon_core.package_identification:_identify(src/micro-ROS-Agent/snap) by extensions ['ros']
[1.590s] Level 1:colcon.colcon_core.package_identification:_identify(src/micro-ROS-Agent/snap) by extension 'ros'
[1.590s] Level 1:colcon.colcon_core.package_identification:_identify(src/micro-ROS-Agent/snap) by extensions ['cmake', 'python']
[1.590s] Level 1:colcon.colcon_core.package_identification:_identify(src/micro-ROS-Agent/snap) by extension 'cmake'
[1.590s] Level 1:colcon.colcon_core.package_identification:_identify(src/micro-ROS-Agent/snap) by extension 'python'
[1.590s] Level 1:colcon.colcon_core.package_identification:_identify(src/micro-ROS-Agent/snap) by extensions ['python_setup_py']
[1.590s] Level 1:colcon.colcon_core.package_identification:_identify(src/micro-ROS-Agent/snap) by extension 'python_setup_py'
[1.590s] Level 1:colcon.colcon_core.package_identification:_identify(src/micro-ROS-Agent/snap/hooks) by extensions ['ignore', 'ignore_ament_install']
[1.590s] Level 1:colcon.colcon_core.package_identification:_identify(src/micro-ROS-Agent/snap/hooks) by extension 'ignore'
[1.591s] Level 1:colcon.colcon_core.package_identification:_identify(src/micro-ROS-Agent/snap/hooks) by extension 'ignore_ament_install'
[1.591s] Level 1:colcon.colcon_core.package_identification:_identify(src/micro-ROS-Agent/snap/hooks) by extensions ['colcon_pkg']
[1.591s] Level 1:colcon.colcon_core.package_identification:_identify(src/micro-ROS-Agent/snap/hooks) by extension 'colcon_pkg'
[1.591s] Level 1:colcon.colcon_core.package_identification:_identify(src/micro-ROS-Agent/snap/hooks) by extensions ['colcon_meta']
[1.591s] Level 1:colcon.colcon_core.package_identification:_identify(src/micro-ROS-Agent/snap/hooks) by extension 'colcon_meta'
[1.591s] Level 1:colcon.colcon_core.package_identification:_identify(src/micro-ROS-Agent/snap/hooks) by extensions ['ros']
[1.591s] Level 1:colcon.colcon_core.package_identification:_identify(src/micro-ROS-Agent/snap/hooks) by extension 'ros'
[1.591s] Level 1:colcon.colcon_core.package_identification:_identify(src/micro-ROS-Agent/snap/hooks) by extensions ['cmake', 'python']
[1.591s] Level 1:colcon.colcon_core.package_identification:_identify(src/micro-ROS-Agent/snap/hooks) by extension 'cmake'
[1.591s] Level 1:colcon.colcon_core.package_identification:_identify(src/micro-ROS-Agent/snap/hooks) by extension 'python'
[1.591s] Level 1:colcon.colcon_core.package_identification:_identify(src/micro-ROS-Agent/snap/hooks) by extensions ['python_setup_py']
[1.591s] Level 1:colcon.colcon_core.package_identification:_identify(src/micro-ROS-Agent/snap/hooks) by extension 'python_setup_py'
[1.591s] Level 1:colcon.colcon_core.package_identification:_identify(src/micro-ROS-Agent/snap/local) by extensions ['ignore', 'ignore_ament_install']
[1.591s] Level 1:colcon.colcon_core.package_identification:_identify(src/micro-ROS-Agent/snap/local) by extension 'ignore'
[1.591s] Level 1:colcon.colcon_core.package_identification:_identify(src/micro-ROS-Agent/snap/local) by extension 'ignore_ament_install'
[1.591s] Level 1:colcon.colcon_core.package_identification:_identify(src/micro-ROS-Agent/snap/local) by extensions ['colcon_pkg']
[1.591s] Level 1:colcon.colcon_core.package_identification:_identify(src/micro-ROS-Agent/snap/local) by extension 'colcon_pkg'
[1.591s] Level 1:colcon.colcon_core.package_identification:_identify(src/micro-ROS-Agent/snap/local) by extensions ['colcon_meta']
[1.591s] Level 1:colcon.colcon_core.package_identification:_identify(src/micro-ROS-Agent/snap/local) by extension 'colcon_meta'
[1.591s] Level 1:colcon.colcon_core.package_identification:_identify(src/micro-ROS-Agent/snap/local) by extensions ['ros']
[1.591s] Level 1:colcon.colcon_core.package_identification:_identify(src/micro-ROS-Agent/snap/local) by extension 'ros'
[1.592s] Level 1:colcon.colcon_core.package_identification:_identify(src/micro-ROS-Agent/snap/local) by extensions ['cmake', 'python']
[1.592s] Level 1:colcon.colcon_core.package_identification:_identify(src/micro-ROS-Agent/snap/local) by extension 'cmake'
[1.592s] Level 1:colcon.colcon_core.package_identification:_identify(src/micro-ROS-Agent/snap/local) by extension 'python'
[1.592s] Level 1:colcon.colcon_core.package_identification:_identify(src/micro-ROS-Agent/snap/local) by extensions ['python_setup_py']
[1.592s] Level 1:colcon.colcon_core.package_identification:_identify(src/micro-ROS-Agent/snap/local) by extension 'python_setup_py'
[1.592s] Level 1:colcon.colcon_core.package_identification:_identify(src/micro_ros_files) by extensions ['ignore', 'ignore_ament_install']
[1.592s] Level 1:colcon.colcon_core.package_identification:_identify(src/micro_ros_files) by extension 'ignore'
[1.592s] Level 1:colcon.colcon_core.package_identification:_identify(src/micro_ros_files) by extension 'ignore_ament_install'
[1.592s] Level 1:colcon.colcon_core.package_identification:_identify(src/micro_ros_files) by extensions ['colcon_pkg']
[1.592s] Level 1:colcon.colcon_core.package_identification:_identify(src/micro_ros_files) by extension 'colcon_pkg'
[1.592s] Level 1:colcon.colcon_core.package_identification:_identify(src/micro_ros_files) by extensions ['colcon_meta']
[1.592s] Level 1:colcon.colcon_core.package_identification:_identify(src/micro_ros_files) by extension 'colcon_meta'
[1.592s] Level 1:colcon.colcon_core.package_identification:_identify(src/micro_ros_files) by extensions ['ros']
[1.592s] Level 1:colcon.colcon_core.package_identification:_identify(src/micro_ros_files) by extension 'ros'
[1.592s] Level 1:colcon.colcon_core.package_identification:_identify(src/micro_ros_files) by extensions ['cmake', 'python']
[1.592s] Level 1:colcon.colcon_core.package_identification:_identify(src/micro_ros_files) by extension 'cmake'
[1.592s] Level 1:colcon.colcon_core.package_identification:_identify(src/micro_ros_files) by extension 'python'
[1.592s] Level 1:colcon.colcon_core.package_identification:_identify(src/micro_ros_files) by extensions ['python_setup_py']
[1.592s] Level 1:colcon.colcon_core.package_identification:_identify(src/micro_ros_files) by extension 'python_setup_py'
[1.592s] Level 1:colcon.colcon_core.package_identification:_identify(src/micro_ros_files/DRV8825_tutorial) by extensions ['ignore', 'ignore_ament_install']
[1.592s] Level 1:colcon.colcon_core.package_identification:_identify(src/micro_ros_files/DRV8825_tutorial) by extension 'ignore'
[1.593s] Level 1:colcon.colcon_core.package_identification:_identify(src/micro_ros_files/DRV8825_tutorial) by extension 'ignore_ament_install'
[1.593s] Level 1:colcon.colcon_core.package_identification:_identify(src/micro_ros_files/DRV8825_tutorial) by extensions ['colcon_pkg']
[1.593s] Level 1:colcon.colcon_core.package_identification:_identify(src/micro_ros_files/DRV8825_tutorial) by extension 'colcon_pkg'
[1.593s] Level 1:colcon.colcon_core.package_identification:_identify(src/micro_ros_files/DRV8825_tutorial) by extensions ['colcon_meta']
[1.593s] Level 1:colcon.colcon_core.package_identification:_identify(src/micro_ros_files/DRV8825_tutorial) by extension 'colcon_meta'
[1.593s] Level 1:colcon.colcon_core.package_identification:_identify(src/micro_ros_files/DRV8825_tutorial) by extensions ['ros']
[1.593s] Level 1:colcon.colcon_core.package_identification:_identify(src/micro_ros_files/DRV8825_tutorial) by extension 'ros'
[1.593s] Level 1:colcon.colcon_core.package_identification:_identify(src/micro_ros_files/DRV8825_tutorial) by extensions ['cmake', 'python']
[1.593s] Level 1:colcon.colcon_core.package_identification:_identify(src/micro_ros_files/DRV8825_tutorial) by extension 'cmake'
[1.593s] Level 1:colcon.colcon_core.package_identification:_identify(src/micro_ros_files/DRV8825_tutorial) by extension 'python'
[1.593s] Level 1:colcon.colcon_core.package_identification:_identify(src/micro_ros_files/DRV8825_tutorial) by extensions ['python_setup_py']
[1.593s] Level 1:colcon.colcon_core.package_identification:_identify(src/micro_ros_files/DRV8825_tutorial) by extension 'python_setup_py'
[1.593s] Level 1:colcon.colcon_core.package_identification:_identify(src/micro_ros_files/creating_micro_ros_publisher) by extensions ['ignore', 'ignore_ament_install']
[1.593s] Level 1:colcon.colcon_core.package_identification:_identify(src/micro_ros_files/creating_micro_ros_publisher) by extension 'ignore'
[1.593s] Level 1:colcon.colcon_core.package_identification:_identify(src/micro_ros_files/creating_micro_ros_publisher) by extension 'ignore_ament_install'
[1.593s] Level 1:colcon.colcon_core.package_identification:_identify(src/micro_ros_files/creating_micro_ros_publisher) by extensions ['colcon_pkg']
[1.593s] Level 1:colcon.colcon_core.package_identification:_identify(src/micro_ros_files/creating_micro_ros_publisher) by extension 'colcon_pkg'
[1.593s] Level 1:colcon.colcon_core.package_identification:_identify(src/micro_ros_files/creating_micro_ros_publisher) by extensions ['colcon_meta']
[1.593s] Level 1:colcon.colcon_core.package_identification:_identify(src/micro_ros_files/creating_micro_ros_publisher) by extension 'colcon_meta'
[1.593s] Level 1:colcon.colcon_core.package_identification:_identify(src/micro_ros_files/creating_micro_ros_publisher) by extensions ['ros']
[1.593s] Level 1:colcon.colcon_core.package_identification:_identify(src/micro_ros_files/creating_micro_ros_publisher) by extension 'ros'
[1.593s] Level 1:colcon.colcon_core.package_identification:_identify(src/micro_ros_files/creating_micro_ros_publisher) by extensions ['cmake', 'python']
[1.594s] Level 1:colcon.colcon_core.package_identification:_identify(src/micro_ros_files/creating_micro_ros_publisher) by extension 'cmake'
[1.594s] Level 1:colcon.colcon_core.package_identification:_identify(src/micro_ros_files/creating_micro_ros_publisher) by extension 'python'
[1.594s] Level 1:colcon.colcon_core.package_identification:_identify(src/micro_ros_files/creating_micro_ros_publisher) by extensions ['python_setup_py']
[1.594s] Level 1:colcon.colcon_core.package_identification:_identify(src/micro_ros_files/creating_micro_ros_publisher) by extension 'python_setup_py'
[1.594s] Level 1:colcon.colcon_core.package_identification:_identify(src/micro_ros_files/reading_encoder_values) by extensions ['ignore', 'ignore_ament_install']
[1.594s] Level 1:colcon.colcon_core.package_identification:_identify(src/micro_ros_files/reading_encoder_values) by extension 'ignore'
[1.594s] Level 1:colcon.colcon_core.package_identification:_identify(src/micro_ros_files/reading_encoder_values) by extension 'ignore_ament_install'
[1.594s] Level 1:colcon.colcon_core.package_identification:_identify(src/micro_ros_files/reading_encoder_values) by extensions ['colcon_pkg']
[1.594s] Level 1:colcon.colcon_core.package_identification:_identify(src/micro_ros_files/reading_encoder_values) by extension 'colcon_pkg'
[1.594s] Level 1:colcon.colcon_core.package_identification:_identify(src/micro_ros_files/reading_encoder_values) by extensions ['colcon_meta']
[1.594s] Level 1:colcon.colcon_core.package_identification:_identify(src/micro_ros_files/reading_encoder_values) by extension 'colcon_meta'
[1.594s] Level 1:colcon.colcon_core.package_identification:_identify(src/micro_ros_files/reading_encoder_values) by extensions ['ros']
[1.594s] Level 1:colcon.colcon_core.package_identification:_identify(src/micro_ros_files/reading_encoder_values) by extension 'ros'
[1.594s] Level 1:colcon.colcon_core.package_identification:_identify(src/micro_ros_files/reading_encoder_values) by extensions ['cmake', 'python']
[1.594s] Level 1:colcon.colcon_core.package_identification:_identify(src/micro_ros_files/reading_encoder_values) by extension 'cmake'
[1.594s] Level 1:colcon.colcon_core.package_identification:_identify(src/micro_ros_files/reading_encoder_values) by extension 'python'
[1.594s] Level 1:colcon.colcon_core.package_identification:_identify(src/micro_ros_files/reading_encoder_values) by extensions ['python_setup_py']
[1.594s] Level 1:colcon.colcon_core.package_identification:_identify(src/micro_ros_files/reading_encoder_values) by extension 'python_setup_py'
[1.595s] Level 1:colcon.colcon_core.package_identification:_identify(src/path_planner) by extensions ['ignore', 'ignore_ament_install']
[1.595s] Level 1:colcon.colcon_core.package_identification:_identify(src/path_planner) by extension 'ignore'
[1.595s] Level 1:colcon.colcon_core.package_identification:_identify(src/path_planner) by extension 'ignore_ament_install'
[1.595s] Level 1:colcon.colcon_core.package_identification:_identify(src/path_planner) by extensions ['colcon_pkg']
[1.595s] Level 1:colcon.colcon_core.package_identification:_identify(src/path_planner) by extension 'colcon_pkg'
[1.595s] Level 1:colcon.colcon_core.package_identification:_identify(src/path_planner) by extensions ['colcon_meta']
[1.595s] Level 1:colcon.colcon_core.package_identification:_identify(src/path_planner) by extension 'colcon_meta'
[1.595s] Level 1:colcon.colcon_core.package_identification:_identify(src/path_planner) by extensions ['ros']
[1.595s] Level 1:colcon.colcon_core.package_identification:_identify(src/path_planner) by extension 'ros'
[1.596s] DEBUG:colcon.colcon_core.package_identification:Package 'src/path_planner' with type 'ros.ament_python' and name 'path_planner'
[1.596s] Level 1:colcon.colcon_core.package_identification:_identify(src/state_publisher_py) by extensions ['ignore', 'ignore_ament_install']
[1.596s] Level 1:colcon.colcon_core.package_identification:_identify(src/state_publisher_py) by extension 'ignore'
[1.596s] Level 1:colcon.colcon_core.package_identification:_identify(src/state_publisher_py) by extension 'ignore_ament_install'
[1.596s] Level 1:colcon.colcon_core.package_identification:_identify(src/state_publisher_py) by extensions ['colcon_pkg']
[1.596s] Level 1:colcon.colcon_core.package_identification:_identify(src/state_publisher_py) by extension 'colcon_pkg'
[1.596s] Level 1:colcon.colcon_core.package_identification:_identify(src/state_publisher_py) by extensions ['colcon_meta']
[1.596s] Level 1:colcon.colcon_core.package_identification:_identify(src/state_publisher_py) by extension 'colcon_meta'
[1.596s] Level 1:colcon.colcon_core.package_identification:_identify(src/state_publisher_py) by extensions ['ros']
[1.596s] Level 1:colcon.colcon_core.package_identification:_identify(src/state_publisher_py) by extension 'ros'
[1.597s] DEBUG:colcon.colcon_core.package_identification:Package 'src/state_publisher_py' with type 'ros.ament_python' and name 'state_publisher_py'
[1.597s] Level 1:colcon.colcon_core.package_identification:_identify(src/trajectory_generator) by extensions ['ignore', 'ignore_ament_install']
[1.597s] Level 1:colcon.colcon_core.package_identification:_identify(src/trajectory_generator) by extension 'ignore'
[1.597s] Level 1:colcon.colcon_core.package_identification:_identify(src/trajectory_generator) by extension 'ignore_ament_install'
[1.597s] Level 1:colcon.colcon_core.package_identification:_identify(src/trajectory_generator) by extensions ['colcon_pkg']
[1.597s] Level 1:colcon.colcon_core.package_identification:_identify(src/trajectory_generator) by extension 'colcon_pkg'
[1.597s] Level 1:colcon.colcon_core.package_identification:_identify(src/trajectory_generator) by extensions ['colcon_meta']
[1.597s] Level 1:colcon.colcon_core.package_identification:_identify(src/trajectory_generator) by extension 'colcon_meta'
[1.597s] Level 1:colcon.colcon_core.package_identification:_identify(src/trajectory_generator) by extensions ['ros']
[1.597s] Level 1:colcon.colcon_core.package_identification:_identify(src/trajectory_generator) by extension 'ros'
[1.598s] DEBUG:colcon.colcon_core.package_identification:Package 'src/trajectory_generator' with type 'ros.ament_python' and name 'trajectory_generator'
[1.598s] Level 1:colcon.colcon_core.package_discovery:discover_packages(recursive) using defaults
[1.598s] Level 1:colcon.colcon_core.package_discovery:discover_packages(ignore) discover
[1.598s] Level 1:colcon.colcon_core.package_discovery:discover_packages(ignore) using defaults
[1.598s] Level 1:colcon.colcon_core.package_discovery:discover_packages(path) discover
[1.598s] Level 1:colcon.colcon_core.package_discovery:discover_packages(path) using defaults
[1.706s] Level 1:colcon.colcon_core.package_discovery:discover_packages(prefix_path) check parameters
[1.706s] Level 1:colcon.colcon_core.package_discovery:discover_packages(prefix_path) discover
[1.746s] DEBUG:colcon.colcon_installed_package_information.package_discovery:Found 1 installed packages in /home/chris/second_ros2_ws/install
[1.766s] DEBUG:colcon.colcon_installed_package_information.package_discovery:Found 70 installed packages in /home/chris/ws_moveit/install
[1.784s] DEBUG:colcon.colcon_installed_package_information.package_discovery:Found 7 installed packages in /home/chris/capstone/hitc_ws/install
[1.801s] DEBUG:colcon.colcon_installed_package_information.package_discovery:Found 2 installed packages in /home/chris/hitc_ws/install
[1.819s] DEBUG:colcon.colcon_installed_package_information.package_discovery:Found 12 installed packages in /home/chris/ros2_ws/install
[1.838s] DEBUG:colcon.colcon_installed_package_information.package_discovery:Found 354 installed packages in /opt/ros/humble
[1.839s] Level 1:colcon.colcon_core.package_discovery:discover_packages(prefix_path) using defaults
[1.953s] Level 5:colcon.colcon_core.verb:set package 'camera_capture' build argument 'cmake_args' from command line to 'None'
[1.953s] Level 5:colcon.colcon_core.verb:set package 'camera_capture' build argument 'cmake_target' from command line to 'None'
[1.953s] Level 5:colcon.colcon_core.verb:set package 'camera_capture' build argument 'cmake_target_skip_unavailable' from command line to 'False'
[1.953s] Level 5:colcon.colcon_core.verb:set package 'camera_capture' build argument 'cmake_clean_cache' from command line to 'False'
[1.953s] Level 5:colcon.colcon_core.verb:set package 'camera_capture' build argument 'cmake_clean_first' from command line to 'False'
[1.953s] Level 5:colcon.colcon_core.verb:set package 'camera_capture' build argument 'cmake_force_configure' from command line to 'False'
[1.953s] Level 5:colcon.colcon_core.verb:set package 'camera_capture' build argument 'ament_cmake_args' from command line to 'None'
[1.953s] Level 5:colcon.colcon_core.verb:set package 'camera_capture' build argument 'catkin_cmake_args' from command line to 'None'
[1.953s] Level 5:colcon.colcon_core.verb:set package 'camera_capture' build argument 'catkin_skip_building_tests' from command line to 'False'
[1.953s] DEBUG:colcon.colcon_core.verb:Building package 'camera_capture' with the following arguments: {'ament_cmake_args': None, 'build_base': '/home/chris/capstone/hitc_ws/build/camera_capture', 'catkin_cmake_args': None, 'catkin_skip_building_tests': False, 'cmake_args': None, 'cmake_clean_cache': False, 'cmake_clean_first': False, 'cmake_force_configure': False, 'cmake_target': None, 'cmake_target_skip_unavailable': False, 'install_base': '/home/chris/capstone/hitc_ws/install/camera_capture', 'merge_install': False, 'path': '/home/chris/capstone/hitc_ws/src/camera_capture', 'symlink_install': False, 'test_result_base': None}
[1.970s] Level 5:colcon.colcon_core.verb:set package 'hitc_robot_description' build argument 'cmake_args' from command line to 'None'
[1.971s] Level 5:colcon.colcon_core.verb:set package 'hitc_robot_description' build argument 'cmake_target' from command line to 'None'
[1.971s] Level 5:colcon.colcon_core.verb:set package 'hitc_robot_description' build argument 'cmake_target_skip_unavailable' from command line to 'False'
[1.971s] Level 5:colcon.colcon_core.verb:set package 'hitc_robot_description' build argument 'cmake_clean_cache' from command line to 'False'
[1.971s] Level 5:colcon.colcon_core.verb:set package 'hitc_robot_description' build argument 'cmake_clean_first' from command line to 'False'
[1.971s] Level 5:colcon.colcon_core.verb:set package 'hitc_robot_description' build argument 'cmake_force_configure' from command line to 'False'
[1.971s] Level 5:colcon.colcon_core.verb:set package 'hitc_robot_description' build argument 'ament_cmake_args' from command line to 'None'
[1.971s] Level 5:colcon.colcon_core.verb:set package 'hitc_robot_description' build argument 'catkin_cmake_args' from command line to 'None'
[1.971s] Level 5:colcon.colcon_core.verb:set package 'hitc_robot_description' build argument 'catkin_skip_building_tests' from command line to 'False'
[1.971s] DEBUG:colcon.colcon_core.verb:Building package 'hitc_robot_description' with the following arguments: {'ament_cmake_args': None, 'build_base': '/home/chris/capstone/hitc_ws/build/hitc_robot_description', 'catkin_cmake_args': None, 'catkin_skip_building_tests': False, 'cmake_args': None, 'cmake_clean_cache': False, 'cmake_clean_first': False, 'cmake_force_configure': False, 'cmake_target': None, 'cmake_target_skip_unavailable': False, 'install_base': '/home/chris/capstone/hitc_ws/install/hitc_robot_description', 'merge_install': False, 'path': '/home/chris/capstone/hitc_ws/src/hitc_robot_description', 'symlink_install': False, 'test_result_base': None}
[1.988s] Level 5:colcon.colcon_core.verb:set package 'laser_pointer' build argument 'cmake_args' from command line to 'None'
[1.988s] Level 5:colcon.colcon_core.verb:set package 'laser_pointer' build argument 'cmake_target' from command line to 'None'
[1.988s] Level 5:colcon.colcon_core.verb:set package 'laser_pointer' build argument 'cmake_target_skip_unavailable' from command line to 'False'
[1.988s] Level 5:colcon.colcon_core.verb:set package 'laser_pointer' build argument 'cmake_clean_cache' from command line to 'False'
[1.988s] Level 5:colcon.colcon_core.verb:set package 'laser_pointer' build argument 'cmake_clean_first' from command line to 'False'
[1.988s] Level 5:colcon.colcon_core.verb:set package 'laser_pointer' build argument 'cmake_force_configure' from command line to 'False'
[1.988s] Level 5:colcon.colcon_core.verb:set package 'laser_pointer' build argument 'ament_cmake_args' from command line to 'None'
[1.989s] Level 5:colcon.colcon_core.verb:set package 'laser_pointer' build argument 'catkin_cmake_args' from command line to 'None'
[1.989s] Level 5:colcon.colcon_core.verb:set package 'laser_pointer' build argument 'catkin_skip_building_tests' from command line to 'False'
[1.989s] DEBUG:colcon.colcon_core.verb:Building package 'laser_pointer' with the following arguments: {'ament_cmake_args': None, 'build_base': '/home/chris/capstone/hitc_ws/build/laser_pointer', 'catkin_cmake_args': None, 'catkin_skip_building_tests': False, 'cmake_args': None, 'cmake_clean_cache': False, 'cmake_clean_first': False, 'cmake_force_configure': False, 'cmake_target': None, 'cmake_target_skip_unavailable': False, 'install_base': '/home/chris/capstone/hitc_ws/install/laser_pointer', 'merge_install': False, 'path': '/home/chris/capstone/hitc_ws/src/laser_pointer', 'symlink_install': False, 'test_result_base': None}
[2.006s] Level 5:colcon.colcon_core.verb:set package 'micro_ros_agent' build argument 'cmake_args' from command line to 'None'
[2.006s] Level 5:colcon.colcon_core.verb:set package 'micro_ros_agent' build argument 'cmake_target' from command line to 'None'
[2.006s] Level 5:colcon.colcon_core.verb:set package 'micro_ros_agent' build argument 'cmake_target_skip_unavailable' from command line to 'False'
[2.006s] Level 5:colcon.colcon_core.verb:set package 'micro_ros_agent' build argument 'cmake_clean_cache' from command line to 'False'
[2.006s] Level 5:colcon.colcon_core.verb:set package 'micro_ros_agent' build argument 'cmake_clean_first' from command line to 'False'
[2.006s] Level 5:colcon.colcon_core.verb:set package 'micro_ros_agent' build argument 'cmake_force_configure' from command line to 'False'
[2.006s] Level 5:colcon.colcon_core.verb:set package 'micro_ros_agent' build argument 'ament_cmake_args' from command line to 'None'
[2.006s] Level 5:colcon.colcon_core.verb:set package 'micro_ros_agent' build argument 'catkin_cmake_args' from command line to 'None'
[2.006s] Level 5:colcon.colcon_core.verb:set package 'micro_ros_agent' build argument 'catkin_skip_building_tests' from command line to 'False'
[2.006s] DEBUG:colcon.colcon_core.verb:Building package 'micro_ros_agent' with the following arguments: {'ament_cmake_args': None, 'build_base': '/home/chris/capstone/hitc_ws/build/micro_ros_agent', 'catkin_cmake_args': None, 'catkin_skip_building_tests': False, 'cmake_args': None, 'cmake_clean_cache': False, 'cmake_clean_first': False, 'cmake_force_configure': False, 'cmake_target': None, 'cmake_target_skip_unavailable': False, 'install_base': '/home/chris/capstone/hitc_ws/install/micro_ros_agent', 'merge_install': False, 'path': '/home/chris/capstone/hitc_ws/src/micro-ROS-Agent/micro_ros_agent', 'symlink_install': False, 'test_result_base': None}
[2.024s] Level 5:colcon.colcon_core.verb:set package 'path_planner' build argument 'cmake_args' from command line to 'None'
[2.024s] Level 5:colcon.colcon_core.verb:set package 'path_planner' build argument 'cmake_target' from command line to 'None'
[2.024s] Level 5:colcon.colcon_core.verb:set package 'path_planner' build argument 'cmake_target_skip_unavailable' from command line to 'False'
[2.024s] Level 5:colcon.colcon_core.verb:set package 'path_planner' build argument 'cmake_clean_cache' from command line to 'False'
[2.024s] Level 5:colcon.colcon_core.verb:set package 'path_planner' build argument 'cmake_clean_first' from command line to 'False'
[2.024s] Level 5:colcon.colcon_core.verb:set package 'path_planner' build argument 'cmake_force_configure' from command line to 'False'
[2.024s] Level 5:colcon.colcon_core.verb:set package 'path_planner' build argument 'ament_cmake_args' from command line to 'None'
[2.024s] Level 5:colcon.colcon_core.verb:set package 'path_planner' build argument 'catkin_cmake_args' from command line to 'None'
[2.024s] Level 5:colcon.colcon_core.verb:set package 'path_planner' build argument 'catkin_skip_building_tests' from command line to 'False'
[2.024s] DEBUG:colcon.colcon_core.verb:Building package 'path_planner' with the following arguments: {'ament_cmake_args': None, 'build_base': '/home/chris/capstone/hitc_ws/build/path_planner', 'catkin_cmake_args': None, 'catkin_skip_building_tests': False, 'cmake_args': None, 'cmake_clean_cache': False, 'cmake_clean_first': False, 'cmake_force_configure': False, 'cmake_target': None, 'cmake_target_skip_unavailable': False, 'install_base': '/home/chris/capstone/hitc_ws/install/path_planner', 'merge_install': False, 'path': '/home/chris/capstone/hitc_ws/src/path_planner', 'symlink_install': False, 'test_result_base': None}
[2.042s] Level 5:colcon.colcon_core.verb:set package 'state_publisher_py' build argument 'cmake_args' from command line to 'None'
[2.042s] Level 5:colcon.colcon_core.verb:set package 'state_publisher_py' build argument 'cmake_target' from command line to 'None'
[2.042s] Level 5:colcon.colcon_core.verb:set package 'state_publisher_py' build argument 'cmake_target_skip_unavailable' from command line to 'False'
[2.042s] Level 5:colcon.colcon_core.verb:set package 'state_publisher_py' build argument 'cmake_clean_cache' from command line to 'False'
[2.042s] Level 5:colcon.colcon_core.verb:set package 'state_publisher_py' build argument 'cmake_clean_first' from command line to 'False'
[2.042s] Level 5:colcon.colcon_core.verb:set package 'state_publisher_py' build argument 'cmake_force_configure' from command line to 'False'
[2.042s] Level 5:colcon.colcon_core.verb:set package 'state_publisher_py' build argument 'ament_cmake_args' from command line to 'None'
[2.042s] Level 5:colcon.colcon_core.verb:set package 'state_publisher_py' build argument 'catkin_cmake_args' from command line to 'None'
[2.042s] Level 5:colcon.colcon_core.verb:set package 'state_publisher_py' build argument 'catkin_skip_building_tests' from command line to 'False'
[2.042s] DEBUG:colcon.colcon_core.verb:Building package 'state_publisher_py' with the following arguments: {'ament_cmake_args': None, 'build_base': '/home/chris/capstone/hitc_ws/build/state_publisher_py', 'catkin_cmake_args': None, 'catkin_skip_building_tests': False, 'cmake_args': None, 'cmake_clean_cache': False, 'cmake_clean_first': False, 'cmake_force_configure': False, 'cmake_target': None, 'cmake_target_skip_unavailable': False, 'install_base': '/home/chris/capstone/hitc_ws/install/state_publisher_py', 'merge_install': False, 'path': '/home/chris/capstone/hitc_ws/src/state_publisher_py', 'symlink_install': False, 'test_result_base': None}
[2.059s] Level 5:colcon.colcon_core.verb:set package 'trajectory_generator' build argument 'cmake_args' from command line to 'None'
[2.059s] Level 5:colcon.colcon_core.verb:set package 'trajectory_generator' build argument 'cmake_target' from command line to 'None'
[2.059s] Level 5:colcon.colcon_core.verb:set package 'trajectory_generator' build argument 'cmake_target_skip_unavailable' from command line to 'False'
[2.059s] Level 5:colcon.colcon_core.verb:set package 'trajectory_generator' build argument 'cmake_clean_cache' from command line to 'False'
[2.059s] Level 5:colcon.colcon_core.verb:set package 'trajectory_generator' build argument 'cmake_clean_first' from command line to 'False'
[2.059s] Level 5:colcon.colcon_core.verb:set package 'trajectory_generator' build argument 'cmake_force_configure' from command line to 'False'
[2.059s] Level 5:colcon.colcon_core.verb:set package 'trajectory_generator' build argument 'ament_cmake_args' from command line to 'None'
[2.059s] Level 5:colcon.colcon_core.verb:set package 'trajectory_generator' build argument 'catkin_cmake_args' from command line to 'None'
[2.059s] Level 5:colcon.colcon_core.verb:set package 'trajectory_generator' build argument 'catkin_skip_building_tests' from command line to 'False'
[2.060s] DEBUG:colcon.colcon_core.verb:Building package 'trajectory_generator' with the following arguments: {'ament_cmake_args': None, 'build_base': '/home/chris/capstone/hitc_ws/build/trajectory_generator', 'catkin_cmake_args': None, 'catkin_skip_building_tests': False, 'cmake_args': None, 'cmake_clean_cache': False, 'cmake_clean_first': False, 'cmake_force_configure': False, 'cmake_target': None, 'cmake_target_skip_unavailable': False, 'install_base': '/home/chris/capstone/hitc_ws/install/trajectory_generator', 'merge_install': False, 'path': '/home/chris/capstone/hitc_ws/src/trajectory_generator', 'symlink_install': False, 'test_result_base': None}
[2.077s] INFO:colcon.colcon_core.executor:Executing jobs using 'parallel' executor
[2.095s] DEBUG:colcon.colcon_parallel_executor.executor.parallel:run_until_complete
[2.095s] INFO:colcon.colcon_ros.task.ament_python.build:Building ROS package in '/home/chris/capstone/hitc_ws/src/camera_capture' with build type 'ament_python'
[2.095s] Level 1:colcon.colcon_core.shell:create_environment_hook('camera_capture', 'ament_prefix_path')
[2.115s] INFO:colcon.colcon_core.plugin_system:Skipping extension 'colcon_core.shell.bat': Not used on non-Windows systems
[2.115s] INFO:colcon.colcon_core.shell:Creating environment hook '/home/chris/capstone/hitc_ws/install/camera_capture/share/camera_capture/hook/ament_prefix_path.ps1'
[2.116s] INFO:colcon.colcon_core.shell:Creating environment descriptor '/home/chris/capstone/hitc_ws/install/camera_capture/share/camera_capture/hook/ament_prefix_path.dsv'
[2.116s] INFO:colcon.colcon_core.shell:Creating environment hook '/home/chris/capstone/hitc_ws/install/camera_capture/share/camera_capture/hook/ament_prefix_path.sh'
[2.134s] INFO:colcon.colcon_core.shell:Skip shell extension 'powershell' for command environment: Not usable outside of PowerShell
[2.134s] DEBUG:colcon.colcon_core.shell:Skip shell extension 'dsv' for command environment
[2.265s] INFO:colcon.colcon_ros.task.ament_cmake.build:Building ROS package in '/home/chris/capstone/hitc_ws/src/hitc_robot_description' with build type 'ament_cmake'
[2.265s] INFO:colcon.colcon_cmake.task.cmake.build:Building CMake package in '/home/chris/capstone/hitc_ws/src/hitc_robot_description'
[2.283s] INFO:colcon.colcon_core.shell:Skip shell extension 'powershell' for command environment: Not usable outside of PowerShell
[2.283s] DEBUG:colcon.colcon_core.shell:Skip shell extension 'dsv' for command environment
[2.426s] INFO:colcon.colcon_ros.task.ament_python.build:Building ROS package in '/home/chris/capstone/hitc_ws/src/laser_pointer' with build type 'ament_python'
[2.426s] Level 1:colcon.colcon_core.shell:create_environment_hook('laser_pointer', 'ament_prefix_path')
[2.444s] INFO:colcon.colcon_core.shell:Creating environment hook '/home/chris/capstone/hitc_ws/install/laser_pointer/share/laser_pointer/hook/ament_prefix_path.ps1'
[2.444s] INFO:colcon.colcon_core.shell:Creating environment descriptor '/home/chris/capstone/hitc_ws/install/laser_pointer/share/laser_pointer/hook/ament_prefix_path.dsv'
[2.445s] INFO:colcon.colcon_core.shell:Creating environment hook '/home/chris/capstone/hitc_ws/install/laser_pointer/share/laser_pointer/hook/ament_prefix_path.sh'
[2.463s] INFO:colcon.colcon_core.shell:Skip shell extension 'powershell' for command environment: Not usable outside of PowerShell
[2.463s] DEBUG:colcon.colcon_core.shell:Skip shell extension 'dsv' for command environment
[2.596s] INFO:colcon.colcon_ros.task.ament_cmake.build:Building ROS package in '/home/chris/capstone/hitc_ws/src/micro-ROS-Agent/micro_ros_agent' with build type 'ament_cmake'
[2.597s] INFO:colcon.colcon_cmake.task.cmake.build:Building CMake package in '/home/chris/capstone/hitc_ws/src/micro-ROS-Agent/micro_ros_agent'
[2.614s] INFO:colcon.colcon_core.shell:Skip shell extension 'powershell' for command environment: Not usable outside of PowerShell
[2.614s] DEBUG:colcon.colcon_core.shell:Skip shell extension 'dsv' for command environment
[2.746s] INFO:colcon.colcon_ros.task.ament_python.build:Building ROS package in '/home/chris/capstone/hitc_ws/src/path_planner' with build type 'ament_python'
[2.746s] Level 1:colcon.colcon_core.shell:create_environment_hook('path_planner', 'ament_prefix_path')
[2.764s] INFO:colcon.colcon_core.shell:Creating environment hook '/home/chris/capstone/hitc_ws/install/path_planner/share/path_planner/hook/ament_prefix_path.ps1'
[2.765s] INFO:colcon.colcon_core.shell:Creating environment descriptor '/home/chris/capstone/hitc_ws/install/path_planner/share/path_planner/hook/ament_prefix_path.dsv'
[2.765s] INFO:colcon.colcon_core.shell:Creating environment hook '/home/chris/capstone/hitc_ws/install/path_planner/share/path_planner/hook/ament_prefix_path.sh'
[2.783s] INFO:colcon.colcon_core.shell:Skip shell extension 'powershell' for command environment: Not usable outside of PowerShell
[2.783s] DEBUG:colcon.colcon_core.shell:Skip shell extension 'dsv' for command environment
[2.915s] INFO:colcon.colcon_ros.task.ament_python.build:Building ROS package in '/home/chris/capstone/hitc_ws/src/state_publisher_py' with build type 'ament_python'
[2.915s] Level 1:colcon.colcon_core.shell:create_environment_hook('state_publisher_py', 'ament_prefix_path')
[2.933s] INFO:colcon.colcon_core.shell:Creating environment hook '/home/chris/capstone/hitc_ws/install/state_publisher_py/share/state_publisher_py/hook/ament_prefix_path.ps1'
[2.934s] INFO:colcon.colcon_core.shell:Creating environment descriptor '/home/chris/capstone/hitc_ws/install/state_publisher_py/share/state_publisher_py/hook/ament_prefix_path.dsv'
[2.934s] INFO:colcon.colcon_core.shell:Creating environment hook '/home/chris/capstone/hitc_ws/install/state_publisher_py/share/state_publisher_py/hook/ament_prefix_path.sh'
[2.952s] INFO:colcon.colcon_core.shell:Skip shell extension 'powershell' for command environment: Not usable outside of PowerShell
[2.952s] DEBUG:colcon.colcon_core.shell:Skip shell extension 'dsv' for command environment
[3.084s] INFO:colcon.colcon_ros.task.ament_python.build:Building ROS package in '/home/chris/capstone/hitc_ws/src/trajectory_generator' with build type 'ament_python'
[3.085s] Level 1:colcon.colcon_core.shell:create_environment_hook('trajectory_generator', 'ament_prefix_path')
[3.103s] INFO:colcon.colcon_core.shell:Creating environment hook '/home/chris/capstone/hitc_ws/install/trajectory_generator/share/trajectory_generator/hook/ament_prefix_path.ps1'
[3.103s] INFO:colcon.colcon_core.shell:Creating environment descriptor '/home/chris/capstone/hitc_ws/install/trajectory_generator/share/trajectory_generator/hook/ament_prefix_path.dsv'
[3.103s] INFO:colcon.colcon_core.shell:Creating environment hook '/home/chris/capstone/hitc_ws/install/trajectory_generator/share/trajectory_generator/hook/ament_prefix_path.sh'
[3.121s] INFO:colcon.colcon_core.shell:Skip shell extension 'powershell' for command environment: Not usable outside of PowerShell
[3.121s] DEBUG:colcon.colcon_core.shell:Skip shell extension 'dsv' for command environment
[3.542s] INFO:colcon.colcon_core.task.python.build:Building Python package in '/home/chris/capstone/hitc_ws/src/camera_capture'
[3.560s] INFO:colcon.colcon_core.shell:Skip shell extension 'powershell' for command environment: Not usable outside of PowerShell
[3.560s] DEBUG:colcon.colcon_core.shell:Skip shell extension 'dsv' for command environment
[3.695s] DEBUG:colcon.colcon_core.event_handler.log_command:Invoking command in '/home/chris/capstone/hitc_ws/build/hitc_robot_description': CMAKE_PREFIX_PATH=${CMAKE_PREFIX_PATH}:/home/chris/ros2_ws/install/turtlesim_catch_them_all:/home/chris/ros2_ws/install/my_py_pkg:/home/chris/second_ros2_ws/install/urdf_tutorial_r2d2:/home/chris/ws_moveit/install/moveit_configs_utils:/home/chris/capstone/hitc_ws/install/trajectory_generator:/home/chris/capstone/hitc_ws/install/state_publisher_py:/home/chris/capstone/hitc_ws/install/path_planner:/home/chris/capstone/hitc_ws/install/laser_pointer:/home/chris/capstone/hitc_ws/install/camera_capture:/home/chris/hitc_ws/install/test_motors_py:/home/chris/hitc_ws/install/camera_py:/opt/ros/humble /usr/bin/cmake --build /home/chris/capstone/hitc_ws/build/hitc_robot_description -- -j12 -l12
[3.984s] INFO:colcon.colcon_core.task.python.build:Building Python package in '/home/chris/capstone/hitc_ws/src/laser_pointer'
[4.003s] INFO:colcon.colcon_core.shell:Skip shell extension 'powershell' for command environment: Not usable outside of PowerShell
[4.003s] DEBUG:colcon.colcon_core.shell:Skip shell extension 'dsv' for command environment
[4.140s] DEBUG:colcon.colcon_core.event_handler.log_command:Invoking command in '/home/chris/capstone/hitc_ws/build/micro_ros_agent': CMAKE_PREFIX_PATH=${CMAKE_PREFIX_PATH}:/home/chris/ros2_ws/install/turtlesim_catch_them_all:/home/chris/ros2_ws/install/my_py_pkg:/home/chris/second_ros2_ws/install/urdf_tutorial_r2d2:/home/chris/ws_moveit/install/moveit_configs_utils:/home/chris/capstone/hitc_ws/install/trajectory_generator:/home/chris/capstone/hitc_ws/install/state_publisher_py:/home/chris/capstone/hitc_ws/install/path_planner:/home/chris/capstone/hitc_ws/install/laser_pointer:/home/chris/capstone/hitc_ws/install/camera_capture:/home/chris/hitc_ws/install/test_motors_py:/home/chris/hitc_ws/install/camera_py:/opt/ros/humble /usr/bin/cmake --build /home/chris/capstone/hitc_ws/build/micro_ros_agent -- -j12 -l12
[4.426s] INFO:colcon.colcon_core.task.python.build:Building Python package in '/home/chris/capstone/hitc_ws/src/path_planner'
[4.453s] INFO:colcon.colcon_core.shell:Skip shell extension 'powershell' for command environment: Not usable outside of PowerShell
[4.453s] DEBUG:colcon.colcon_core.shell:Skip shell extension 'dsv' for command environment
[4.878s] INFO:colcon.colcon_core.task.python.build:Building Python package in '/home/chris/capstone/hitc_ws/src/state_publisher_py'
[4.895s] INFO:colcon.colcon_core.shell:Skip shell extension 'powershell' for command environment: Not usable outside of PowerShell
[4.895s] DEBUG:colcon.colcon_core.shell:Skip shell extension 'dsv' for command environment
[5.029s] DEBUG:colcon.colcon_core.event_handler.log_command:Invoked command in '/home/chris/capstone/hitc_ws/build/micro_ros_agent' returned '0': CMAKE_PREFIX_PATH=${CMAKE_PREFIX_PATH}:/home/chris/ros2_ws/install/turtlesim_catch_them_all:/home/chris/ros2_ws/install/my_py_pkg:/home/chris/second_ros2_ws/install/urdf_tutorial_r2d2:/home/chris/ws_moveit/install/moveit_configs_utils:/home/chris/capstone/hitc_ws/install/trajectory_generator:/home/chris/capstone/hitc_ws/install/state_publisher_py:/home/chris/capstone/hitc_ws/install/path_planner:/home/chris/capstone/hitc_ws/install/laser_pointer:/home/chris/capstone/hitc_ws/install/camera_capture:/home/chris/hitc_ws/install/test_motors_py:/home/chris/hitc_ws/install/camera_py:/opt/ros/humble /usr/bin/cmake --build /home/chris/capstone/hitc_ws/build/micro_ros_agent -- -j12 -l12
[5.031s] DEBUG:colcon.colcon_core.event_handler.log_command:Invoked command in '/home/chris/capstone/hitc_ws/build/hitc_robot_description' returned '0': CMAKE_PREFIX_PATH=${CMAKE_PREFIX_PATH}:/home/chris/ros2_ws/install/turtlesim_catch_them_all:/home/chris/ros2_ws/install/my_py_pkg:/home/chris/second_ros2_ws/install/urdf_tutorial_r2d2:/home/chris/ws_moveit/install/moveit_configs_utils:/home/chris/capstone/hitc_ws/install/trajectory_generator:/home/chris/capstone/hitc_ws/install/state_publisher_py:/home/chris/capstone/hitc_ws/install/path_planner:/home/chris/capstone/hitc_ws/install/laser_pointer:/home/chris/capstone/hitc_ws/install/camera_capture:/home/chris/hitc_ws/install/test_motors_py:/home/chris/hitc_ws/install/camera_py:/opt/ros/humble /usr/bin/cmake --build /home/chris/capstone/hitc_ws/build/hitc_robot_description -- -j12 -l12
[5.321s] INFO:colcon.colcon_core.task.python.build:Building Python package in '/home/chris/capstone/hitc_ws/src/trajectory_generator'
[5.340s] INFO:colcon.colcon_core.shell:Skip shell extension 'powershell' for command environment: Not usable outside of PowerShell
[5.340s] DEBUG:colcon.colcon_core.shell:Skip shell extension 'dsv' for command environment
[5.501s] DEBUG:colcon.colcon_core.event_handler.log_command:Invoking command in '/home/chris/capstone/hitc_ws/build/micro_ros_agent': CMAKE_PREFIX_PATH=${CMAKE_PREFIX_PATH}:/home/chris/ros2_ws/install/turtlesim_catch_them_all:/home/chris/ros2_ws/install/my_py_pkg:/home/chris/second_ros2_ws/install/urdf_tutorial_r2d2:/home/chris/ws_moveit/install/moveit_configs_utils:/home/chris/capstone/hitc_ws/install/trajectory_generator:/home/chris/capstone/hitc_ws/install/state_publisher_py:/home/chris/capstone/hitc_ws/install/path_planner:/home/chris/capstone/hitc_ws/install/laser_pointer:/home/chris/capstone/hitc_ws/install/camera_capture:/home/chris/hitc_ws/install/test_motors_py:/home/chris/hitc_ws/install/camera_py:/opt/ros/humble /usr/bin/cmake --install /home/chris/capstone/hitc_ws/build/micro_ros_agent
[5.504s] DEBUG:colcon.colcon_core.event_handler.log_command:Invoking command in '/home/chris/capstone/hitc_ws/build/hitc_robot_description': CMAKE_PREFIX_PATH=${CMAKE_PREFIX_PATH}:/home/chris/ros2_ws/install/turtlesim_catch_them_all:/home/chris/ros2_ws/install/my_py_pkg:/home/chris/second_ros2_ws/install/urdf_tutorial_r2d2:/home/chris/ws_moveit/install/moveit_configs_utils:/home/chris/capstone/hitc_ws/install/trajectory_generator:/home/chris/capstone/hitc_ws/install/state_publisher_py:/home/chris/capstone/hitc_ws/install/path_planner:/home/chris/capstone/hitc_ws/install/laser_pointer:/home/chris/capstone/hitc_ws/install/camera_capture:/home/chris/hitc_ws/install/test_motors_py:/home/chris/hitc_ws/install/camera_py:/opt/ros/humble /usr/bin/cmake --install /home/chris/capstone/hitc_ws/build/hitc_robot_description
[5.536s] Level 1:colcon.colcon_core.environment:create_environment_scripts_only(hitc_robot_description)
[5.537s] DEBUG:colcon.colcon_core.event_handler.log_command:Invoked command in '/home/chris/capstone/hitc_ws/build/hitc_robot_description' returned '0': CMAKE_PREFIX_PATH=${CMAKE_PREFIX_PATH}:/home/chris/ros2_ws/install/turtlesim_catch_them_all:/home/chris/ros2_ws/install/my_py_pkg:/home/chris/second_ros2_ws/install/urdf_tutorial_r2d2:/home/chris/ws_moveit/install/moveit_configs_utils:/home/chris/capstone/hitc_ws/install/trajectory_generator:/home/chris/capstone/hitc_ws/install/state_publisher_py:/home/chris/capstone/hitc_ws/install/path_planner:/home/chris/capstone/hitc_ws/install/laser_pointer:/home/chris/capstone/hitc_ws/install/camera_capture:/home/chris/hitc_ws/install/test_motors_py:/home/chris/hitc_ws/install/camera_py:/opt/ros/humble /usr/bin/cmake --install /home/chris/capstone/hitc_ws/build/hitc_robot_description
[5.559s] Level 1:colcon.colcon_core.environment:checking '/home/chris/capstone/hitc_ws/install/hitc_robot_description' for CMake module files
[5.560s] Level 1:colcon.colcon_core.environment:checking '/home/chris/capstone/hitc_ws/install/hitc_robot_description' for CMake config files
[5.560s] Level 1:colcon.colcon_core.shell:create_environment_hook('hitc_robot_description', 'cmake_prefix_path')
[5.591s] INFO:colcon.colcon_core.shell:Creating environment hook '/home/chris/capstone/hitc_ws/install/hitc_robot_description/share/hitc_robot_description/hook/cmake_prefix_path.ps1'
[5.592s] INFO:colcon.colcon_core.shell:Creating environment descriptor '/home/chris/capstone/hitc_ws/install/hitc_robot_description/share/hitc_robot_description/hook/cmake_prefix_path.dsv'
[5.592s] INFO:colcon.colcon_core.shell:Creating environment hook '/home/chris/capstone/hitc_ws/install/hitc_robot_description/share/hitc_robot_description/hook/cmake_prefix_path.sh'
[5.593s] Level 1:colcon.colcon_core.environment:checking '/home/chris/capstone/hitc_ws/install/hitc_robot_description/bin'
[5.593s] Level 1:colcon.colcon_core.environment:checking '/home/chris/capstone/hitc_ws/install/hitc_robot_description/lib/pkgconfig/hitc_robot_description.pc'
[5.594s] Level 1:colcon.colcon_core.environment:checking '/home/chris/capstone/hitc_ws/install/hitc_robot_description/lib/python3.10/site-packages'
[5.594s] Level 1:colcon.colcon_core.environment:checking '/home/chris/capstone/hitc_ws/install/hitc_robot_description/bin'
[5.617s] INFO:colcon.colcon_core.shell:Creating package script '/home/chris/capstone/hitc_ws/install/hitc_robot_description/share/hitc_robot_description/package.ps1'
[5.617s] INFO:colcon.colcon_core.shell:Creating package descriptor '/home/chris/capstone/hitc_ws/install/hitc_robot_description/share/hitc_robot_description/package.dsv'
[5.618s] INFO:colcon.colcon_core.shell:Creating package script '/home/chris/capstone/hitc_ws/install/hitc_robot_description/share/hitc_robot_description/package.sh'
[5.618s] INFO:colcon.colcon_core.shell:Creating package script '/home/chris/capstone/hitc_ws/install/hitc_robot_description/share/hitc_robot_description/package.bash'
[5.619s] INFO:colcon.colcon_core.shell:Creating package script '/home/chris/capstone/hitc_ws/install/hitc_robot_description/share/hitc_robot_description/package.zsh'
[5.620s] Level 1:colcon.colcon_core.environment:create_file_with_runtime_dependencies(/home/chris/capstone/hitc_ws/install/hitc_robot_description/share/colcon-core/packages/hitc_robot_description)
[5.621s] Level 1:colcon.colcon_core.environment:create_environment_scripts_only(micro_ros_agent)
[5.622s] DEBUG:colcon.colcon_core.event_handler.log_command:Invoked command in '/home/chris/capstone/hitc_ws/build/micro_ros_agent' returned '0': CMAKE_PREFIX_PATH=${CMAKE_PREFIX_PATH}:/home/chris/ros2_ws/install/turtlesim_catch_them_all:/home/chris/ros2_ws/install/my_py_pkg:/home/chris/second_ros2_ws/install/urdf_tutorial_r2d2:/home/chris/ws_moveit/install/moveit_configs_utils:/home/chris/capstone/hitc_ws/install/trajectory_generator:/home/chris/capstone/hitc_ws/install/state_publisher_py:/home/chris/capstone/hitc_ws/install/path_planner:/home/chris/capstone/hitc_ws/install/laser_pointer:/home/chris/capstone/hitc_ws/install/camera_capture:/home/chris/hitc_ws/install/test_motors_py:/home/chris/hitc_ws/install/camera_py:/opt/ros/humble /usr/bin/cmake --install /home/chris/capstone/hitc_ws/build/micro_ros_agent
[5.649s] Level 1:colcon.colcon_core.environment:checking '/home/chris/capstone/hitc_ws/install/micro_ros_agent' for CMake module files
[5.650s] Level 1:colcon.colcon_core.environment:checking '/home/chris/capstone/hitc_ws/install/micro_ros_agent' for CMake config files
[5.650s] Level 1:colcon.colcon_core.shell:create_environment_hook('micro_ros_agent', 'cmake_prefix_path')
[5.672s] INFO:colcon.colcon_core.shell:Creating environment hook '/home/chris/capstone/hitc_ws/install/micro_ros_agent/share/micro_ros_agent/hook/cmake_prefix_path.ps1'
[5.672s] INFO:colcon.colcon_core.shell:Creating environment descriptor '/home/chris/capstone/hitc_ws/install/micro_ros_agent/share/micro_ros_agent/hook/cmake_prefix_path.dsv'
[5.672s] INFO:colcon.colcon_core.shell:Creating environment hook '/home/chris/capstone/hitc_ws/install/micro_ros_agent/share/micro_ros_agent/hook/cmake_prefix_path.sh'
[5.673s] Level 1:colcon.colcon_core.environment:checking '/home/chris/capstone/hitc_ws/install/micro_ros_agent/lib'
[5.673s] Level 1:colcon.colcon_core.shell:create_environment_hook('micro_ros_agent', 'ld_library_path_lib')
[5.695s] INFO:colcon.colcon_core.shell:Creating environment hook '/home/chris/capstone/hitc_ws/install/micro_ros_agent/share/micro_ros_agent/hook/ld_library_path_lib.ps1'
[5.695s] INFO:colcon.colcon_core.shell:Creating environment descriptor '/home/chris/capstone/hitc_ws/install/micro_ros_agent/share/micro_ros_agent/hook/ld_library_path_lib.dsv'
[5.695s] INFO:colcon.colcon_core.shell:Creating environment hook '/home/chris/capstone/hitc_ws/install/micro_ros_agent/share/micro_ros_agent/hook/ld_library_path_lib.sh'
[5.696s] Level 1:colcon.colcon_core.environment:checking '/home/chris/capstone/hitc_ws/install/micro_ros_agent/bin'
[5.696s] Level 1:colcon.colcon_core.environment:checking '/home/chris/capstone/hitc_ws/install/micro_ros_agent/lib/pkgconfig/micro_ros_agent.pc'
[5.696s] Level 1:colcon.colcon_core.environment:checking '/home/chris/capstone/hitc_ws/install/micro_ros_agent/lib/python3.10/site-packages'
[5.696s] Level 1:colcon.colcon_core.environment:checking '/home/chris/capstone/hitc_ws/install/micro_ros_agent/bin'
[5.715s] INFO:colcon.colcon_core.shell:Creating package script '/home/chris/capstone/hitc_ws/install/micro_ros_agent/share/micro_ros_agent/package.ps1'
[5.716s] INFO:colcon.colcon_core.shell:Creating package descriptor '/home/chris/capstone/hitc_ws/install/micro_ros_agent/share/micro_ros_agent/package.dsv'
[5.716s] INFO:colcon.colcon_core.shell:Creating package script '/home/chris/capstone/hitc_ws/install/micro_ros_agent/share/micro_ros_agent/package.sh'
[5.716s] INFO:colcon.colcon_core.shell:Creating package script '/home/chris/capstone/hitc_ws/install/micro_ros_agent/share/micro_ros_agent/package.bash'
[5.717s] INFO:colcon.colcon_core.shell:Creating package script '/home/chris/capstone/hitc_ws/install/micro_ros_agent/share/micro_ros_agent/package.zsh'
[5.717s] Level 1:colcon.colcon_core.environment:create_file_with_runtime_dependencies(/home/chris/capstone/hitc_ws/install/micro_ros_agent/share/colcon-core/packages/micro_ros_agent)
[5.746s] Level 1:colcon.colcon_core.environment:create_environment_scripts_only(hitc_robot_description)
[5.765s] Level 1:colcon.colcon_core.environment:checking '/home/chris/capstone/hitc_ws/install/hitc_robot_description' for CMake module files
[5.766s] Level 1:colcon.colcon_core.environment:checking '/home/chris/capstone/hitc_ws/install/hitc_robot_description' for CMake config files
[5.766s] Level 1:colcon.colcon_core.shell:create_environment_hook('hitc_robot_description', 'cmake_prefix_path')
[5.786s] INFO:colcon.colcon_core.shell:Creating environment hook '/home/chris/capstone/hitc_ws/install/hitc_robot_description/share/hitc_robot_description/hook/cmake_prefix_path.ps1'
[5.787s] INFO:colcon.colcon_core.shell:Creating environment descriptor '/home/chris/capstone/hitc_ws/install/hitc_robot_description/share/hitc_robot_description/hook/cmake_prefix_path.dsv'
[5.788s] INFO:colcon.colcon_core.shell:Creating environment hook '/home/chris/capstone/hitc_ws/install/hitc_robot_description/share/hitc_robot_description/hook/cmake_prefix_path.sh'
[5.788s] Level 1:colcon.colcon_core.environment:checking '/home/chris/capstone/hitc_ws/install/hitc_robot_description/bin'
[5.788s] Level 1:colcon.colcon_core.environment:checking '/home/chris/capstone/hitc_ws/install/hitc_robot_description/lib/pkgconfig/hitc_robot_description.pc'
[5.789s] Level 1:colcon.colcon_core.environment:checking '/home/chris/capstone/hitc_ws/install/hitc_robot_description/lib/python3.10/site-packages'
[5.789s] Level 1:colcon.colcon_core.environment:checking '/home/chris/capstone/hitc_ws/install/hitc_robot_description/bin'
[5.808s] INFO:colcon.colcon_core.shell:Creating package script '/home/chris/capstone/hitc_ws/install/hitc_robot_description/share/hitc_robot_description/package.ps1'
[5.809s] INFO:colcon.colcon_core.shell:Creating package descriptor '/home/chris/capstone/hitc_ws/install/hitc_robot_description/share/hitc_robot_description/package.dsv'
[5.809s] INFO:colcon.colcon_core.shell:Creating package script '/home/chris/capstone/hitc_ws/install/hitc_robot_description/share/hitc_robot_description/package.sh'
[5.810s] INFO:colcon.colcon_core.shell:Creating package script '/home/chris/capstone/hitc_ws/install/hitc_robot_description/share/hitc_robot_description/package.bash'
[5.810s] INFO:colcon.colcon_core.shell:Creating package script '/home/chris/capstone/hitc_ws/install/hitc_robot_description/share/hitc_robot_description/package.zsh'
[5.810s] Level 1:colcon.colcon_core.environment:create_file_with_runtime_dependencies(/home/chris/capstone/hitc_ws/install/hitc_robot_description/share/colcon-core/packages/hitc_robot_description)
[5.861s] Level 1:colcon.colcon_core.environment:create_environment_scripts_only(micro_ros_agent)
[5.894s] Level 1:colcon.colcon_core.environment:checking '/home/chris/capstone/hitc_ws/install/micro_ros_agent' for CMake module files
[5.895s] Level 1:colcon.colcon_core.environment:checking '/home/chris/capstone/hitc_ws/install/micro_ros_agent' for CMake config files
[5.896s] Level 1:colcon.colcon_core.shell:create_environment_hook('micro_ros_agent', 'cmake_prefix_path')
[5.929s] INFO:colcon.colcon_core.shell:Creating environment hook '/home/chris/capstone/hitc_ws/install/micro_ros_agent/share/micro_ros_agent/hook/cmake_prefix_path.ps1'
[5.929s] INFO:colcon.colcon_core.shell:Creating environment descriptor '/home/chris/capstone/hitc_ws/install/micro_ros_agent/share/micro_ros_agent/hook/cmake_prefix_path.dsv'
[5.930s] INFO:colcon.colcon_core.shell:Creating environment hook '/home/chris/capstone/hitc_ws/install/micro_ros_agent/share/micro_ros_agent/hook/cmake_prefix_path.sh'
[5.930s] Level 1:colcon.colcon_core.environment:checking '/home/chris/capstone/hitc_ws/install/micro_ros_agent/lib'
[5.931s] Level 1:colcon.colcon_core.shell:create_environment_hook('micro_ros_agent', 'ld_library_path_lib')
[5.962s] INFO:colcon.colcon_core.shell:Creating environment hook '/home/chris/capstone/hitc_ws/install/micro_ros_agent/share/micro_ros_agent/hook/ld_library_path_lib.ps1'
[5.963s] INFO:colcon.colcon_core.shell:Creating environment descriptor '/home/chris/capstone/hitc_ws/install/micro_ros_agent/share/micro_ros_agent/hook/ld_library_path_lib.dsv'
[5.963s] INFO:colcon.colcon_core.shell:Creating environment hook '/home/chris/capstone/hitc_ws/install/micro_ros_agent/share/micro_ros_agent/hook/ld_library_path_lib.sh'
[5.964s] Level 1:colcon.colcon_core.environment:checking '/home/chris/capstone/hitc_ws/install/micro_ros_agent/bin'
[5.964s] Level 1:colcon.colcon_core.environment:checking '/home/chris/capstone/hitc_ws/install/micro_ros_agent/lib/pkgconfig/micro_ros_agent.pc'
[5.964s] Level 1:colcon.colcon_core.environment:checking '/home/chris/capstone/hitc_ws/install/micro_ros_agent/lib/python3.10/site-packages'
[5.965s] Level 1:colcon.colcon_core.environment:checking '/home/chris/capstone/hitc_ws/install/micro_ros_agent/bin'
[5.994s] INFO:colcon.colcon_core.shell:Creating package script '/home/chris/capstone/hitc_ws/install/micro_ros_agent/share/micro_ros_agent/package.ps1'
[5.995s] INFO:colcon.colcon_core.shell:Creating package descriptor '/home/chris/capstone/hitc_ws/install/micro_ros_agent/share/micro_ros_agent/package.dsv'
[5.996s] INFO:colcon.colcon_core.shell:Creating package script '/home/chris/capstone/hitc_ws/install/micro_ros_agent/share/micro_ros_agent/package.sh'
[5.996s] INFO:colcon.colcon_core.shell:Creating package script '/home/chris/capstone/hitc_ws/install/micro_ros_agent/share/micro_ros_agent/package.bash'
[5.997s] INFO:colcon.colcon_core.shell:Creating package script '/home/chris/capstone/hitc_ws/install/micro_ros_agent/share/micro_ros_agent/package.zsh'
[5.997s] Level 1:colcon.colcon_core.environment:create_file_with_runtime_dependencies(/home/chris/capstone/hitc_ws/install/micro_ros_agent/share/colcon-core/packages/micro_ros_agent)
[6.001s] DEBUG:colcon.colcon_core.event_handler.log_command:Invoking command in '/home/chris/capstone/hitc_ws/src/laser_pointer': PYTHONPATH=/home/chris/capstone/hitc_ws/build/laser_pointer/prefix_override:/home/chris/capstone/hitc_ws/install/laser_pointer/lib/python3.10/site-packages:${PYTHONPATH} /usr/bin/python3 setup.py egg_info --egg-base ../../build/laser_pointer build --build-base /home/chris/capstone/hitc_ws/build/laser_pointer/build install --record /home/chris/capstone/hitc_ws/build/laser_pointer/install.log --single-version-externally-managed
[6.004s] DEBUG:colcon.colcon_core.event_handler.log_command:Invoking command in '/home/chris/capstone/hitc_ws/src/state_publisher_py': PYTHONPATH=/home/chris/capstone/hitc_ws/build/state_publisher_py/prefix_override:/home/chris/capstone/hitc_ws/install/state_publisher_py/lib/python3.10/site-packages:${PYTHONPATH} /usr/bin/python3 setup.py egg_info --egg-base ../../build/state_publisher_py build --build-base /home/chris/capstone/hitc_ws/build/state_publisher_py/build install --record /home/chris/capstone/hitc_ws/build/state_publisher_py/install.log --single-version-externally-managed
[6.006s] DEBUG:colcon.colcon_core.event_handler.log_command:Invoking command in '/home/chris/capstone/hitc_ws/src/camera_capture': PYTHONPATH=/home/chris/capstone/hitc_ws/build/camera_capture/prefix_override:/home/chris/capstone/hitc_ws/install/camera_capture/lib/python3.10/site-packages:${PYTHONPATH} /usr/bin/python3 setup.py egg_info --egg-base ../../build/camera_capture build --build-base /home/chris/capstone/hitc_ws/build/camera_capture/build install --record /home/chris/capstone/hitc_ws/build/camera_capture/install.log --single-version-externally-managed
[6.011s] DEBUG:colcon.colcon_core.event_handler.log_command:Invoking command in '/home/chris/capstone/hitc_ws/src/trajectory_generator': PYTHONPATH=/home/chris/capstone/hitc_ws/build/trajectory_generator/prefix_override:/home/chris/capstone/hitc_ws/install/trajectory_generator/lib/python3.10/site-packages:${PYTHONPATH} /usr/bin/python3 setup.py egg_info --egg-base ../../build/trajectory_generator build --build-base /home/chris/capstone/hitc_ws/build/trajectory_generator/build install --record /home/chris/capstone/hitc_ws/build/trajectory_generator/install.log --single-version-externally-managed
[6.012s] DEBUG:colcon.colcon_core.event_handler.log_command:Invoking command in '/home/chris/capstone/hitc_ws/src/path_planner': PYTHONPATH=/home/chris/capstone/hitc_ws/build/path_planner/prefix_override:/home/chris/capstone/hitc_ws/install/path_planner/lib/python3.10/site-packages:${PYTHONPATH} /usr/bin/python3 setup.py egg_info --egg-base ../../build/path_planner build --build-base /home/chris/capstone/hitc_ws/build/path_planner/build install --record /home/chris/capstone/hitc_ws/build/path_planner/install.log --single-version-externally-managed
[6.359s] DEBUG:colcon.colcon_core.event_handler.log_command:Invoked command in '/home/chris/capstone/hitc_ws/src/camera_capture' returned '0': PYTHONPATH=/home/chris/capstone/hitc_ws/build/camera_capture/prefix_override:/home/chris/capstone/hitc_ws/install/camera_capture/lib/python3.10/site-packages:${PYTHONPATH} /usr/bin/python3 setup.py egg_info --egg-base ../../build/camera_capture build --build-base /home/chris/capstone/hitc_ws/build/camera_capture/build install --record /home/chris/capstone/hitc_ws/build/camera_capture/install.log --single-version-externally-managed
[6.383s] Level 1:colcon.colcon_core.environment:checking '/home/chris/capstone/hitc_ws/install/camera_capture' for CMake module files
[6.383s] Level 1:colcon.colcon_core.environment:checking '/home/chris/capstone/hitc_ws/install/camera_capture' for CMake config files
[6.384s] Level 1:colcon.colcon_core.environment:checking '/home/chris/capstone/hitc_ws/install/camera_capture/lib'
[6.384s] Level 1:colcon.colcon_core.environment:checking '/home/chris/capstone/hitc_ws/install/camera_capture/bin'
[6.384s] Level 1:colcon.colcon_core.environment:checking '/home/chris/capstone/hitc_ws/install/camera_capture/lib/pkgconfig/camera_capture.pc'
[6.384s] Level 1:colcon.colcon_core.environment:checking '/home/chris/capstone/hitc_ws/install/camera_capture/lib/python3.10/site-packages'
[6.385s] Level 1:colcon.colcon_core.shell:create_environment_hook('camera_capture', 'pythonpath')
[6.407s] INFO:colcon.colcon_core.shell:Creating environment hook '/home/chris/capstone/hitc_ws/install/camera_capture/share/camera_capture/hook/pythonpath.ps1'
[6.408s] INFO:colcon.colcon_core.shell:Creating environment descriptor '/home/chris/capstone/hitc_ws/install/camera_capture/share/camera_capture/hook/pythonpath.dsv'
[6.408s] INFO:colcon.colcon_core.shell:Creating environment hook '/home/chris/capstone/hitc_ws/install/camera_capture/share/camera_capture/hook/pythonpath.sh'
[6.409s] Level 1:colcon.colcon_core.environment:checking '/home/chris/capstone/hitc_ws/install/camera_capture/bin'
[6.409s] Level 1:colcon.colcon_core.environment:create_environment_scripts_only(camera_capture)
[6.427s] INFO:colcon.colcon_core.shell:Creating package script '/home/chris/capstone/hitc_ws/install/camera_capture/share/camera_capture/package.ps1'
[6.427s] INFO:colcon.colcon_core.shell:Creating package descriptor '/home/chris/capstone/hitc_ws/install/camera_capture/share/camera_capture/package.dsv'
[6.428s] INFO:colcon.colcon_core.shell:Creating package script '/home/chris/capstone/hitc_ws/install/camera_capture/share/camera_capture/package.sh'
[6.428s] INFO:colcon.colcon_core.shell:Creating package script '/home/chris/capstone/hitc_ws/install/camera_capture/share/camera_capture/package.bash'
[6.428s] INFO:colcon.colcon_core.shell:Creating package script '/home/chris/capstone/hitc_ws/install/camera_capture/share/camera_capture/package.zsh'
[6.428s] Level 1:colcon.colcon_core.environment:create_file_with_runtime_dependencies(/home/chris/capstone/hitc_ws/install/camera_capture/share/colcon-core/packages/camera_capture)
[6.431s] DEBUG:colcon.colcon_core.event_handler.log_command:Invoked command in '/home/chris/capstone/hitc_ws/src/state_publisher_py' returned '0': PYTHONPATH=/home/chris/capstone/hitc_ws/build/state_publisher_py/prefix_override:/home/chris/capstone/hitc_ws/install/state_publisher_py/lib/python3.10/site-packages:${PYTHONPATH} /usr/bin/python3 setup.py egg_info --egg-base ../../build/state_publisher_py build --build-base /home/chris/capstone/hitc_ws/build/state_publisher_py/build install --record /home/chris/capstone/hitc_ws/build/state_publisher_py/install.log --single-version-externally-managed
[6.450s] Level 1:colcon.colcon_core.environment:checking '/home/chris/capstone/hitc_ws/install/state_publisher_py' for CMake module files
[6.450s] Level 1:colcon.colcon_core.environment:checking '/home/chris/capstone/hitc_ws/install/state_publisher_py' for CMake config files
[6.451s] Level 1:colcon.colcon_core.environment:checking '/home/chris/capstone/hitc_ws/install/state_publisher_py/lib'
[6.451s] Level 1:colcon.colcon_core.environment:checking '/home/chris/capstone/hitc_ws/install/state_publisher_py/bin'
[6.451s] Level 1:colcon.colcon_core.environment:checking '/home/chris/capstone/hitc_ws/install/state_publisher_py/lib/pkgconfig/state_publisher_py.pc'
[6.451s] Level 1:colcon.colcon_core.environment:checking '/home/chris/capstone/hitc_ws/install/state_publisher_py/lib/python3.10/site-packages'
[6.451s] Level 1:colcon.colcon_core.shell:create_environment_hook('state_publisher_py', 'pythonpath')
[6.469s] INFO:colcon.colcon_core.shell:Creating environment hook '/home/chris/capstone/hitc_ws/install/state_publisher_py/share/state_publisher_py/hook/pythonpath.ps1'
[6.469s] INFO:colcon.colcon_core.shell:Creating environment descriptor '/home/chris/capstone/hitc_ws/install/state_publisher_py/share/state_publisher_py/hook/pythonpath.dsv'
[6.469s] INFO:colcon.colcon_core.shell:Creating environment hook '/home/chris/capstone/hitc_ws/install/state_publisher_py/share/state_publisher_py/hook/pythonpath.sh'
[6.470s] Level 1:colcon.colcon_core.environment:checking '/home/chris/capstone/hitc_ws/install/state_publisher_py/bin'
[6.470s] Level 1:colcon.colcon_core.environment:create_environment_scripts_only(state_publisher_py)
[6.488s] INFO:colcon.colcon_core.shell:Creating package script '/home/chris/capstone/hitc_ws/install/state_publisher_py/share/state_publisher_py/package.ps1'
[6.488s] INFO:colcon.colcon_core.shell:Creating package descriptor '/home/chris/capstone/hitc_ws/install/state_publisher_py/share/state_publisher_py/package.dsv'
[6.489s] INFO:colcon.colcon_core.shell:Creating package script '/home/chris/capstone/hitc_ws/install/state_publisher_py/share/state_publisher_py/package.sh'
[6.489s] INFO:colcon.colcon_core.shell:Creating package script '/home/chris/capstone/hitc_ws/install/state_publisher_py/share/state_publisher_py/package.bash'
[6.489s] INFO:colcon.colcon_core.shell:Creating package script '/home/chris/capstone/hitc_ws/install/state_publisher_py/share/state_publisher_py/package.zsh'
[6.489s] Level 1:colcon.colcon_core.environment:create_file_with_runtime_dependencies(/home/chris/capstone/hitc_ws/install/state_publisher_py/share/colcon-core/packages/state_publisher_py)
[6.491s] DEBUG:colcon.colcon_core.event_handler.log_command:Invoked command in '/home/chris/capstone/hitc_ws/src/laser_pointer' returned '0': PYTHONPATH=/home/chris/capstone/hitc_ws/build/laser_pointer/prefix_override:/home/chris/capstone/hitc_ws/install/laser_pointer/lib/python3.10/site-packages:${PYTHONPATH} /usr/bin/python3 setup.py egg_info --egg-base ../../build/laser_pointer build --build-base /home/chris/capstone/hitc_ws/build/laser_pointer/build install --record /home/chris/capstone/hitc_ws/build/laser_pointer/install.log --single-version-externally-managed
[6.512s] Level 1:colcon.colcon_core.environment:checking '/home/chris/capstone/hitc_ws/install/laser_pointer' for CMake module files
[6.512s] Level 1:colcon.colcon_core.environment:checking '/home/chris/capstone/hitc_ws/install/laser_pointer' for CMake config files
[6.513s] Level 1:colcon.colcon_core.environment:checking '/home/chris/capstone/hitc_ws/install/laser_pointer/lib'
[6.513s] Level 1:colcon.colcon_core.environment:checking '/home/chris/capstone/hitc_ws/install/laser_pointer/bin'
[6.513s] Level 1:colcon.colcon_core.environment:checking '/home/chris/capstone/hitc_ws/install/laser_pointer/lib/pkgconfig/laser_pointer.pc'
[6.513s] Level 1:colcon.colcon_core.environment:checking '/home/chris/capstone/hitc_ws/install/laser_pointer/lib/python3.10/site-packages'
[6.513s] Level 1:colcon.colcon_core.shell:create_environment_hook('laser_pointer', 'pythonpath')
[6.531s] INFO:colcon.colcon_core.shell:Creating environment hook '/home/chris/capstone/hitc_ws/install/laser_pointer/share/laser_pointer/hook/pythonpath.ps1'
[6.531s] INFO:colcon.colcon_core.shell:Creating environment descriptor '/home/chris/capstone/hitc_ws/install/laser_pointer/share/laser_pointer/hook/pythonpath.dsv'
[6.532s] INFO:colcon.colcon_core.shell:Creating environment hook '/home/chris/capstone/hitc_ws/install/laser_pointer/share/laser_pointer/hook/pythonpath.sh'
[6.532s] Level 1:colcon.colcon_core.environment:checking '/home/chris/capstone/hitc_ws/install/laser_pointer/bin'
[6.532s] Level 1:colcon.colcon_core.environment:create_environment_scripts_only(laser_pointer)
[6.550s] INFO:colcon.colcon_core.shell:Creating package script '/home/chris/capstone/hitc_ws/install/laser_pointer/share/laser_pointer/package.ps1'
[6.550s] INFO:colcon.colcon_core.shell:Creating package descriptor '/home/chris/capstone/hitc_ws/install/laser_pointer/share/laser_pointer/package.dsv'
[6.551s] INFO:colcon.colcon_core.shell:Creating package script '/home/chris/capstone/hitc_ws/install/laser_pointer/share/laser_pointer/package.sh'
[6.551s] INFO:colcon.colcon_core.shell:Creating package script '/home/chris/capstone/hitc_ws/install/laser_pointer/share/laser_pointer/package.bash'
[6.551s] INFO:colcon.colcon_core.shell:Creating package script '/home/chris/capstone/hitc_ws/install/laser_pointer/share/laser_pointer/package.zsh'
[6.552s] Level 1:colcon.colcon_core.environment:create_file_with_runtime_dependencies(/home/chris/capstone/hitc_ws/install/laser_pointer/share/colcon-core/packages/laser_pointer)
[6.553s] DEBUG:colcon.colcon_core.event_handler.log_command:Invoked command in '/home/chris/capstone/hitc_ws/src/path_planner' returned '0': PYTHONPATH=/home/chris/capstone/hitc_ws/build/path_planner/prefix_override:/home/chris/capstone/hitc_ws/install/path_planner/lib/python3.10/site-packages:${PYTHONPATH} /usr/bin/python3 setup.py egg_info --egg-base ../../build/path_planner build --build-base /home/chris/capstone/hitc_ws/build/path_planner/build install --record /home/chris/capstone/hitc_ws/build/path_planner/install.log --single-version-externally-managed
[6.570s] Level 1:colcon.colcon_core.environment:checking '/home/chris/capstone/hitc_ws/install/path_planner' for CMake module files
[6.570s] Level 1:colcon.colcon_core.environment:checking '/home/chris/capstone/hitc_ws/install/path_planner' for CMake config files
[6.571s] Level 1:colcon.colcon_core.environment:checking '/home/chris/capstone/hitc_ws/install/path_planner/lib'
[6.571s] Level 1:colcon.colcon_core.environment:checking '/home/chris/capstone/hitc_ws/install/path_planner/bin'
[6.571s] Level 1:colcon.colcon_core.environment:checking '/home/chris/capstone/hitc_ws/install/path_planner/lib/pkgconfig/path_planner.pc'
[6.571s] Level 1:colcon.colcon_core.environment:checking '/home/chris/capstone/hitc_ws/install/path_planner/lib/python3.10/site-packages'
[6.571s] Level 1:colcon.colcon_core.shell:create_environment_hook('path_planner', 'pythonpath')
[6.589s] INFO:colcon.colcon_core.shell:Creating environment hook '/home/chris/capstone/hitc_ws/install/path_planner/share/path_planner/hook/pythonpath.ps1'
[6.589s] INFO:colcon.colcon_core.shell:Creating environment descriptor '/home/chris/capstone/hitc_ws/install/path_planner/share/path_planner/hook/pythonpath.dsv'
[6.590s] INFO:colcon.colcon_core.shell:Creating environment hook '/home/chris/capstone/hitc_ws/install/path_planner/share/path_planner/hook/pythonpath.sh'
[6.590s] Level 1:colcon.colcon_core.environment:checking '/home/chris/capstone/hitc_ws/install/path_planner/bin'
[6.590s] Level 1:colcon.colcon_core.environment:create_environment_scripts_only(path_planner)
[6.607s] INFO:colcon.colcon_core.shell:Creating package script '/home/chris/capstone/hitc_ws/install/path_planner/share/path_planner/package.ps1'
[6.608s] INFO:colcon.colcon_core.shell:Creating package descriptor '/home/chris/capstone/hitc_ws/install/path_planner/share/path_planner/package.dsv'
[6.608s] INFO:colcon.colcon_core.shell:Creating package script '/home/chris/capstone/hitc_ws/install/path_planner/share/path_planner/package.sh'
[6.609s] INFO:colcon.colcon_core.shell:Creating package script '/home/chris/capstone/hitc_ws/install/path_planner/share/path_planner/package.bash'
[6.609s] INFO:colcon.colcon_core.shell:Creating package script '/home/chris/capstone/hitc_ws/install/path_planner/share/path_planner/package.zsh'
[6.609s] Level 1:colcon.colcon_core.environment:create_file_with_runtime_dependencies(/home/chris/capstone/hitc_ws/install/path_planner/share/colcon-core/packages/path_planner)
[6.611s] DEBUG:colcon.colcon_core.event_handler.log_command:Invoked command in '/home/chris/capstone/hitc_ws/src/trajectory_generator' returned '0': PYTHONPATH=/home/chris/capstone/hitc_ws/build/trajectory_generator/prefix_override:/home/chris/capstone/hitc_ws/install/trajectory_generator/lib/python3.10/site-packages:${PYTHONPATH} /usr/bin/python3 setup.py egg_info --egg-base ../../build/trajectory_generator build --build-base /home/chris/capstone/hitc_ws/build/trajectory_generator/build install --record /home/chris/capstone/hitc_ws/build/trajectory_generator/install.log --single-version-externally-managed
[6.628s] Level 1:colcon.colcon_core.environment:checking '/home/chris/capstone/hitc_ws/install/trajectory_generator' for CMake module files
[6.628s] Level 1:colcon.colcon_core.environment:checking '/home/chris/capstone/hitc_ws/install/trajectory_generator' for CMake config files
[6.628s] Level 1:colcon.colcon_core.environment:checking '/home/chris/capstone/hitc_ws/install/trajectory_generator/lib'
[6.629s] Level 1:colcon.colcon_core.environment:checking '/home/chris/capstone/hitc_ws/install/trajectory_generator/bin'
[6.629s] Level 1:colcon.colcon_core.environment:checking '/home/chris/capstone/hitc_ws/install/trajectory_generator/lib/pkgconfig/trajectory_generator.pc'
[6.629s] Level 1:colcon.colcon_core.environment:checking '/home/chris/capstone/hitc_ws/install/trajectory_generator/lib/python3.10/site-packages'
[6.629s] Level 1:colcon.colcon_core.shell:create_environment_hook('trajectory_generator', 'pythonpath')
[6.646s] INFO:colcon.colcon_core.shell:Creating environment hook '/home/chris/capstone/hitc_ws/install/trajectory_generator/share/trajectory_generator/hook/pythonpath.ps1'
[6.647s] INFO:colcon.colcon_core.shell:Creating environment descriptor '/home/chris/capstone/hitc_ws/install/trajectory_generator/share/trajectory_generator/hook/pythonpath.dsv'
[6.647s] INFO:colcon.colcon_core.shell:Creating environment hook '/home/chris/capstone/hitc_ws/install/trajectory_generator/share/trajectory_generator/hook/pythonpath.sh'
[6.647s] Level 1:colcon.colcon_core.environment:checking '/home/chris/capstone/hitc_ws/install/trajectory_generator/bin'
[6.647s] Level 1:colcon.colcon_core.environment:create_environment_scripts_only(trajectory_generator)
[6.665s] INFO:colcon.colcon_core.shell:Creating package script '/home/chris/capstone/hitc_ws/install/trajectory_generator/share/trajectory_generator/package.ps1'
[6.666s] INFO:colcon.colcon_core.shell:Creating package descriptor '/home/chris/capstone/hitc_ws/install/trajectory_generator/share/trajectory_generator/package.dsv'
[6.666s] INFO:colcon.colcon_core.shell:Creating package script '/home/chris/capstone/hitc_ws/install/trajectory_generator/share/trajectory_generator/package.sh'
[6.666s] INFO:colcon.colcon_core.shell:Creating package script '/home/chris/capstone/hitc_ws/install/trajectory_generator/share/trajectory_generator/package.bash'
[6.667s] INFO:colcon.colcon_core.shell:Creating package script '/home/chris/capstone/hitc_ws/install/trajectory_generator/share/trajectory_generator/package.zsh'
[6.667s] Level 1:colcon.colcon_core.environment:create_file_with_runtime_dependencies(/home/chris/capstone/hitc_ws/install/trajectory_generator/share/colcon-core/packages/trajectory_generator)
[6.667s] DEBUG:colcon.colcon_parallel_executor.executor.parallel:closing loop
[6.667s] DEBUG:colcon.colcon_parallel_executor.executor.parallel:loop closed
[6.667s] DEBUG:colcon.colcon_parallel_executor.executor.parallel:run_until_complete finished with '0'
[6.667s] DEBUG:colcon.colcon_core.event_reactor:joining thread
[6.691s] INFO:colcon.colcon_core.plugin_system:Skipping extension 'colcon_notification.desktop_notification.terminal_notifier': Not used on non-Darwin systems
[6.691s] INFO:colcon.colcon_core.plugin_system:Skipping extension 'colcon_notification.desktop_notification.win32': Not used on non-Windows systems
[6.691s] INFO:colcon.colcon_notification.desktop_notification:Sending desktop notification using 'notify2'
[6.701s] DEBUG:colcon.colcon_core.event_reactor:joined thread
[6.720s] INFO:colcon.colcon_core.shell:Creating prefix script '/home/chris/capstone/hitc_ws/install/local_setup.ps1'
[6.720s] INFO:colcon.colcon_core.shell:Creating prefix util module '/home/chris/capstone/hitc_ws/install/_local_setup_util_ps1.py'
[6.721s] INFO:colcon.colcon_core.shell:Creating prefix chain script '/home/chris/capstone/hitc_ws/install/setup.ps1'
[6.743s] INFO:colcon.colcon_core.shell:Creating prefix script '/home/chris/capstone/hitc_ws/install/local_setup.sh'
[6.744s] INFO:colcon.colcon_core.shell:Creating prefix util module '/home/chris/capstone/hitc_ws/install/_local_setup_util_sh.py'
[6.744s] INFO:colcon.colcon_core.shell:Creating prefix chain script '/home/chris/capstone/hitc_ws/install/setup.sh'
[6.766s] INFO:colcon.colcon_core.shell:Creating prefix script '/home/chris/capstone/hitc_ws/install/local_setup.bash'
[6.766s] INFO:colcon.colcon_core.shell:Creating prefix chain script '/home/chris/capstone/hitc_ws/install/setup.bash'
[6.788s] INFO:colcon.colcon_core.shell:Creating prefix script '/home/chris/capstone/hitc_ws/install/local_setup.zsh'
[6.788s] INFO:colcon.colcon_core.shell:Creating prefix chain script '/home/chris/capstone/hitc_ws/install/setup.zsh'
