[2.066s] Invoking command in '/home/chris/capstone/hitc_ws/src/camera_capture': PYTHONPATH=/home/chris/capstone/hitc_ws/build/camera_capture/prefix_override:/home/chris/capstone/hitc_ws/install/camera_capture/lib/python3.10/site-packages:${PYTHONPATH} /usr/bin/python3 -W ignore:setup.py install is deprecated setup.py egg_info --egg-base ../../build/camera_capture build --build-base /home/chris/capstone/hitc_ws/build/camera_capture/build install --record /home/chris/capstone/hitc_ws/build/camera_capture/install.log --single-version-externally-managed install_data
[2.357s] running egg_info
[2.358s] writing ../../build/camera_capture/camera_capture.egg-info/PKG-INFO
[2.358s] writing dependency_links to ../../build/camera_capture/camera_capture.egg-info/dependency_links.txt
[2.358s] writing entry points to ../../build/camera_capture/camera_capture.egg-info/entry_points.txt
[2.359s] writing requirements to ../../build/camera_capture/camera_capture.egg-info/requires.txt
[2.359s] writing top-level names to ../../build/camera_capture/camera_capture.egg-info/top_level.txt
[2.361s] reading manifest file '../../build/camera_capture/camera_capture.egg-info/SOURCES.txt'
[2.363s] writing manifest file '../../build/camera_capture/camera_capture.egg-info/SOURCES.txt'
[2.363s] running build
[2.363s] running build_py
[2.364s] copying camera_capture/workspace_processing.py -> /home/chris/capstone/hitc_ws/build/camera_capture/build/lib/camera_capture
[2.364s] copying camera_capture/send_workspace.py -> /home/chris/capstone/hitc_ws/build/camera_capture/build/lib/camera_capture
[2.364s] running install
[2.365s] running install_lib
[2.367s] byte-compiling /home/chris/capstone/hitc_ws/install/camera_capture/lib/python3.10/site-packages/camera_capture/send_workspace.py to send_workspace.cpython-310.pyc
[2.367s] running install_data
[2.368s] running install_egg_info
[2.370s] removing '/home/chris/capstone/hitc_ws/install/camera_capture/lib/python3.10/site-packages/camera_capture-0.0.0-py3.10.egg-info' (and everything under it)
[2.371s] Copying ../../build/camera_capture/camera_capture.egg-info to /home/chris/capstone/hitc_ws/install/camera_capture/lib/python3.10/site-packages/camera_capture-0.0.0-py3.10.egg-info
[2.372s] running install_scripts
[2.406s] Installing camera_capture script to /home/chris/capstone/hitc_ws/install/camera_capture/lib/camera_capture
[2.406s] Installing image_proccessing script to /home/chris/capstone/hitc_ws/install/camera_capture/lib/camera_capture
[2.406s] Installing motor_controller script to /home/chris/capstone/hitc_ws/install/camera_capture/lib/camera_capture
[2.406s] Installing safety_system script to /home/chris/capstone/hitc_ws/install/camera_capture/lib/camera_capture
[2.406s] writing list of installed files to '/home/chris/capstone/hitc_ws/build/camera_capture/install.log'
[2.436s] Invoked command in '/home/chris/capstone/hitc_ws/src/camera_capture' returned '0': PYTHONPATH=/home/chris/capstone/hitc_ws/build/camera_capture/prefix_override:/home/chris/capstone/hitc_ws/install/camera_capture/lib/python3.10/site-packages:${PYTHONPATH} /usr/bin/python3 -W ignore:setup.py install is deprecated setup.py egg_info --egg-base ../../build/camera_capture build --build-base /home/chris/capstone/hitc_ws/build/camera_capture/build install --record /home/chris/capstone/hitc_ws/build/camera_capture/install.log --single-version-externally-managed install_data
