[3.323s] Invoking command in '/home/chris/capstone/hitc_ws/build/path_planner': PYTHONPATH=/home/chris/capstone/hitc_ws/build/path_planner/prefix_override:/home/chris/capstone/hitc_ws/install/path_planner/lib/python3.10/site-packages:${PYTHONPATH} /usr/bin/python3 setup.py develop --uninstall --editable --build-directory /home/chris/capstone/hitc_ws/build/path_planner/build
[3.627s] running develop
[3.830s] Removing /home/chris/capstone/hitc_ws/install/path_planner/lib/python3.10/site-packages/path-planner.egg-link (link to .)
[3.882s] Invoked command in '/home/chris/capstone/hitc_ws/build/path_planner' returned '0': PYTHONPATH=/home/chris/capstone/hitc_ws/build/path_planner/prefix_override:/home/chris/capstone/hitc_ws/install/path_planner/lib/python3.10/site-packages:${PYTHONPATH} /usr/bin/python3 setup.py develop --uninstall --editable --build-directory /home/chris/capstone/hitc_ws/build/path_planner/build
[3.884s] Invoking command in '/home/chris/capstone/hitc_ws/src/path_planner': PYTHONPATH=/home/chris/capstone/hitc_ws/build/path_planner/prefix_override:/home/chris/capstone/hitc_ws/install/path_planner/lib/python3.10/site-packages:${PYTHONPATH} /usr/bin/python3 setup.py egg_info --egg-base ../../build/path_planner build --build-base /home/chris/capstone/hitc_ws/build/path_planner/build install --record /home/chris/capstone/hitc_ws/build/path_planner/install.log --single-version-externally-managed
[4.186s] running egg_info
[4.187s] writing ../../build/path_planner/path_planner.egg-info/PKG-INFO
[4.187s] writing dependency_links to ../../build/path_planner/path_planner.egg-info/dependency_links.txt
[4.187s] writing entry points to ../../build/path_planner/path_planner.egg-info/entry_points.txt
[4.187s] writing requirements to ../../build/path_planner/path_planner.egg-info/requires.txt
[4.188s] writing top-level names to ../../build/path_planner/path_planner.egg-info/top_level.txt
[4.191s] reading manifest file '../../build/path_planner/path_planner.egg-info/SOURCES.txt'
[4.194s] writing manifest file '../../build/path_planner/path_planner.egg-info/SOURCES.txt'
[4.194s] running build
[4.194s] running build_py
[4.195s] creating /home/chris/capstone/hitc_ws/build/path_planner/build
[4.195s] creating /home/chris/capstone/hitc_ws/build/path_planner/build/lib
[4.195s] creating /home/chris/capstone/hitc_ws/build/path_planner/build/lib/path_planner
[4.196s] copying path_planner/__init__.py -> /home/chris/capstone/hitc_ws/build/path_planner/build/lib/path_planner
[4.196s] copying path_planner/test.py -> /home/chris/capstone/hitc_ws/build/path_planner/build/lib/path_planner
[4.196s] copying path_planner/milestone.py -> /home/chris/capstone/hitc_ws/build/path_planner/build/lib/path_planner
[4.197s] creating /home/chris/capstone/hitc_ws/build/path_planner/build/lib/path_planner/modern_robotics
[4.197s] copying path_planner/modern_robotics/__init__.py -> /home/chris/capstone/hitc_ws/build/path_planner/build/lib/path_planner/modern_robotics
[4.198s] copying path_planner/modern_robotics/__version__.py -> /home/chris/capstone/hitc_ws/build/path_planner/build/lib/path_planner/modern_robotics
[4.198s] copying path_planner/modern_robotics/app.py -> /home/chris/capstone/hitc_ws/build/path_planner/build/lib/path_planner/modern_robotics
[4.198s] copying path_planner/modern_robotics/core.py -> /home/chris/capstone/hitc_ws/build/path_planner/build/lib/path_planner/modern_robotics
[4.199s] running install
[4.199s] running install_lib
[4.200s] creating /home/chris/capstone/hitc_ws/install/path_planner/lib/python3.10/site-packages/path_planner
[4.200s] copying /home/chris/capstone/hitc_ws/build/path_planner/build/lib/path_planner/__init__.py -> /home/chris/capstone/hitc_ws/install/path_planner/lib/python3.10/site-packages/path_planner
[4.200s] creating /home/chris/capstone/hitc_ws/install/path_planner/lib/python3.10/site-packages/path_planner/modern_robotics
[4.200s] copying /home/chris/capstone/hitc_ws/build/path_planner/build/lib/path_planner/modern_robotics/__init__.py -> /home/chris/capstone/hitc_ws/install/path_planner/lib/python3.10/site-packages/path_planner/modern_robotics
[4.201s] copying /home/chris/capstone/hitc_ws/build/path_planner/build/lib/path_planner/modern_robotics/__version__.py -> /home/chris/capstone/hitc_ws/install/path_planner/lib/python3.10/site-packages/path_planner/modern_robotics
[4.201s] copying /home/chris/capstone/hitc_ws/build/path_planner/build/lib/path_planner/modern_robotics/app.py -> /home/chris/capstone/hitc_ws/install/path_planner/lib/python3.10/site-packages/path_planner/modern_robotics
[4.201s] copying /home/chris/capstone/hitc_ws/build/path_planner/build/lib/path_planner/modern_robotics/core.py -> /home/chris/capstone/hitc_ws/install/path_planner/lib/python3.10/site-packages/path_planner/modern_robotics
[4.201s] copying /home/chris/capstone/hitc_ws/build/path_planner/build/lib/path_planner/test.py -> /home/chris/capstone/hitc_ws/install/path_planner/lib/python3.10/site-packages/path_planner
[4.201s] copying /home/chris/capstone/hitc_ws/build/path_planner/build/lib/path_planner/milestone.py -> /home/chris/capstone/hitc_ws/install/path_planner/lib/python3.10/site-packages/path_planner
[4.202s] byte-compiling /home/chris/capstone/hitc_ws/install/path_planner/lib/python3.10/site-packages/path_planner/__init__.py to __init__.cpython-310.pyc
[4.202s] byte-compiling /home/chris/capstone/hitc_ws/install/path_planner/lib/python3.10/site-packages/path_planner/modern_robotics/__init__.py to __init__.cpython-310.pyc
[4.202s] byte-compiling /home/chris/capstone/hitc_ws/install/path_planner/lib/python3.10/site-packages/path_planner/modern_robotics/__version__.py to __version__.cpython-310.pyc
[4.202s] byte-compiling /home/chris/capstone/hitc_ws/install/path_planner/lib/python3.10/site-packages/path_planner/modern_robotics/app.py to app.cpython-310.pyc
[4.203s] byte-compiling /home/chris/capstone/hitc_ws/install/path_planner/lib/python3.10/site-packages/path_planner/modern_robotics/core.py to core.cpython-310.pyc
[4.204s] byte-compiling /home/chris/capstone/hitc_ws/install/path_planner/lib/python3.10/site-packages/path_planner/test.py to test.cpython-310.pyc
[4.204s] byte-compiling /home/chris/capstone/hitc_ws/install/path_planner/lib/python3.10/site-packages/path_planner/milestone.py to milestone.cpython-310.pyc
[4.206s] running install_data
[4.207s] running install_egg_info
[4.209s] Copying ../../build/path_planner/path_planner.egg-info to /home/chris/capstone/hitc_ws/install/path_planner/lib/python3.10/site-packages/path_planner-0.0.0-py3.10.egg-info
[4.209s] running install_scripts
[4.231s] writing list of installed files to '/home/chris/capstone/hitc_ws/build/path_planner/install.log'
[4.510s] Invoked command in '/home/chris/capstone/hitc_ws/src/path_planner' returned '0': PYTHONPATH=/home/chris/capstone/hitc_ws/build/path_planner/prefix_override:/home/chris/capstone/hitc_ws/install/path_planner/lib/python3.10/site-packages:${PYTHONPATH} /usr/bin/python3 setup.py egg_info --egg-base ../../build/path_planner build --build-base /home/chris/capstone/hitc_ws/build/path_planner/build install --record /home/chris/capstone/hitc_ws/build/path_planner/install.log --single-version-externally-managed
