[3.685s] Invoking command in '/home/chris/capstone/hitc_ws/src/laser_pointer': PYTHONPATH=/home/chris/capstone/hitc_ws/build/laser_pointer/prefix_override:/home/chris/capstone/hitc_ws/install/laser_pointer/lib/python3.10/site-packages:${PYTHONPATH} /usr/bin/python3 setup.py egg_info --egg-base ../../build/laser_pointer build --build-base /home/chris/capstone/hitc_ws/build/laser_pointer/build install --record /home/chris/capstone/hitc_ws/build/laser_pointer/install.log --single-version-externally-managed
[4.906s] running egg_info
[4.909s] writing ../../build/laser_pointer/laser_pointer.egg-info/PKG-INFO
[4.910s] writing dependency_links to ../../build/laser_pointer/laser_pointer.egg-info/dependency_links.txt
[4.911s] writing entry points to ../../build/laser_pointer/laser_pointer.egg-info/entry_points.txt
[4.912s] writing requirements to ../../build/laser_pointer/laser_pointer.egg-info/requires.txt
[4.913s] writing top-level names to ../../build/laser_pointer/laser_pointer.egg-info/top_level.txt
[4.921s] reading manifest file '../../build/laser_pointer/laser_pointer.egg-info/SOURCES.txt'
[4.925s] writing manifest file '../../build/laser_pointer/laser_pointer.egg-info/SOURCES.txt'
[4.926s] running build
[4.926s] running build_py
[4.927s] copying laser_pointer/laser_end_effector.py -> /home/chris/capstone/hitc_ws/build/laser_pointer/build/lib/laser_pointer
[4.928s] running install
[4.930s] running install_lib
[4.933s] copying /home/chris/capstone/hitc_ws/build/laser_pointer/build/lib/laser_pointer/laser_end_effector.py -> /home/chris/capstone/hitc_ws/install/laser_pointer/lib/python3.10/site-packages/laser_pointer
[4.936s] byte-compiling /home/chris/capstone/hitc_ws/install/laser_pointer/lib/python3.10/site-packages/laser_pointer/laser_end_effector.py to laser_end_effector.cpython-310.pyc
[4.939s] running install_data
[4.941s] running install_egg_info
[4.948s] removing '/home/chris/capstone/hitc_ws/install/laser_pointer/lib/python3.10/site-packages/laser_pointer-0.0.0-py3.10.egg-info' (and everything under it)
[4.950s] Copying ../../build/laser_pointer/laser_pointer.egg-info to /home/chris/capstone/hitc_ws/install/laser_pointer/lib/python3.10/site-packages/laser_pointer-0.0.0-py3.10.egg-info
[4.955s] running install_scripts
[5.035s] Installing laser_end_effector script to /home/chris/capstone/hitc_ws/install/laser_pointer/lib/laser_pointer
[5.037s] writing list of installed files to '/home/chris/capstone/hitc_ws/build/laser_pointer/install.log'
[5.187s] Invoked command in '/home/chris/capstone/hitc_ws/src/laser_pointer' returned '0': PYTHONPATH=/home/chris/capstone/hitc_ws/build/laser_pointer/prefix_override:/home/chris/capstone/hitc_ws/install/laser_pointer/lib/python3.10/site-packages:${PYTHONPATH} /usr/bin/python3 setup.py egg_info --egg-base ../../build/laser_pointer build --build-base /home/chris/capstone/hitc_ws/build/laser_pointer/build install --record /home/chris/capstone/hitc_ws/build/laser_pointer/install.log --single-version-externally-managed
