[1.959s] Invoking command in '/home/chris/capstone/hitc_ws/src/laser_pointer': PYTHONPATH=/home/chris/capstone/hitc_ws/build/laser_pointer/prefix_override:/home/chris/capstone/hitc_ws/install/laser_pointer/lib/python3.10/site-packages:${PYTHONPATH} /usr/bin/python3 -W ignore:setup.py install is deprecated setup.py egg_info --egg-base ../../build/laser_pointer build --build-base /home/chris/capstone/hitc_ws/build/laser_pointer/build install --record /home/chris/capstone/hitc_ws/build/laser_pointer/install.log --single-version-externally-managed install_data
[2.260s] running egg_info
[2.260s] writing ../../build/laser_pointer/laser_pointer.egg-info/PKG-INFO
[2.260s] writing dependency_links to ../../build/laser_pointer/laser_pointer.egg-info/dependency_links.txt
[2.261s] writing entry points to ../../build/laser_pointer/laser_pointer.egg-info/entry_points.txt
[2.261s] writing requirements to ../../build/laser_pointer/laser_pointer.egg-info/requires.txt
[2.261s] writing top-level names to ../../build/laser_pointer/laser_pointer.egg-info/top_level.txt
[2.263s] reading manifest file '../../build/laser_pointer/laser_pointer.egg-info/SOURCES.txt'
[2.264s] writing manifest file '../../build/laser_pointer/laser_pointer.egg-info/SOURCES.txt'
[2.264s] running build
[2.264s] running build_py
[2.264s] running install
[2.265s] running install_lib
[2.266s] running install_data
[2.266s] running install_egg_info
[2.268s] removing '/home/chris/capstone/hitc_ws/install/laser_pointer/lib/python3.10/site-packages/laser_pointer-0.0.0-py3.10.egg-info' (and everything under it)
[2.268s] Copying ../../build/laser_pointer/laser_pointer.egg-info to /home/chris/capstone/hitc_ws/install/laser_pointer/lib/python3.10/site-packages/laser_pointer-0.0.0-py3.10.egg-info
[2.269s] running install_scripts
[2.289s] Installing laser_pointer script to /home/chris/capstone/hitc_ws/install/laser_pointer/lib/laser_pointer
[2.289s] Installing position_publisher script to /home/chris/capstone/hitc_ws/install/laser_pointer/lib/laser_pointer
[2.289s] Installing servo_position script to /home/chris/capstone/hitc_ws/install/laser_pointer/lib/laser_pointer
[2.290s] writing list of installed files to '/home/chris/capstone/hitc_ws/build/laser_pointer/install.log'
[2.324s] Invoked command in '/home/chris/capstone/hitc_ws/src/laser_pointer' returned '0': PYTHONPATH=/home/chris/capstone/hitc_ws/build/laser_pointer/prefix_override:/home/chris/capstone/hitc_ws/install/laser_pointer/lib/python3.10/site-packages:${PYTHONPATH} /usr/bin/python3 -W ignore:setup.py install is deprecated setup.py egg_info --egg-base ../../build/laser_pointer build --build-base /home/chris/capstone/hitc_ws/build/laser_pointer/build install --record /home/chris/capstone/hitc_ws/build/laser_pointer/install.log --single-version-externally-managed install_data
