[11.800s] Invoking command in '/home/chris/capstone/hitc_ws/src/path_planner': PYTHONPATH=/home/chris/capstone/hitc_ws/build/path_planner/prefix_override:/home/chris/capstone/hitc_ws/install/path_planner/lib/python3.10/site-packages:${PYTHONPATH} /usr/bin/python3 setup.py egg_info --egg-base ../../build/path_planner build --build-base /home/chris/capstone/hitc_ws/build/path_planner/build install --record /home/chris/capstone/hitc_ws/build/path_planner/install.log --single-version-externally-managed
[14.804s] running egg_info
[14.810s] writing ../../build/path_planner/path_planner.egg-info/PKG-INFO
[14.816s] writing dependency_links to ../../build/path_planner/path_planner.egg-info/dependency_links.txt
[14.822s] writing entry points to ../../build/path_planner/path_planner.egg-info/entry_points.txt
[14.841s] writing requirements to ../../build/path_planner/path_planner.egg-info/requires.txt
[14.845s] writing top-level names to ../../build/path_planner/path_planner.egg-info/top_level.txt
[14.851s] reading manifest file '../../build/path_planner/path_planner.egg-info/SOURCES.txt'
[14.856s] writing manifest file '../../build/path_planner/path_planner.egg-info/SOURCES.txt'
[14.862s] running build
[14.863s] running build_py
[14.864s] running install
[14.864s] running install_lib
[14.868s] running install_data
[14.883s] running install_egg_info
[14.891s] removing '/home/chris/capstone/hitc_ws/install/path_planner/lib/python3.10/site-packages/path_planner-0.0.0-py3.10.egg-info' (and everything under it)
[14.900s] Copying ../../build/path_planner/path_planner.egg-info to /home/chris/capstone/hitc_ws/install/path_planner/lib/python3.10/site-packages/path_planner-0.0.0-py3.10.egg-info
[14.904s] running install_scripts
[15.229s] writing list of installed files to '/home/chris/capstone/hitc_ws/build/path_planner/install.log'
[16.719s] Invoked command in '/home/chris/capstone/hitc_ws/src/path_planner' returned '0': PYTHONPATH=/home/chris/capstone/hitc_ws/build/path_planner/prefix_override:/home/chris/capstone/hitc_ws/install/path_planner/lib/python3.10/site-packages:${PYTHONPATH} /usr/bin/python3 setup.py egg_info --egg-base ../../build/path_planner build --build-base /home/chris/capstone/hitc_ws/build/path_planner/build install --record /home/chris/capstone/hitc_ws/build/path_planner/install.log --single-version-externally-managed
