[3.280s] Invoking command in '/home/chris/capstone/hitc_ws/src/path_planner': PYTHONPATH=/home/chris/capstone/hitc_ws/build/path_planner/prefix_override:/home/chris/capstone/hitc_ws/install/path_planner/lib/python3.10/site-packages:${PYTHONPATH} /usr/bin/python3 setup.py egg_info --egg-base ../../build/path_planner build --build-base /home/chris/capstone/hitc_ws/build/path_planner/build install --record /home/chris/capstone/hitc_ws/build/path_planner/install.log --single-version-externally-managed
[3.577s] running egg_info
[3.578s] writing ../../build/path_planner/path_planner.egg-info/PKG-INFO
[3.578s] writing dependency_links to ../../build/path_planner/path_planner.egg-info/dependency_links.txt
[3.578s] writing entry points to ../../build/path_planner/path_planner.egg-info/entry_points.txt
[3.578s] writing requirements to ../../build/path_planner/path_planner.egg-info/requires.txt
[3.579s] writing top-level names to ../../build/path_planner/path_planner.egg-info/top_level.txt
[3.580s] reading manifest file '../../build/path_planner/path_planner.egg-info/SOURCES.txt'
[3.581s] writing manifest file '../../build/path_planner/path_planner.egg-info/SOURCES.txt'
[3.581s] running build
[3.581s] running build_py
[3.582s] running install
[3.582s] running install_lib
[3.584s] running install_data
[3.585s] running install_egg_info
[3.586s] removing '/home/chris/capstone/hitc_ws/install/path_planner/lib/python3.10/site-packages/path_planner-0.0.0-py3.10.egg-info' (and everything under it)
[3.587s] Copying ../../build/path_planner/path_planner.egg-info to /home/chris/capstone/hitc_ws/install/path_planner/lib/python3.10/site-packages/path_planner-0.0.0-py3.10.egg-info
[3.587s] running install_scripts
[3.611s] writing list of installed files to '/home/chris/capstone/hitc_ws/build/path_planner/install.log'
[3.769s] Invoked command in '/home/chris/capstone/hitc_ws/src/path_planner' returned '0': PYTHONPATH=/home/chris/capstone/hitc_ws/build/path_planner/prefix_override:/home/chris/capstone/hitc_ws/install/path_planner/lib/python3.10/site-packages:${PYTHONPATH} /usr/bin/python3 setup.py egg_info --egg-base ../../build/path_planner build --build-base /home/chris/capstone/hitc_ws/build/path_planner/build install --record /home/chris/capstone/hitc_ws/build/path_planner/install.log --single-version-externally-managed
