[4.606s] Invoking command in '/home/chris/capstone/hitc_ws/src/laser_pointer': PYTHONPATH=/home/chris/capstone/hitc_ws/build/laser_pointer/prefix_override:/home/chris/capstone/hitc_ws/install/laser_pointer/lib/python3.10/site-packages:${PYTHONPATH} /usr/bin/python3 setup.py egg_info --egg-base ../../build/laser_pointer build --build-base /home/chris/capstone/hitc_ws/build/laser_pointer/build install --record /home/chris/capstone/hitc_ws/build/laser_pointer/install.log --single-version-externally-managed
[6.115s] running egg_info
[6.118s] writing ../../build/laser_pointer/laser_pointer.egg-info/PKG-INFO
[6.120s] writing dependency_links to ../../build/laser_pointer/laser_pointer.egg-info/dependency_links.txt
[6.121s] writing entry points to ../../build/laser_pointer/laser_pointer.egg-info/entry_points.txt
[6.122s] writing requirements to ../../build/laser_pointer/laser_pointer.egg-info/requires.txt
[6.123s] writing top-level names to ../../build/laser_pointer/laser_pointer.egg-info/top_level.txt
[6.132s] reading manifest file '../../build/laser_pointer/laser_pointer.egg-info/SOURCES.txt'
[6.137s] writing manifest file '../../build/laser_pointer/laser_pointer.egg-info/SOURCES.txt'
[6.137s] running build
[6.138s] running build_py
[6.139s] copying laser_pointer/servo_position.py -> /home/chris/capstone/hitc_ws/build/laser_pointer/build/lib/laser_pointer
[6.140s] copying laser_pointer/Position_publisher.py -> /home/chris/capstone/hitc_ws/build/laser_pointer/build/lib/laser_pointer
[6.141s] running install
[6.143s] running install_lib
[6.147s] copying /home/chris/capstone/hitc_ws/build/laser_pointer/build/lib/laser_pointer/servo_position.py -> /home/chris/capstone/hitc_ws/install/laser_pointer/lib/python3.10/site-packages/laser_pointer
[6.149s] copying /home/chris/capstone/hitc_ws/build/laser_pointer/build/lib/laser_pointer/Position_publisher.py -> /home/chris/capstone/hitc_ws/install/laser_pointer/lib/python3.10/site-packages/laser_pointer
[6.152s] byte-compiling /home/chris/capstone/hitc_ws/install/laser_pointer/lib/python3.10/site-packages/laser_pointer/servo_position.py to servo_position.cpython-310.pyc
[6.155s] byte-compiling /home/chris/capstone/hitc_ws/install/laser_pointer/lib/python3.10/site-packages/laser_pointer/Position_publisher.py to Position_publisher.cpython-310.pyc
[6.157s] running install_data
[6.160s] running install_egg_info
[6.168s] removing '/home/chris/capstone/hitc_ws/install/laser_pointer/lib/python3.10/site-packages/laser_pointer-0.0.0-py3.10.egg-info' (and everything under it)
[6.170s] Copying ../../build/laser_pointer/laser_pointer.egg-info to /home/chris/capstone/hitc_ws/install/laser_pointer/lib/python3.10/site-packages/laser_pointer-0.0.0-py3.10.egg-info
[6.183s] running install_scripts
[6.276s] Installing laser_pointer script to /home/chris/capstone/hitc_ws/install/laser_pointer/lib/laser_pointer
[6.283s] Installing servo_position script to /home/chris/capstone/hitc_ws/install/laser_pointer/lib/laser_pointer
[6.285s] writing list of installed files to '/home/chris/capstone/hitc_ws/build/laser_pointer/install.log'
[6.431s] Invoked command in '/home/chris/capstone/hitc_ws/src/laser_pointer' returned '0': PYTHONPATH=/home/chris/capstone/hitc_ws/build/laser_pointer/prefix_override:/home/chris/capstone/hitc_ws/install/laser_pointer/lib/python3.10/site-packages:${PYTHONPATH} /usr/bin/python3 setup.py egg_info --egg-base ../../build/laser_pointer build --build-base /home/chris/capstone/hitc_ws/build/laser_pointer/build install --record /home/chris/capstone/hitc_ws/build/laser_pointer/install.log --single-version-externally-managed
