[3.574s] Invoking command in '/home/chris/capstone/hitc_ws/src/camera_capture': PYTHONPATH=/home/chris/capstone/hitc_ws/build/camera_capture/prefix_override:/home/chris/capstone/hitc_ws/install/camera_capture/lib/python3.10/site-packages:${PYTHONPATH} /usr/bin/python3 setup.py egg_info --egg-base ../../build/camera_capture build --build-base /home/chris/capstone/hitc_ws/build/camera_capture/build install --record /home/chris/capstone/hitc_ws/build/camera_capture/install.log --single-version-externally-managed
[3.848s] running egg_info
[3.849s] writing ../../build/camera_capture/camera_capture.egg-info/PKG-INFO
[3.857s] writing dependency_links to ../../build/camera_capture/camera_capture.egg-info/dependency_links.txt
[3.857s] writing entry points to ../../build/camera_capture/camera_capture.egg-info/entry_points.txt
[3.857s] writing requirements to ../../build/camera_capture/camera_capture.egg-info/requires.txt
[3.857s] writing top-level names to ../../build/camera_capture/camera_capture.egg-info/top_level.txt
[3.859s] reading manifest file '../../build/camera_capture/camera_capture.egg-info/SOURCES.txt'
[3.860s] writing manifest file '../../build/camera_capture/camera_capture.egg-info/SOURCES.txt'
[3.861s] running build
[3.861s] running build_py
[3.862s] running install
[3.862s] running install_lib
[3.863s] running install_data
[3.864s] running install_egg_info
[3.866s] removing '/home/chris/capstone/hitc_ws/install/camera_capture/lib/python3.10/site-packages/camera_capture-0.0.0-py3.10.egg-info' (and everything under it)
[3.866s] Copying ../../build/camera_capture/camera_capture.egg-info to /home/chris/capstone/hitc_ws/install/camera_capture/lib/python3.10/site-packages/camera_capture-0.0.0-py3.10.egg-info
[3.867s] running install_scripts
[3.886s] Installing camera_capture script to /home/chris/capstone/hitc_ws/install/camera_capture/lib/camera_capture
[3.886s] Installing image_proccessing script to /home/chris/capstone/hitc_ws/install/camera_capture/lib/camera_capture
[3.886s] Installing motor_controller script to /home/chris/capstone/hitc_ws/install/camera_capture/lib/camera_capture
[3.886s] Installing safety_system script to /home/chris/capstone/hitc_ws/install/camera_capture/lib/camera_capture
[3.886s] writing list of installed files to '/home/chris/capstone/hitc_ws/build/camera_capture/install.log'
[4.038s] Invoked command in '/home/chris/capstone/hitc_ws/src/camera_capture' returned '0': PYTHONPATH=/home/chris/capstone/hitc_ws/build/camera_capture/prefix_override:/home/chris/capstone/hitc_ws/install/camera_capture/lib/python3.10/site-packages:${PYTHONPATH} /usr/bin/python3 setup.py egg_info --egg-base ../../build/camera_capture build --build-base /home/chris/capstone/hitc_ws/build/camera_capture/build install --record /home/chris/capstone/hitc_ws/build/camera_capture/install.log --single-version-externally-managed
