[2.997s] Invoking command in '/home/chris/capstone/hitc_ws/src/path_planner': PYTHONPATH=/home/chris/capstone/hitc_ws/build/path_planner/prefix_override:/home/chris/capstone/hitc_ws/install/path_planner/lib/python3.10/site-packages:${PYTHONPATH} /usr/bin/python3 setup.py egg_info --egg-base ../../build/path_planner build --build-base /home/chris/capstone/hitc_ws/build/path_planner/build install --record /home/chris/capstone/hitc_ws/build/path_planner/install.log --single-version-externally-managed
[3.281s] running egg_info
[3.281s] creating ../../build/path_planner/path_planner.egg-info
[3.281s] writing ../../build/path_planner/path_planner.egg-info/PKG-INFO
[3.282s] writing dependency_links to ../../build/path_planner/path_planner.egg-info/dependency_links.txt
[3.282s] writing entry points to ../../build/path_planner/path_planner.egg-info/entry_points.txt
[3.282s] writing requirements to ../../build/path_planner/path_planner.egg-info/requires.txt
[3.282s] writing top-level names to ../../build/path_planner/path_planner.egg-info/top_level.txt
[3.282s] writing manifest file '../../build/path_planner/path_planner.egg-info/SOURCES.txt'
[3.284s] reading manifest file '../../build/path_planner/path_planner.egg-info/SOURCES.txt'
[3.285s] writing manifest file '../../build/path_planner/path_planner.egg-info/SOURCES.txt'
[3.285s] running build
[3.285s] running build_py
[3.285s] creating /home/chris/capstone/hitc_ws/build/path_planner/build
[3.285s] creating /home/chris/capstone/hitc_ws/build/path_planner/build/lib
[3.285s] creating /home/chris/capstone/hitc_ws/build/path_planner/build/lib/path_planner
[3.285s] copying path_planner/__init__.py -> /home/chris/capstone/hitc_ws/build/path_planner/build/lib/path_planner
[3.286s] running install
[3.286s] running install_lib
[3.286s] creating /home/chris/capstone/hitc_ws/install/path_planner/lib/python3.10/site-packages/path_planner
[3.287s] copying /home/chris/capstone/hitc_ws/build/path_planner/build/lib/path_planner/__init__.py -> /home/chris/capstone/hitc_ws/install/path_planner/lib/python3.10/site-packages/path_planner
[3.287s] byte-compiling /home/chris/capstone/hitc_ws/install/path_planner/lib/python3.10/site-packages/path_planner/__init__.py to __init__.cpython-310.pyc
[3.287s] running install_data
[3.288s] creating /home/chris/capstone/hitc_ws/install/path_planner/share/ament_index
[3.288s] creating /home/chris/capstone/hitc_ws/install/path_planner/share/ament_index/resource_index
[3.288s] creating /home/chris/capstone/hitc_ws/install/path_planner/share/ament_index/resource_index/packages
[3.288s] copying resource/path_planner -> /home/chris/capstone/hitc_ws/install/path_planner/share/ament_index/resource_index/packages
[3.288s] copying package.xml -> /home/chris/capstone/hitc_ws/install/path_planner/share/path_planner
[3.288s] running install_egg_info
[3.290s] Copying ../../build/path_planner/path_planner.egg-info to /home/chris/capstone/hitc_ws/install/path_planner/lib/python3.10/site-packages/path_planner-0.0.0-py3.10.egg-info
[3.291s] running install_scripts
[3.313s] writing list of installed files to '/home/chris/capstone/hitc_ws/build/path_planner/install.log'
[3.451s] Invoked command in '/home/chris/capstone/hitc_ws/src/path_planner' returned '0': PYTHONPATH=/home/chris/capstone/hitc_ws/build/path_planner/prefix_override:/home/chris/capstone/hitc_ws/install/path_planner/lib/python3.10/site-packages:${PYTHONPATH} /usr/bin/python3 setup.py egg_info --egg-base ../../build/path_planner build --build-base /home/chris/capstone/hitc_ws/build/path_planner/build install --record /home/chris/capstone/hitc_ws/build/path_planner/install.log --single-version-externally-managed
