[13.510s] Invoking command in '/home/chris/capstone/hitc_ws/src/camera_capture': PYTHONPATH=/home/chris/capstone/hitc_ws/build/camera_capture/prefix_override:/home/chris/capstone/hitc_ws/install/camera_capture/lib/python3.10/site-packages:${PYTHONPATH} /usr/bin/python3 setup.py egg_info --egg-base ../../build/camera_capture build --build-base /home/chris/capstone/hitc_ws/build/camera_capture/build install --record /home/chris/capstone/hitc_ws/build/camera_capture/install.log --single-version-externally-managed
[16.135s] running egg_info
[16.141s] writing ../../build/camera_capture/camera_capture.egg-info/PKG-INFO
[16.144s] writing dependency_links to ../../build/camera_capture/camera_capture.egg-info/dependency_links.txt
[16.150s] writing entry points to ../../build/camera_capture/camera_capture.egg-info/entry_points.txt
[16.153s] writing requirements to ../../build/camera_capture/camera_capture.egg-info/requires.txt
[16.156s] writing top-level names to ../../build/camera_capture/camera_capture.egg-info/top_level.txt
[16.185s] reading manifest file '../../build/camera_capture/camera_capture.egg-info/SOURCES.txt'
[16.190s] writing manifest file '../../build/camera_capture/camera_capture.egg-info/SOURCES.txt'
[16.193s] running build
[16.201s] running build_py
[16.213s] copying camera_capture/image_processing.py -> /home/chris/capstone/hitc_ws/build/camera_capture/build/lib/camera_capture
[16.216s] copying camera_capture/camera_capture.py -> /home/chris/capstone/hitc_ws/build/camera_capture/build/lib/camera_capture
[16.225s] running install
[16.235s] running install_lib
[16.240s] copying /home/chris/capstone/hitc_ws/build/camera_capture/build/lib/camera_capture/image_processing.py -> /home/chris/capstone/hitc_ws/install/camera_capture/lib/python3.10/site-packages/camera_capture
[16.244s] copying /home/chris/capstone/hitc_ws/build/camera_capture/build/lib/camera_capture/camera_capture.py -> /home/chris/capstone/hitc_ws/install/camera_capture/lib/python3.10/site-packages/camera_capture
[16.248s] byte-compiling /home/chris/capstone/hitc_ws/install/camera_capture/lib/python3.10/site-packages/camera_capture/image_processing.py to image_processing.cpython-310.pyc
[16.269s] byte-compiling /home/chris/capstone/hitc_ws/install/camera_capture/lib/python3.10/site-packages/camera_capture/camera_capture.py to camera_capture.cpython-310.pyc
[16.270s] running install_data
[16.271s] running install_egg_info
[16.271s] removing '/home/chris/capstone/hitc_ws/install/camera_capture/lib/python3.10/site-packages/camera_capture-0.0.0-py3.10.egg-info' (and everything under it)
[16.272s] Copying ../../build/camera_capture/camera_capture.egg-info to /home/chris/capstone/hitc_ws/install/camera_capture/lib/python3.10/site-packages/camera_capture-0.0.0-py3.10.egg-info
[16.280s] running install_scripts
[16.574s] Installing camera_capture script to /home/chris/capstone/hitc_ws/install/camera_capture/lib/camera_capture
[16.590s] Installing image_proccessing script to /home/chris/capstone/hitc_ws/install/camera_capture/lib/camera_capture
[16.591s] writing list of installed files to '/home/chris/capstone/hitc_ws/build/camera_capture/install.log'
[17.813s] Invoked command in '/home/chris/capstone/hitc_ws/src/camera_capture' returned '0': PYTHONPATH=/home/chris/capstone/hitc_ws/build/camera_capture/prefix_override:/home/chris/capstone/hitc_ws/install/camera_capture/lib/python3.10/site-packages:${PYTHONPATH} /usr/bin/python3 setup.py egg_info --egg-base ../../build/camera_capture build --build-base /home/chris/capstone/hitc_ws/build/camera_capture/build install --record /home/chris/capstone/hitc_ws/build/camera_capture/install.log --single-version-externally-managed
