[1.663s] Invoking command in '/home/chris/capstone/hitc_ws/build/robot_arm_description': CMAKE_PREFIX_PATH=${CMAKE_PREFIX_PATH}:/home/chris/ros2_ws/install/turtlesim_catch_them_all:/home/chris/ros2_ws/install/my_py_pkg:/home/chris/hitc_ws/install/test_motors_py:/home/chris/hitc_ws/install/camera_py:/opt/ros/humble /usr/bin/cmake /home/chris/capstone/hitc_ws/src/robot_arm_description -DCMAKE_INSTALL_PREFIX=/home/chris/capstone/hitc_ws/install/robot_arm_description
[2.012s] -- The C compiler identification is GNU 11.4.0
[2.013s] -- The CXX compiler identification is GNU 11.4.0
[2.013s] -- Detecting C compiler ABI info
[2.013s] -- Detecting C compiler ABI info - done
[2.013s] -- Check for working C compiler: /usr/bin/cc - skipped
[2.013s] -- Detecting C compile features
[2.013s] -- Detecting C compile features - done
[2.013s] -- Detecting CXX compiler ABI info
[2.013s] -- Detecting CXX compiler ABI info - done
[2.013s] -- Check for working CXX compiler: /usr/bin/c++ - skipped
[2.013s] -- Detecting CXX compile features
[2.013s] -- Detecting CXX compile features - done
[2.013s] -- Found ament_cmake: 1.3.7 (/opt/ros/humble/share/ament_cmake/cmake)
[2.105s] -- Found Python3: /usr/bin/python3.10 (found version "3.10.12") found components: Interpreter 
[2.204s] -- Found ament_lint_auto: 0.12.10 (/opt/ros/humble/share/ament_lint_auto/cmake)
[2.285s] -- Added test 'lint_cmake' to check CMake code style
[2.286s] -- Added test 'xmllint' to check XML markup files
[2.288s] -- Configuring done
[2.290s] -- Generating done
[2.291s] -- Build files have been written to: /home/chris/capstone/hitc_ws/build/robot_arm_description
[2.382s] Invoked command in '/home/chris/capstone/hitc_ws/build/robot_arm_description' returned '0': CMAKE_PREFIX_PATH=${CMAKE_PREFIX_PATH}:/home/chris/ros2_ws/install/turtlesim_catch_them_all:/home/chris/ros2_ws/install/my_py_pkg:/home/chris/hitc_ws/install/test_motors_py:/home/chris/hitc_ws/install/camera_py:/opt/ros/humble /usr/bin/cmake /home/chris/capstone/hitc_ws/src/robot_arm_description -DCMAKE_INSTALL_PREFIX=/home/chris/capstone/hitc_ws/install/robot_arm_description
[2.385s] Invoking command in '/home/chris/capstone/hitc_ws/build/robot_arm_description': CMAKE_PREFIX_PATH=${CMAKE_PREFIX_PATH}:/home/chris/ros2_ws/install/turtlesim_catch_them_all:/home/chris/ros2_ws/install/my_py_pkg:/home/chris/hitc_ws/install/test_motors_py:/home/chris/hitc_ws/install/camera_py:/opt/ros/humble /usr/bin/cmake --build /home/chris/capstone/hitc_ws/build/robot_arm_description -- -j12 -l12
[2.438s] Invoked command in '/home/chris/capstone/hitc_ws/build/robot_arm_description' returned '0': CMAKE_PREFIX_PATH=${CMAKE_PREFIX_PATH}:/home/chris/ros2_ws/install/turtlesim_catch_them_all:/home/chris/ros2_ws/install/my_py_pkg:/home/chris/hitc_ws/install/test_motors_py:/home/chris/hitc_ws/install/camera_py:/opt/ros/humble /usr/bin/cmake --build /home/chris/capstone/hitc_ws/build/robot_arm_description -- -j12 -l12
[2.482s] Invoking command in '/home/chris/capstone/hitc_ws/build/robot_arm_description': CMAKE_PREFIX_PATH=${CMAKE_PREFIX_PATH}:/home/chris/ros2_ws/install/turtlesim_catch_them_all:/home/chris/ros2_ws/install/my_py_pkg:/home/chris/hitc_ws/install/test_motors_py:/home/chris/hitc_ws/install/camera_py:/opt/ros/humble /usr/bin/cmake --install /home/chris/capstone/hitc_ws/build/robot_arm_description
[2.492s] -- Install configuration: ""
[2.492s] -- Installing: /home/chris/capstone/hitc_ws/install/robot_arm_description/share/ament_index/resource_index/package_run_dependencies/robot_arm_description
[2.492s] -- Installing: /home/chris/capstone/hitc_ws/install/robot_arm_description/share/ament_index/resource_index/parent_prefix_path/robot_arm_description
[2.493s] -- Installing: /home/chris/capstone/hitc_ws/install/robot_arm_description/share/robot_arm_description/environment/ament_prefix_path.sh
[2.493s] -- Installing: /home/chris/capstone/hitc_ws/install/robot_arm_description/share/robot_arm_description/environment/ament_prefix_path.dsv
[2.493s] -- Installing: /home/chris/capstone/hitc_ws/install/robot_arm_description/share/robot_arm_description/environment/path.sh
[2.493s] -- Installing: /home/chris/capstone/hitc_ws/install/robot_arm_description/share/robot_arm_description/environment/path.dsv
[2.493s] -- Installing: /home/chris/capstone/hitc_ws/install/robot_arm_description/share/robot_arm_description/local_setup.bash
[2.493s] -- Installing: /home/chris/capstone/hitc_ws/install/robot_arm_description/share/robot_arm_description/local_setup.sh
[2.494s] -- Installing: /home/chris/capstone/hitc_ws/install/robot_arm_description/share/robot_arm_description/local_setup.zsh
[2.494s] -- Installing: /home/chris/capstone/hitc_ws/install/robot_arm_description/share/robot_arm_description/local_setup.dsv
[2.494s] -- Installing: /home/chris/capstone/hitc_ws/install/robot_arm_description/share/robot_arm_description/package.dsv
[2.494s] -- Installing: /home/chris/capstone/hitc_ws/install/robot_arm_description/share/ament_index/resource_index/packages/robot_arm_description
[2.495s] -- Installing: /home/chris/capstone/hitc_ws/install/robot_arm_description/share/robot_arm_description/cmake/robot_arm_descriptionConfig.cmake
[2.495s] -- Installing: /home/chris/capstone/hitc_ws/install/robot_arm_description/share/robot_arm_description/cmake/robot_arm_descriptionConfig-version.cmake
[2.495s] -- Installing: /home/chris/capstone/hitc_ws/install/robot_arm_description/share/robot_arm_description/package.xml
[2.497s] Invoked command in '/home/chris/capstone/hitc_ws/build/robot_arm_description' returned '0': CMAKE_PREFIX_PATH=${CMAKE_PREFIX_PATH}:/home/chris/ros2_ws/install/turtlesim_catch_them_all:/home/chris/ros2_ws/install/my_py_pkg:/home/chris/hitc_ws/install/test_motors_py:/home/chris/hitc_ws/install/camera_py:/opt/ros/humble /usr/bin/cmake --install /home/chris/capstone/hitc_ws/build/robot_arm_description
