running egg_info
writing ../../build/state_publisher_py/state_publisher_py.egg-info/PKG-INFO
writing dependency_links to ../../build/state_publisher_py/state_publisher_py.egg-info/dependency_links.txt
writing entry points to ../../build/state_publisher_py/state_publisher_py.egg-info/entry_points.txt
writing requirements to ../../build/state_publisher_py/state_publisher_py.egg-info/requires.txt
writing top-level names to ../../build/state_publisher_py/state_publisher_py.egg-info/top_level.txt
reading manifest file '../../build/state_publisher_py/state_publisher_py.egg-info/SOURCES.txt'
writing manifest file '../../build/state_publisher_py/state_publisher_py.egg-info/SOURCES.txt'
running build
running build_py
copying state_publisher_py/state_publisher.py -> /home/chris/capstone/hitc_ws/build/state_publisher_py/build/lib/state_publisher_py
running install
running install_lib
copying /home/chris/capstone/hitc_ws/build/state_publisher_py/build/lib/state_publisher_py/state_publisher.py -> /home/chris/capstone/hitc_ws/install/state_publisher_py/lib/python3.10/site-packages/state_publisher_py
byte-compiling /home/chris/capstone/hitc_ws/install/state_publisher_py/lib/python3.10/site-packages/state_publisher_py/state_publisher.py to state_publisher.cpython-310.pyc
running install_data
running install_egg_info
removing '/home/chris/capstone/hitc_ws/install/state_publisher_py/lib/python3.10/site-packages/state_publisher_py-0.0.0-py3.10.egg-info' (and everything under it)
Copying ../../build/state_publisher_py/state_publisher_py.egg-info to /home/chris/capstone/hitc_ws/install/state_publisher_py/lib/python3.10/site-packages/state_publisher_py-0.0.0-py3.10.egg-info
running install_scripts
Installing state_publisher script to /home/chris/capstone/hitc_ws/install/state_publisher_py/lib/state_publisher_py
writing list of installed files to '/home/chris/capstone/hitc_ws/build/state_publisher_py/install.log'
