-- Found ament_cmake: 1.3.8 (/opt/ros/humble/share/ament_cmake/cmake)
-- Found Python3: /usr/bin/python3 (found version "3.10.12") found components: Interpreter 
-- Override CMake install command with custom implementation using symlinks instead of copying resources
-- Found ament_lint_auto: 0.12.10 (/opt/ros/humble/share/ament_lint_auto/cmake)
-- Configuring done
-- Generating done
-- Build files have been written to: /home/chris/capstone/hitc_ws/build/hitc_robot_description
-- Install configuration: ""
-- Execute custom install script
-- Symlinking: /home/chris/capstone/hitc_ws/install/hitc_robot_description/share/hitc_robot_description//config/joint_names_hitc_robot_description.yaml
-- Symlinking: /home/chris/capstone/hitc_ws/install/hitc_robot_description/share/hitc_robot_description//launch/display.launch
-- Symlinking: /home/chris/capstone/hitc_ws/install/hitc_robot_description/share/hitc_robot_description//launch/gazebo.launch
-- Symlinking: /home/chris/capstone/hitc_ws/install/hitc_robot_description/share/hitc_robot_description//meshes/base_link.STL
-- Symlinking: /home/chris/capstone/hitc_ws/install/hitc_robot_description/share/hitc_robot_description//meshes/link1.STL
-- Symlinking: /home/chris/capstone/hitc_ws/install/hitc_robot_description/share/hitc_robot_description//meshes/link2.STL
-- Symlinking: /home/chris/capstone/hitc_ws/install/hitc_robot_description/share/hitc_robot_description//urdf/hitc_robot_description.csv
-- Symlinking: /home/chris/capstone/hitc_ws/install/hitc_robot_description/share/hitc_robot_description//urdf/hitc_robot_description.urdf
-- Symlinking: /home/chris/capstone/hitc_ws/install/hitc_robot_description/share/ament_index/resource_index/package_run_dependencies/hitc_robot_description
-- Symlinking: /home/chris/capstone/hitc_ws/install/hitc_robot_description/share/ament_index/resource_index/parent_prefix_path/hitc_robot_description
-- Symlinking: /home/chris/capstone/hitc_ws/install/hitc_robot_description/share/hitc_robot_description/environment/ament_prefix_path.sh
-- Symlinking: /home/chris/capstone/hitc_ws/install/hitc_robot_description/share/hitc_robot_description/environment/ament_prefix_path.dsv
-- Symlinking: /home/chris/capstone/hitc_ws/install/hitc_robot_description/share/hitc_robot_description/environment/path.sh
-- Symlinking: /home/chris/capstone/hitc_ws/install/hitc_robot_description/share/hitc_robot_description/environment/path.dsv
-- Symlinking: /home/chris/capstone/hitc_ws/install/hitc_robot_description/share/hitc_robot_description/local_setup.bash
-- Symlinking: /home/chris/capstone/hitc_ws/install/hitc_robot_description/share/hitc_robot_description/local_setup.sh
-- Symlinking: /home/chris/capstone/hitc_ws/install/hitc_robot_description/share/hitc_robot_description/local_setup.zsh
-- Symlinking: /home/chris/capstone/hitc_ws/install/hitc_robot_description/share/hitc_robot_description/local_setup.dsv
-- Symlinking: /home/chris/capstone/hitc_ws/install/hitc_robot_description/share/hitc_robot_description/package.dsv
-- Symlinking: /home/chris/capstone/hitc_ws/install/hitc_robot_description/share/ament_index/resource_index/packages/hitc_robot_description
-- Symlinking: /home/chris/capstone/hitc_ws/install/hitc_robot_description/share/hitc_robot_description/cmake/hitc_robot_descriptionConfig.cmake
-- Symlinking: /home/chris/capstone/hitc_ws/install/hitc_robot_description/share/hitc_robot_description/cmake/hitc_robot_descriptionConfig-version.cmake
-- Symlinking: /home/chris/capstone/hitc_ws/install/hitc_robot_description/share/hitc_robot_description/package.xml
