[19.195s] Invoking command in '/home/chris/capstone/hitc_ws/src/laser_pointer': PYTHONPATH=/home/chris/capstone/hitc_ws/build/laser_pointer/prefix_override:/home/chris/capstone/hitc_ws/install/laser_pointer/lib/python3.10/site-packages:${PYTHONPATH} /usr/bin/python3 setup.py egg_info --egg-base ../../build/laser_pointer build --build-base /home/chris/capstone/hitc_ws/build/laser_pointer/build install --record /home/chris/capstone/hitc_ws/build/laser_pointer/install.log --single-version-externally-managed
[25.518s] running egg_info
[25.520s] writing ../../build/laser_pointer/laser_pointer.egg-info/PKG-INFO
[25.521s] writing dependency_links to ../../build/laser_pointer/laser_pointer.egg-info/dependency_links.txt
[25.523s] writing entry points to ../../build/laser_pointer/laser_pointer.egg-info/entry_points.txt
[25.523s] writing requirements to ../../build/laser_pointer/laser_pointer.egg-info/requires.txt
[25.525s] writing top-level names to ../../build/laser_pointer/laser_pointer.egg-info/top_level.txt
[25.538s] reading manifest file '../../build/laser_pointer/laser_pointer.egg-info/SOURCES.txt'
[25.543s] writing manifest file '../../build/laser_pointer/laser_pointer.egg-info/SOURCES.txt'
[25.543s] running build
[25.544s] running build_py
[25.546s] running install
[25.548s] running install_lib
[25.556s] running install_data
[25.561s] running install_egg_info
[25.571s] removing '/home/chris/capstone/hitc_ws/install/laser_pointer/lib/python3.10/site-packages/laser_pointer-0.0.0-py3.10.egg-info' (and everything under it)
[25.574s] Copying ../../build/laser_pointer/laser_pointer.egg-info to /home/chris/capstone/hitc_ws/install/laser_pointer/lib/python3.10/site-packages/laser_pointer-0.0.0-py3.10.egg-info
[25.592s] running install_scripts
[25.770s] Installing laser_end_effector script to /home/chris/capstone/hitc_ws/install/laser_pointer/lib/laser_pointer
[25.795s] writing list of installed files to '/home/chris/capstone/hitc_ws/build/laser_pointer/install.log'
[30.277s] Invoked command in '/home/chris/capstone/hitc_ws/src/laser_pointer' returned '0': PYTHONPATH=/home/chris/capstone/hitc_ws/build/laser_pointer/prefix_override:/home/chris/capstone/hitc_ws/install/laser_pointer/lib/python3.10/site-packages:${PYTHONPATH} /usr/bin/python3 setup.py egg_info --egg-base ../../build/laser_pointer build --build-base /home/chris/capstone/hitc_ws/build/laser_pointer/build install --record /home/chris/capstone/hitc_ws/build/laser_pointer/install.log --single-version-externally-managed
