[1.401s] Invoking command in '/home/chris/capstone/hitc_ws/build/hitc_robot_description': CMAKE_PREFIX_PATH=${CMAKE_PREFIX_PATH}:/home/chris/ros2_ws/install/turtlesim_catch_them_all:/home/chris/ros2_ws/install/my_py_pkg:/home/chris/second_ros2_ws/install/urdf_tutorial_r2d2:/home/chris/ws_moveit/install/moveit_configs_utils:/home/chris/capstone/hitc_ws/install/trajectory_generator:/home/chris/capstone/hitc_ws/install/state_publisher_py:/home/chris/capstone/hitc_ws/install/path_planner:/home/chris/capstone/hitc_ws/install/laser_pointer:/home/chris/capstone/hitc_ws/install/camera_capture:/home/chris/hitc_ws/install/test_motors_py:/home/chris/hitc_ws/install/camera_py:/opt/ros/humble /usr/bin/cmake --build /home/chris/capstone/hitc_ws/build/hitc_robot_description -- -j12 -l12
[2.740s] Invoked command in '/home/chris/capstone/hitc_ws/build/hitc_robot_description' returned '0': CMAKE_PREFIX_PATH=${CMAKE_PREFIX_PATH}:/home/chris/ros2_ws/install/turtlesim_catch_them_all:/home/chris/ros2_ws/install/my_py_pkg:/home/chris/second_ros2_ws/install/urdf_tutorial_r2d2:/home/chris/ws_moveit/install/moveit_configs_utils:/home/chris/capstone/hitc_ws/install/trajectory_generator:/home/chris/capstone/hitc_ws/install/state_publisher_py:/home/chris/capstone/hitc_ws/install/path_planner:/home/chris/capstone/hitc_ws/install/laser_pointer:/home/chris/capstone/hitc_ws/install/camera_capture:/home/chris/hitc_ws/install/test_motors_py:/home/chris/hitc_ws/install/camera_py:/opt/ros/humble /usr/bin/cmake --build /home/chris/capstone/hitc_ws/build/hitc_robot_description -- -j12 -l12
[3.209s] Invoking command in '/home/chris/capstone/hitc_ws/build/hitc_robot_description': CMAKE_PREFIX_PATH=${CMAKE_PREFIX_PATH}:/home/chris/ros2_ws/install/turtlesim_catch_them_all:/home/chris/ros2_ws/install/my_py_pkg:/home/chris/second_ros2_ws/install/urdf_tutorial_r2d2:/home/chris/ws_moveit/install/moveit_configs_utils:/home/chris/capstone/hitc_ws/install/trajectory_generator:/home/chris/capstone/hitc_ws/install/state_publisher_py:/home/chris/capstone/hitc_ws/install/path_planner:/home/chris/capstone/hitc_ws/install/laser_pointer:/home/chris/capstone/hitc_ws/install/camera_capture:/home/chris/hitc_ws/install/test_motors_py:/home/chris/hitc_ws/install/camera_py:/opt/ros/humble /usr/bin/cmake --install /home/chris/capstone/hitc_ws/build/hitc_robot_description
[3.224s] -- Install configuration: ""
[3.224s] -- Execute custom install script
[3.224s] -- Up-to-date symlink: /home/chris/capstone/hitc_ws/install/hitc_robot_description/share/hitc_robot_description//config/joint_names_hitc_robot_description.yaml
[3.225s] -- Up-to-date symlink: /home/chris/capstone/hitc_ws/install/hitc_robot_description/share/hitc_robot_description//launch/display.launch
[3.225s] -- Up-to-date symlink: /home/chris/capstone/hitc_ws/install/hitc_robot_description/share/hitc_robot_description//launch/gazebo.launch
[3.225s] -- Up-to-date symlink: /home/chris/capstone/hitc_ws/install/hitc_robot_description/share/hitc_robot_description//meshes/base_link.STL
[3.225s] -- Up-to-date symlink: /home/chris/capstone/hitc_ws/install/hitc_robot_description/share/hitc_robot_description//meshes/end_effector.STL
[3.225s] -- Up-to-date symlink: /home/chris/capstone/hitc_ws/install/hitc_robot_description/share/hitc_robot_description//meshes/link1.STL
[3.225s] -- Up-to-date symlink: /home/chris/capstone/hitc_ws/install/hitc_robot_description/share/hitc_robot_description//meshes/link2.STL
[3.226s] -- Up-to-date symlink: /home/chris/capstone/hitc_ws/install/hitc_robot_description/share/hitc_robot_description//urdf/hitc_robot_description.csv
[3.226s] -- Up-to-date symlink: /home/chris/capstone/hitc_ws/install/hitc_robot_description/share/hitc_robot_description//urdf/hitc_robot_description.urdf
[3.226s] -- Up-to-date symlink: /home/chris/capstone/hitc_ws/install/hitc_robot_description/share/ament_index/resource_index/package_run_dependencies/hitc_robot_description
[3.226s] -- Up-to-date symlink: /home/chris/capstone/hitc_ws/install/hitc_robot_description/share/ament_index/resource_index/parent_prefix_path/hitc_robot_description
[3.226s] -- Up-to-date symlink: /home/chris/capstone/hitc_ws/install/hitc_robot_description/share/hitc_robot_description/environment/ament_prefix_path.sh
[3.226s] -- Up-to-date symlink: /home/chris/capstone/hitc_ws/install/hitc_robot_description/share/hitc_robot_description/environment/ament_prefix_path.dsv
[3.227s] -- Up-to-date symlink: /home/chris/capstone/hitc_ws/install/hitc_robot_description/share/hitc_robot_description/environment/path.sh
[3.227s] -- Up-to-date symlink: /home/chris/capstone/hitc_ws/install/hitc_robot_description/share/hitc_robot_description/environment/path.dsv
[3.227s] -- Up-to-date symlink: /home/chris/capstone/hitc_ws/install/hitc_robot_description/share/hitc_robot_description/local_setup.bash
[3.227s] -- Up-to-date symlink: /home/chris/capstone/hitc_ws/install/hitc_robot_description/share/hitc_robot_description/local_setup.sh
[3.228s] -- Up-to-date symlink: /home/chris/capstone/hitc_ws/install/hitc_robot_description/share/hitc_robot_description/local_setup.zsh
[3.228s] -- Up-to-date symlink: /home/chris/capstone/hitc_ws/install/hitc_robot_description/share/hitc_robot_description/local_setup.dsv
[3.228s] -- Symlinking: /home/chris/capstone/hitc_ws/install/hitc_robot_description/share/hitc_robot_description/package.dsv
[3.248s] -- Up-to-date symlink: /home/chris/capstone/hitc_ws/install/hitc_robot_description/share/ament_index/resource_index/packages/hitc_robot_description
[3.248s] -- Up-to-date symlink: /home/chris/capstone/hitc_ws/install/hitc_robot_description/share/hitc_robot_description/cmake/hitc_robot_descriptionConfig.cmake
[3.248s] -- Up-to-date symlink: /home/chris/capstone/hitc_ws/install/hitc_robot_description/share/hitc_robot_description/cmake/hitc_robot_descriptionConfig-version.cmake
[3.248s] -- Up-to-date symlink: /home/chris/capstone/hitc_ws/install/hitc_robot_description/share/hitc_robot_description/package.xml
[3.250s] Invoked command in '/home/chris/capstone/hitc_ws/build/hitc_robot_description' returned '0': CMAKE_PREFIX_PATH=${CMAKE_PREFIX_PATH}:/home/chris/ros2_ws/install/turtlesim_catch_them_all:/home/chris/ros2_ws/install/my_py_pkg:/home/chris/second_ros2_ws/install/urdf_tutorial_r2d2:/home/chris/ws_moveit/install/moveit_configs_utils:/home/chris/capstone/hitc_ws/install/trajectory_generator:/home/chris/capstone/hitc_ws/install/state_publisher_py:/home/chris/capstone/hitc_ws/install/path_planner:/home/chris/capstone/hitc_ws/install/laser_pointer:/home/chris/capstone/hitc_ws/install/camera_capture:/home/chris/hitc_ws/install/test_motors_py:/home/chris/hitc_ws/install/camera_py:/opt/ros/humble /usr/bin/cmake --install /home/chris/capstone/hitc_ws/build/hitc_robot_description
