[3.259s] Invoking command in '/home/chris/capstone/hitc_ws/build/path_planner': PYTHONPATH=/home/chris/capstone/hitc_ws/build/path_planner/prefix_override:/home/chris/capstone/hitc_ws/install/path_planner/lib/python3.10/site-packages:${PYTHONPATH} /usr/bin/python3 setup.py develop --editable --build-directory /home/chris/capstone/hitc_ws/build/path_planner/build --no-deps install_data
[3.626s] running develop
[3.849s] running egg_info
[3.849s] creating path_planner.egg-info
[3.850s] writing path_planner.egg-info/PKG-INFO
[3.850s] writing dependency_links to path_planner.egg-info/dependency_links.txt
[3.850s] writing entry points to path_planner.egg-info/entry_points.txt
[3.850s] writing requirements to path_planner.egg-info/requires.txt
[3.850s] writing top-level names to path_planner.egg-info/top_level.txt
[3.851s] writing manifest file 'path_planner.egg-info/SOURCES.txt'
[3.851s] reading manifest file 'path_planner.egg-info/SOURCES.txt'
[3.852s] writing manifest file 'path_planner.egg-info/SOURCES.txt'
[3.853s] running build_ext
[3.853s] Creating /home/chris/capstone/hitc_ws/install/path_planner/lib/python3.10/site-packages/path-planner.egg-link (link to .)
[3.854s] 
[3.854s] Installed /home/chris/capstone/hitc_ws/build/path_planner
[3.854s] running install_data
[3.854s] creating /home/chris/capstone/hitc_ws/install/path_planner/share/ament_index
[3.855s] creating /home/chris/capstone/hitc_ws/install/path_planner/share/ament_index/resource_index
[3.855s] creating /home/chris/capstone/hitc_ws/install/path_planner/share/ament_index/resource_index/packages
[3.855s] copying resource/path_planner -> /home/chris/capstone/hitc_ws/install/path_planner/share/ament_index/resource_index/packages
[3.855s] copying package.xml -> /home/chris/capstone/hitc_ws/install/path_planner/share/path_planner
[4.002s] Invoked command in '/home/chris/capstone/hitc_ws/build/path_planner' returned '0': PYTHONPATH=/home/chris/capstone/hitc_ws/build/path_planner/prefix_override:/home/chris/capstone/hitc_ws/install/path_planner/lib/python3.10/site-packages:${PYTHONPATH} /usr/bin/python3 setup.py develop --editable --build-directory /home/chris/capstone/hitc_ws/build/path_planner/build --no-deps install_data
