[0.652s] Invoking command in '/home/chris/capstone/hitc_ws/src/build/c_pkg': CMAKE_PREFIX_PATH=${CMAKE_PREFIX_PATH}:/home/chris/ros2_ws/install/turtlesim_catch_them_all:/home/chris/ros2_ws/install/my_py_pkg:/home/chris/hitc_ws/install/test_motors_py:/home/chris/hitc_ws/install/camera_py:/opt/ros/humble /usr/bin/cmake /home/chris/capstone/hitc_ws/src/c_pkg -DCMAKE_INSTALL_PREFIX=/home/chris/capstone/hitc_ws/src/install/c_pkg
[2.048s] -- The C compiler identification is GNU 11.4.0
[2.048s] -- The CXX compiler identification is GNU 11.4.0
[2.048s] -- Detecting C compiler ABI info
[2.048s] -- Detecting C compiler ABI info - done
[2.048s] -- Check for working C compiler: /usr/bin/cc - skipped
[2.048s] -- Detecting C compile features
[2.048s] -- Detecting C compile features - done
[2.049s] -- Detecting CXX compiler ABI info
[2.049s] -- Detecting CXX compiler ABI info - done
[2.049s] -- Check for working CXX compiler: /usr/bin/c++ - skipped
[2.049s] -- Detecting CXX compile features
[2.049s] -- Detecting CXX compile features - done
[2.049s] -- Found ament_cmake: 1.3.7 (/opt/ros/humble/share/ament_cmake/cmake)
[2.049s] -- Found Python3: /usr/bin/python3.10 (found version "3.10.12") found components: Interpreter 
[2.049s] -- Found ament_lint_auto: 0.12.10 (/opt/ros/humble/share/ament_lint_auto/cmake)
[2.049s] -- Added test 'lint_cmake' to check CMake code style
[2.049s] -- Added test 'xmllint' to check XML markup files
[2.049s] -- Configuring done
[2.050s] -- Generating done
[2.050s] -- Build files have been written to: /home/chris/capstone/hitc_ws/src/build/c_pkg
[2.400s] Invoked command in '/home/chris/capstone/hitc_ws/src/build/c_pkg' returned '0': CMAKE_PREFIX_PATH=${CMAKE_PREFIX_PATH}:/home/chris/ros2_ws/install/turtlesim_catch_them_all:/home/chris/ros2_ws/install/my_py_pkg:/home/chris/hitc_ws/install/test_motors_py:/home/chris/hitc_ws/install/camera_py:/opt/ros/humble /usr/bin/cmake /home/chris/capstone/hitc_ws/src/c_pkg -DCMAKE_INSTALL_PREFIX=/home/chris/capstone/hitc_ws/src/install/c_pkg
[2.402s] Invoking command in '/home/chris/capstone/hitc_ws/src/build/c_pkg': CMAKE_PREFIX_PATH=${CMAKE_PREFIX_PATH}:/home/chris/ros2_ws/install/turtlesim_catch_them_all:/home/chris/ros2_ws/install/my_py_pkg:/home/chris/hitc_ws/install/test_motors_py:/home/chris/hitc_ws/install/camera_py:/opt/ros/humble /usr/bin/cmake --build /home/chris/capstone/hitc_ws/src/build/c_pkg -- -j12 -l12
