[12.229s] Invoking command in '/home/chris/capstone/hitc_ws/src/my_robot_description': PYTHONPATH=/home/chris/capstone/hitc_ws/build/my_robot_description/prefix_override:/home/chris/capstone/hitc_ws/install/my_robot_description/lib/python3.10/site-packages:${PYTHONPATH} /usr/bin/python3 setup.py egg_info --egg-base ../../build/my_robot_description build --build-base /home/chris/capstone/hitc_ws/build/my_robot_description/build install --record /home/chris/capstone/hitc_ws/build/my_robot_description/install.log --single-version-externally-managed
[14.700s] running egg_info
[14.704s] writing ../../build/my_robot_description/my_robot_description.egg-info/PKG-INFO
[14.705s] writing dependency_links to ../../build/my_robot_description/my_robot_description.egg-info/dependency_links.txt
[14.706s] writing entry points to ../../build/my_robot_description/my_robot_description.egg-info/entry_points.txt
[14.707s] writing requirements to ../../build/my_robot_description/my_robot_description.egg-info/requires.txt
[14.707s] writing top-level names to ../../build/my_robot_description/my_robot_description.egg-info/top_level.txt
[14.721s] reading manifest file '../../build/my_robot_description/my_robot_description.egg-info/SOURCES.txt'
[14.727s] writing manifest file '../../build/my_robot_description/my_robot_description.egg-info/SOURCES.txt'
[14.730s] running build
[14.730s] running build_py
[14.731s] running install
[14.732s] running install_lib
[14.746s] running install_data
[14.754s] running install_egg_info
[14.766s] removing '/home/chris/capstone/hitc_ws/install/my_robot_description/lib/python3.10/site-packages/my_robot_description-0.0.0-py3.10.egg-info' (and everything under it)
[14.777s] Copying ../../build/my_robot_description/my_robot_description.egg-info to /home/chris/capstone/hitc_ws/install/my_robot_description/lib/python3.10/site-packages/my_robot_description-0.0.0-py3.10.egg-info
[14.787s] running install_scripts
[14.965s] writing list of installed files to '/home/chris/capstone/hitc_ws/build/my_robot_description/install.log'
[16.699s] Invoked command in '/home/chris/capstone/hitc_ws/src/my_robot_description' returned '0': PYTHONPATH=/home/chris/capstone/hitc_ws/build/my_robot_description/prefix_override:/home/chris/capstone/hitc_ws/install/my_robot_description/lib/python3.10/site-packages:${PYTHONPATH} /usr/bin/python3 setup.py egg_info --egg-base ../../build/my_robot_description build --build-base /home/chris/capstone/hitc_ws/build/my_robot_description/build install --record /home/chris/capstone/hitc_ws/build/my_robot_description/install.log --single-version-externally-managed
