[4.428s] Invoking command in '/home/chris/capstone/hitc_ws/src/laser_pointer': PYTHONPATH=/home/chris/capstone/hitc_ws/build/laser_pointer/prefix_override:/home/chris/capstone/hitc_ws/install/laser_pointer/lib/python3.10/site-packages:${PYTHONPATH} /usr/bin/python3 setup.py egg_info --egg-base ../../build/laser_pointer build --build-base /home/chris/capstone/hitc_ws/build/laser_pointer/build install --record /home/chris/capstone/hitc_ws/build/laser_pointer/install.log --single-version-externally-managed
[5.891s] running egg_info
[5.893s] writing ../../build/laser_pointer/laser_pointer.egg-info/PKG-INFO
[5.896s] writing dependency_links to ../../build/laser_pointer/laser_pointer.egg-info/dependency_links.txt
[5.897s] writing entry points to ../../build/laser_pointer/laser_pointer.egg-info/entry_points.txt
[5.901s] writing requirements to ../../build/laser_pointer/laser_pointer.egg-info/requires.txt
[5.903s] writing top-level names to ../../build/laser_pointer/laser_pointer.egg-info/top_level.txt
[5.911s] reading manifest file '../../build/laser_pointer/laser_pointer.egg-info/SOURCES.txt'
[5.916s] writing manifest file '../../build/laser_pointer/laser_pointer.egg-info/SOURCES.txt'
[5.917s] running build
[5.917s] running build_py
[5.919s] copying laser_pointer/position_publisher.py -> /home/chris/capstone/hitc_ws/build/laser_pointer/build/lib/laser_pointer
[5.920s] running install
[5.922s] running install_lib
[5.927s] copying /home/chris/capstone/hitc_ws/build/laser_pointer/build/lib/laser_pointer/position_publisher.py -> /home/chris/capstone/hitc_ws/install/laser_pointer/lib/python3.10/site-packages/laser_pointer
[5.931s] byte-compiling /home/chris/capstone/hitc_ws/install/laser_pointer/lib/python3.10/site-packages/laser_pointer/position_publisher.py to position_publisher.cpython-310.pyc
[5.934s] running install_data
[5.937s] running install_egg_info
[5.945s] removing '/home/chris/capstone/hitc_ws/install/laser_pointer/lib/python3.10/site-packages/laser_pointer-0.0.0-py3.10.egg-info' (and everything under it)
[5.947s] Copying ../../build/laser_pointer/laser_pointer.egg-info to /home/chris/capstone/hitc_ws/install/laser_pointer/lib/python3.10/site-packages/laser_pointer-0.0.0-py3.10.egg-info
[5.954s] running install_scripts
[6.048s] Installing laser_pointer script to /home/chris/capstone/hitc_ws/install/laser_pointer/lib/laser_pointer
[6.049s] Installing position_publisher script to /home/chris/capstone/hitc_ws/install/laser_pointer/lib/laser_pointer
[6.050s] Installing servo_position script to /home/chris/capstone/hitc_ws/install/laser_pointer/lib/laser_pointer
[6.052s] writing list of installed files to '/home/chris/capstone/hitc_ws/build/laser_pointer/install.log'
[6.206s] Invoked command in '/home/chris/capstone/hitc_ws/src/laser_pointer' returned '0': PYTHONPATH=/home/chris/capstone/hitc_ws/build/laser_pointer/prefix_override:/home/chris/capstone/hitc_ws/install/laser_pointer/lib/python3.10/site-packages:${PYTHONPATH} /usr/bin/python3 setup.py egg_info --egg-base ../../build/laser_pointer build --build-base /home/chris/capstone/hitc_ws/build/laser_pointer/build install --record /home/chris/capstone/hitc_ws/build/laser_pointer/install.log --single-version-externally-managed
