[7.278s] Invoking command in '/home/chris/capstone/hitc_ws/src/camera_capture': PYTHONPATH=/home/chris/capstone/hitc_ws/build/camera_capture/prefix_override:/home/chris/capstone/hitc_ws/install/camera_capture/lib/python3.10/site-packages:${PYTHONPATH} /usr/bin/python3 setup.py egg_info --egg-base ../../build/camera_capture build --build-base /home/chris/capstone/hitc_ws/build/camera_capture/build install --record /home/chris/capstone/hitc_ws/build/camera_capture/install.log --single-version-externally-managed
[8.967s] running egg_info
[8.971s] writing ../../build/camera_capture/camera_capture.egg-info/PKG-INFO
[8.972s] writing dependency_links to ../../build/camera_capture/camera_capture.egg-info/dependency_links.txt
[8.974s] writing entry points to ../../build/camera_capture/camera_capture.egg-info/entry_points.txt
[8.976s] writing requirements to ../../build/camera_capture/camera_capture.egg-info/requires.txt
[8.976s] writing top-level names to ../../build/camera_capture/camera_capture.egg-info/top_level.txt
[8.987s] reading manifest file '../../build/camera_capture/camera_capture.egg-info/SOURCES.txt'
[8.991s] writing manifest file '../../build/camera_capture/camera_capture.egg-info/SOURCES.txt'
[8.992s] running build
[8.992s] running build_py
[8.995s] running install
[8.996s] running install_lib
[9.005s] running install_data
[9.008s] running install_egg_info
[9.017s] removing '/home/chris/capstone/hitc_ws/install/camera_capture/lib/python3.10/site-packages/camera_capture-0.0.0-py3.10.egg-info' (and everything under it)
[9.019s] Copying ../../build/camera_capture/camera_capture.egg-info to /home/chris/capstone/hitc_ws/install/camera_capture/lib/python3.10/site-packages/camera_capture-0.0.0-py3.10.egg-info
[9.033s] running install_scripts
[9.152s] Installing camera_capture script to /home/chris/capstone/hitc_ws/install/camera_capture/lib/camera_capture
[9.153s] Installing human_checker script to /home/chris/capstone/hitc_ws/install/camera_capture/lib/camera_capture
[9.155s] Installing image_proccessing script to /home/chris/capstone/hitc_ws/install/camera_capture/lib/camera_capture
[9.159s] writing list of installed files to '/home/chris/capstone/hitc_ws/build/camera_capture/install.log'
[9.699s] Invoked command in '/home/chris/capstone/hitc_ws/src/camera_capture' returned '0': PYTHONPATH=/home/chris/capstone/hitc_ws/build/camera_capture/prefix_override:/home/chris/capstone/hitc_ws/install/camera_capture/lib/python3.10/site-packages:${PYTHONPATH} /usr/bin/python3 setup.py egg_info --egg-base ../../build/camera_capture build --build-base /home/chris/capstone/hitc_ws/build/camera_capture/build install --record /home/chris/capstone/hitc_ws/build/camera_capture/install.log --single-version-externally-managed
