[3.226s] Invoking command in '/home/chris/capstone/hitc_ws/src/state_publisher_py': PYTHONPATH=/home/chris/capstone/hitc_ws/build/state_publisher_py/prefix_override:/home/chris/capstone/hitc_ws/install/state_publisher_py/lib/python3.10/site-packages:${PYTHONPATH} /usr/bin/python3 setup.py egg_info --egg-base ../../build/state_publisher_py build --build-base /home/chris/capstone/hitc_ws/build/state_publisher_py/build install --record /home/chris/capstone/hitc_ws/build/state_publisher_py/install.log --single-version-externally-managed
[3.514s] running egg_info
[3.514s] writing ../../build/state_publisher_py/state_publisher_py.egg-info/PKG-INFO
[3.515s] writing dependency_links to ../../build/state_publisher_py/state_publisher_py.egg-info/dependency_links.txt
[3.515s] writing entry points to ../../build/state_publisher_py/state_publisher_py.egg-info/entry_points.txt
[3.515s] writing requirements to ../../build/state_publisher_py/state_publisher_py.egg-info/requires.txt
[3.515s] writing top-level names to ../../build/state_publisher_py/state_publisher_py.egg-info/top_level.txt
[3.517s] reading manifest file '../../build/state_publisher_py/state_publisher_py.egg-info/SOURCES.txt'
[3.518s] writing manifest file '../../build/state_publisher_py/state_publisher_py.egg-info/SOURCES.txt'
[3.518s] running build
[3.518s] running build_py
[3.518s] copying state_publisher_py/state_publisher.py -> /home/chris/capstone/hitc_ws/build/state_publisher_py/build/lib/state_publisher_py
[3.519s] running install
[3.519s] running install_lib
[3.520s] copying /home/chris/capstone/hitc_ws/build/state_publisher_py/build/lib/state_publisher_py/state_publisher.py -> /home/chris/capstone/hitc_ws/install/state_publisher_py/lib/python3.10/site-packages/state_publisher_py
[3.520s] byte-compiling /home/chris/capstone/hitc_ws/install/state_publisher_py/lib/python3.10/site-packages/state_publisher_py/state_publisher.py to state_publisher.cpython-310.pyc
[3.521s] running install_data
[3.522s] running install_egg_info
[3.524s] removing '/home/chris/capstone/hitc_ws/install/state_publisher_py/lib/python3.10/site-packages/state_publisher_py-0.0.0-py3.10.egg-info' (and everything under it)
[3.525s] Copying ../../build/state_publisher_py/state_publisher_py.egg-info to /home/chris/capstone/hitc_ws/install/state_publisher_py/lib/python3.10/site-packages/state_publisher_py-0.0.0-py3.10.egg-info
[3.525s] running install_scripts
[3.552s] Installing state_publisher script to /home/chris/capstone/hitc_ws/install/state_publisher_py/lib/state_publisher_py
[3.553s] writing list of installed files to '/home/chris/capstone/hitc_ws/build/state_publisher_py/install.log'
[3.649s] Invoked command in '/home/chris/capstone/hitc_ws/src/state_publisher_py' returned '0': PYTHONPATH=/home/chris/capstone/hitc_ws/build/state_publisher_py/prefix_override:/home/chris/capstone/hitc_ws/install/state_publisher_py/lib/python3.10/site-packages:${PYTHONPATH} /usr/bin/python3 setup.py egg_info --egg-base ../../build/state_publisher_py build --build-base /home/chris/capstone/hitc_ws/build/state_publisher_py/build install --record /home/chris/capstone/hitc_ws/build/state_publisher_py/install.log --single-version-externally-managed
