[12.061s] Invoking command in '/home/chris/capstone/hitc_ws/src/path_planner': PYTHONPATH=/home/chris/capstone/hitc_ws/build/path_planner/prefix_override:/home/chris/capstone/hitc_ws/install/path_planner/lib/python3.10/site-packages:${PYTHONPATH} /usr/bin/python3 setup.py egg_info --egg-base ../../build/path_planner build --build-base /home/chris/capstone/hitc_ws/build/path_planner/build install --record /home/chris/capstone/hitc_ws/build/path_planner/install.log --single-version-externally-managed
[14.666s] running egg_info
[14.668s] writing ../../build/path_planner/path_planner.egg-info/PKG-INFO
[14.669s] writing dependency_links to ../../build/path_planner/path_planner.egg-info/dependency_links.txt
[14.669s] writing entry points to ../../build/path_planner/path_planner.egg-info/entry_points.txt
[14.674s] writing requirements to ../../build/path_planner/path_planner.egg-info/requires.txt
[14.674s] writing top-level names to ../../build/path_planner/path_planner.egg-info/top_level.txt
[14.679s] reading manifest file '../../build/path_planner/path_planner.egg-info/SOURCES.txt'
[14.680s] writing manifest file '../../build/path_planner/path_planner.egg-info/SOURCES.txt'
[14.681s] running build
[14.681s] running build_py
[14.682s] running install
[14.683s] running install_lib
[14.683s] running install_data
[14.684s] running install_egg_info
[14.690s] removing '/home/chris/capstone/hitc_ws/install/path_planner/lib/python3.10/site-packages/path_planner-0.0.0-py3.10.egg-info' (and everything under it)
[14.692s] Copying ../../build/path_planner/path_planner.egg-info to /home/chris/capstone/hitc_ws/install/path_planner/lib/python3.10/site-packages/path_planner-0.0.0-py3.10.egg-info
[14.699s] running install_scripts
[14.870s] writing list of installed files to '/home/chris/capstone/hitc_ws/build/path_planner/install.log'
[16.323s] Invoked command in '/home/chris/capstone/hitc_ws/src/path_planner' returned '0': PYTHONPATH=/home/chris/capstone/hitc_ws/build/path_planner/prefix_override:/home/chris/capstone/hitc_ws/install/path_planner/lib/python3.10/site-packages:${PYTHONPATH} /usr/bin/python3 setup.py egg_info --egg-base ../../build/path_planner build --build-base /home/chris/capstone/hitc_ws/build/path_planner/build install --record /home/chris/capstone/hitc_ws/build/path_planner/install.log --single-version-externally-managed
