[3.440s] Invoking command in '/home/chris/capstone/hitc_ws/src/camera_capture': PYTHONPATH=/home/chris/capstone/hitc_ws/build/camera_capture/prefix_override:/home/chris/capstone/hitc_ws/install/camera_capture/lib/python3.10/site-packages:${PYTHONPATH} /usr/bin/python3 setup.py egg_info --egg-base ../../build/camera_capture build --build-base /home/chris/capstone/hitc_ws/build/camera_capture/build install --record /home/chris/capstone/hitc_ws/build/camera_capture/install.log --single-version-externally-managed
[3.722s] running egg_info
[3.723s] writing ../../build/camera_capture/camera_capture.egg-info/PKG-INFO
[3.723s] writing dependency_links to ../../build/camera_capture/camera_capture.egg-info/dependency_links.txt
[3.723s] writing entry points to ../../build/camera_capture/camera_capture.egg-info/entry_points.txt
[3.723s] writing requirements to ../../build/camera_capture/camera_capture.egg-info/requires.txt
[3.723s] writing top-level names to ../../build/camera_capture/camera_capture.egg-info/top_level.txt
[3.725s] reading manifest file '../../build/camera_capture/camera_capture.egg-info/SOURCES.txt'
[3.726s] writing manifest file '../../build/camera_capture/camera_capture.egg-info/SOURCES.txt'
[3.726s] running build
[3.726s] running build_py
[3.726s] running install
[3.727s] running install_lib
[3.728s] running install_data
[3.728s] running install_egg_info
[3.730s] removing '/home/chris/capstone/hitc_ws/install/camera_capture/lib/python3.10/site-packages/camera_capture-0.0.0-py3.10.egg-info' (and everything under it)
[3.730s] Copying ../../build/camera_capture/camera_capture.egg-info to /home/chris/capstone/hitc_ws/install/camera_capture/lib/python3.10/site-packages/camera_capture-0.0.0-py3.10.egg-info
[3.731s] running install_scripts
[3.749s] Installing camera_capture script to /home/chris/capstone/hitc_ws/install/camera_capture/lib/camera_capture
[3.750s] Installing image_proccessing script to /home/chris/capstone/hitc_ws/install/camera_capture/lib/camera_capture
[3.750s] Installing motor_controller script to /home/chris/capstone/hitc_ws/install/camera_capture/lib/camera_capture
[3.750s] Installing safety_system script to /home/chris/capstone/hitc_ws/install/camera_capture/lib/camera_capture
[3.750s] writing list of installed files to '/home/chris/capstone/hitc_ws/build/camera_capture/install.log'
[3.776s] Invoked command in '/home/chris/capstone/hitc_ws/src/camera_capture' returned '0': PYTHONPATH=/home/chris/capstone/hitc_ws/build/camera_capture/prefix_override:/home/chris/capstone/hitc_ws/install/camera_capture/lib/python3.10/site-packages:${PYTHONPATH} /usr/bin/python3 setup.py egg_info --egg-base ../../build/camera_capture build --build-base /home/chris/capstone/hitc_ws/build/camera_capture/build install --record /home/chris/capstone/hitc_ws/build/camera_capture/install.log --single-version-externally-managed
