[3.191s] Invoking command in '/home/chris/capstone/hitc_ws/src/state_publisher_py': PYTHONPATH=/home/chris/capstone/hitc_ws/build/state_publisher_py/prefix_override:/home/chris/capstone/hitc_ws/install/state_publisher_py/lib/python3.10/site-packages:${PYTHONPATH} /usr/bin/python3 setup.py egg_info --egg-base ../../build/state_publisher_py build --build-base /home/chris/capstone/hitc_ws/build/state_publisher_py/build install --record /home/chris/capstone/hitc_ws/build/state_publisher_py/install.log --single-version-externally-managed
[3.473s] running egg_info
[3.473s] writing ../../build/state_publisher_py/state_publisher_py.egg-info/PKG-INFO
[3.473s] writing dependency_links to ../../build/state_publisher_py/state_publisher_py.egg-info/dependency_links.txt
[3.474s] writing entry points to ../../build/state_publisher_py/state_publisher_py.egg-info/entry_points.txt
[3.474s] writing requirements to ../../build/state_publisher_py/state_publisher_py.egg-info/requires.txt
[3.474s] writing top-level names to ../../build/state_publisher_py/state_publisher_py.egg-info/top_level.txt
[3.476s] reading manifest file '../../build/state_publisher_py/state_publisher_py.egg-info/SOURCES.txt'
[3.477s] writing manifest file '../../build/state_publisher_py/state_publisher_py.egg-info/SOURCES.txt'
[3.478s] running build
[3.478s] running build_py
[3.478s] running install
[3.479s] running install_lib
[3.479s] running install_data
[3.480s] running install_egg_info
[3.482s] removing '/home/chris/capstone/hitc_ws/install/state_publisher_py/lib/python3.10/site-packages/state_publisher_py-0.0.0-py3.10.egg-info' (and everything under it)
[3.482s] Copying ../../build/state_publisher_py/state_publisher_py.egg-info to /home/chris/capstone/hitc_ws/install/state_publisher_py/lib/python3.10/site-packages/state_publisher_py-0.0.0-py3.10.egg-info
[3.483s] running install_scripts
[3.508s] Installing state_publisher script to /home/chris/capstone/hitc_ws/install/state_publisher_py/lib/state_publisher_py
[3.510s] writing list of installed files to '/home/chris/capstone/hitc_ws/build/state_publisher_py/install.log'
[3.593s] Invoked command in '/home/chris/capstone/hitc_ws/src/state_publisher_py' returned '0': PYTHONPATH=/home/chris/capstone/hitc_ws/build/state_publisher_py/prefix_override:/home/chris/capstone/hitc_ws/install/state_publisher_py/lib/python3.10/site-packages:${PYTHONPATH} /usr/bin/python3 setup.py egg_info --egg-base ../../build/state_publisher_py build --build-base /home/chris/capstone/hitc_ws/build/state_publisher_py/build install --record /home/chris/capstone/hitc_ws/build/state_publisher_py/install.log --single-version-externally-managed
