[4.651s] Invoking command in '/home/chris/capstone/hitc_ws/src/camera_capture': PYTHONPATH=/home/chris/capstone/hitc_ws/build/camera_capture/prefix_override:/home/chris/capstone/hitc_ws/install/camera_capture/lib/python3.10/site-packages:${PYTHONPATH} /usr/bin/python3 setup.py egg_info --egg-base ../../build/camera_capture build --build-base /home/chris/capstone/hitc_ws/build/camera_capture/build install --record /home/chris/capstone/hitc_ws/build/camera_capture/install.log --single-version-externally-managed
[6.154s] running egg_info
[6.157s] writing ../../build/camera_capture/camera_capture.egg-info/PKG-INFO
[6.159s] writing dependency_links to ../../build/camera_capture/camera_capture.egg-info/dependency_links.txt
[6.160s] writing entry points to ../../build/camera_capture/camera_capture.egg-info/entry_points.txt
[6.161s] writing requirements to ../../build/camera_capture/camera_capture.egg-info/requires.txt
[6.162s] writing top-level names to ../../build/camera_capture/camera_capture.egg-info/top_level.txt
[6.171s] reading manifest file '../../build/camera_capture/camera_capture.egg-info/SOURCES.txt'
[6.175s] writing manifest file '../../build/camera_capture/camera_capture.egg-info/SOURCES.txt'
[6.176s] running build
[6.177s] running build_py
[6.177s] copying camera_capture/image_processing.py -> /home/chris/capstone/hitc_ws/build/camera_capture/build/lib/camera_capture
[6.180s] running install
[6.186s] running install_lib
[6.187s] copying /home/chris/capstone/hitc_ws/build/camera_capture/build/lib/camera_capture/image_processing.py -> /home/chris/capstone/hitc_ws/install/camera_capture/lib/python3.10/site-packages/camera_capture
[6.194s] byte-compiling /home/chris/capstone/hitc_ws/install/camera_capture/lib/python3.10/site-packages/camera_capture/image_processing.py to image_processing.cpython-310.pyc
[6.199s] running install_data
[6.202s] running install_egg_info
[6.210s] removing '/home/chris/capstone/hitc_ws/install/camera_capture/lib/python3.10/site-packages/camera_capture-0.0.0-py3.10.egg-info' (and everything under it)
[6.212s] Copying ../../build/camera_capture/camera_capture.egg-info to /home/chris/capstone/hitc_ws/install/camera_capture/lib/python3.10/site-packages/camera_capture-0.0.0-py3.10.egg-info
[6.219s] running install_scripts
[6.314s] Installing camera_capture script to /home/chris/capstone/hitc_ws/install/camera_capture/lib/camera_capture
[6.315s] Installing image_proccessing script to /home/chris/capstone/hitc_ws/install/camera_capture/lib/camera_capture
[6.317s] writing list of installed files to '/home/chris/capstone/hitc_ws/build/camera_capture/install.log'
[6.493s] Invoked command in '/home/chris/capstone/hitc_ws/src/camera_capture' returned '0': PYTHONPATH=/home/chris/capstone/hitc_ws/build/camera_capture/prefix_override:/home/chris/capstone/hitc_ws/install/camera_capture/lib/python3.10/site-packages:${PYTHONPATH} /usr/bin/python3 setup.py egg_info --egg-base ../../build/camera_capture build --build-base /home/chris/capstone/hitc_ws/build/camera_capture/build install --record /home/chris/capstone/hitc_ws/build/camera_capture/install.log --single-version-externally-managed
