[1.979s] Invoking command in '/home/chris/capstone/hitc_ws/src/camera_capture': PYTHONPATH=/home/chris/capstone/hitc_ws/build/camera_capture/prefix_override:/home/chris/capstone/hitc_ws/install/camera_capture/lib/python3.10/site-packages:${PYTHONPATH} /usr/bin/python3 -W ignore:setup.py install is deprecated setup.py egg_info --egg-base ../../build/camera_capture build --build-base /home/chris/capstone/hitc_ws/build/camera_capture/build install --record /home/chris/capstone/hitc_ws/build/camera_capture/install.log --single-version-externally-managed install_data
[2.282s] running egg_info
[2.283s] writing ../../build/camera_capture/camera_capture.egg-info/PKG-INFO
[2.283s] writing dependency_links to ../../build/camera_capture/camera_capture.egg-info/dependency_links.txt
[2.283s] writing entry points to ../../build/camera_capture/camera_capture.egg-info/entry_points.txt
[2.284s] writing requirements to ../../build/camera_capture/camera_capture.egg-info/requires.txt
[2.284s] writing top-level names to ../../build/camera_capture/camera_capture.egg-info/top_level.txt
[2.287s] reading manifest file '../../build/camera_capture/camera_capture.egg-info/SOURCES.txt'
[2.289s] writing manifest file '../../build/camera_capture/camera_capture.egg-info/SOURCES.txt'
[2.289s] running build
[2.289s] running build_py
[2.290s] copying camera_capture/RRT.py -> /home/chris/capstone/hitc_ws/build/camera_capture/build/lib/camera_capture
[2.290s] running install
[2.291s] running install_lib
[2.293s] copying /home/chris/capstone/hitc_ws/build/camera_capture/build/lib/camera_capture/RRT.py -> /home/chris/capstone/hitc_ws/install/camera_capture/lib/python3.10/site-packages/camera_capture
[2.294s] byte-compiling /home/chris/capstone/hitc_ws/install/camera_capture/lib/python3.10/site-packages/camera_capture/RRT.py to RRT.cpython-310.pyc
[2.296s] running install_data
[2.297s] running install_egg_info
[2.299s] removing '/home/chris/capstone/hitc_ws/install/camera_capture/lib/python3.10/site-packages/camera_capture-0.0.0-py3.10.egg-info' (and everything under it)
[2.300s] Copying ../../build/camera_capture/camera_capture.egg-info to /home/chris/capstone/hitc_ws/install/camera_capture/lib/python3.10/site-packages/camera_capture-0.0.0-py3.10.egg-info
[2.301s] running install_scripts
[2.334s] Installing camera_capture script to /home/chris/capstone/hitc_ws/install/camera_capture/lib/camera_capture
[2.335s] Installing image_proccessing script to /home/chris/capstone/hitc_ws/install/camera_capture/lib/camera_capture
[2.335s] Installing motor_controller script to /home/chris/capstone/hitc_ws/install/camera_capture/lib/camera_capture
[2.335s] Installing safety_system script to /home/chris/capstone/hitc_ws/install/camera_capture/lib/camera_capture
[2.335s] writing list of installed files to '/home/chris/capstone/hitc_ws/build/camera_capture/install.log'
[2.359s] Invoked command in '/home/chris/capstone/hitc_ws/src/camera_capture' returned '0': PYTHONPATH=/home/chris/capstone/hitc_ws/build/camera_capture/prefix_override:/home/chris/capstone/hitc_ws/install/camera_capture/lib/python3.10/site-packages:${PYTHONPATH} /usr/bin/python3 -W ignore:setup.py install is deprecated setup.py egg_info --egg-base ../../build/camera_capture build --build-base /home/chris/capstone/hitc_ws/build/camera_capture/build install --record /home/chris/capstone/hitc_ws/build/camera_capture/install.log --single-version-externally-managed install_data
