[12.389s] Invoking command in '/home/chris/capstone/hitc_ws/src/laser_pointer': PYTHONPATH=/home/chris/capstone/hitc_ws/build/laser_pointer/prefix_override:/home/chris/capstone/hitc_ws/install/laser_pointer/lib/python3.10/site-packages:${PYTHONPATH} /usr/bin/python3 setup.py egg_info --egg-base ../../build/laser_pointer build --build-base /home/chris/capstone/hitc_ws/build/laser_pointer/build install --record /home/chris/capstone/hitc_ws/build/laser_pointer/install.log --single-version-externally-managed
[15.240s] running egg_info
[15.249s] writing ../../build/laser_pointer/laser_pointer.egg-info/PKG-INFO
[15.249s] writing dependency_links to ../../build/laser_pointer/laser_pointer.egg-info/dependency_links.txt
[15.250s] writing entry points to ../../build/laser_pointer/laser_pointer.egg-info/entry_points.txt
[15.251s] writing requirements to ../../build/laser_pointer/laser_pointer.egg-info/requires.txt
[15.268s] writing top-level names to ../../build/laser_pointer/laser_pointer.egg-info/top_level.txt
[15.279s] reading manifest file '../../build/laser_pointer/laser_pointer.egg-info/SOURCES.txt'
[15.288s] writing manifest file '../../build/laser_pointer/laser_pointer.egg-info/SOURCES.txt'
[15.291s] running build
[15.294s] running build_py
[15.297s] running install
[15.301s] running install_lib
[15.304s] running install_data
[15.308s] running install_egg_info
[15.323s] removing '/home/chris/capstone/hitc_ws/install/laser_pointer/lib/python3.10/site-packages/laser_pointer-0.0.0-py3.10.egg-info' (and everything under it)
[15.326s] Copying ../../build/laser_pointer/laser_pointer.egg-info to /home/chris/capstone/hitc_ws/install/laser_pointer/lib/python3.10/site-packages/laser_pointer-0.0.0-py3.10.egg-info
[15.348s] running install_scripts
[15.491s] Installing laser_end_effector script to /home/chris/capstone/hitc_ws/install/laser_pointer/lib/laser_pointer
[15.497s] writing list of installed files to '/home/chris/capstone/hitc_ws/build/laser_pointer/install.log'
[15.865s] Invoked command in '/home/chris/capstone/hitc_ws/src/laser_pointer' returned '0': PYTHONPATH=/home/chris/capstone/hitc_ws/build/laser_pointer/prefix_override:/home/chris/capstone/hitc_ws/install/laser_pointer/lib/python3.10/site-packages:${PYTHONPATH} /usr/bin/python3 setup.py egg_info --egg-base ../../build/laser_pointer build --build-base /home/chris/capstone/hitc_ws/build/laser_pointer/build install --record /home/chris/capstone/hitc_ws/build/laser_pointer/install.log --single-version-externally-managed
