running egg_info
creating ../../build/startup/startup.egg-info
writing ../../build/startup/startup.egg-info/PKG-INFO
writing dependency_links to ../../build/startup/startup.egg-info/dependency_links.txt
writing entry points to ../../build/startup/startup.egg-info/entry_points.txt
writing requirements to ../../build/startup/startup.egg-info/requires.txt
writing top-level names to ../../build/startup/startup.egg-info/top_level.txt
writing manifest file '../../build/startup/startup.egg-info/SOURCES.txt'
reading manifest file '../../build/startup/startup.egg-info/SOURCES.txt'
writing manifest file '../../build/startup/startup.egg-info/SOURCES.txt'
running build
running build_py
creating /home/chris/capstone/hitc_ws/build/startup/build
creating /home/chris/capstone/hitc_ws/build/startup/build/lib
creating /home/chris/capstone/hitc_ws/build/startup/build/lib/startup
copying startup/start_platform.py -> /home/chris/capstone/hitc_ws/build/startup/build/lib/startup
copying startup/__init__.py -> /home/chris/capstone/hitc_ws/build/startup/build/lib/startup
running install
running install_lib
creating /home/chris/capstone/hitc_ws/install/startup/lib/python3.10/site-packages/startup
copying /home/chris/capstone/hitc_ws/build/startup/build/lib/startup/start_platform.py -> /home/chris/capstone/hitc_ws/install/startup/lib/python3.10/site-packages/startup
copying /home/chris/capstone/hitc_ws/build/startup/build/lib/startup/__init__.py -> /home/chris/capstone/hitc_ws/install/startup/lib/python3.10/site-packages/startup
byte-compiling /home/chris/capstone/hitc_ws/install/startup/lib/python3.10/site-packages/startup/start_platform.py to start_platform.cpython-310.pyc
byte-compiling /home/chris/capstone/hitc_ws/install/startup/lib/python3.10/site-packages/startup/__init__.py to __init__.cpython-310.pyc
running install_data
creating /home/chris/capstone/hitc_ws/install/startup/share/ament_index
creating /home/chris/capstone/hitc_ws/install/startup/share/ament_index/resource_index
creating /home/chris/capstone/hitc_ws/install/startup/share/ament_index/resource_index/packages
copying resource/startup -> /home/chris/capstone/hitc_ws/install/startup/share/ament_index/resource_index/packages
copying package.xml -> /home/chris/capstone/hitc_ws/install/startup/share/startup
running install_egg_info
Copying ../../build/startup/startup.egg-info to /home/chris/capstone/hitc_ws/install/startup/lib/python3.10/site-packages/startup-0.0.0-py3.10.egg-info
running install_scripts
writing list of installed files to '/home/chris/capstone/hitc_ws/build/startup/install.log'
