[2.796s] Invoking command in '/home/chris/capstone/hitc_ws/src/startup': PYTHONPATH=/home/chris/capstone/hitc_ws/build/startup/prefix_override:/home/chris/capstone/hitc_ws/install/startup/lib/python3.10/site-packages:${PYTHONPATH} /usr/bin/python3 setup.py egg_info --egg-base ../../build/startup build --build-base /home/chris/capstone/hitc_ws/build/startup/build install --record /home/chris/capstone/hitc_ws/build/startup/install.log --single-version-externally-managed
[3.239s] running egg_info
[3.239s] creating ../../build/startup/startup.egg-info
[3.240s] writing ../../build/startup/startup.egg-info/PKG-INFO
[3.240s] writing dependency_links to ../../build/startup/startup.egg-info/dependency_links.txt
[3.240s] writing entry points to ../../build/startup/startup.egg-info/entry_points.txt
[3.240s] writing requirements to ../../build/startup/startup.egg-info/requires.txt
[3.241s] writing top-level names to ../../build/startup/startup.egg-info/top_level.txt
[3.241s] writing manifest file '../../build/startup/startup.egg-info/SOURCES.txt'
[3.242s] reading manifest file '../../build/startup/startup.egg-info/SOURCES.txt'
[3.242s] writing manifest file '../../build/startup/startup.egg-info/SOURCES.txt'
[3.242s] running build
[3.243s] running build_py
[3.243s] creating /home/chris/capstone/hitc_ws/build/startup/build
[3.243s] creating /home/chris/capstone/hitc_ws/build/startup/build/lib
[3.243s] creating /home/chris/capstone/hitc_ws/build/startup/build/lib/startup
[3.244s] copying startup/start_platform.py -> /home/chris/capstone/hitc_ws/build/startup/build/lib/startup
[3.244s] copying startup/__init__.py -> /home/chris/capstone/hitc_ws/build/startup/build/lib/startup
[3.244s] running install
[3.244s] running install_lib
[3.245s] creating /home/chris/capstone/hitc_ws/install/startup/lib/python3.10/site-packages/startup
[3.245s] copying /home/chris/capstone/hitc_ws/build/startup/build/lib/startup/start_platform.py -> /home/chris/capstone/hitc_ws/install/startup/lib/python3.10/site-packages/startup
[3.245s] copying /home/chris/capstone/hitc_ws/build/startup/build/lib/startup/__init__.py -> /home/chris/capstone/hitc_ws/install/startup/lib/python3.10/site-packages/startup
[3.245s] byte-compiling /home/chris/capstone/hitc_ws/install/startup/lib/python3.10/site-packages/startup/start_platform.py to start_platform.cpython-310.pyc
[3.245s] byte-compiling /home/chris/capstone/hitc_ws/install/startup/lib/python3.10/site-packages/startup/__init__.py to __init__.cpython-310.pyc
[3.246s] running install_data
[3.246s] creating /home/chris/capstone/hitc_ws/install/startup/share/ament_index
[3.246s] creating /home/chris/capstone/hitc_ws/install/startup/share/ament_index/resource_index
[3.246s] creating /home/chris/capstone/hitc_ws/install/startup/share/ament_index/resource_index/packages
[3.246s] copying resource/startup -> /home/chris/capstone/hitc_ws/install/startup/share/ament_index/resource_index/packages
[3.247s] copying package.xml -> /home/chris/capstone/hitc_ws/install/startup/share/startup
[3.247s] running install_egg_info
[3.247s] Copying ../../build/startup/startup.egg-info to /home/chris/capstone/hitc_ws/install/startup/lib/python3.10/site-packages/startup-0.0.0-py3.10.egg-info
[3.248s] running install_scripts
[3.267s] writing list of installed files to '/home/chris/capstone/hitc_ws/build/startup/install.log'
[3.431s] Invoked command in '/home/chris/capstone/hitc_ws/src/startup' returned '0': PYTHONPATH=/home/chris/capstone/hitc_ws/build/startup/prefix_override:/home/chris/capstone/hitc_ws/install/startup/lib/python3.10/site-packages:${PYTHONPATH} /usr/bin/python3 setup.py egg_info --egg-base ../../build/startup build --build-base /home/chris/capstone/hitc_ws/build/startup/build install --record /home/chris/capstone/hitc_ws/build/startup/install.log --single-version-externally-managed
