[5.587s] DEBUG:colcon:Command line arguments: ['/usr/bin/colcon', 'build', '--packages-select', 'camera_capture', 'laser_pointer']
[5.587s] DEBUG:colcon:Parsed command line arguments: Namespace(log_base=None, log_level=None, verb_name='build', build_base='build', install_base='install', merge_install=False, symlink_install=False, test_result_base=None, continue_on_error=False, executor='parallel', parallel_workers=4, event_handlers=None, ignore_user_meta=False, metas=['./colcon.meta'], base_paths=['.'], packages_ignore=None, packages_ignore_regex=None, paths=None, packages_up_to=None, packages_up_to_regex=None, packages_above=None, packages_above_and_dependencies=None, packages_above_depth=None, packages_select_by_dep=None, packages_skip_by_dep=None, packages_skip_up_to=None, packages_select_build_failed=False, packages_skip_build_finished=False, packages_select_test_failures=False, packages_skip_test_passed=False, packages_select=['camera_capture', 'laser_pointer'], packages_skip=None, packages_select_regex=None, packages_skip_regex=None, packages_start=None, packages_end=None, allow_overriding=[], cmake_args=None, cmake_target=None, cmake_target_skip_unavailable=False, cmake_clean_cache=False, cmake_clean_first=False, cmake_force_configure=False, ament_cmake_args=None, catkin_cmake_args=None, catkin_skip_building_tests=False, verb_parser=<colcon_defaults.argument_parser.defaults.DefaultArgumentsDecorator object at 0xffff851a1180>, verb_extension=<colcon_core.verb.build.BuildVerb object at 0xffff851a0d90>, main=<bound method BuildVerb.main of <colcon_core.verb.build.BuildVerb object at 0xffff851a0d90>>)
[5.842s] Level 1:colcon.colcon_core.package_discovery:discover_packages(colcon_meta) check parameters
[5.843s] Level 1:colcon.colcon_core.package_discovery:discover_packages(recursive) check parameters
[5.843s] Level 1:colcon.colcon_core.package_discovery:discover_packages(ignore) check parameters
[5.843s] Level 1:colcon.colcon_core.package_discovery:discover_packages(path) check parameters
[5.843s] Level 1:colcon.colcon_core.package_discovery:discover_packages(colcon_meta) discover
[5.844s] Level 1:colcon.colcon_core.package_discovery:discover_packages(recursive) discover
[5.844s] INFO:colcon.colcon_core.package_discovery:Crawling recursively for packages in '/home/chris/capstone/hitc_ws'
[5.844s] Level 1:colcon.colcon_core.package_identification:_identify(.) by extensions ['ignore', 'ignore_ament_install']
[5.845s] Level 1:colcon.colcon_core.package_identification:_identify(.) by extension 'ignore'
[5.845s] Level 1:colcon.colcon_core.package_identification:_identify(.) by extension 'ignore_ament_install'
[5.846s] Level 1:colcon.colcon_core.package_identification:_identify(.) by extensions ['colcon_pkg']
[5.846s] Level 1:colcon.colcon_core.package_identification:_identify(.) by extension 'colcon_pkg'
[5.846s] Level 1:colcon.colcon_core.package_identification:_identify(.) by extensions ['colcon_meta']
[5.846s] Level 1:colcon.colcon_core.package_identification:_identify(.) by extension 'colcon_meta'
[5.846s] Level 1:colcon.colcon_core.package_identification:_identify(.) by extensions ['ros']
[5.847s] Level 1:colcon.colcon_core.package_identification:_identify(.) by extension 'ros'
[5.897s] Level 1:colcon.colcon_core.package_identification:_identify(.) by extensions ['cmake', 'python']
[5.898s] Level 1:colcon.colcon_core.package_identification:_identify(.) by extension 'cmake'
[5.898s] Level 1:colcon.colcon_core.package_identification:_identify(.) by extension 'python'
[5.898s] Level 1:colcon.colcon_core.package_identification:_identify(.) by extensions ['python_setup_py']
[5.898s] Level 1:colcon.colcon_core.package_identification:_identify(.) by extension 'python_setup_py'
[5.899s] Level 1:colcon.colcon_core.package_identification:_identify(build) by extensions ['ignore', 'ignore_ament_install']
[5.900s] Level 1:colcon.colcon_core.package_identification:_identify(build) by extension 'ignore'
[5.900s] Level 1:colcon.colcon_core.package_identification:_identify(build) ignored
[5.901s] Level 1:colcon.colcon_core.package_identification:_identify(install) by extensions ['ignore', 'ignore_ament_install']
[5.901s] Level 1:colcon.colcon_core.package_identification:_identify(install) by extension 'ignore'
[5.902s] Level 1:colcon.colcon_core.package_identification:_identify(install) ignored
[5.902s] Level 1:colcon.colcon_core.package_identification:_identify(log) by extensions ['ignore', 'ignore_ament_install']
[5.903s] Level 1:colcon.colcon_core.package_identification:_identify(log) by extension 'ignore'
[5.903s] Level 1:colcon.colcon_core.package_identification:_identify(log) ignored
[5.903s] Level 1:colcon.colcon_core.package_identification:_identify(src) by extensions ['ignore', 'ignore_ament_install']
[5.904s] Level 1:colcon.colcon_core.package_identification:_identify(src) by extension 'ignore'
[5.904s] Level 1:colcon.colcon_core.package_identification:_identify(src) by extension 'ignore_ament_install'
[5.904s] Level 1:colcon.colcon_core.package_identification:_identify(src) by extensions ['colcon_pkg']
[5.905s] Level 1:colcon.colcon_core.package_identification:_identify(src) by extension 'colcon_pkg'
[5.905s] Level 1:colcon.colcon_core.package_identification:_identify(src) by extensions ['colcon_meta']
[5.905s] Level 1:colcon.colcon_core.package_identification:_identify(src) by extension 'colcon_meta'
[5.905s] Level 1:colcon.colcon_core.package_identification:_identify(src) by extensions ['ros']
[5.905s] Level 1:colcon.colcon_core.package_identification:_identify(src) by extension 'ros'
[5.906s] Level 1:colcon.colcon_core.package_identification:_identify(src) by extensions ['cmake', 'python']
[5.906s] Level 1:colcon.colcon_core.package_identification:_identify(src) by extension 'cmake'
[5.906s] Level 1:colcon.colcon_core.package_identification:_identify(src) by extension 'python'
[5.906s] Level 1:colcon.colcon_core.package_identification:_identify(src) by extensions ['python_setup_py']
[5.906s] Level 1:colcon.colcon_core.package_identification:_identify(src) by extension 'python_setup_py'
[5.907s] Level 1:colcon.colcon_core.package_identification:_identify(src/camera_capture) by extensions ['ignore', 'ignore_ament_install']
[5.907s] Level 1:colcon.colcon_core.package_identification:_identify(src/camera_capture) by extension 'ignore'
[5.908s] Level 1:colcon.colcon_core.package_identification:_identify(src/camera_capture) by extension 'ignore_ament_install'
[5.908s] Level 1:colcon.colcon_core.package_identification:_identify(src/camera_capture) by extensions ['colcon_pkg']
[5.908s] Level 1:colcon.colcon_core.package_identification:_identify(src/camera_capture) by extension 'colcon_pkg'
[5.908s] Level 1:colcon.colcon_core.package_identification:_identify(src/camera_capture) by extensions ['colcon_meta']
[5.909s] Level 1:colcon.colcon_core.package_identification:_identify(src/camera_capture) by extension 'colcon_meta'
[5.909s] Level 1:colcon.colcon_core.package_identification:_identify(src/camera_capture) by extensions ['ros']
[5.909s] Level 1:colcon.colcon_core.package_identification:_identify(src/camera_capture) by extension 'ros'
[5.920s] DEBUG:colcon.colcon_core.package_identification:Package 'src/camera_capture' with type 'ros.ament_python' and name 'camera_capture'
[5.921s] Level 1:colcon.colcon_core.package_identification:_identify(src/laser_pointer) by extensions ['ignore', 'ignore_ament_install']
[5.921s] Level 1:colcon.colcon_core.package_identification:_identify(src/laser_pointer) by extension 'ignore'
[5.922s] Level 1:colcon.colcon_core.package_identification:_identify(src/laser_pointer) by extension 'ignore_ament_install'
[5.922s] Level 1:colcon.colcon_core.package_identification:_identify(src/laser_pointer) by extensions ['colcon_pkg']
[5.923s] Level 1:colcon.colcon_core.package_identification:_identify(src/laser_pointer) by extension 'colcon_pkg'
[5.923s] Level 1:colcon.colcon_core.package_identification:_identify(src/laser_pointer) by extensions ['colcon_meta']
[5.923s] Level 1:colcon.colcon_core.package_identification:_identify(src/laser_pointer) by extension 'colcon_meta'
[5.924s] Level 1:colcon.colcon_core.package_identification:_identify(src/laser_pointer) by extensions ['ros']
[5.924s] Level 1:colcon.colcon_core.package_identification:_identify(src/laser_pointer) by extension 'ros'
[5.927s] DEBUG:colcon.colcon_core.package_identification:Package 'src/laser_pointer' with type 'ros.ament_python' and name 'laser_pointer'
[5.927s] Level 1:colcon.colcon_core.package_identification:_identify(src/my_robot_description) by extensions ['ignore', 'ignore_ament_install']
[5.928s] Level 1:colcon.colcon_core.package_identification:_identify(src/my_robot_description) by extension 'ignore'
[5.928s] Level 1:colcon.colcon_core.package_identification:_identify(src/my_robot_description) by extension 'ignore_ament_install'
[5.928s] Level 1:colcon.colcon_core.package_identification:_identify(src/my_robot_description) by extensions ['colcon_pkg']
[5.929s] Level 1:colcon.colcon_core.package_identification:_identify(src/my_robot_description) by extension 'colcon_pkg'
[5.929s] Level 1:colcon.colcon_core.package_identification:_identify(src/my_robot_description) by extensions ['colcon_meta']
[5.929s] Level 1:colcon.colcon_core.package_identification:_identify(src/my_robot_description) by extension 'colcon_meta'
[5.929s] Level 1:colcon.colcon_core.package_identification:_identify(src/my_robot_description) by extensions ['ros']
[5.929s] Level 1:colcon.colcon_core.package_identification:_identify(src/my_robot_description) by extension 'ros'
[5.932s] DEBUG:colcon.colcon_core.package_identification:Package 'src/my_robot_description' with type 'ros.ament_python' and name 'my_robot_description'
[5.933s] Level 1:colcon.colcon_core.package_identification:_identify(src/path_planner) by extensions ['ignore', 'ignore_ament_install']
[5.933s] Level 1:colcon.colcon_core.package_identification:_identify(src/path_planner) by extension 'ignore'
[5.933s] Level 1:colcon.colcon_core.package_identification:_identify(src/path_planner) by extension 'ignore_ament_install'
[5.934s] Level 1:colcon.colcon_core.package_identification:_identify(src/path_planner) by extensions ['colcon_pkg']
[5.934s] Level 1:colcon.colcon_core.package_identification:_identify(src/path_planner) by extension 'colcon_pkg'
[5.934s] Level 1:colcon.colcon_core.package_identification:_identify(src/path_planner) by extensions ['colcon_meta']
[5.934s] Level 1:colcon.colcon_core.package_identification:_identify(src/path_planner) by extension 'colcon_meta'
[5.934s] Level 1:colcon.colcon_core.package_identification:_identify(src/path_planner) by extensions ['ros']
[5.935s] Level 1:colcon.colcon_core.package_identification:_identify(src/path_planner) by extension 'ros'
[5.937s] DEBUG:colcon.colcon_core.package_identification:Package 'src/path_planner' with type 'ros.ament_python' and name 'path_planner'
[5.938s] Level 1:colcon.colcon_core.package_identification:_identify(src/startup) by extensions ['ignore', 'ignore_ament_install']
[5.938s] Level 1:colcon.colcon_core.package_identification:_identify(src/startup) by extension 'ignore'
[5.938s] Level 1:colcon.colcon_core.package_identification:_identify(src/startup) by extension 'ignore_ament_install'
[5.939s] Level 1:colcon.colcon_core.package_identification:_identify(src/startup) by extensions ['colcon_pkg']
[5.939s] Level 1:colcon.colcon_core.package_identification:_identify(src/startup) by extension 'colcon_pkg'
[5.939s] Level 1:colcon.colcon_core.package_identification:_identify(src/startup) by extensions ['colcon_meta']
[5.939s] Level 1:colcon.colcon_core.package_identification:_identify(src/startup) by extension 'colcon_meta'
[5.940s] Level 1:colcon.colcon_core.package_identification:_identify(src/startup) by extensions ['ros']
[5.940s] Level 1:colcon.colcon_core.package_identification:_identify(src/startup) by extension 'ros'
[5.942s] DEBUG:colcon.colcon_core.package_identification:Package 'src/startup' with type 'ros.ament_python' and name 'startup'
[5.943s] Level 1:colcon.colcon_core.package_identification:_identify(src/testing_motors) by extensions ['ignore', 'ignore_ament_install']
[5.943s] Level 1:colcon.colcon_core.package_identification:_identify(src/testing_motors) by extension 'ignore'
[5.944s] Level 1:colcon.colcon_core.package_identification:_identify(src/testing_motors) by extension 'ignore_ament_install'
[5.944s] Level 1:colcon.colcon_core.package_identification:_identify(src/testing_motors) by extensions ['colcon_pkg']
[5.944s] Level 1:colcon.colcon_core.package_identification:_identify(src/testing_motors) by extension 'colcon_pkg'
[5.944s] Level 1:colcon.colcon_core.package_identification:_identify(src/testing_motors) by extensions ['colcon_meta']
[5.944s] Level 1:colcon.colcon_core.package_identification:_identify(src/testing_motors) by extension 'colcon_meta'
[5.945s] Level 1:colcon.colcon_core.package_identification:_identify(src/testing_motors) by extensions ['ros']
[5.945s] Level 1:colcon.colcon_core.package_identification:_identify(src/testing_motors) by extension 'ros'
[5.948s] DEBUG:colcon.colcon_core.package_identification:Package 'src/testing_motors' with type 'ros.ament_python' and name 'testing_motors'
[5.948s] Level 1:colcon.colcon_core.package_discovery:discover_packages(recursive) using defaults
[5.948s] Level 1:colcon.colcon_core.package_discovery:discover_packages(ignore) discover
[5.948s] Level 1:colcon.colcon_core.package_discovery:discover_packages(ignore) using defaults
[5.948s] Level 1:colcon.colcon_core.package_discovery:discover_packages(path) discover
[5.949s] Level 1:colcon.colcon_core.package_discovery:discover_packages(path) using defaults
[6.355s] INFO:colcon.colcon_core.package_selection:Skipping not selected package 'my_robot_description' in 'src/my_robot_description'
[6.355s] INFO:colcon.colcon_core.package_selection:Skipping not selected package 'path_planner' in 'src/path_planner'
[6.356s] INFO:colcon.colcon_core.package_selection:Skipping not selected package 'startup' in 'src/startup'
[6.356s] INFO:colcon.colcon_core.package_selection:Skipping not selected package 'testing_motors' in 'src/testing_motors'
[6.593s] Level 1:colcon.colcon_core.package_discovery:discover_packages(prefix_path) check parameters
[6.593s] Level 1:colcon.colcon_core.package_discovery:discover_packages(prefix_path) discover
[6.756s] DEBUG:colcon.colcon_installed_package_information.package_discovery:Found 7 installed packages in /home/chris/capstone/hitc_ws/install
[6.842s] DEBUG:colcon.colcon_installed_package_information.package_discovery:Found 277 installed packages in /opt/ros/humble
[6.850s] Level 1:colcon.colcon_core.package_discovery:discover_packages(prefix_path) using defaults
[7.377s] Level 5:colcon.colcon_core.verb:set package 'camera_capture' build argument 'cmake_args' from command line to 'None'
[7.377s] Level 5:colcon.colcon_core.verb:set package 'camera_capture' build argument 'cmake_target' from command line to 'None'
[7.378s] Level 5:colcon.colcon_core.verb:set package 'camera_capture' build argument 'cmake_target_skip_unavailable' from command line to 'False'
[7.378s] Level 5:colcon.colcon_core.verb:set package 'camera_capture' build argument 'cmake_clean_cache' from command line to 'False'
[7.378s] Level 5:colcon.colcon_core.verb:set package 'camera_capture' build argument 'cmake_clean_first' from command line to 'False'
[7.378s] Level 5:colcon.colcon_core.verb:set package 'camera_capture' build argument 'cmake_force_configure' from command line to 'False'
[7.378s] Level 5:colcon.colcon_core.verb:set package 'camera_capture' build argument 'ament_cmake_args' from command line to 'None'
[7.378s] Level 5:colcon.colcon_core.verb:set package 'camera_capture' build argument 'catkin_cmake_args' from command line to 'None'
[7.378s] Level 5:colcon.colcon_core.verb:set package 'camera_capture' build argument 'catkin_skip_building_tests' from command line to 'False'
[7.379s] DEBUG:colcon.colcon_core.verb:Building package 'camera_capture' with the following arguments: {'ament_cmake_args': None, 'build_base': '/home/chris/capstone/hitc_ws/build/camera_capture', 'catkin_cmake_args': None, 'catkin_skip_building_tests': False, 'cmake_args': None, 'cmake_clean_cache': False, 'cmake_clean_first': False, 'cmake_force_configure': False, 'cmake_target': None, 'cmake_target_skip_unavailable': False, 'install_base': '/home/chris/capstone/hitc_ws/install/camera_capture', 'merge_install': False, 'path': '/home/chris/capstone/hitc_ws/src/camera_capture', 'symlink_install': False, 'test_result_base': None}
[7.455s] Level 5:colcon.colcon_core.verb:set package 'laser_pointer' build argument 'cmake_args' from command line to 'None'
[7.456s] Level 5:colcon.colcon_core.verb:set package 'laser_pointer' build argument 'cmake_target' from command line to 'None'
[7.456s] Level 5:colcon.colcon_core.verb:set package 'laser_pointer' build argument 'cmake_target_skip_unavailable' from command line to 'False'
[7.456s] Level 5:colcon.colcon_core.verb:set package 'laser_pointer' build argument 'cmake_clean_cache' from command line to 'False'
[7.456s] Level 5:colcon.colcon_core.verb:set package 'laser_pointer' build argument 'cmake_clean_first' from command line to 'False'
[7.456s] Level 5:colcon.colcon_core.verb:set package 'laser_pointer' build argument 'cmake_force_configure' from command line to 'False'
[7.456s] Level 5:colcon.colcon_core.verb:set package 'laser_pointer' build argument 'ament_cmake_args' from command line to 'None'
[7.456s] Level 5:colcon.colcon_core.verb:set package 'laser_pointer' build argument 'catkin_cmake_args' from command line to 'None'
[7.456s] Level 5:colcon.colcon_core.verb:set package 'laser_pointer' build argument 'catkin_skip_building_tests' from command line to 'False'
[7.457s] DEBUG:colcon.colcon_core.verb:Building package 'laser_pointer' with the following arguments: {'ament_cmake_args': None, 'build_base': '/home/chris/capstone/hitc_ws/build/laser_pointer', 'catkin_cmake_args': None, 'catkin_skip_building_tests': False, 'cmake_args': None, 'cmake_clean_cache': False, 'cmake_clean_first': False, 'cmake_force_configure': False, 'cmake_target': None, 'cmake_target_skip_unavailable': False, 'install_base': '/home/chris/capstone/hitc_ws/install/laser_pointer', 'merge_install': False, 'path': '/home/chris/capstone/hitc_ws/src/laser_pointer', 'symlink_install': False, 'test_result_base': None}
[7.543s] INFO:colcon.colcon_core.executor:Executing jobs using 'parallel' executor
[7.625s] DEBUG:colcon.colcon_parallel_executor.executor.parallel:run_until_complete
[7.626s] INFO:colcon.colcon_ros.task.ament_python.build:Building ROS package in '/home/chris/capstone/hitc_ws/src/camera_capture' with build type 'ament_python'
[7.627s] Level 1:colcon.colcon_core.shell:create_environment_hook('camera_capture', 'ament_prefix_path')
[7.737s] INFO:colcon.colcon_core.plugin_system:Skipping extension 'colcon_core.shell.bat': Not used on non-Windows systems
[7.738s] INFO:colcon.colcon_core.shell:Creating environment hook '/home/chris/capstone/hitc_ws/install/camera_capture/share/camera_capture/hook/ament_prefix_path.ps1'
[7.742s] INFO:colcon.colcon_core.shell:Creating environment descriptor '/home/chris/capstone/hitc_ws/install/camera_capture/share/camera_capture/hook/ament_prefix_path.dsv'
[7.745s] INFO:colcon.colcon_core.shell:Creating environment hook '/home/chris/capstone/hitc_ws/install/camera_capture/share/camera_capture/hook/ament_prefix_path.sh'
[7.863s] INFO:colcon.colcon_core.shell:Skip shell extension 'powershell' for command environment: Not usable outside of PowerShell
[7.863s] DEBUG:colcon.colcon_core.shell:Skip shell extension 'dsv' for command environment
[8.150s] INFO:colcon.colcon_ros.task.ament_python.build:Building ROS package in '/home/chris/capstone/hitc_ws/src/laser_pointer' with build type 'ament_python'
[8.151s] Level 1:colcon.colcon_core.shell:create_environment_hook('laser_pointer', 'ament_prefix_path')
[8.241s] INFO:colcon.colcon_core.shell:Creating environment hook '/home/chris/capstone/hitc_ws/install/laser_pointer/share/laser_pointer/hook/ament_prefix_path.ps1'
[8.243s] INFO:colcon.colcon_core.shell:Creating environment descriptor '/home/chris/capstone/hitc_ws/install/laser_pointer/share/laser_pointer/hook/ament_prefix_path.dsv'
[8.245s] INFO:colcon.colcon_core.shell:Creating environment hook '/home/chris/capstone/hitc_ws/install/laser_pointer/share/laser_pointer/hook/ament_prefix_path.sh'
[8.361s] INFO:colcon.colcon_core.shell:Skip shell extension 'powershell' for command environment: Not usable outside of PowerShell
[8.362s] DEBUG:colcon.colcon_core.shell:Skip shell extension 'dsv' for command environment
[10.258s] INFO:colcon.colcon_core.task.python.build:Building Python package in '/home/chris/capstone/hitc_ws/src/camera_capture'
[10.350s] INFO:colcon.colcon_core.shell:Skip shell extension 'powershell' for command environment: Not usable outside of PowerShell
[10.351s] DEBUG:colcon.colcon_core.shell:Skip shell extension 'dsv' for command environment
[12.590s] INFO:colcon.colcon_core.task.python.build:Building Python package in '/home/chris/capstone/hitc_ws/src/laser_pointer'
[12.678s] INFO:colcon.colcon_core.shell:Skip shell extension 'powershell' for command environment: Not usable outside of PowerShell
[12.679s] DEBUG:colcon.colcon_core.shell:Skip shell extension 'dsv' for command environment
[15.383s] DEBUG:colcon.colcon_core.event_handler.log_command:Invoking command in '/home/chris/capstone/hitc_ws/src/laser_pointer': PYTHONPATH=/home/chris/capstone/hitc_ws/build/laser_pointer/prefix_override:/home/chris/capstone/hitc_ws/install/laser_pointer/lib/python3.10/site-packages:${PYTHONPATH} /usr/bin/python3 setup.py egg_info --egg-base ../../build/laser_pointer build --build-base /home/chris/capstone/hitc_ws/build/laser_pointer/build install --record /home/chris/capstone/hitc_ws/build/laser_pointer/install.log --single-version-externally-managed
[15.403s] DEBUG:colcon.colcon_core.event_handler.log_command:Invoking command in '/home/chris/capstone/hitc_ws/src/camera_capture': PYTHONPATH=/home/chris/capstone/hitc_ws/build/camera_capture/prefix_override:/home/chris/capstone/hitc_ws/install/camera_capture/lib/python3.10/site-packages:${PYTHONPATH} /usr/bin/python3 setup.py egg_info --egg-base ../../build/camera_capture build --build-base /home/chris/capstone/hitc_ws/build/camera_capture/build install --record /home/chris/capstone/hitc_ws/build/camera_capture/install.log --single-version-externally-managed
[17.528s] DEBUG:colcon.colcon_core.event_handler.log_command:Invoked command in '/home/chris/capstone/hitc_ws/src/camera_capture' returned '0': PYTHONPATH=/home/chris/capstone/hitc_ws/build/camera_capture/prefix_override:/home/chris/capstone/hitc_ws/install/camera_capture/lib/python3.10/site-packages:${PYTHONPATH} /usr/bin/python3 setup.py egg_info --egg-base ../../build/camera_capture build --build-base /home/chris/capstone/hitc_ws/build/camera_capture/build install --record /home/chris/capstone/hitc_ws/build/camera_capture/install.log --single-version-externally-managed
[17.631s] Level 1:colcon.colcon_core.environment:checking '/home/chris/capstone/hitc_ws/install/camera_capture' for CMake module files
[17.634s] Level 1:colcon.colcon_core.environment:checking '/home/chris/capstone/hitc_ws/install/camera_capture' for CMake config files
[17.639s] Level 1:colcon.colcon_core.environment:checking '/home/chris/capstone/hitc_ws/install/camera_capture/lib'
[17.640s] Level 1:colcon.colcon_core.environment:checking '/home/chris/capstone/hitc_ws/install/camera_capture/bin'
[17.641s] Level 1:colcon.colcon_core.environment:checking '/home/chris/capstone/hitc_ws/install/camera_capture/lib/pkgconfig/camera_capture.pc'
[17.642s] Level 1:colcon.colcon_core.environment:checking '/home/chris/capstone/hitc_ws/install/camera_capture/lib/python3.10/site-packages'
[17.642s] Level 1:colcon.colcon_core.shell:create_environment_hook('camera_capture', 'pythonpath')
[17.735s] INFO:colcon.colcon_core.shell:Creating environment hook '/home/chris/capstone/hitc_ws/install/camera_capture/share/camera_capture/hook/pythonpath.ps1'
[17.738s] INFO:colcon.colcon_core.shell:Creating environment descriptor '/home/chris/capstone/hitc_ws/install/camera_capture/share/camera_capture/hook/pythonpath.dsv'
[17.740s] INFO:colcon.colcon_core.shell:Creating environment hook '/home/chris/capstone/hitc_ws/install/camera_capture/share/camera_capture/hook/pythonpath.sh'
[17.743s] Level 1:colcon.colcon_core.environment:checking '/home/chris/capstone/hitc_ws/install/camera_capture/bin'
[17.744s] Level 1:colcon.colcon_core.environment:create_environment_scripts_only(camera_capture)
[17.831s] INFO:colcon.colcon_core.shell:Creating package script '/home/chris/capstone/hitc_ws/install/camera_capture/share/camera_capture/package.ps1'
[17.835s] INFO:colcon.colcon_core.shell:Creating package descriptor '/home/chris/capstone/hitc_ws/install/camera_capture/share/camera_capture/package.dsv'
[17.838s] INFO:colcon.colcon_core.shell:Creating package script '/home/chris/capstone/hitc_ws/install/camera_capture/share/camera_capture/package.sh'
[17.843s] INFO:colcon.colcon_core.shell:Creating package script '/home/chris/capstone/hitc_ws/install/camera_capture/share/camera_capture/package.bash'
[17.847s] INFO:colcon.colcon_core.shell:Creating package script '/home/chris/capstone/hitc_ws/install/camera_capture/share/camera_capture/package.zsh'
[17.850s] Level 1:colcon.colcon_core.environment:create_file_with_runtime_dependencies(/home/chris/capstone/hitc_ws/install/camera_capture/share/colcon-core/packages/camera_capture)
[17.858s] DEBUG:colcon.colcon_core.event_handler.log_command:Invoked command in '/home/chris/capstone/hitc_ws/src/laser_pointer' returned '0': PYTHONPATH=/home/chris/capstone/hitc_ws/build/laser_pointer/prefix_override:/home/chris/capstone/hitc_ws/install/laser_pointer/lib/python3.10/site-packages:${PYTHONPATH} /usr/bin/python3 setup.py egg_info --egg-base ../../build/laser_pointer build --build-base /home/chris/capstone/hitc_ws/build/laser_pointer/build install --record /home/chris/capstone/hitc_ws/build/laser_pointer/install.log --single-version-externally-managed
[17.949s] Level 1:colcon.colcon_core.environment:checking '/home/chris/capstone/hitc_ws/install/laser_pointer' for CMake module files
[17.952s] Level 1:colcon.colcon_core.environment:checking '/home/chris/capstone/hitc_ws/install/laser_pointer' for CMake config files
[17.957s] Level 1:colcon.colcon_core.environment:checking '/home/chris/capstone/hitc_ws/install/laser_pointer/lib'
[17.958s] Level 1:colcon.colcon_core.environment:checking '/home/chris/capstone/hitc_ws/install/laser_pointer/bin'
[17.958s] Level 1:colcon.colcon_core.environment:checking '/home/chris/capstone/hitc_ws/install/laser_pointer/lib/pkgconfig/laser_pointer.pc'
[17.960s] Level 1:colcon.colcon_core.environment:checking '/home/chris/capstone/hitc_ws/install/laser_pointer/lib/python3.10/site-packages'
[17.960s] Level 1:colcon.colcon_core.shell:create_environment_hook('laser_pointer', 'pythonpath')
[18.073s] INFO:colcon.colcon_core.shell:Creating environment hook '/home/chris/capstone/hitc_ws/install/laser_pointer/share/laser_pointer/hook/pythonpath.ps1'
[18.076s] INFO:colcon.colcon_core.shell:Creating environment descriptor '/home/chris/capstone/hitc_ws/install/laser_pointer/share/laser_pointer/hook/pythonpath.dsv'
[18.079s] INFO:colcon.colcon_core.shell:Creating environment hook '/home/chris/capstone/hitc_ws/install/laser_pointer/share/laser_pointer/hook/pythonpath.sh'
[18.085s] Level 1:colcon.colcon_core.environment:checking '/home/chris/capstone/hitc_ws/install/laser_pointer/bin'
[18.086s] Level 1:colcon.colcon_core.environment:create_environment_scripts_only(laser_pointer)
[18.171s] INFO:colcon.colcon_core.shell:Creating package script '/home/chris/capstone/hitc_ws/install/laser_pointer/share/laser_pointer/package.ps1'
[18.174s] INFO:colcon.colcon_core.shell:Creating package descriptor '/home/chris/capstone/hitc_ws/install/laser_pointer/share/laser_pointer/package.dsv'
[18.177s] INFO:colcon.colcon_core.shell:Creating package script '/home/chris/capstone/hitc_ws/install/laser_pointer/share/laser_pointer/package.sh'
[18.182s] INFO:colcon.colcon_core.shell:Creating package script '/home/chris/capstone/hitc_ws/install/laser_pointer/share/laser_pointer/package.bash'
[18.186s] INFO:colcon.colcon_core.shell:Creating package script '/home/chris/capstone/hitc_ws/install/laser_pointer/share/laser_pointer/package.zsh'
[18.189s] Level 1:colcon.colcon_core.environment:create_file_with_runtime_dependencies(/home/chris/capstone/hitc_ws/install/laser_pointer/share/colcon-core/packages/laser_pointer)
[18.192s] DEBUG:colcon.colcon_parallel_executor.executor.parallel:closing loop
[18.193s] DEBUG:colcon.colcon_parallel_executor.executor.parallel:loop closed
[18.194s] DEBUG:colcon.colcon_parallel_executor.executor.parallel:run_until_complete finished with '0'
[18.194s] DEBUG:colcon.colcon_core.event_reactor:joining thread
[18.328s] INFO:colcon.colcon_core.plugin_system:Skipping extension 'colcon_notification.desktop_notification.terminal_notifier': Not used on non-Darwin systems
[18.329s] INFO:colcon.colcon_core.plugin_system:Skipping extension 'colcon_notification.desktop_notification.win32': Not used on non-Windows systems
[18.329s] INFO:colcon.colcon_notification.desktop_notification:Sending desktop notification using 'notify2'
[18.397s] DEBUG:colcon.colcon_core.event_reactor:joined thread
[18.526s] INFO:colcon.colcon_core.shell:Creating prefix script '/home/chris/capstone/hitc_ws/install/local_setup.ps1'
[18.533s] INFO:colcon.colcon_core.shell:Creating prefix util module '/home/chris/capstone/hitc_ws/install/_local_setup_util_ps1.py'
[18.542s] INFO:colcon.colcon_core.shell:Creating prefix chain script '/home/chris/capstone/hitc_ws/install/setup.ps1'
[18.654s] INFO:colcon.colcon_core.shell:Creating prefix script '/home/chris/capstone/hitc_ws/install/local_setup.sh'
[18.657s] INFO:colcon.colcon_core.shell:Creating prefix util module '/home/chris/capstone/hitc_ws/install/_local_setup_util_sh.py'
[18.660s] INFO:colcon.colcon_core.shell:Creating prefix chain script '/home/chris/capstone/hitc_ws/install/setup.sh'
[18.793s] INFO:colcon.colcon_core.shell:Creating prefix script '/home/chris/capstone/hitc_ws/install/local_setup.bash'
[18.797s] INFO:colcon.colcon_core.shell:Creating prefix chain script '/home/chris/capstone/hitc_ws/install/setup.bash'
[18.975s] INFO:colcon.colcon_core.shell:Creating prefix script '/home/chris/capstone/hitc_ws/install/local_setup.zsh'
[18.981s] INFO:colcon.colcon_core.shell:Creating prefix chain script '/home/chris/capstone/hitc_ws/install/setup.zsh'
