[0.110s] Invoking command in '/home/chris/capstone/hitc_ws/build/hitc_robot_description': CMAKE_PREFIX_PATH=${CMAKE_PREFIX_PATH}:/home/chris/ros2_ws/install/turtlesim_catch_them_all:/home/chris/ros2_ws/install/my_py_pkg:/home/chris/hitc_ws/install/test_motors_py:/home/chris/hitc_ws/install/camera_py:/opt/ros/humble /usr/bin/cmake --build /home/chris/capstone/hitc_ws/build/hitc_robot_description -- -j12 -l12
[0.154s] Invoked command in '/home/chris/capstone/hitc_ws/build/hitc_robot_description' returned '0': CMAKE_PREFIX_PATH=${CMAKE_PREFIX_PATH}:/home/chris/ros2_ws/install/turtlesim_catch_them_all:/home/chris/ros2_ws/install/my_py_pkg:/home/chris/hitc_ws/install/test_motors_py:/home/chris/hitc_ws/install/camera_py:/opt/ros/humble /usr/bin/cmake --build /home/chris/capstone/hitc_ws/build/hitc_robot_description -- -j12 -l12
[0.185s] Invoking command in '/home/chris/capstone/hitc_ws/build/hitc_robot_description': CMAKE_PREFIX_PATH=${CMAKE_PREFIX_PATH}:/home/chris/ros2_ws/install/turtlesim_catch_them_all:/home/chris/ros2_ws/install/my_py_pkg:/home/chris/hitc_ws/install/test_motors_py:/home/chris/hitc_ws/install/camera_py:/opt/ros/humble /usr/bin/cmake --install /home/chris/capstone/hitc_ws/build/hitc_robot_description
[0.194s] -- Install configuration: ""
[0.195s] -- Up-to-date: /home/chris/capstone/hitc_ws/install/hitc_robot_description/share/hitc_robot_description//config
[0.195s] -- Up-to-date: /home/chris/capstone/hitc_ws/install/hitc_robot_description/share/hitc_robot_description//config/joint_names_hitc_robot_description.yaml
[0.195s] -- Up-to-date: /home/chris/capstone/hitc_ws/install/hitc_robot_description/share/hitc_robot_description//launch
[0.195s] -- Up-to-date: /home/chris/capstone/hitc_ws/install/hitc_robot_description/share/hitc_robot_description//launch/gazebo.launch
[0.195s] -- Up-to-date: /home/chris/capstone/hitc_ws/install/hitc_robot_description/share/hitc_robot_description//launch/display.launch
[0.195s] -- Up-to-date: /home/chris/capstone/hitc_ws/install/hitc_robot_description/share/hitc_robot_description//meshes
[0.196s] -- Up-to-date: /home/chris/capstone/hitc_ws/install/hitc_robot_description/share/hitc_robot_description//meshes/link1.STL
[0.196s] -- Up-to-date: /home/chris/capstone/hitc_ws/install/hitc_robot_description/share/hitc_robot_description//meshes/link2.STL
[0.196s] -- Up-to-date: /home/chris/capstone/hitc_ws/install/hitc_robot_description/share/hitc_robot_description//meshes/base_link.STL
[0.196s] -- Up-to-date: /home/chris/capstone/hitc_ws/install/hitc_robot_description/share/hitc_robot_description//urdf
[0.196s] -- Up-to-date: /home/chris/capstone/hitc_ws/install/hitc_robot_description/share/hitc_robot_description//urdf/hitc_robot_description.csv
[0.196s] -- Installing: /home/chris/capstone/hitc_ws/install/hitc_robot_description/share/hitc_robot_description//urdf/hitc_robot_description.urdf
[0.196s] -- Up-to-date: /home/chris/capstone/hitc_ws/install/hitc_robot_description/share/hitc_robot_description//textures
[0.196s] -- Up-to-date: /home/chris/capstone/hitc_ws/install/hitc_robot_description/share/ament_index/resource_index/package_run_dependencies/hitc_robot_description
[0.197s] -- Up-to-date: /home/chris/capstone/hitc_ws/install/hitc_robot_description/share/ament_index/resource_index/parent_prefix_path/hitc_robot_description
[0.197s] -- Up-to-date: /home/chris/capstone/hitc_ws/install/hitc_robot_description/share/hitc_robot_description/environment/ament_prefix_path.sh
[0.197s] -- Up-to-date: /home/chris/capstone/hitc_ws/install/hitc_robot_description/share/hitc_robot_description/environment/ament_prefix_path.dsv
[0.197s] -- Up-to-date: /home/chris/capstone/hitc_ws/install/hitc_robot_description/share/hitc_robot_description/environment/path.sh
[0.197s] -- Up-to-date: /home/chris/capstone/hitc_ws/install/hitc_robot_description/share/hitc_robot_description/environment/path.dsv
[0.197s] -- Up-to-date: /home/chris/capstone/hitc_ws/install/hitc_robot_description/share/hitc_robot_description/local_setup.bash
[0.197s] -- Up-to-date: /home/chris/capstone/hitc_ws/install/hitc_robot_description/share/hitc_robot_description/local_setup.sh
[0.197s] -- Up-to-date: /home/chris/capstone/hitc_ws/install/hitc_robot_description/share/hitc_robot_description/local_setup.zsh
[0.197s] -- Up-to-date: /home/chris/capstone/hitc_ws/install/hitc_robot_description/share/hitc_robot_description/local_setup.dsv
[0.197s] -- Up-to-date: /home/chris/capstone/hitc_ws/install/hitc_robot_description/share/hitc_robot_description/package.dsv
[0.197s] -- Up-to-date: /home/chris/capstone/hitc_ws/install/hitc_robot_description/share/ament_index/resource_index/packages/hitc_robot_description
[0.197s] -- Up-to-date: /home/chris/capstone/hitc_ws/install/hitc_robot_description/share/hitc_robot_description/cmake/hitc_robot_descriptionConfig.cmake
[0.197s] -- Up-to-date: /home/chris/capstone/hitc_ws/install/hitc_robot_description/share/hitc_robot_description/cmake/hitc_robot_descriptionConfig-version.cmake
[0.197s] -- Up-to-date: /home/chris/capstone/hitc_ws/install/hitc_robot_description/share/hitc_robot_description/package.xml
[0.199s] Invoked command in '/home/chris/capstone/hitc_ws/build/hitc_robot_description' returned '0': CMAKE_PREFIX_PATH=${CMAKE_PREFIX_PATH}:/home/chris/ros2_ws/install/turtlesim_catch_them_all:/home/chris/ros2_ws/install/my_py_pkg:/home/chris/hitc_ws/install/test_motors_py:/home/chris/hitc_ws/install/camera_py:/opt/ros/humble /usr/bin/cmake --install /home/chris/capstone/hitc_ws/build/hitc_robot_description
