[5.455s] DEBUG:colcon:Command line arguments: ['/usr/bin/colcon', 'build']
[5.455s] DEBUG:colcon:Parsed command line arguments: Namespace(log_base=None, log_level=None, verb_name='build', build_base='build', install_base='install', merge_install=False, symlink_install=False, test_result_base=None, continue_on_error=False, executor='parallel', parallel_workers=4, event_handlers=None, ignore_user_meta=False, metas=['./colcon.meta'], base_paths=['.'], packages_ignore=None, packages_ignore_regex=None, paths=None, packages_up_to=None, packages_up_to_regex=None, packages_above=None, packages_above_and_dependencies=None, packages_above_depth=None, packages_select_by_dep=None, packages_skip_by_dep=None, packages_skip_up_to=None, packages_select_build_failed=False, packages_skip_build_finished=False, packages_select_test_failures=False, packages_skip_test_passed=False, packages_select=None, packages_skip=None, packages_select_regex=None, packages_skip_regex=None, packages_start=None, packages_end=None, allow_overriding=[], cmake_args=None, cmake_target=None, cmake_target_skip_unavailable=False, cmake_clean_cache=False, cmake_clean_first=False, cmake_force_configure=False, ament_cmake_args=None, catkin_cmake_args=None, catkin_skip_building_tests=False, verb_parser=<colcon_defaults.argument_parser.defaults.DefaultArgumentsDecorator object at 0xffffa6c6d060>, verb_extension=<colcon_core.verb.build.BuildVerb object at 0xffffa6c6ccd0>, main=<bound method BuildVerb.main of <colcon_core.verb.build.BuildVerb object at 0xffffa6c6ccd0>>)
[5.705s] Level 1:colcon.colcon_core.package_discovery:discover_packages(colcon_meta) check parameters
[5.705s] Level 1:colcon.colcon_core.package_discovery:discover_packages(recursive) check parameters
[5.705s] Level 1:colcon.colcon_core.package_discovery:discover_packages(ignore) check parameters
[5.705s] Level 1:colcon.colcon_core.package_discovery:discover_packages(path) check parameters
[5.706s] Level 1:colcon.colcon_core.package_discovery:discover_packages(colcon_meta) discover
[5.706s] Level 1:colcon.colcon_core.package_discovery:discover_packages(recursive) discover
[5.706s] INFO:colcon.colcon_core.package_discovery:Crawling recursively for packages in '/home/chris/capstone/hitc_ws'
[5.707s] Level 1:colcon.colcon_core.package_identification:_identify(.) by extensions ['ignore', 'ignore_ament_install']
[5.707s] Level 1:colcon.colcon_core.package_identification:_identify(.) by extension 'ignore'
[5.708s] Level 1:colcon.colcon_core.package_identification:_identify(.) by extension 'ignore_ament_install'
[5.708s] Level 1:colcon.colcon_core.package_identification:_identify(.) by extensions ['colcon_pkg']
[5.708s] Level 1:colcon.colcon_core.package_identification:_identify(.) by extension 'colcon_pkg'
[5.708s] Level 1:colcon.colcon_core.package_identification:_identify(.) by extensions ['colcon_meta']
[5.708s] Level 1:colcon.colcon_core.package_identification:_identify(.) by extension 'colcon_meta'
[5.709s] Level 1:colcon.colcon_core.package_identification:_identify(.) by extensions ['ros']
[5.709s] Level 1:colcon.colcon_core.package_identification:_identify(.) by extension 'ros'
[5.759s] Level 1:colcon.colcon_core.package_identification:_identify(.) by extensions ['cmake', 'python']
[5.759s] Level 1:colcon.colcon_core.package_identification:_identify(.) by extension 'cmake'
[5.760s] Level 1:colcon.colcon_core.package_identification:_identify(.) by extension 'python'
[5.760s] Level 1:colcon.colcon_core.package_identification:_identify(.) by extensions ['python_setup_py']
[5.760s] Level 1:colcon.colcon_core.package_identification:_identify(.) by extension 'python_setup_py'
[5.761s] Level 1:colcon.colcon_core.package_identification:_identify(build) by extensions ['ignore', 'ignore_ament_install']
[5.761s] Level 1:colcon.colcon_core.package_identification:_identify(build) by extension 'ignore'
[5.762s] Level 1:colcon.colcon_core.package_identification:_identify(build) ignored
[5.763s] Level 1:colcon.colcon_core.package_identification:_identify(install) by extensions ['ignore', 'ignore_ament_install']
[5.763s] Level 1:colcon.colcon_core.package_identification:_identify(install) by extension 'ignore'
[5.763s] Level 1:colcon.colcon_core.package_identification:_identify(install) ignored
[5.764s] Level 1:colcon.colcon_core.package_identification:_identify(log) by extensions ['ignore', 'ignore_ament_install']
[5.764s] Level 1:colcon.colcon_core.package_identification:_identify(log) by extension 'ignore'
[5.765s] Level 1:colcon.colcon_core.package_identification:_identify(log) ignored
[5.765s] Level 1:colcon.colcon_core.package_identification:_identify(src) by extensions ['ignore', 'ignore_ament_install']
[5.766s] Level 1:colcon.colcon_core.package_identification:_identify(src) by extension 'ignore'
[5.766s] Level 1:colcon.colcon_core.package_identification:_identify(src) by extension 'ignore_ament_install'
[5.766s] Level 1:colcon.colcon_core.package_identification:_identify(src) by extensions ['colcon_pkg']
[5.766s] Level 1:colcon.colcon_core.package_identification:_identify(src) by extension 'colcon_pkg'
[5.767s] Level 1:colcon.colcon_core.package_identification:_identify(src) by extensions ['colcon_meta']
[5.767s] Level 1:colcon.colcon_core.package_identification:_identify(src) by extension 'colcon_meta'
[5.767s] Level 1:colcon.colcon_core.package_identification:_identify(src) by extensions ['ros']
[5.767s] Level 1:colcon.colcon_core.package_identification:_identify(src) by extension 'ros'
[5.767s] Level 1:colcon.colcon_core.package_identification:_identify(src) by extensions ['cmake', 'python']
[5.768s] Level 1:colcon.colcon_core.package_identification:_identify(src) by extension 'cmake'
[5.768s] Level 1:colcon.colcon_core.package_identification:_identify(src) by extension 'python'
[5.768s] Level 1:colcon.colcon_core.package_identification:_identify(src) by extensions ['python_setup_py']
[5.768s] Level 1:colcon.colcon_core.package_identification:_identify(src) by extension 'python_setup_py'
[5.769s] Level 1:colcon.colcon_core.package_identification:_identify(src/camera_capture) by extensions ['ignore', 'ignore_ament_install']
[5.769s] Level 1:colcon.colcon_core.package_identification:_identify(src/camera_capture) by extension 'ignore'
[5.769s] Level 1:colcon.colcon_core.package_identification:_identify(src/camera_capture) by extension 'ignore_ament_install'
[5.770s] Level 1:colcon.colcon_core.package_identification:_identify(src/camera_capture) by extensions ['colcon_pkg']
[5.770s] Level 1:colcon.colcon_core.package_identification:_identify(src/camera_capture) by extension 'colcon_pkg'
[5.770s] Level 1:colcon.colcon_core.package_identification:_identify(src/camera_capture) by extensions ['colcon_meta']
[5.770s] Level 1:colcon.colcon_core.package_identification:_identify(src/camera_capture) by extension 'colcon_meta'
[5.771s] Level 1:colcon.colcon_core.package_identification:_identify(src/camera_capture) by extensions ['ros']
[5.771s] Level 1:colcon.colcon_core.package_identification:_identify(src/camera_capture) by extension 'ros'
[5.781s] DEBUG:colcon.colcon_core.package_identification:Package 'src/camera_capture' with type 'ros.ament_python' and name 'camera_capture'
[5.782s] Level 1:colcon.colcon_core.package_identification:_identify(src/laser_pointer) by extensions ['ignore', 'ignore_ament_install']
[5.782s] Level 1:colcon.colcon_core.package_identification:_identify(src/laser_pointer) by extension 'ignore'
[5.783s] Level 1:colcon.colcon_core.package_identification:_identify(src/laser_pointer) by extension 'ignore_ament_install'
[5.783s] Level 1:colcon.colcon_core.package_identification:_identify(src/laser_pointer) by extensions ['colcon_pkg']
[5.783s] Level 1:colcon.colcon_core.package_identification:_identify(src/laser_pointer) by extension 'colcon_pkg'
[5.783s] Level 1:colcon.colcon_core.package_identification:_identify(src/laser_pointer) by extensions ['colcon_meta']
[5.783s] Level 1:colcon.colcon_core.package_identification:_identify(src/laser_pointer) by extension 'colcon_meta'
[5.784s] Level 1:colcon.colcon_core.package_identification:_identify(src/laser_pointer) by extensions ['ros']
[5.784s] Level 1:colcon.colcon_core.package_identification:_identify(src/laser_pointer) by extension 'ros'
[5.787s] DEBUG:colcon.colcon_core.package_identification:Package 'src/laser_pointer' with type 'ros.ament_python' and name 'laser_pointer'
[5.788s] Level 1:colcon.colcon_core.package_identification:_identify(src/my_robot_description) by extensions ['ignore', 'ignore_ament_install']
[5.789s] Level 1:colcon.colcon_core.package_identification:_identify(src/my_robot_description) by extension 'ignore'
[5.789s] Level 1:colcon.colcon_core.package_identification:_identify(src/my_robot_description) by extension 'ignore_ament_install'
[5.790s] Level 1:colcon.colcon_core.package_identification:_identify(src/my_robot_description) by extensions ['colcon_pkg']
[5.790s] Level 1:colcon.colcon_core.package_identification:_identify(src/my_robot_description) by extension 'colcon_pkg'
[5.791s] Level 1:colcon.colcon_core.package_identification:_identify(src/my_robot_description) by extensions ['colcon_meta']
[5.791s] Level 1:colcon.colcon_core.package_identification:_identify(src/my_robot_description) by extension 'colcon_meta'
[5.791s] Level 1:colcon.colcon_core.package_identification:_identify(src/my_robot_description) by extensions ['ros']
[5.791s] Level 1:colcon.colcon_core.package_identification:_identify(src/my_robot_description) by extension 'ros'
[5.794s] DEBUG:colcon.colcon_core.package_identification:Package 'src/my_robot_description' with type 'ros.ament_python' and name 'my_robot_description'
[5.795s] Level 1:colcon.colcon_core.package_identification:_identify(src/path_planner) by extensions ['ignore', 'ignore_ament_install']
[5.795s] Level 1:colcon.colcon_core.package_identification:_identify(src/path_planner) by extension 'ignore'
[5.796s] Level 1:colcon.colcon_core.package_identification:_identify(src/path_planner) by extension 'ignore_ament_install'
[5.796s] Level 1:colcon.colcon_core.package_identification:_identify(src/path_planner) by extensions ['colcon_pkg']
[5.796s] Level 1:colcon.colcon_core.package_identification:_identify(src/path_planner) by extension 'colcon_pkg'
[5.796s] Level 1:colcon.colcon_core.package_identification:_identify(src/path_planner) by extensions ['colcon_meta']
[5.796s] Level 1:colcon.colcon_core.package_identification:_identify(src/path_planner) by extension 'colcon_meta'
[5.797s] Level 1:colcon.colcon_core.package_identification:_identify(src/path_planner) by extensions ['ros']
[5.797s] Level 1:colcon.colcon_core.package_identification:_identify(src/path_planner) by extension 'ros'
[5.799s] DEBUG:colcon.colcon_core.package_identification:Package 'src/path_planner' with type 'ros.ament_python' and name 'path_planner'
[5.800s] Level 1:colcon.colcon_core.package_identification:_identify(src/startup) by extensions ['ignore', 'ignore_ament_install']
[5.800s] Level 1:colcon.colcon_core.package_identification:_identify(src/startup) by extension 'ignore'
[5.801s] Level 1:colcon.colcon_core.package_identification:_identify(src/startup) by extension 'ignore_ament_install'
[5.801s] Level 1:colcon.colcon_core.package_identification:_identify(src/startup) by extensions ['colcon_pkg']
[5.801s] Level 1:colcon.colcon_core.package_identification:_identify(src/startup) by extension 'colcon_pkg'
[5.801s] Level 1:colcon.colcon_core.package_identification:_identify(src/startup) by extensions ['colcon_meta']
[5.801s] Level 1:colcon.colcon_core.package_identification:_identify(src/startup) by extension 'colcon_meta'
[5.802s] Level 1:colcon.colcon_core.package_identification:_identify(src/startup) by extensions ['ros']
[5.802s] Level 1:colcon.colcon_core.package_identification:_identify(src/startup) by extension 'ros'
[5.804s] DEBUG:colcon.colcon_core.package_identification:Package 'src/startup' with type 'ros.ament_python' and name 'startup'
[5.805s] Level 1:colcon.colcon_core.package_identification:_identify(src/testing_motors) by extensions ['ignore', 'ignore_ament_install']
[5.805s] Level 1:colcon.colcon_core.package_identification:_identify(src/testing_motors) by extension 'ignore'
[5.806s] Level 1:colcon.colcon_core.package_identification:_identify(src/testing_motors) by extension 'ignore_ament_install'
[5.806s] Level 1:colcon.colcon_core.package_identification:_identify(src/testing_motors) by extensions ['colcon_pkg']
[5.806s] Level 1:colcon.colcon_core.package_identification:_identify(src/testing_motors) by extension 'colcon_pkg'
[5.807s] Level 1:colcon.colcon_core.package_identification:_identify(src/testing_motors) by extensions ['colcon_meta']
[5.807s] Level 1:colcon.colcon_core.package_identification:_identify(src/testing_motors) by extension 'colcon_meta'
[5.807s] Level 1:colcon.colcon_core.package_identification:_identify(src/testing_motors) by extensions ['ros']
[5.807s] Level 1:colcon.colcon_core.package_identification:_identify(src/testing_motors) by extension 'ros'
[5.810s] DEBUG:colcon.colcon_core.package_identification:Package 'src/testing_motors' with type 'ros.ament_python' and name 'testing_motors'
[5.810s] Level 1:colcon.colcon_core.package_discovery:discover_packages(recursive) using defaults
[5.811s] Level 1:colcon.colcon_core.package_discovery:discover_packages(ignore) discover
[5.811s] Level 1:colcon.colcon_core.package_discovery:discover_packages(ignore) using defaults
[5.811s] Level 1:colcon.colcon_core.package_discovery:discover_packages(path) discover
[5.811s] Level 1:colcon.colcon_core.package_discovery:discover_packages(path) using defaults
[6.496s] Level 1:colcon.colcon_core.package_discovery:discover_packages(prefix_path) check parameters
[6.496s] Level 1:colcon.colcon_core.package_discovery:discover_packages(prefix_path) discover
[6.659s] DEBUG:colcon.colcon_installed_package_information.package_discovery:Found 7 installed packages in /home/chris/capstone/hitc_ws/install
[6.744s] DEBUG:colcon.colcon_installed_package_information.package_discovery:Found 277 installed packages in /opt/ros/humble
[6.752s] Level 1:colcon.colcon_core.package_discovery:discover_packages(prefix_path) using defaults
[7.271s] Level 5:colcon.colcon_core.verb:set package 'camera_capture' build argument 'cmake_args' from command line to 'None'
[7.272s] Level 5:colcon.colcon_core.verb:set package 'camera_capture' build argument 'cmake_target' from command line to 'None'
[7.272s] Level 5:colcon.colcon_core.verb:set package 'camera_capture' build argument 'cmake_target_skip_unavailable' from command line to 'False'
[7.272s] Level 5:colcon.colcon_core.verb:set package 'camera_capture' build argument 'cmake_clean_cache' from command line to 'False'
[7.272s] Level 5:colcon.colcon_core.verb:set package 'camera_capture' build argument 'cmake_clean_first' from command line to 'False'
[7.272s] Level 5:colcon.colcon_core.verb:set package 'camera_capture' build argument 'cmake_force_configure' from command line to 'False'
[7.272s] Level 5:colcon.colcon_core.verb:set package 'camera_capture' build argument 'ament_cmake_args' from command line to 'None'
[7.272s] Level 5:colcon.colcon_core.verb:set package 'camera_capture' build argument 'catkin_cmake_args' from command line to 'None'
[7.273s] Level 5:colcon.colcon_core.verb:set package 'camera_capture' build argument 'catkin_skip_building_tests' from command line to 'False'
[7.273s] DEBUG:colcon.colcon_core.verb:Building package 'camera_capture' with the following arguments: {'ament_cmake_args': None, 'build_base': '/home/chris/capstone/hitc_ws/build/camera_capture', 'catkin_cmake_args': None, 'catkin_skip_building_tests': False, 'cmake_args': None, 'cmake_clean_cache': False, 'cmake_clean_first': False, 'cmake_force_configure': False, 'cmake_target': None, 'cmake_target_skip_unavailable': False, 'install_base': '/home/chris/capstone/hitc_ws/install/camera_capture', 'merge_install': False, 'path': '/home/chris/capstone/hitc_ws/src/camera_capture', 'symlink_install': False, 'test_result_base': None}
[7.350s] Level 5:colcon.colcon_core.verb:set package 'laser_pointer' build argument 'cmake_args' from command line to 'None'
[7.351s] Level 5:colcon.colcon_core.verb:set package 'laser_pointer' build argument 'cmake_target' from command line to 'None'
[7.351s] Level 5:colcon.colcon_core.verb:set package 'laser_pointer' build argument 'cmake_target_skip_unavailable' from command line to 'False'
[7.351s] Level 5:colcon.colcon_core.verb:set package 'laser_pointer' build argument 'cmake_clean_cache' from command line to 'False'
[7.351s] Level 5:colcon.colcon_core.verb:set package 'laser_pointer' build argument 'cmake_clean_first' from command line to 'False'
[7.351s] Level 5:colcon.colcon_core.verb:set package 'laser_pointer' build argument 'cmake_force_configure' from command line to 'False'
[7.351s] Level 5:colcon.colcon_core.verb:set package 'laser_pointer' build argument 'ament_cmake_args' from command line to 'None'
[7.352s] Level 5:colcon.colcon_core.verb:set package 'laser_pointer' build argument 'catkin_cmake_args' from command line to 'None'
[7.352s] Level 5:colcon.colcon_core.verb:set package 'laser_pointer' build argument 'catkin_skip_building_tests' from command line to 'False'
[7.352s] DEBUG:colcon.colcon_core.verb:Building package 'laser_pointer' with the following arguments: {'ament_cmake_args': None, 'build_base': '/home/chris/capstone/hitc_ws/build/laser_pointer', 'catkin_cmake_args': None, 'catkin_skip_building_tests': False, 'cmake_args': None, 'cmake_clean_cache': False, 'cmake_clean_first': False, 'cmake_force_configure': False, 'cmake_target': None, 'cmake_target_skip_unavailable': False, 'install_base': '/home/chris/capstone/hitc_ws/install/laser_pointer', 'merge_install': False, 'path': '/home/chris/capstone/hitc_ws/src/laser_pointer', 'symlink_install': False, 'test_result_base': None}
[7.431s] Level 5:colcon.colcon_core.verb:set package 'my_robot_description' build argument 'cmake_args' from command line to 'None'
[7.432s] Level 5:colcon.colcon_core.verb:set package 'my_robot_description' build argument 'cmake_target' from command line to 'None'
[7.432s] Level 5:colcon.colcon_core.verb:set package 'my_robot_description' build argument 'cmake_target_skip_unavailable' from command line to 'False'
[7.432s] Level 5:colcon.colcon_core.verb:set package 'my_robot_description' build argument 'cmake_clean_cache' from command line to 'False'
[7.432s] Level 5:colcon.colcon_core.verb:set package 'my_robot_description' build argument 'cmake_clean_first' from command line to 'False'
[7.432s] Level 5:colcon.colcon_core.verb:set package 'my_robot_description' build argument 'cmake_force_configure' from command line to 'False'
[7.432s] Level 5:colcon.colcon_core.verb:set package 'my_robot_description' build argument 'ament_cmake_args' from command line to 'None'
[7.432s] Level 5:colcon.colcon_core.verb:set package 'my_robot_description' build argument 'catkin_cmake_args' from command line to 'None'
[7.433s] Level 5:colcon.colcon_core.verb:set package 'my_robot_description' build argument 'catkin_skip_building_tests' from command line to 'False'
[7.433s] DEBUG:colcon.colcon_core.verb:Building package 'my_robot_description' with the following arguments: {'ament_cmake_args': None, 'build_base': '/home/chris/capstone/hitc_ws/build/my_robot_description', 'catkin_cmake_args': None, 'catkin_skip_building_tests': False, 'cmake_args': None, 'cmake_clean_cache': False, 'cmake_clean_first': False, 'cmake_force_configure': False, 'cmake_target': None, 'cmake_target_skip_unavailable': False, 'install_base': '/home/chris/capstone/hitc_ws/install/my_robot_description', 'merge_install': False, 'path': '/home/chris/capstone/hitc_ws/src/my_robot_description', 'symlink_install': False, 'test_result_base': None}
[7.522s] Level 5:colcon.colcon_core.verb:set package 'path_planner' build argument 'cmake_args' from command line to 'None'
[7.522s] Level 5:colcon.colcon_core.verb:set package 'path_planner' build argument 'cmake_target' from command line to 'None'
[7.522s] Level 5:colcon.colcon_core.verb:set package 'path_planner' build argument 'cmake_target_skip_unavailable' from command line to 'False'
[7.523s] Level 5:colcon.colcon_core.verb:set package 'path_planner' build argument 'cmake_clean_cache' from command line to 'False'
[7.523s] Level 5:colcon.colcon_core.verb:set package 'path_planner' build argument 'cmake_clean_first' from command line to 'False'
[7.523s] Level 5:colcon.colcon_core.verb:set package 'path_planner' build argument 'cmake_force_configure' from command line to 'False'
[7.523s] Level 5:colcon.colcon_core.verb:set package 'path_planner' build argument 'ament_cmake_args' from command line to 'None'
[7.523s] Level 5:colcon.colcon_core.verb:set package 'path_planner' build argument 'catkin_cmake_args' from command line to 'None'
[7.523s] Level 5:colcon.colcon_core.verb:set package 'path_planner' build argument 'catkin_skip_building_tests' from command line to 'False'
[7.523s] DEBUG:colcon.colcon_core.verb:Building package 'path_planner' with the following arguments: {'ament_cmake_args': None, 'build_base': '/home/chris/capstone/hitc_ws/build/path_planner', 'catkin_cmake_args': None, 'catkin_skip_building_tests': False, 'cmake_args': None, 'cmake_clean_cache': False, 'cmake_clean_first': False, 'cmake_force_configure': False, 'cmake_target': None, 'cmake_target_skip_unavailable': False, 'install_base': '/home/chris/capstone/hitc_ws/install/path_planner', 'merge_install': False, 'path': '/home/chris/capstone/hitc_ws/src/path_planner', 'symlink_install': False, 'test_result_base': None}
[7.603s] Level 5:colcon.colcon_core.verb:set package 'startup' build argument 'cmake_args' from command line to 'None'
[7.603s] Level 5:colcon.colcon_core.verb:set package 'startup' build argument 'cmake_target' from command line to 'None'
[7.604s] Level 5:colcon.colcon_core.verb:set package 'startup' build argument 'cmake_target_skip_unavailable' from command line to 'False'
[7.604s] Level 5:colcon.colcon_core.verb:set package 'startup' build argument 'cmake_clean_cache' from command line to 'False'
[7.604s] Level 5:colcon.colcon_core.verb:set package 'startup' build argument 'cmake_clean_first' from command line to 'False'
[7.604s] Level 5:colcon.colcon_core.verb:set package 'startup' build argument 'cmake_force_configure' from command line to 'False'
[7.604s] Level 5:colcon.colcon_core.verb:set package 'startup' build argument 'ament_cmake_args' from command line to 'None'
[7.604s] Level 5:colcon.colcon_core.verb:set package 'startup' build argument 'catkin_cmake_args' from command line to 'None'
[7.604s] Level 5:colcon.colcon_core.verb:set package 'startup' build argument 'catkin_skip_building_tests' from command line to 'False'
[7.604s] DEBUG:colcon.colcon_core.verb:Building package 'startup' with the following arguments: {'ament_cmake_args': None, 'build_base': '/home/chris/capstone/hitc_ws/build/startup', 'catkin_cmake_args': None, 'catkin_skip_building_tests': False, 'cmake_args': None, 'cmake_clean_cache': False, 'cmake_clean_first': False, 'cmake_force_configure': False, 'cmake_target': None, 'cmake_target_skip_unavailable': False, 'install_base': '/home/chris/capstone/hitc_ws/install/startup', 'merge_install': False, 'path': '/home/chris/capstone/hitc_ws/src/startup', 'symlink_install': False, 'test_result_base': None}
[7.684s] Level 5:colcon.colcon_core.verb:set package 'testing_motors' build argument 'cmake_args' from command line to 'None'
[7.684s] Level 5:colcon.colcon_core.verb:set package 'testing_motors' build argument 'cmake_target' from command line to 'None'
[7.684s] Level 5:colcon.colcon_core.verb:set package 'testing_motors' build argument 'cmake_target_skip_unavailable' from command line to 'False'
[7.684s] Level 5:colcon.colcon_core.verb:set package 'testing_motors' build argument 'cmake_clean_cache' from command line to 'False'
[7.685s] Level 5:colcon.colcon_core.verb:set package 'testing_motors' build argument 'cmake_clean_first' from command line to 'False'
[7.685s] Level 5:colcon.colcon_core.verb:set package 'testing_motors' build argument 'cmake_force_configure' from command line to 'False'
[7.685s] Level 5:colcon.colcon_core.verb:set package 'testing_motors' build argument 'ament_cmake_args' from command line to 'None'
[7.685s] Level 5:colcon.colcon_core.verb:set package 'testing_motors' build argument 'catkin_cmake_args' from command line to 'None'
[7.685s] Level 5:colcon.colcon_core.verb:set package 'testing_motors' build argument 'catkin_skip_building_tests' from command line to 'False'
[7.685s] DEBUG:colcon.colcon_core.verb:Building package 'testing_motors' with the following arguments: {'ament_cmake_args': None, 'build_base': '/home/chris/capstone/hitc_ws/build/testing_motors', 'catkin_cmake_args': None, 'catkin_skip_building_tests': False, 'cmake_args': None, 'cmake_clean_cache': False, 'cmake_clean_first': False, 'cmake_force_configure': False, 'cmake_target': None, 'cmake_target_skip_unavailable': False, 'install_base': '/home/chris/capstone/hitc_ws/install/testing_motors', 'merge_install': False, 'path': '/home/chris/capstone/hitc_ws/src/testing_motors', 'symlink_install': False, 'test_result_base': None}
[7.763s] INFO:colcon.colcon_core.executor:Executing jobs using 'parallel' executor
[7.845s] DEBUG:colcon.colcon_parallel_executor.executor.parallel:run_until_complete
[7.847s] INFO:colcon.colcon_ros.task.ament_python.build:Building ROS package in '/home/chris/capstone/hitc_ws/src/camera_capture' with build type 'ament_python'
[7.847s] Level 1:colcon.colcon_core.shell:create_environment_hook('camera_capture', 'ament_prefix_path')
[7.965s] INFO:colcon.colcon_core.plugin_system:Skipping extension 'colcon_core.shell.bat': Not used on non-Windows systems
[7.965s] INFO:colcon.colcon_core.shell:Creating environment hook '/home/chris/capstone/hitc_ws/install/camera_capture/share/camera_capture/hook/ament_prefix_path.ps1'
[7.969s] INFO:colcon.colcon_core.shell:Creating environment descriptor '/home/chris/capstone/hitc_ws/install/camera_capture/share/camera_capture/hook/ament_prefix_path.dsv'
[7.972s] INFO:colcon.colcon_core.shell:Creating environment hook '/home/chris/capstone/hitc_ws/install/camera_capture/share/camera_capture/hook/ament_prefix_path.sh'
[8.083s] INFO:colcon.colcon_core.shell:Skip shell extension 'powershell' for command environment: Not usable outside of PowerShell
[8.084s] DEBUG:colcon.colcon_core.shell:Skip shell extension 'dsv' for command environment
[8.362s] INFO:colcon.colcon_ros.task.ament_python.build:Building ROS package in '/home/chris/capstone/hitc_ws/src/laser_pointer' with build type 'ament_python'
[8.363s] Level 1:colcon.colcon_core.shell:create_environment_hook('laser_pointer', 'ament_prefix_path')
[8.452s] INFO:colcon.colcon_core.shell:Creating environment hook '/home/chris/capstone/hitc_ws/install/laser_pointer/share/laser_pointer/hook/ament_prefix_path.ps1'
[8.455s] INFO:colcon.colcon_core.shell:Creating environment descriptor '/home/chris/capstone/hitc_ws/install/laser_pointer/share/laser_pointer/hook/ament_prefix_path.dsv'
[8.457s] INFO:colcon.colcon_core.shell:Creating environment hook '/home/chris/capstone/hitc_ws/install/laser_pointer/share/laser_pointer/hook/ament_prefix_path.sh'
[8.572s] INFO:colcon.colcon_core.shell:Skip shell extension 'powershell' for command environment: Not usable outside of PowerShell
[8.572s] DEBUG:colcon.colcon_core.shell:Skip shell extension 'dsv' for command environment
[8.849s] INFO:colcon.colcon_ros.task.ament_python.build:Building ROS package in '/home/chris/capstone/hitc_ws/src/my_robot_description' with build type 'ament_python'
[8.849s] Level 1:colcon.colcon_core.shell:create_environment_hook('my_robot_description', 'ament_prefix_path')
[8.955s] INFO:colcon.colcon_core.shell:Creating environment hook '/home/chris/capstone/hitc_ws/install/my_robot_description/share/my_robot_description/hook/ament_prefix_path.ps1'
[8.958s] INFO:colcon.colcon_core.shell:Creating environment descriptor '/home/chris/capstone/hitc_ws/install/my_robot_description/share/my_robot_description/hook/ament_prefix_path.dsv'
[8.960s] INFO:colcon.colcon_core.shell:Creating environment hook '/home/chris/capstone/hitc_ws/install/my_robot_description/share/my_robot_description/hook/ament_prefix_path.sh'
[9.051s] INFO:colcon.colcon_core.shell:Skip shell extension 'powershell' for command environment: Not usable outside of PowerShell
[9.052s] DEBUG:colcon.colcon_core.shell:Skip shell extension 'dsv' for command environment
[9.332s] INFO:colcon.colcon_ros.task.ament_python.build:Building ROS package in '/home/chris/capstone/hitc_ws/src/path_planner' with build type 'ament_python'
[9.333s] Level 1:colcon.colcon_core.shell:create_environment_hook('path_planner', 'ament_prefix_path')
[9.445s] INFO:colcon.colcon_core.shell:Creating environment hook '/home/chris/capstone/hitc_ws/install/path_planner/share/path_planner/hook/ament_prefix_path.ps1'
[9.447s] INFO:colcon.colcon_core.shell:Creating environment descriptor '/home/chris/capstone/hitc_ws/install/path_planner/share/path_planner/hook/ament_prefix_path.dsv'
[9.449s] INFO:colcon.colcon_core.shell:Creating environment hook '/home/chris/capstone/hitc_ws/install/path_planner/share/path_planner/hook/ament_prefix_path.sh'
[9.539s] INFO:colcon.colcon_core.shell:Skip shell extension 'powershell' for command environment: Not usable outside of PowerShell
[9.539s] DEBUG:colcon.colcon_core.shell:Skip shell extension 'dsv' for command environment
[11.405s] INFO:colcon.colcon_core.task.python.build:Building Python package in '/home/chris/capstone/hitc_ws/src/camera_capture'
[11.491s] INFO:colcon.colcon_core.shell:Skip shell extension 'powershell' for command environment: Not usable outside of PowerShell
[11.492s] DEBUG:colcon.colcon_core.shell:Skip shell extension 'dsv' for command environment
[13.324s] INFO:colcon.colcon_core.task.python.build:Building Python package in '/home/chris/capstone/hitc_ws/src/laser_pointer'
[13.410s] INFO:colcon.colcon_core.shell:Skip shell extension 'powershell' for command environment: Not usable outside of PowerShell
[13.411s] DEBUG:colcon.colcon_core.shell:Skip shell extension 'dsv' for command environment
[15.266s] INFO:colcon.colcon_core.task.python.build:Building Python package in '/home/chris/capstone/hitc_ws/src/my_robot_description'
[15.358s] INFO:colcon.colcon_core.shell:Skip shell extension 'powershell' for command environment: Not usable outside of PowerShell
[15.358s] DEBUG:colcon.colcon_core.shell:Skip shell extension 'dsv' for command environment
[17.199s] INFO:colcon.colcon_core.task.python.build:Building Python package in '/home/chris/capstone/hitc_ws/src/path_planner'
[17.279s] INFO:colcon.colcon_core.shell:Skip shell extension 'powershell' for command environment: Not usable outside of PowerShell
[17.279s] DEBUG:colcon.colcon_core.shell:Skip shell extension 'dsv' for command environment
[20.561s] DEBUG:colcon.colcon_core.event_handler.log_command:Invoking command in '/home/chris/capstone/hitc_ws/src/camera_capture': PYTHONPATH=/home/chris/capstone/hitc_ws/build/camera_capture/prefix_override:/home/chris/capstone/hitc_ws/install/camera_capture/lib/python3.10/site-packages:${PYTHONPATH} /usr/bin/python3 setup.py egg_info --egg-base ../../build/camera_capture build --build-base /home/chris/capstone/hitc_ws/build/camera_capture/build install --record /home/chris/capstone/hitc_ws/build/camera_capture/install.log --single-version-externally-managed
[20.664s] DEBUG:colcon.colcon_core.event_handler.log_command:Invoking command in '/home/chris/capstone/hitc_ws/src/laser_pointer': PYTHONPATH=/home/chris/capstone/hitc_ws/build/laser_pointer/prefix_override:/home/chris/capstone/hitc_ws/install/laser_pointer/lib/python3.10/site-packages:${PYTHONPATH} /usr/bin/python3 setup.py egg_info --egg-base ../../build/laser_pointer build --build-base /home/chris/capstone/hitc_ws/build/laser_pointer/build install --record /home/chris/capstone/hitc_ws/build/laser_pointer/install.log --single-version-externally-managed
[21.080s] DEBUG:colcon.colcon_core.event_handler.log_command:Invoking command in '/home/chris/capstone/hitc_ws/src/my_robot_description': PYTHONPATH=/home/chris/capstone/hitc_ws/build/my_robot_description/prefix_override:/home/chris/capstone/hitc_ws/install/my_robot_description/lib/python3.10/site-packages:${PYTHONPATH} /usr/bin/python3 setup.py egg_info --egg-base ../../build/my_robot_description build --build-base /home/chris/capstone/hitc_ws/build/my_robot_description/build install --record /home/chris/capstone/hitc_ws/build/my_robot_description/install.log --single-version-externally-managed
[21.120s] DEBUG:colcon.colcon_core.event_handler.log_command:Invoking command in '/home/chris/capstone/hitc_ws/src/path_planner': PYTHONPATH=/home/chris/capstone/hitc_ws/build/path_planner/prefix_override:/home/chris/capstone/hitc_ws/install/path_planner/lib/python3.10/site-packages:${PYTHONPATH} /usr/bin/python3 setup.py egg_info --egg-base ../../build/path_planner build --build-base /home/chris/capstone/hitc_ws/build/path_planner/build install --record /home/chris/capstone/hitc_ws/build/path_planner/install.log --single-version-externally-managed
[23.870s] DEBUG:colcon.colcon_core.event_handler.log_command:Invoked command in '/home/chris/capstone/hitc_ws/src/camera_capture' returned '0': PYTHONPATH=/home/chris/capstone/hitc_ws/build/camera_capture/prefix_override:/home/chris/capstone/hitc_ws/install/camera_capture/lib/python3.10/site-packages:${PYTHONPATH} /usr/bin/python3 setup.py egg_info --egg-base ../../build/camera_capture build --build-base /home/chris/capstone/hitc_ws/build/camera_capture/build install --record /home/chris/capstone/hitc_ws/build/camera_capture/install.log --single-version-externally-managed
[24.425s] Level 1:colcon.colcon_core.environment:checking '/home/chris/capstone/hitc_ws/install/camera_capture' for CMake module files
[24.431s] Level 1:colcon.colcon_core.environment:checking '/home/chris/capstone/hitc_ws/install/camera_capture' for CMake config files
[24.442s] Level 1:colcon.colcon_core.environment:checking '/home/chris/capstone/hitc_ws/install/camera_capture/lib'
[24.444s] Level 1:colcon.colcon_core.environment:checking '/home/chris/capstone/hitc_ws/install/camera_capture/bin'
[24.446s] Level 1:colcon.colcon_core.environment:checking '/home/chris/capstone/hitc_ws/install/camera_capture/lib/pkgconfig/camera_capture.pc'
[24.450s] Level 1:colcon.colcon_core.environment:checking '/home/chris/capstone/hitc_ws/install/camera_capture/lib/python3.10/site-packages'
[24.450s] Level 1:colcon.colcon_core.shell:create_environment_hook('camera_capture', 'pythonpath')
[24.584s] INFO:colcon.colcon_core.shell:Creating environment hook '/home/chris/capstone/hitc_ws/install/camera_capture/share/camera_capture/hook/pythonpath.ps1'
[24.587s] INFO:colcon.colcon_core.shell:Creating environment descriptor '/home/chris/capstone/hitc_ws/install/camera_capture/share/camera_capture/hook/pythonpath.dsv'
[24.589s] INFO:colcon.colcon_core.shell:Creating environment hook '/home/chris/capstone/hitc_ws/install/camera_capture/share/camera_capture/hook/pythonpath.sh'
[24.592s] Level 1:colcon.colcon_core.environment:checking '/home/chris/capstone/hitc_ws/install/camera_capture/bin'
[24.592s] Level 1:colcon.colcon_core.environment:create_environment_scripts_only(camera_capture)
[24.678s] INFO:colcon.colcon_core.shell:Creating package script '/home/chris/capstone/hitc_ws/install/camera_capture/share/camera_capture/package.ps1'
[24.683s] INFO:colcon.colcon_core.shell:Creating package descriptor '/home/chris/capstone/hitc_ws/install/camera_capture/share/camera_capture/package.dsv'
[24.686s] INFO:colcon.colcon_core.shell:Creating package script '/home/chris/capstone/hitc_ws/install/camera_capture/share/camera_capture/package.sh'
[24.690s] INFO:colcon.colcon_core.shell:Creating package script '/home/chris/capstone/hitc_ws/install/camera_capture/share/camera_capture/package.bash'
[24.694s] INFO:colcon.colcon_core.shell:Creating package script '/home/chris/capstone/hitc_ws/install/camera_capture/share/camera_capture/package.zsh'
[24.698s] Level 1:colcon.colcon_core.environment:create_file_with_runtime_dependencies(/home/chris/capstone/hitc_ws/install/camera_capture/share/colcon-core/packages/camera_capture)
[24.701s] INFO:colcon.colcon_ros.task.ament_python.build:Building ROS package in '/home/chris/capstone/hitc_ws/src/startup' with build type 'ament_python'
[24.702s] Level 1:colcon.colcon_core.shell:create_environment_hook('startup', 'ament_prefix_path')
[24.823s] INFO:colcon.colcon_core.shell:Creating environment hook '/home/chris/capstone/hitc_ws/install/startup/share/startup/hook/ament_prefix_path.ps1'
[24.826s] INFO:colcon.colcon_core.shell:Creating environment descriptor '/home/chris/capstone/hitc_ws/install/startup/share/startup/hook/ament_prefix_path.dsv'
[24.828s] INFO:colcon.colcon_core.shell:Creating environment hook '/home/chris/capstone/hitc_ws/install/startup/share/startup/hook/ament_prefix_path.sh'
[24.924s] INFO:colcon.colcon_core.shell:Skip shell extension 'powershell' for command environment: Not usable outside of PowerShell
[24.925s] DEBUG:colcon.colcon_core.shell:Skip shell extension 'dsv' for command environment
[25.201s] DEBUG:colcon.colcon_core.event_handler.log_command:Invoked command in '/home/chris/capstone/hitc_ws/src/laser_pointer' returned '0': PYTHONPATH=/home/chris/capstone/hitc_ws/build/laser_pointer/prefix_override:/home/chris/capstone/hitc_ws/install/laser_pointer/lib/python3.10/site-packages:${PYTHONPATH} /usr/bin/python3 setup.py egg_info --egg-base ../../build/laser_pointer build --build-base /home/chris/capstone/hitc_ws/build/laser_pointer/build install --record /home/chris/capstone/hitc_ws/build/laser_pointer/install.log --single-version-externally-managed
[25.288s] Level 1:colcon.colcon_core.environment:checking '/home/chris/capstone/hitc_ws/install/laser_pointer' for CMake module files
[25.292s] Level 1:colcon.colcon_core.environment:checking '/home/chris/capstone/hitc_ws/install/laser_pointer' for CMake config files
[25.295s] Level 1:colcon.colcon_core.environment:checking '/home/chris/capstone/hitc_ws/install/laser_pointer/lib'
[25.296s] Level 1:colcon.colcon_core.environment:checking '/home/chris/capstone/hitc_ws/install/laser_pointer/bin'
[25.296s] Level 1:colcon.colcon_core.environment:checking '/home/chris/capstone/hitc_ws/install/laser_pointer/lib/pkgconfig/laser_pointer.pc'
[25.297s] Level 1:colcon.colcon_core.environment:checking '/home/chris/capstone/hitc_ws/install/laser_pointer/lib/python3.10/site-packages'
[25.298s] Level 1:colcon.colcon_core.shell:create_environment_hook('laser_pointer', 'pythonpath')
[25.384s] INFO:colcon.colcon_core.shell:Creating environment hook '/home/chris/capstone/hitc_ws/install/laser_pointer/share/laser_pointer/hook/pythonpath.ps1'
[25.387s] INFO:colcon.colcon_core.shell:Creating environment descriptor '/home/chris/capstone/hitc_ws/install/laser_pointer/share/laser_pointer/hook/pythonpath.dsv'
[25.389s] INFO:colcon.colcon_core.shell:Creating environment hook '/home/chris/capstone/hitc_ws/install/laser_pointer/share/laser_pointer/hook/pythonpath.sh'
[25.393s] Level 1:colcon.colcon_core.environment:checking '/home/chris/capstone/hitc_ws/install/laser_pointer/bin'
[25.393s] Level 1:colcon.colcon_core.environment:create_environment_scripts_only(laser_pointer)
[25.527s] INFO:colcon.colcon_core.shell:Creating package script '/home/chris/capstone/hitc_ws/install/laser_pointer/share/laser_pointer/package.ps1'
[25.532s] INFO:colcon.colcon_core.shell:Creating package descriptor '/home/chris/capstone/hitc_ws/install/laser_pointer/share/laser_pointer/package.dsv'
[25.535s] INFO:colcon.colcon_core.shell:Creating package script '/home/chris/capstone/hitc_ws/install/laser_pointer/share/laser_pointer/package.sh'
[25.538s] INFO:colcon.colcon_core.shell:Creating package script '/home/chris/capstone/hitc_ws/install/laser_pointer/share/laser_pointer/package.bash'
[25.540s] INFO:colcon.colcon_core.shell:Creating package script '/home/chris/capstone/hitc_ws/install/laser_pointer/share/laser_pointer/package.zsh'
[25.543s] Level 1:colcon.colcon_core.environment:create_file_with_runtime_dependencies(/home/chris/capstone/hitc_ws/install/laser_pointer/share/colcon-core/packages/laser_pointer)
[25.549s] DEBUG:colcon.colcon_core.event_handler.log_command:Invoked command in '/home/chris/capstone/hitc_ws/src/my_robot_description' returned '0': PYTHONPATH=/home/chris/capstone/hitc_ws/build/my_robot_description/prefix_override:/home/chris/capstone/hitc_ws/install/my_robot_description/lib/python3.10/site-packages:${PYTHONPATH} /usr/bin/python3 setup.py egg_info --egg-base ../../build/my_robot_description build --build-base /home/chris/capstone/hitc_ws/build/my_robot_description/build install --record /home/chris/capstone/hitc_ws/build/my_robot_description/install.log --single-version-externally-managed
[25.655s] Level 1:colcon.colcon_core.environment:checking '/home/chris/capstone/hitc_ws/install/my_robot_description' for CMake module files
[25.658s] Level 1:colcon.colcon_core.environment:checking '/home/chris/capstone/hitc_ws/install/my_robot_description' for CMake config files
[25.662s] Level 1:colcon.colcon_core.environment:checking '/home/chris/capstone/hitc_ws/install/my_robot_description/lib'
[25.662s] Level 1:colcon.colcon_core.environment:checking '/home/chris/capstone/hitc_ws/install/my_robot_description/bin'
[25.663s] Level 1:colcon.colcon_core.environment:checking '/home/chris/capstone/hitc_ws/install/my_robot_description/lib/pkgconfig/my_robot_description.pc'
[25.664s] Level 1:colcon.colcon_core.environment:checking '/home/chris/capstone/hitc_ws/install/my_robot_description/lib/python3.10/site-packages'
[25.664s] Level 1:colcon.colcon_core.shell:create_environment_hook('my_robot_description', 'pythonpath')
[25.753s] INFO:colcon.colcon_core.shell:Creating environment hook '/home/chris/capstone/hitc_ws/install/my_robot_description/share/my_robot_description/hook/pythonpath.ps1'
[25.756s] INFO:colcon.colcon_core.shell:Creating environment descriptor '/home/chris/capstone/hitc_ws/install/my_robot_description/share/my_robot_description/hook/pythonpath.dsv'
[25.758s] INFO:colcon.colcon_core.shell:Creating environment hook '/home/chris/capstone/hitc_ws/install/my_robot_description/share/my_robot_description/hook/pythonpath.sh'
[25.761s] Level 1:colcon.colcon_core.environment:checking '/home/chris/capstone/hitc_ws/install/my_robot_description/bin'
[25.761s] Level 1:colcon.colcon_core.environment:create_environment_scripts_only(my_robot_description)
[25.850s] INFO:colcon.colcon_core.shell:Creating package script '/home/chris/capstone/hitc_ws/install/my_robot_description/share/my_robot_description/package.ps1'
[25.853s] INFO:colcon.colcon_core.shell:Creating package descriptor '/home/chris/capstone/hitc_ws/install/my_robot_description/share/my_robot_description/package.dsv'
[25.856s] INFO:colcon.colcon_core.shell:Creating package script '/home/chris/capstone/hitc_ws/install/my_robot_description/share/my_robot_description/package.sh'
[25.858s] INFO:colcon.colcon_core.shell:Creating package script '/home/chris/capstone/hitc_ws/install/my_robot_description/share/my_robot_description/package.bash'
[25.861s] INFO:colcon.colcon_core.shell:Creating package script '/home/chris/capstone/hitc_ws/install/my_robot_description/share/my_robot_description/package.zsh'
[25.863s] Level 1:colcon.colcon_core.environment:create_file_with_runtime_dependencies(/home/chris/capstone/hitc_ws/install/my_robot_description/share/colcon-core/packages/my_robot_description)
[25.869s] DEBUG:colcon.colcon_core.event_handler.log_command:Invoked command in '/home/chris/capstone/hitc_ws/src/path_planner' returned '0': PYTHONPATH=/home/chris/capstone/hitc_ws/build/path_planner/prefix_override:/home/chris/capstone/hitc_ws/install/path_planner/lib/python3.10/site-packages:${PYTHONPATH} /usr/bin/python3 setup.py egg_info --egg-base ../../build/path_planner build --build-base /home/chris/capstone/hitc_ws/build/path_planner/build install --record /home/chris/capstone/hitc_ws/build/path_planner/install.log --single-version-externally-managed
[25.979s] Level 1:colcon.colcon_core.environment:checking '/home/chris/capstone/hitc_ws/install/path_planner' for CMake module files
[25.981s] Level 1:colcon.colcon_core.environment:checking '/home/chris/capstone/hitc_ws/install/path_planner' for CMake config files
[25.985s] Level 1:colcon.colcon_core.environment:checking '/home/chris/capstone/hitc_ws/install/path_planner/lib'
[25.985s] Level 1:colcon.colcon_core.environment:checking '/home/chris/capstone/hitc_ws/install/path_planner/bin'
[25.986s] Level 1:colcon.colcon_core.environment:checking '/home/chris/capstone/hitc_ws/install/path_planner/lib/pkgconfig/path_planner.pc'
[25.987s] Level 1:colcon.colcon_core.environment:checking '/home/chris/capstone/hitc_ws/install/path_planner/lib/python3.10/site-packages'
[25.987s] Level 1:colcon.colcon_core.shell:create_environment_hook('path_planner', 'pythonpath')
[26.076s] INFO:colcon.colcon_core.shell:Creating environment hook '/home/chris/capstone/hitc_ws/install/path_planner/share/path_planner/hook/pythonpath.ps1'
[26.078s] INFO:colcon.colcon_core.shell:Creating environment descriptor '/home/chris/capstone/hitc_ws/install/path_planner/share/path_planner/hook/pythonpath.dsv'
[26.080s] INFO:colcon.colcon_core.shell:Creating environment hook '/home/chris/capstone/hitc_ws/install/path_planner/share/path_planner/hook/pythonpath.sh'
[26.084s] Level 1:colcon.colcon_core.environment:checking '/home/chris/capstone/hitc_ws/install/path_planner/bin'
[26.084s] Level 1:colcon.colcon_core.environment:create_environment_scripts_only(path_planner)
[26.178s] INFO:colcon.colcon_core.shell:Creating package script '/home/chris/capstone/hitc_ws/install/path_planner/share/path_planner/package.ps1'
[26.181s] INFO:colcon.colcon_core.shell:Creating package descriptor '/home/chris/capstone/hitc_ws/install/path_planner/share/path_planner/package.dsv'
[26.183s] INFO:colcon.colcon_core.shell:Creating package script '/home/chris/capstone/hitc_ws/install/path_planner/share/path_planner/package.sh'
[26.186s] INFO:colcon.colcon_core.shell:Creating package script '/home/chris/capstone/hitc_ws/install/path_planner/share/path_planner/package.bash'
[26.188s] INFO:colcon.colcon_core.shell:Creating package script '/home/chris/capstone/hitc_ws/install/path_planner/share/path_planner/package.zsh'
[26.190s] Level 1:colcon.colcon_core.environment:create_file_with_runtime_dependencies(/home/chris/capstone/hitc_ws/install/path_planner/share/colcon-core/packages/path_planner)
[26.194s] INFO:colcon.colcon_ros.task.ament_python.build:Building ROS package in '/home/chris/capstone/hitc_ws/src/testing_motors' with build type 'ament_python'
[26.195s] Level 1:colcon.colcon_core.shell:create_environment_hook('testing_motors', 'ament_prefix_path')
[26.312s] INFO:colcon.colcon_core.shell:Creating environment hook '/home/chris/capstone/hitc_ws/install/testing_motors/share/testing_motors/hook/ament_prefix_path.ps1'
[26.314s] INFO:colcon.colcon_core.shell:Creating environment descriptor '/home/chris/capstone/hitc_ws/install/testing_motors/share/testing_motors/hook/ament_prefix_path.dsv'
[26.316s] INFO:colcon.colcon_core.shell:Creating environment hook '/home/chris/capstone/hitc_ws/install/testing_motors/share/testing_motors/hook/ament_prefix_path.sh'
[26.407s] INFO:colcon.colcon_core.shell:Skip shell extension 'powershell' for command environment: Not usable outside of PowerShell
[26.407s] DEBUG:colcon.colcon_core.shell:Skip shell extension 'dsv' for command environment
[28.243s] INFO:colcon.colcon_core.task.python.build:Building Python package in '/home/chris/capstone/hitc_ws/src/startup'
[28.337s] INFO:colcon.colcon_core.shell:Skip shell extension 'powershell' for command environment: Not usable outside of PowerShell
[28.338s] DEBUG:colcon.colcon_core.shell:Skip shell extension 'dsv' for command environment
[30.204s] INFO:colcon.colcon_core.task.python.build:Building Python package in '/home/chris/capstone/hitc_ws/src/testing_motors'
[30.294s] INFO:colcon.colcon_core.shell:Skip shell extension 'powershell' for command environment: Not usable outside of PowerShell
[30.294s] DEBUG:colcon.colcon_core.shell:Skip shell extension 'dsv' for command environment
[32.900s] DEBUG:colcon.colcon_core.event_handler.log_command:Invoking command in '/home/chris/capstone/hitc_ws/src/startup': PYTHONPATH=/home/chris/capstone/hitc_ws/build/startup/prefix_override:/home/chris/capstone/hitc_ws/install/startup/lib/python3.10/site-packages:${PYTHONPATH} /usr/bin/python3 setup.py egg_info --egg-base ../../build/startup build --build-base /home/chris/capstone/hitc_ws/build/startup/build install --record /home/chris/capstone/hitc_ws/build/startup/install.log --single-version-externally-managed
[32.906s] DEBUG:colcon.colcon_core.event_handler.log_command:Invoking command in '/home/chris/capstone/hitc_ws/src/testing_motors': PYTHONPATH=/home/chris/capstone/hitc_ws/build/testing_motors/prefix_override:/home/chris/capstone/hitc_ws/install/testing_motors/lib/python3.10/site-packages:${PYTHONPATH} /usr/bin/python3 setup.py egg_info --egg-base ../../build/testing_motors build --build-base /home/chris/capstone/hitc_ws/build/testing_motors/build install --record /home/chris/capstone/hitc_ws/build/testing_motors/install.log --single-version-externally-managed
[34.962s] DEBUG:colcon.colcon_core.event_handler.log_command:Invoked command in '/home/chris/capstone/hitc_ws/src/testing_motors' returned '0': PYTHONPATH=/home/chris/capstone/hitc_ws/build/testing_motors/prefix_override:/home/chris/capstone/hitc_ws/install/testing_motors/lib/python3.10/site-packages:${PYTHONPATH} /usr/bin/python3 setup.py egg_info --egg-base ../../build/testing_motors build --build-base /home/chris/capstone/hitc_ws/build/testing_motors/build install --record /home/chris/capstone/hitc_ws/build/testing_motors/install.log --single-version-externally-managed
[35.061s] Level 1:colcon.colcon_core.environment:checking '/home/chris/capstone/hitc_ws/install/testing_motors' for CMake module files
[35.064s] Level 1:colcon.colcon_core.environment:checking '/home/chris/capstone/hitc_ws/install/testing_motors' for CMake config files
[35.067s] Level 1:colcon.colcon_core.environment:checking '/home/chris/capstone/hitc_ws/install/testing_motors/lib'
[35.068s] Level 1:colcon.colcon_core.environment:checking '/home/chris/capstone/hitc_ws/install/testing_motors/bin'
[35.068s] Level 1:colcon.colcon_core.environment:checking '/home/chris/capstone/hitc_ws/install/testing_motors/lib/pkgconfig/testing_motors.pc'
[35.069s] Level 1:colcon.colcon_core.environment:checking '/home/chris/capstone/hitc_ws/install/testing_motors/lib/python3.10/site-packages'
[35.070s] Level 1:colcon.colcon_core.shell:create_environment_hook('testing_motors', 'pythonpath')
[35.156s] INFO:colcon.colcon_core.shell:Creating environment hook '/home/chris/capstone/hitc_ws/install/testing_motors/share/testing_motors/hook/pythonpath.ps1'
[35.158s] INFO:colcon.colcon_core.shell:Creating environment descriptor '/home/chris/capstone/hitc_ws/install/testing_motors/share/testing_motors/hook/pythonpath.dsv'
[35.160s] INFO:colcon.colcon_core.shell:Creating environment hook '/home/chris/capstone/hitc_ws/install/testing_motors/share/testing_motors/hook/pythonpath.sh'
[35.163s] Level 1:colcon.colcon_core.environment:checking '/home/chris/capstone/hitc_ws/install/testing_motors/bin'
[35.163s] Level 1:colcon.colcon_core.environment:create_environment_scripts_only(testing_motors)
[35.249s] INFO:colcon.colcon_core.shell:Creating package script '/home/chris/capstone/hitc_ws/install/testing_motors/share/testing_motors/package.ps1'
[35.252s] INFO:colcon.colcon_core.shell:Creating package descriptor '/home/chris/capstone/hitc_ws/install/testing_motors/share/testing_motors/package.dsv'
[35.255s] INFO:colcon.colcon_core.shell:Creating package script '/home/chris/capstone/hitc_ws/install/testing_motors/share/testing_motors/package.sh'
[35.257s] INFO:colcon.colcon_core.shell:Creating package script '/home/chris/capstone/hitc_ws/install/testing_motors/share/testing_motors/package.bash'
[35.259s] INFO:colcon.colcon_core.shell:Creating package script '/home/chris/capstone/hitc_ws/install/testing_motors/share/testing_motors/package.zsh'
[35.261s] Level 1:colcon.colcon_core.environment:create_file_with_runtime_dependencies(/home/chris/capstone/hitc_ws/install/testing_motors/share/colcon-core/packages/testing_motors)
[35.268s] DEBUG:colcon.colcon_core.event_handler.log_command:Invoked command in '/home/chris/capstone/hitc_ws/src/startup' returned '0': PYTHONPATH=/home/chris/capstone/hitc_ws/build/startup/prefix_override:/home/chris/capstone/hitc_ws/install/startup/lib/python3.10/site-packages:${PYTHONPATH} /usr/bin/python3 setup.py egg_info --egg-base ../../build/startup build --build-base /home/chris/capstone/hitc_ws/build/startup/build install --record /home/chris/capstone/hitc_ws/build/startup/install.log --single-version-externally-managed
[35.380s] Level 1:colcon.colcon_core.environment:checking '/home/chris/capstone/hitc_ws/install/startup' for CMake module files
[35.383s] Level 1:colcon.colcon_core.environment:checking '/home/chris/capstone/hitc_ws/install/startup' for CMake config files
[35.386s] Level 1:colcon.colcon_core.environment:checking '/home/chris/capstone/hitc_ws/install/startup/lib'
[35.387s] Level 1:colcon.colcon_core.environment:checking '/home/chris/capstone/hitc_ws/install/startup/bin'
[35.387s] Level 1:colcon.colcon_core.environment:checking '/home/chris/capstone/hitc_ws/install/startup/lib/pkgconfig/startup.pc'
[35.388s] Level 1:colcon.colcon_core.environment:checking '/home/chris/capstone/hitc_ws/install/startup/lib/python3.10/site-packages'
[35.389s] Level 1:colcon.colcon_core.shell:create_environment_hook('startup', 'pythonpath')
[35.477s] INFO:colcon.colcon_core.shell:Creating environment hook '/home/chris/capstone/hitc_ws/install/startup/share/startup/hook/pythonpath.ps1'
[35.479s] INFO:colcon.colcon_core.shell:Creating environment descriptor '/home/chris/capstone/hitc_ws/install/startup/share/startup/hook/pythonpath.dsv'
[35.481s] INFO:colcon.colcon_core.shell:Creating environment hook '/home/chris/capstone/hitc_ws/install/startup/share/startup/hook/pythonpath.sh'
[35.484s] Level 1:colcon.colcon_core.environment:checking '/home/chris/capstone/hitc_ws/install/startup/bin'
[35.484s] Level 1:colcon.colcon_core.environment:create_environment_scripts_only(startup)
[35.572s] INFO:colcon.colcon_core.shell:Creating package script '/home/chris/capstone/hitc_ws/install/startup/share/startup/package.ps1'
[35.574s] INFO:colcon.colcon_core.shell:Creating package descriptor '/home/chris/capstone/hitc_ws/install/startup/share/startup/package.dsv'
[35.577s] INFO:colcon.colcon_core.shell:Creating package script '/home/chris/capstone/hitc_ws/install/startup/share/startup/package.sh'
[35.579s] INFO:colcon.colcon_core.shell:Creating package script '/home/chris/capstone/hitc_ws/install/startup/share/startup/package.bash'
[35.581s] INFO:colcon.colcon_core.shell:Creating package script '/home/chris/capstone/hitc_ws/install/startup/share/startup/package.zsh'
[35.583s] Level 1:colcon.colcon_core.environment:create_file_with_runtime_dependencies(/home/chris/capstone/hitc_ws/install/startup/share/colcon-core/packages/startup)
[35.585s] DEBUG:colcon.colcon_parallel_executor.executor.parallel:closing loop
[35.587s] DEBUG:colcon.colcon_parallel_executor.executor.parallel:loop closed
[35.587s] DEBUG:colcon.colcon_parallel_executor.executor.parallel:run_until_complete finished with '0'
[35.587s] DEBUG:colcon.colcon_core.event_reactor:joining thread
[35.717s] INFO:colcon.colcon_core.plugin_system:Skipping extension 'colcon_notification.desktop_notification.terminal_notifier': Not used on non-Darwin systems
[35.717s] INFO:colcon.colcon_core.plugin_system:Skipping extension 'colcon_notification.desktop_notification.win32': Not used on non-Windows systems
[35.718s] INFO:colcon.colcon_notification.desktop_notification:Sending desktop notification using 'notify2'
[35.775s] DEBUG:colcon.colcon_core.event_reactor:joined thread
[35.907s] INFO:colcon.colcon_core.shell:Creating prefix script '/home/chris/capstone/hitc_ws/install/local_setup.ps1'
[35.913s] INFO:colcon.colcon_core.shell:Creating prefix util module '/home/chris/capstone/hitc_ws/install/_local_setup_util_ps1.py'
[35.921s] INFO:colcon.colcon_core.shell:Creating prefix chain script '/home/chris/capstone/hitc_ws/install/setup.ps1'
[36.018s] INFO:colcon.colcon_core.shell:Creating prefix script '/home/chris/capstone/hitc_ws/install/local_setup.sh'
[36.021s] INFO:colcon.colcon_core.shell:Creating prefix util module '/home/chris/capstone/hitc_ws/install/_local_setup_util_sh.py'
[36.023s] INFO:colcon.colcon_core.shell:Creating prefix chain script '/home/chris/capstone/hitc_ws/install/setup.sh'
[36.109s] INFO:colcon.colcon_core.shell:Creating prefix script '/home/chris/capstone/hitc_ws/install/local_setup.bash'
[36.112s] INFO:colcon.colcon_core.shell:Creating prefix chain script '/home/chris/capstone/hitc_ws/install/setup.bash'
[36.199s] INFO:colcon.colcon_core.shell:Creating prefix script '/home/chris/capstone/hitc_ws/install/local_setup.zsh'
[36.201s] INFO:colcon.colcon_core.shell:Creating prefix chain script '/home/chris/capstone/hitc_ws/install/setup.zsh'
