[3.124s] Invoking command in '/home/chris/capstone/hitc_ws/src/path_planner': PYTHONPATH=/home/chris/capstone/hitc_ws/build/path_planner/prefix_override:/home/chris/capstone/hitc_ws/install/path_planner/lib/python3.10/site-packages:${PYTHONPATH} /usr/bin/python3 setup.py egg_info --egg-base ../../build/path_planner build --build-base /home/chris/capstone/hitc_ws/build/path_planner/build install --record /home/chris/capstone/hitc_ws/build/path_planner/install.log --single-version-externally-managed
[3.421s] running egg_info
[3.422s] writing ../../build/path_planner/path_planner.egg-info/PKG-INFO
[3.422s] writing dependency_links to ../../build/path_planner/path_planner.egg-info/dependency_links.txt
[3.422s] writing entry points to ../../build/path_planner/path_planner.egg-info/entry_points.txt
[3.422s] writing requirements to ../../build/path_planner/path_planner.egg-info/requires.txt
[3.422s] writing top-level names to ../../build/path_planner/path_planner.egg-info/top_level.txt
[3.424s] reading manifest file '../../build/path_planner/path_planner.egg-info/SOURCES.txt'
[3.425s] writing manifest file '../../build/path_planner/path_planner.egg-info/SOURCES.txt'
[3.425s] running build
[3.425s] running build_py
[3.425s] copying path_planner/modular_path_planner.py -> /home/chris/capstone/hitc_ws/build/path_planner/build/lib/path_planner
[3.425s] copying path_planner/test_modular_path_planner.py -> /home/chris/capstone/hitc_ws/build/path_planner/build/lib/path_planner
[3.426s] copying path_planner/test_arm_only.py -> /home/chris/capstone/hitc_ws/build/path_planner/build/lib/path_planner
[3.426s] running install
[3.426s] running install_lib
[3.427s] copying /home/chris/capstone/hitc_ws/build/path_planner/build/lib/path_planner/modular_path_planner.py -> /home/chris/capstone/hitc_ws/install/path_planner/lib/python3.10/site-packages/path_planner
[3.427s] copying /home/chris/capstone/hitc_ws/build/path_planner/build/lib/path_planner/test_modular_path_planner.py -> /home/chris/capstone/hitc_ws/install/path_planner/lib/python3.10/site-packages/path_planner
[3.428s] copying /home/chris/capstone/hitc_ws/build/path_planner/build/lib/path_planner/test_arm_only.py -> /home/chris/capstone/hitc_ws/install/path_planner/lib/python3.10/site-packages/path_planner
[3.428s] byte-compiling /home/chris/capstone/hitc_ws/install/path_planner/lib/python3.10/site-packages/path_planner/modular_path_planner.py to modular_path_planner.cpython-310.pyc
[3.430s] byte-compiling /home/chris/capstone/hitc_ws/install/path_planner/lib/python3.10/site-packages/path_planner/test_modular_path_planner.py to test_modular_path_planner.cpython-310.pyc
[3.431s] byte-compiling /home/chris/capstone/hitc_ws/install/path_planner/lib/python3.10/site-packages/path_planner/test_arm_only.py to test_arm_only.cpython-310.pyc
[3.431s] running install_data
[3.432s] running install_egg_info
[3.433s] removing '/home/chris/capstone/hitc_ws/install/path_planner/lib/python3.10/site-packages/path_planner-0.0.0-py3.10.egg-info' (and everything under it)
[3.433s] Copying ../../build/path_planner/path_planner.egg-info to /home/chris/capstone/hitc_ws/install/path_planner/lib/python3.10/site-packages/path_planner-0.0.0-py3.10.egg-info
[3.435s] running install_scripts
[3.454s] writing list of installed files to '/home/chris/capstone/hitc_ws/build/path_planner/install.log'
[3.622s] Invoked command in '/home/chris/capstone/hitc_ws/src/path_planner' returned '0': PYTHONPATH=/home/chris/capstone/hitc_ws/build/path_planner/prefix_override:/home/chris/capstone/hitc_ws/install/path_planner/lib/python3.10/site-packages:${PYTHONPATH} /usr/bin/python3 setup.py egg_info --egg-base ../../build/path_planner build --build-base /home/chris/capstone/hitc_ws/build/path_planner/build install --record /home/chris/capstone/hitc_ws/build/path_planner/install.log --single-version-externally-managed
