[1.976s] Invoking command in '/home/chris/capstone/hitc_ws/src/laser_pointer': PYTHONPATH=/home/chris/capstone/hitc_ws/build/laser_pointer/prefix_override:/home/chris/capstone/hitc_ws/install/laser_pointer/lib/python3.10/site-packages:${PYTHONPATH} /usr/bin/python3 -W ignore:setup.py install is deprecated setup.py egg_info --egg-base ../../build/laser_pointer build --build-base /home/chris/capstone/hitc_ws/build/laser_pointer/build install --record /home/chris/capstone/hitc_ws/build/laser_pointer/install.log --single-version-externally-managed install_data
[2.269s] running egg_info
[2.270s] writing ../../build/laser_pointer/laser_pointer.egg-info/PKG-INFO
[2.270s] writing dependency_links to ../../build/laser_pointer/laser_pointer.egg-info/dependency_links.txt
[2.270s] writing entry points to ../../build/laser_pointer/laser_pointer.egg-info/entry_points.txt
[2.270s] writing requirements to ../../build/laser_pointer/laser_pointer.egg-info/requires.txt
[2.270s] writing top-level names to ../../build/laser_pointer/laser_pointer.egg-info/top_level.txt
[2.272s] reading manifest file '../../build/laser_pointer/laser_pointer.egg-info/SOURCES.txt'
[2.273s] writing manifest file '../../build/laser_pointer/laser_pointer.egg-info/SOURCES.txt'
[2.273s] running build
[2.273s] running build_py
[2.274s] running install
[2.274s] running install_lib
[2.276s] running install_data
[2.276s] running install_egg_info
[2.278s] removing '/home/chris/capstone/hitc_ws/install/laser_pointer/lib/python3.10/site-packages/laser_pointer-0.0.0-py3.10.egg-info' (and everything under it)
[2.278s] Copying ../../build/laser_pointer/laser_pointer.egg-info to /home/chris/capstone/hitc_ws/install/laser_pointer/lib/python3.10/site-packages/laser_pointer-0.0.0-py3.10.egg-info
[2.279s] running install_scripts
[2.304s] Installing laser_pointer script to /home/chris/capstone/hitc_ws/install/laser_pointer/lib/laser_pointer
[2.304s] Installing position_publisher script to /home/chris/capstone/hitc_ws/install/laser_pointer/lib/laser_pointer
[2.305s] Installing servo_position script to /home/chris/capstone/hitc_ws/install/laser_pointer/lib/laser_pointer
[2.305s] writing list of installed files to '/home/chris/capstone/hitc_ws/build/laser_pointer/install.log'
[2.344s] Invoked command in '/home/chris/capstone/hitc_ws/src/laser_pointer' returned '0': PYTHONPATH=/home/chris/capstone/hitc_ws/build/laser_pointer/prefix_override:/home/chris/capstone/hitc_ws/install/laser_pointer/lib/python3.10/site-packages:${PYTHONPATH} /usr/bin/python3 -W ignore:setup.py install is deprecated setup.py egg_info --egg-base ../../build/laser_pointer build --build-base /home/chris/capstone/hitc_ws/build/laser_pointer/build install --record /home/chris/capstone/hitc_ws/build/laser_pointer/install.log --single-version-externally-managed install_data
