[6.892s] Invoking command in '/home/chris/capstone/hitc_ws/src/laser_pointer': PYTHONPATH=/home/chris/capstone/hitc_ws/build/laser_pointer/prefix_override:/home/chris/capstone/hitc_ws/install/laser_pointer/lib/python3.10/site-packages:${PYTHONPATH} /usr/bin/python3 setup.py egg_info --egg-base ../../build/laser_pointer build --build-base /home/chris/capstone/hitc_ws/build/laser_pointer/build install --record /home/chris/capstone/hitc_ws/build/laser_pointer/install.log --single-version-externally-managed
[8.588s] running egg_info
[8.591s] writing ../../build/laser_pointer/laser_pointer.egg-info/PKG-INFO
[8.592s] writing dependency_links to ../../build/laser_pointer/laser_pointer.egg-info/dependency_links.txt
[8.594s] writing entry points to ../../build/laser_pointer/laser_pointer.egg-info/entry_points.txt
[8.597s] writing requirements to ../../build/laser_pointer/laser_pointer.egg-info/requires.txt
[8.598s] writing top-level names to ../../build/laser_pointer/laser_pointer.egg-info/top_level.txt
[8.606s] reading manifest file '../../build/laser_pointer/laser_pointer.egg-info/SOURCES.txt'
[8.612s] writing manifest file '../../build/laser_pointer/laser_pointer.egg-info/SOURCES.txt'
[8.612s] running build
[8.613s] running build_py
[8.615s] running install
[8.617s] running install_lib
[8.623s] running install_data
[8.626s] running install_egg_info
[8.636s] removing '/home/chris/capstone/hitc_ws/install/laser_pointer/lib/python3.10/site-packages/laser_pointer-0.0.0-py3.10.egg-info' (and everything under it)
[8.656s] Copying ../../build/laser_pointer/laser_pointer.egg-info to /home/chris/capstone/hitc_ws/install/laser_pointer/lib/python3.10/site-packages/laser_pointer-0.0.0-py3.10.egg-info
[8.657s] running install_scripts
[8.771s] Installing laser_end_effector script to /home/chris/capstone/hitc_ws/install/laser_pointer/lib/laser_pointer
[8.775s] writing list of installed files to '/home/chris/capstone/hitc_ws/build/laser_pointer/install.log'
[9.395s] Invoked command in '/home/chris/capstone/hitc_ws/src/laser_pointer' returned '0': PYTHONPATH=/home/chris/capstone/hitc_ws/build/laser_pointer/prefix_override:/home/chris/capstone/hitc_ws/install/laser_pointer/lib/python3.10/site-packages:${PYTHONPATH} /usr/bin/python3 setup.py egg_info --egg-base ../../build/laser_pointer build --build-base /home/chris/capstone/hitc_ws/build/laser_pointer/build install --record /home/chris/capstone/hitc_ws/build/laser_pointer/install.log --single-version-externally-managed
