[10.490s] Invoking command in '/home/chris/capstone/hitc_ws/src/path_planner': PYTHONPATH=/home/chris/capstone/hitc_ws/build/path_planner/prefix_override:/home/chris/capstone/hitc_ws/install/path_planner/lib/python3.10/site-packages:${PYTHONPATH} /usr/bin/python3 setup.py egg_info --egg-base ../../build/path_planner build --build-base /home/chris/capstone/hitc_ws/build/path_planner/build install --record /home/chris/capstone/hitc_ws/build/path_planner/install.log --single-version-externally-managed
[12.629s] running egg_info
[12.647s] creating ../../build/path_planner/path_planner.egg-info
[12.654s] writing ../../build/path_planner/path_planner.egg-info/PKG-INFO
[12.660s] writing dependency_links to ../../build/path_planner/path_planner.egg-info/dependency_links.txt
[12.661s] writing entry points to ../../build/path_planner/path_planner.egg-info/entry_points.txt
[12.663s] writing requirements to ../../build/path_planner/path_planner.egg-info/requires.txt
[12.668s] writing top-level names to ../../build/path_planner/path_planner.egg-info/top_level.txt
[12.684s] writing manifest file '../../build/path_planner/path_planner.egg-info/SOURCES.txt'
[12.717s] reading manifest file '../../build/path_planner/path_planner.egg-info/SOURCES.txt'
[12.729s] writing manifest file '../../build/path_planner/path_planner.egg-info/SOURCES.txt'
[12.732s] running build
[12.736s] running build_py
[12.739s] creating /home/chris/capstone/hitc_ws/build/path_planner/build
[12.746s] creating /home/chris/capstone/hitc_ws/build/path_planner/build/lib
[12.750s] creating /home/chris/capstone/hitc_ws/build/path_planner/build/lib/path_planner
[12.760s] copying path_planner/__init__.py -> /home/chris/capstone/hitc_ws/build/path_planner/build/lib/path_planner
[12.763s] running install
[12.767s] running install_lib
[12.789s] creating /home/chris/capstone/hitc_ws/install/path_planner/lib/python3.10/site-packages/path_planner
[12.803s] copying /home/chris/capstone/hitc_ws/build/path_planner/build/lib/path_planner/__init__.py -> /home/chris/capstone/hitc_ws/install/path_planner/lib/python3.10/site-packages/path_planner
[12.806s] byte-compiling /home/chris/capstone/hitc_ws/install/path_planner/lib/python3.10/site-packages/path_planner/__init__.py to __init__.cpython-310.pyc
[12.807s] running install_data
[12.807s] creating /home/chris/capstone/hitc_ws/install/path_planner/share/ament_index
[12.809s] creating /home/chris/capstone/hitc_ws/install/path_planner/share/ament_index/resource_index
[12.809s] creating /home/chris/capstone/hitc_ws/install/path_planner/share/ament_index/resource_index/packages
[12.810s] copying resource/path_planner -> /home/chris/capstone/hitc_ws/install/path_planner/share/ament_index/resource_index/packages
[12.811s] copying package.xml -> /home/chris/capstone/hitc_ws/install/path_planner/share/path_planner
[12.812s] running install_egg_info
[12.817s] Copying ../../build/path_planner/path_planner.egg-info to /home/chris/capstone/hitc_ws/install/path_planner/lib/python3.10/site-packages/path_planner-0.0.0-py3.10.egg-info
[12.822s] running install_scripts
[12.949s] writing list of installed files to '/home/chris/capstone/hitc_ws/build/path_planner/install.log'
[17.132s] Invoked command in '/home/chris/capstone/hitc_ws/src/path_planner' returned '0': PYTHONPATH=/home/chris/capstone/hitc_ws/build/path_planner/prefix_override:/home/chris/capstone/hitc_ws/install/path_planner/lib/python3.10/site-packages:${PYTHONPATH} /usr/bin/python3 setup.py egg_info --egg-base ../../build/path_planner build --build-base /home/chris/capstone/hitc_ws/build/path_planner/build install --record /home/chris/capstone/hitc_ws/build/path_planner/install.log --single-version-externally-managed
