[3.876s] Invoking command in '/home/chris/capstone/hitc_ws/src/camera_capture': PYTHONPATH=/home/chris/capstone/hitc_ws/build/camera_capture/prefix_override:/home/chris/capstone/hitc_ws/install/camera_capture/lib/python3.10/site-packages:${PYTHONPATH} /usr/bin/python3 setup.py egg_info --egg-base ../../build/camera_capture build --build-base /home/chris/capstone/hitc_ws/build/camera_capture/build install --record /home/chris/capstone/hitc_ws/build/camera_capture/install.log --single-version-externally-managed
[4.160s] running egg_info
[4.161s] writing ../../build/camera_capture/camera_capture.egg-info/PKG-INFO
[4.161s] writing dependency_links to ../../build/camera_capture/camera_capture.egg-info/dependency_links.txt
[4.162s] writing entry points to ../../build/camera_capture/camera_capture.egg-info/entry_points.txt
[4.162s] writing requirements to ../../build/camera_capture/camera_capture.egg-info/requires.txt
[4.162s] writing top-level names to ../../build/camera_capture/camera_capture.egg-info/top_level.txt
[4.164s] reading manifest file '../../build/camera_capture/camera_capture.egg-info/SOURCES.txt'
[4.165s] writing manifest file '../../build/camera_capture/camera_capture.egg-info/SOURCES.txt'
[4.165s] running build
[4.165s] running build_py
[4.165s] running install
[4.166s] running install_lib
[4.167s] running install_data
[4.168s] running install_egg_info
[4.169s] removing '/home/chris/capstone/hitc_ws/install/camera_capture/lib/python3.10/site-packages/camera_capture-0.0.0-py3.10.egg-info' (and everything under it)
[4.170s] Copying ../../build/camera_capture/camera_capture.egg-info to /home/chris/capstone/hitc_ws/install/camera_capture/lib/python3.10/site-packages/camera_capture-0.0.0-py3.10.egg-info
[4.171s] running install_scripts
[4.191s] Installing camera_capture script to /home/chris/capstone/hitc_ws/install/camera_capture/lib/camera_capture
[4.191s] Installing image_proccessing script to /home/chris/capstone/hitc_ws/install/camera_capture/lib/camera_capture
[4.191s] Installing motor_controller script to /home/chris/capstone/hitc_ws/install/camera_capture/lib/camera_capture
[4.191s] Installing safety_system script to /home/chris/capstone/hitc_ws/install/camera_capture/lib/camera_capture
[4.192s] writing list of installed files to '/home/chris/capstone/hitc_ws/build/camera_capture/install.log'
[4.396s] Invoked command in '/home/chris/capstone/hitc_ws/src/camera_capture' returned '0': PYTHONPATH=/home/chris/capstone/hitc_ws/build/camera_capture/prefix_override:/home/chris/capstone/hitc_ws/install/camera_capture/lib/python3.10/site-packages:${PYTHONPATH} /usr/bin/python3 setup.py egg_info --egg-base ../../build/camera_capture build --build-base /home/chris/capstone/hitc_ws/build/camera_capture/build install --record /home/chris/capstone/hitc_ws/build/camera_capture/install.log --single-version-externally-managed
