[3.571s] Invoking command in '/home/chris/capstone/hitc_ws/build/laser_pointer': PYTHONPATH=/home/chris/capstone/hitc_ws/build/laser_pointer/prefix_override:/home/chris/capstone/hitc_ws/install/laser_pointer/lib/python3.10/site-packages:${PYTHONPATH} /usr/bin/python3 setup.py develop --editable --build-directory /home/chris/capstone/hitc_ws/build/laser_pointer/build --no-deps install_data
[3.882s] running develop
[4.086s] running egg_info
[4.086s] creating laser_pointer.egg-info
[4.086s] writing laser_pointer.egg-info/PKG-INFO
[4.086s] writing dependency_links to laser_pointer.egg-info/dependency_links.txt
[4.086s] writing entry points to laser_pointer.egg-info/entry_points.txt
[4.087s] writing requirements to laser_pointer.egg-info/requires.txt
[4.087s] writing top-level names to laser_pointer.egg-info/top_level.txt
[4.087s] writing manifest file 'laser_pointer.egg-info/SOURCES.txt'
[4.089s] reading manifest file 'laser_pointer.egg-info/SOURCES.txt'
[4.090s] writing manifest file 'laser_pointer.egg-info/SOURCES.txt'
[4.091s] running build_ext
[4.091s] Creating /home/chris/capstone/hitc_ws/install/laser_pointer/lib/python3.10/site-packages/laser-pointer.egg-link (link to .)
[4.092s] Installing laser_pointer script to /home/chris/capstone/hitc_ws/install/laser_pointer/lib/laser_pointer
[4.092s] Installing position_publisher script to /home/chris/capstone/hitc_ws/install/laser_pointer/lib/laser_pointer
[4.093s] Installing servo_position script to /home/chris/capstone/hitc_ws/install/laser_pointer/lib/laser_pointer
[4.093s] 
[4.093s] Installed /home/chris/capstone/hitc_ws/build/laser_pointer
[4.093s] running install_data
[4.093s] creating /home/chris/capstone/hitc_ws/install/laser_pointer/share/ament_index
[4.093s] creating /home/chris/capstone/hitc_ws/install/laser_pointer/share/ament_index/resource_index
[4.094s] creating /home/chris/capstone/hitc_ws/install/laser_pointer/share/ament_index/resource_index/packages
[4.094s] copying resource/laser_pointer -> /home/chris/capstone/hitc_ws/install/laser_pointer/share/ament_index/resource_index/packages
[4.094s] copying package.xml -> /home/chris/capstone/hitc_ws/install/laser_pointer/share/laser_pointer
[4.128s] Invoked command in '/home/chris/capstone/hitc_ws/build/laser_pointer' returned '0': PYTHONPATH=/home/chris/capstone/hitc_ws/build/laser_pointer/prefix_override:/home/chris/capstone/hitc_ws/install/laser_pointer/lib/python3.10/site-packages:${PYTHONPATH} /usr/bin/python3 setup.py develop --editable --build-directory /home/chris/capstone/hitc_ws/build/laser_pointer/build --no-deps install_data
