[1.017s] DEBUG:colcon:Command line arguments: ['/usr/bin/colcon', 'build', '--packages-select', 'state_publisher_py']
[1.017s] DEBUG:colcon:Parsed command line arguments: Namespace(log_base=None, log_level=None, verb_name='build', build_base='build', install_base='install', merge_install=False, symlink_install=False, test_result_base=None, continue_on_error=False, executor='parallel', parallel_workers=12, event_handlers=None, ignore_user_meta=False, metas=['./colcon.meta'], base_paths=['.'], packages_ignore=None, packages_ignore_regex=None, paths=None, packages_up_to=None, packages_up_to_regex=None, packages_above=None, packages_above_and_dependencies=None, packages_above_depth=None, packages_select_by_dep=None, packages_skip_by_dep=None, packages_skip_up_to=None, packages_select_build_failed=False, packages_skip_build_finished=False, packages_select_test_failures=False, packages_skip_test_passed=False, packages_select=['state_publisher_py'], packages_skip=None, packages_select_regex=None, packages_skip_regex=None, packages_start=None, packages_end=None, allow_overriding=[], cmake_args=None, cmake_target=None, cmake_target_skip_unavailable=False, cmake_clean_cache=False, cmake_clean_first=False, cmake_force_configure=False, ament_cmake_args=None, catkin_cmake_args=None, catkin_skip_building_tests=False, verb_parser=<colcon_defaults.argument_parser.defaults.DefaultArgumentsDecorator object at 0x79cfd0a87ee0>, verb_extension=<colcon_core.verb.build.BuildVerb object at 0x79cfd0a85b10>, main=<bound method BuildVerb.main of <colcon_core.verb.build.BuildVerb object at 0x79cfd0a85b10>>)
[1.061s] Level 1:colcon.colcon_core.package_discovery:discover_packages(colcon_meta) check parameters
[1.061s] Level 1:colcon.colcon_core.package_discovery:discover_packages(recursive) check parameters
[1.061s] Level 1:colcon.colcon_core.package_discovery:discover_packages(ignore) check parameters
[1.061s] Level 1:colcon.colcon_core.package_discovery:discover_packages(path) check parameters
[1.061s] Level 1:colcon.colcon_core.package_discovery:discover_packages(colcon_meta) discover
[1.061s] Level 1:colcon.colcon_core.package_discovery:discover_packages(recursive) discover
[1.061s] INFO:colcon.colcon_core.package_discovery:Crawling recursively for packages in '/home/chris/capstone/hitc_ws'
[1.062s] Level 1:colcon.colcon_core.package_identification:_identify(.) by extensions ['ignore', 'ignore_ament_install']
[1.062s] Level 1:colcon.colcon_core.package_identification:_identify(.) by extension 'ignore'
[1.062s] Level 1:colcon.colcon_core.package_identification:_identify(.) by extension 'ignore_ament_install'
[1.062s] Level 1:colcon.colcon_core.package_identification:_identify(.) by extensions ['colcon_pkg']
[1.062s] Level 1:colcon.colcon_core.package_identification:_identify(.) by extension 'colcon_pkg'
[1.062s] Level 1:colcon.colcon_core.package_identification:_identify(.) by extensions ['colcon_meta']
[1.062s] Level 1:colcon.colcon_core.package_identification:_identify(.) by extension 'colcon_meta'
[1.062s] Level 1:colcon.colcon_core.package_identification:_identify(.) by extensions ['ros']
[1.062s] Level 1:colcon.colcon_core.package_identification:_identify(.) by extension 'ros'
[1.071s] Level 1:colcon.colcon_core.package_identification:_identify(.) by extensions ['cmake', 'python']
[1.071s] Level 1:colcon.colcon_core.package_identification:_identify(.) by extension 'cmake'
[1.072s] Level 1:colcon.colcon_core.package_identification:_identify(.) by extension 'python'
[1.072s] Level 1:colcon.colcon_core.package_identification:_identify(.) by extensions ['python_setup_py']
[1.072s] Level 1:colcon.colcon_core.package_identification:_identify(.) by extension 'python_setup_py'
[1.072s] Level 1:colcon.colcon_core.package_identification:_identify(build) by extensions ['ignore', 'ignore_ament_install']
[1.072s] Level 1:colcon.colcon_core.package_identification:_identify(build) by extension 'ignore'
[1.072s] Level 1:colcon.colcon_core.package_identification:_identify(build) ignored
[1.072s] Level 1:colcon.colcon_core.package_identification:_identify(install) by extensions ['ignore', 'ignore_ament_install']
[1.072s] Level 1:colcon.colcon_core.package_identification:_identify(install) by extension 'ignore'
[1.072s] Level 1:colcon.colcon_core.package_identification:_identify(install) ignored
[1.072s] Level 1:colcon.colcon_core.package_identification:_identify(log) by extensions ['ignore', 'ignore_ament_install']
[1.072s] Level 1:colcon.colcon_core.package_identification:_identify(log) by extension 'ignore'
[1.072s] Level 1:colcon.colcon_core.package_identification:_identify(log) ignored
[1.072s] Level 1:colcon.colcon_core.package_identification:_identify(src) by extensions ['ignore', 'ignore_ament_install']
[1.072s] Level 1:colcon.colcon_core.package_identification:_identify(src) by extension 'ignore'
[1.072s] Level 1:colcon.colcon_core.package_identification:_identify(src) by extension 'ignore_ament_install'
[1.073s] Level 1:colcon.colcon_core.package_identification:_identify(src) by extensions ['colcon_pkg']
[1.073s] Level 1:colcon.colcon_core.package_identification:_identify(src) by extension 'colcon_pkg'
[1.073s] Level 1:colcon.colcon_core.package_identification:_identify(src) by extensions ['colcon_meta']
[1.073s] Level 1:colcon.colcon_core.package_identification:_identify(src) by extension 'colcon_meta'
[1.073s] Level 1:colcon.colcon_core.package_identification:_identify(src) by extensions ['ros']
[1.073s] Level 1:colcon.colcon_core.package_identification:_identify(src) by extension 'ros'
[1.073s] Level 1:colcon.colcon_core.package_identification:_identify(src) by extensions ['cmake', 'python']
[1.073s] Level 1:colcon.colcon_core.package_identification:_identify(src) by extension 'cmake'
[1.073s] Level 1:colcon.colcon_core.package_identification:_identify(src) by extension 'python'
[1.073s] Level 1:colcon.colcon_core.package_identification:_identify(src) by extensions ['python_setup_py']
[1.073s] Level 1:colcon.colcon_core.package_identification:_identify(src) by extension 'python_setup_py'
[1.073s] Level 1:colcon.colcon_core.package_identification:_identify(src/Hardware_Level) by extensions ['ignore', 'ignore_ament_install']
[1.073s] Level 1:colcon.colcon_core.package_identification:_identify(src/Hardware_Level) by extension 'ignore'
[1.073s] Level 1:colcon.colcon_core.package_identification:_identify(src/Hardware_Level) by extension 'ignore_ament_install'
[1.073s] Level 1:colcon.colcon_core.package_identification:_identify(src/Hardware_Level) by extensions ['colcon_pkg']
[1.073s] Level 1:colcon.colcon_core.package_identification:_identify(src/Hardware_Level) by extension 'colcon_pkg'
[1.073s] Level 1:colcon.colcon_core.package_identification:_identify(src/Hardware_Level) by extensions ['colcon_meta']
[1.073s] Level 1:colcon.colcon_core.package_identification:_identify(src/Hardware_Level) by extension 'colcon_meta'
[1.073s] Level 1:colcon.colcon_core.package_identification:_identify(src/Hardware_Level) by extensions ['ros']
[1.073s] Level 1:colcon.colcon_core.package_identification:_identify(src/Hardware_Level) by extension 'ros'
[1.073s] Level 1:colcon.colcon_core.package_identification:_identify(src/Hardware_Level) by extensions ['cmake', 'python']
[1.073s] Level 1:colcon.colcon_core.package_identification:_identify(src/Hardware_Level) by extension 'cmake'
[1.073s] Level 1:colcon.colcon_core.package_identification:_identify(src/Hardware_Level) by extension 'python'
[1.073s] Level 1:colcon.colcon_core.package_identification:_identify(src/Hardware_Level) by extensions ['python_setup_py']
[1.073s] Level 1:colcon.colcon_core.package_identification:_identify(src/Hardware_Level) by extension 'python_setup_py'
[1.074s] Level 1:colcon.colcon_core.package_identification:_identify(src/Hardware_Level/Encoder) by extensions ['ignore', 'ignore_ament_install']
[1.074s] Level 1:colcon.colcon_core.package_identification:_identify(src/Hardware_Level/Encoder) by extension 'ignore'
[1.074s] Level 1:colcon.colcon_core.package_identification:_identify(src/Hardware_Level/Encoder) by extension 'ignore_ament_install'
[1.074s] Level 1:colcon.colcon_core.package_identification:_identify(src/Hardware_Level/Encoder) by extensions ['colcon_pkg']
[1.074s] Level 1:colcon.colcon_core.package_identification:_identify(src/Hardware_Level/Encoder) by extension 'colcon_pkg'
[1.074s] Level 1:colcon.colcon_core.package_identification:_identify(src/Hardware_Level/Encoder) by extensions ['colcon_meta']
[1.074s] Level 1:colcon.colcon_core.package_identification:_identify(src/Hardware_Level/Encoder) by extension 'colcon_meta'
[1.074s] Level 1:colcon.colcon_core.package_identification:_identify(src/Hardware_Level/Encoder) by extensions ['ros']
[1.074s] Level 1:colcon.colcon_core.package_identification:_identify(src/Hardware_Level/Encoder) by extension 'ros'
[1.074s] Level 1:colcon.colcon_core.package_identification:_identify(src/Hardware_Level/Encoder) by extensions ['cmake', 'python']
[1.074s] Level 1:colcon.colcon_core.package_identification:_identify(src/Hardware_Level/Encoder) by extension 'cmake'
[1.074s] Level 1:colcon.colcon_core.package_identification:_identify(src/Hardware_Level/Encoder) by extension 'python'
[1.074s] Level 1:colcon.colcon_core.package_identification:_identify(src/Hardware_Level/Encoder) by extensions ['python_setup_py']
[1.074s] Level 1:colcon.colcon_core.package_identification:_identify(src/Hardware_Level/Encoder) by extension 'python_setup_py'
[1.074s] Level 1:colcon.colcon_core.package_identification:_identify(src/Sensor_readings) by extensions ['ignore', 'ignore_ament_install']
[1.074s] Level 1:colcon.colcon_core.package_identification:_identify(src/Sensor_readings) by extension 'ignore'
[1.074s] Level 1:colcon.colcon_core.package_identification:_identify(src/Sensor_readings) by extension 'ignore_ament_install'
[1.074s] Level 1:colcon.colcon_core.package_identification:_identify(src/Sensor_readings) by extensions ['colcon_pkg']
[1.074s] Level 1:colcon.colcon_core.package_identification:_identify(src/Sensor_readings) by extension 'colcon_pkg'
[1.074s] Level 1:colcon.colcon_core.package_identification:_identify(src/Sensor_readings) by extensions ['colcon_meta']
[1.074s] Level 1:colcon.colcon_core.package_identification:_identify(src/Sensor_readings) by extension 'colcon_meta'
[1.074s] Level 1:colcon.colcon_core.package_identification:_identify(src/Sensor_readings) by extensions ['ros']
[1.075s] Level 1:colcon.colcon_core.package_identification:_identify(src/Sensor_readings) by extension 'ros'
[1.075s] Level 1:colcon.colcon_core.package_identification:_identify(src/Sensor_readings) by extensions ['cmake', 'python']
[1.075s] Level 1:colcon.colcon_core.package_identification:_identify(src/Sensor_readings) by extension 'cmake'
[1.075s] Level 1:colcon.colcon_core.package_identification:_identify(src/Sensor_readings) by extension 'python'
[1.075s] Level 1:colcon.colcon_core.package_identification:_identify(src/Sensor_readings) by extensions ['python_setup_py']
[1.075s] Level 1:colcon.colcon_core.package_identification:_identify(src/Sensor_readings) by extension 'python_setup_py'
[1.075s] Level 1:colcon.colcon_core.package_identification:_identify(src/aruco) by extensions ['ignore', 'ignore_ament_install']
[1.075s] Level 1:colcon.colcon_core.package_identification:_identify(src/aruco) by extension 'ignore'
[1.075s] Level 1:colcon.colcon_core.package_identification:_identify(src/aruco) by extension 'ignore_ament_install'
[1.075s] Level 1:colcon.colcon_core.package_identification:_identify(src/aruco) by extensions ['colcon_pkg']
[1.075s] Level 1:colcon.colcon_core.package_identification:_identify(src/aruco) by extension 'colcon_pkg'
[1.075s] Level 1:colcon.colcon_core.package_identification:_identify(src/aruco) by extensions ['colcon_meta']
[1.075s] Level 1:colcon.colcon_core.package_identification:_identify(src/aruco) by extension 'colcon_meta'
[1.075s] Level 1:colcon.colcon_core.package_identification:_identify(src/aruco) by extensions ['ros']
[1.075s] Level 1:colcon.colcon_core.package_identification:_identify(src/aruco) by extension 'ros'
[1.075s] Level 1:colcon.colcon_core.package_identification:_identify(src/aruco) by extensions ['cmake', 'python']
[1.075s] Level 1:colcon.colcon_core.package_identification:_identify(src/aruco) by extension 'cmake'
[1.075s] Level 1:colcon.colcon_core.package_identification:_identify(src/aruco) by extension 'python'
[1.075s] Level 1:colcon.colcon_core.package_identification:_identify(src/aruco) by extensions ['python_setup_py']
[1.075s] Level 1:colcon.colcon_core.package_identification:_identify(src/aruco) by extension 'python_setup_py'
[1.075s] Level 1:colcon.colcon_core.package_identification:_identify(src/c_pkg) by extensions ['ignore', 'ignore_ament_install']
[1.075s] Level 1:colcon.colcon_core.package_identification:_identify(src/c_pkg) by extension 'ignore'
[1.076s] Level 1:colcon.colcon_core.package_identification:_identify(src/c_pkg) by extension 'ignore_ament_install'
[1.076s] Level 1:colcon.colcon_core.package_identification:_identify(src/c_pkg) by extensions ['colcon_pkg']
[1.076s] Level 1:colcon.colcon_core.package_identification:_identify(src/c_pkg) by extension 'colcon_pkg'
[1.076s] Level 1:colcon.colcon_core.package_identification:_identify(src/c_pkg) by extensions ['colcon_meta']
[1.076s] Level 1:colcon.colcon_core.package_identification:_identify(src/c_pkg) by extension 'colcon_meta'
[1.076s] Level 1:colcon.colcon_core.package_identification:_identify(src/c_pkg) by extensions ['ros']
[1.076s] Level 1:colcon.colcon_core.package_identification:_identify(src/c_pkg) by extension 'ros'
[1.078s] DEBUG:colcon.colcon_core.package_identification:Package 'src/c_pkg' with type 'ros.ament_cmake' and name 'c_pkg'
[1.078s] Level 1:colcon.colcon_core.package_identification:_identify(src/camera_capture) by extensions ['ignore', 'ignore_ament_install']
[1.078s] Level 1:colcon.colcon_core.package_identification:_identify(src/camera_capture) by extension 'ignore'
[1.078s] Level 1:colcon.colcon_core.package_identification:_identify(src/camera_capture) by extension 'ignore_ament_install'
[1.078s] Level 1:colcon.colcon_core.package_identification:_identify(src/camera_capture) by extensions ['colcon_pkg']
[1.078s] Level 1:colcon.colcon_core.package_identification:_identify(src/camera_capture) by extension 'colcon_pkg'
[1.078s] Level 1:colcon.colcon_core.package_identification:_identify(src/camera_capture) by extensions ['colcon_meta']
[1.078s] Level 1:colcon.colcon_core.package_identification:_identify(src/camera_capture) by extension 'colcon_meta'
[1.078s] Level 1:colcon.colcon_core.package_identification:_identify(src/camera_capture) by extensions ['ros']
[1.078s] Level 1:colcon.colcon_core.package_identification:_identify(src/camera_capture) by extension 'ros'
[1.079s] DEBUG:colcon.colcon_core.package_identification:Package 'src/camera_capture' with type 'ros.ament_python' and name 'camera_capture'
[1.079s] Level 1:colcon.colcon_core.package_identification:_identify(src/hitc_robot_description) by extensions ['ignore', 'ignore_ament_install']
[1.079s] Level 1:colcon.colcon_core.package_identification:_identify(src/hitc_robot_description) by extension 'ignore'
[1.079s] Level 1:colcon.colcon_core.package_identification:_identify(src/hitc_robot_description) by extension 'ignore_ament_install'
[1.079s] Level 1:colcon.colcon_core.package_identification:_identify(src/hitc_robot_description) by extensions ['colcon_pkg']
[1.079s] Level 1:colcon.colcon_core.package_identification:_identify(src/hitc_robot_description) by extension 'colcon_pkg'
[1.079s] Level 1:colcon.colcon_core.package_identification:_identify(src/hitc_robot_description) by extensions ['colcon_meta']
[1.079s] Level 1:colcon.colcon_core.package_identification:_identify(src/hitc_robot_description) by extension 'colcon_meta'
[1.079s] Level 1:colcon.colcon_core.package_identification:_identify(src/hitc_robot_description) by extensions ['ros']
[1.079s] Level 1:colcon.colcon_core.package_identification:_identify(src/hitc_robot_description) by extension 'ros'
[1.080s] DEBUG:colcon.colcon_core.package_identification:Package 'src/hitc_robot_description' with type 'ros.ament_cmake' and name 'hitc_robot_description'
[1.080s] Level 1:colcon.colcon_core.package_identification:_identify(src/laser_pointer) by extensions ['ignore', 'ignore_ament_install']
[1.080s] Level 1:colcon.colcon_core.package_identification:_identify(src/laser_pointer) by extension 'ignore'
[1.080s] Level 1:colcon.colcon_core.package_identification:_identify(src/laser_pointer) by extension 'ignore_ament_install'
[1.080s] Level 1:colcon.colcon_core.package_identification:_identify(src/laser_pointer) by extensions ['colcon_pkg']
[1.080s] Level 1:colcon.colcon_core.package_identification:_identify(src/laser_pointer) by extension 'colcon_pkg'
[1.080s] Level 1:colcon.colcon_core.package_identification:_identify(src/laser_pointer) by extensions ['colcon_meta']
[1.080s] Level 1:colcon.colcon_core.package_identification:_identify(src/laser_pointer) by extension 'colcon_meta'
[1.080s] Level 1:colcon.colcon_core.package_identification:_identify(src/laser_pointer) by extensions ['ros']
[1.080s] Level 1:colcon.colcon_core.package_identification:_identify(src/laser_pointer) by extension 'ros'
[1.081s] DEBUG:colcon.colcon_core.package_identification:Package 'src/laser_pointer' with type 'ros.ament_python' and name 'laser_pointer'
[1.081s] Level 1:colcon.colcon_core.package_identification:_identify(src/log) by extensions ['ignore', 'ignore_ament_install']
[1.081s] Level 1:colcon.colcon_core.package_identification:_identify(src/log) by extension 'ignore'
[1.081s] Level 1:colcon.colcon_core.package_identification:_identify(src/log) ignored
[1.081s] Level 1:colcon.colcon_core.package_identification:_identify(src/path_planner) by extensions ['ignore', 'ignore_ament_install']
[1.081s] Level 1:colcon.colcon_core.package_identification:_identify(src/path_planner) by extension 'ignore'
[1.081s] Level 1:colcon.colcon_core.package_identification:_identify(src/path_planner) by extension 'ignore_ament_install'
[1.081s] Level 1:colcon.colcon_core.package_identification:_identify(src/path_planner) by extensions ['colcon_pkg']
[1.081s] Level 1:colcon.colcon_core.package_identification:_identify(src/path_planner) by extension 'colcon_pkg'
[1.081s] Level 1:colcon.colcon_core.package_identification:_identify(src/path_planner) by extensions ['colcon_meta']
[1.081s] Level 1:colcon.colcon_core.package_identification:_identify(src/path_planner) by extension 'colcon_meta'
[1.082s] Level 1:colcon.colcon_core.package_identification:_identify(src/path_planner) by extensions ['ros']
[1.082s] Level 1:colcon.colcon_core.package_identification:_identify(src/path_planner) by extension 'ros'
[1.082s] DEBUG:colcon.colcon_core.package_identification:Package 'src/path_planner' with type 'ros.ament_python' and name 'path_planner'
[1.082s] Level 1:colcon.colcon_core.package_identification:_identify(src/robot_arm_description) by extensions ['ignore', 'ignore_ament_install']
[1.082s] Level 1:colcon.colcon_core.package_identification:_identify(src/robot_arm_description) by extension 'ignore'
[1.082s] Level 1:colcon.colcon_core.package_identification:_identify(src/robot_arm_description) by extension 'ignore_ament_install'
[1.082s] Level 1:colcon.colcon_core.package_identification:_identify(src/robot_arm_description) by extensions ['colcon_pkg']
[1.082s] Level 1:colcon.colcon_core.package_identification:_identify(src/robot_arm_description) by extension 'colcon_pkg'
[1.082s] Level 1:colcon.colcon_core.package_identification:_identify(src/robot_arm_description) by extensions ['colcon_meta']
[1.082s] Level 1:colcon.colcon_core.package_identification:_identify(src/robot_arm_description) by extension 'colcon_meta'
[1.082s] Level 1:colcon.colcon_core.package_identification:_identify(src/robot_arm_description) by extensions ['ros']
[1.082s] Level 1:colcon.colcon_core.package_identification:_identify(src/robot_arm_description) by extension 'ros'
[1.083s] DEBUG:colcon.colcon_core.package_identification:Package 'src/robot_arm_description' with type 'ros.ament_cmake' and name 'robot_arm_description'
[1.083s] Level 1:colcon.colcon_core.package_identification:_identify(src/startup) by extensions ['ignore', 'ignore_ament_install']
[1.083s] Level 1:colcon.colcon_core.package_identification:_identify(src/startup) by extension 'ignore'
[1.083s] Level 1:colcon.colcon_core.package_identification:_identify(src/startup) by extension 'ignore_ament_install'
[1.083s] Level 1:colcon.colcon_core.package_identification:_identify(src/startup) by extensions ['colcon_pkg']
[1.083s] Level 1:colcon.colcon_core.package_identification:_identify(src/startup) by extension 'colcon_pkg'
[1.083s] Level 1:colcon.colcon_core.package_identification:_identify(src/startup) by extensions ['colcon_meta']
[1.083s] Level 1:colcon.colcon_core.package_identification:_identify(src/startup) by extension 'colcon_meta'
[1.083s] Level 1:colcon.colcon_core.package_identification:_identify(src/startup) by extensions ['ros']
[1.083s] Level 1:colcon.colcon_core.package_identification:_identify(src/startup) by extension 'ros'
[1.084s] DEBUG:colcon.colcon_core.package_identification:Package 'src/startup' with type 'ros.ament_python' and name 'startup'
[1.084s] Level 1:colcon.colcon_core.package_identification:_identify(src/state_publisher_py) by extensions ['ignore', 'ignore_ament_install']
[1.084s] Level 1:colcon.colcon_core.package_identification:_identify(src/state_publisher_py) by extension 'ignore'
[1.084s] Level 1:colcon.colcon_core.package_identification:_identify(src/state_publisher_py) by extension 'ignore_ament_install'
[1.084s] Level 1:colcon.colcon_core.package_identification:_identify(src/state_publisher_py) by extensions ['colcon_pkg']
[1.084s] Level 1:colcon.colcon_core.package_identification:_identify(src/state_publisher_py) by extension 'colcon_pkg'
[1.084s] Level 1:colcon.colcon_core.package_identification:_identify(src/state_publisher_py) by extensions ['colcon_meta']
[1.084s] Level 1:colcon.colcon_core.package_identification:_identify(src/state_publisher_py) by extension 'colcon_meta'
[1.084s] Level 1:colcon.colcon_core.package_identification:_identify(src/state_publisher_py) by extensions ['ros']
[1.084s] Level 1:colcon.colcon_core.package_identification:_identify(src/state_publisher_py) by extension 'ros'
[1.085s] DEBUG:colcon.colcon_core.package_identification:Package 'src/state_publisher_py' with type 'ros.ament_python' and name 'state_publisher_py'
[1.085s] Level 1:colcon.colcon_core.package_identification:_identify(src/testing_motors) by extensions ['ignore', 'ignore_ament_install']
[1.085s] Level 1:colcon.colcon_core.package_identification:_identify(src/testing_motors) by extension 'ignore'
[1.085s] Level 1:colcon.colcon_core.package_identification:_identify(src/testing_motors) by extension 'ignore_ament_install'
[1.085s] Level 1:colcon.colcon_core.package_identification:_identify(src/testing_motors) by extensions ['colcon_pkg']
[1.085s] Level 1:colcon.colcon_core.package_identification:_identify(src/testing_motors) by extension 'colcon_pkg'
[1.085s] Level 1:colcon.colcon_core.package_identification:_identify(src/testing_motors) by extensions ['colcon_meta']
[1.085s] Level 1:colcon.colcon_core.package_identification:_identify(src/testing_motors) by extension 'colcon_meta'
[1.085s] Level 1:colcon.colcon_core.package_identification:_identify(src/testing_motors) by extensions ['ros']
[1.085s] Level 1:colcon.colcon_core.package_identification:_identify(src/testing_motors) by extension 'ros'
[1.085s] DEBUG:colcon.colcon_core.package_identification:Package 'src/testing_motors' with type 'ros.ament_python' and name 'testing_motors'
[1.085s] Level 1:colcon.colcon_core.package_discovery:discover_packages(recursive) using defaults
[1.086s] Level 1:colcon.colcon_core.package_discovery:discover_packages(ignore) discover
[1.086s] Level 1:colcon.colcon_core.package_discovery:discover_packages(ignore) using defaults
[1.086s] Level 1:colcon.colcon_core.package_discovery:discover_packages(path) discover
[1.086s] Level 1:colcon.colcon_core.package_discovery:discover_packages(path) using defaults
[1.147s] INFO:colcon.colcon_core.package_selection:Skipping not selected package 'c_pkg' in 'src/c_pkg'
[1.147s] INFO:colcon.colcon_core.package_selection:Skipping not selected package 'camera_capture' in 'src/camera_capture'
[1.147s] INFO:colcon.colcon_core.package_selection:Skipping not selected package 'hitc_robot_description' in 'src/hitc_robot_description'
[1.147s] INFO:colcon.colcon_core.package_selection:Skipping not selected package 'laser_pointer' in 'src/laser_pointer'
[1.147s] INFO:colcon.colcon_core.package_selection:Skipping not selected package 'path_planner' in 'src/path_planner'
[1.147s] INFO:colcon.colcon_core.package_selection:Skipping not selected package 'robot_arm_description' in 'src/robot_arm_description'
[1.147s] INFO:colcon.colcon_core.package_selection:Skipping not selected package 'startup' in 'src/startup'
[1.147s] INFO:colcon.colcon_core.package_selection:Skipping not selected package 'testing_motors' in 'src/testing_motors'
[1.176s] Level 1:colcon.colcon_core.package_discovery:discover_packages(prefix_path) check parameters
[1.176s] Level 1:colcon.colcon_core.package_discovery:discover_packages(prefix_path) discover
[1.206s] DEBUG:colcon.colcon_installed_package_information.package_discovery:Found 2 installed packages in /home/chris/capstone/hitc_ws/install
[1.233s] DEBUG:colcon.colcon_installed_package_information.package_discovery:Found 2 installed packages in /home/chris/hitc_ws/install
[1.248s] DEBUG:colcon.colcon_installed_package_information.package_discovery:Found 12 installed packages in /home/chris/ros2_ws/install
[1.263s] DEBUG:colcon.colcon_installed_package_information.package_discovery:Found 312 installed packages in /opt/ros/humble
[1.264s] Level 1:colcon.colcon_core.package_discovery:discover_packages(prefix_path) using defaults
[1.357s] Level 5:colcon.colcon_core.verb:set package 'state_publisher_py' build argument 'cmake_args' from command line to 'None'
[1.357s] Level 5:colcon.colcon_core.verb:set package 'state_publisher_py' build argument 'cmake_target' from command line to 'None'
[1.357s] Level 5:colcon.colcon_core.verb:set package 'state_publisher_py' build argument 'cmake_target_skip_unavailable' from command line to 'False'
[1.357s] Level 5:colcon.colcon_core.verb:set package 'state_publisher_py' build argument 'cmake_clean_cache' from command line to 'False'
[1.357s] Level 5:colcon.colcon_core.verb:set package 'state_publisher_py' build argument 'cmake_clean_first' from command line to 'False'
[1.357s] Level 5:colcon.colcon_core.verb:set package 'state_publisher_py' build argument 'cmake_force_configure' from command line to 'False'
[1.357s] Level 5:colcon.colcon_core.verb:set package 'state_publisher_py' build argument 'ament_cmake_args' from command line to 'None'
[1.357s] Level 5:colcon.colcon_core.verb:set package 'state_publisher_py' build argument 'catkin_cmake_args' from command line to 'None'
[1.357s] Level 5:colcon.colcon_core.verb:set package 'state_publisher_py' build argument 'catkin_skip_building_tests' from command line to 'False'
[1.357s] DEBUG:colcon.colcon_core.verb:Building package 'state_publisher_py' with the following arguments: {'ament_cmake_args': None, 'build_base': '/home/chris/capstone/hitc_ws/build/state_publisher_py', 'catkin_cmake_args': None, 'catkin_skip_building_tests': False, 'cmake_args': None, 'cmake_clean_cache': False, 'cmake_clean_first': False, 'cmake_force_configure': False, 'cmake_target': None, 'cmake_target_skip_unavailable': False, 'install_base': '/home/chris/capstone/hitc_ws/install/state_publisher_py', 'merge_install': False, 'path': '/home/chris/capstone/hitc_ws/src/state_publisher_py', 'symlink_install': False, 'test_result_base': None}
[1.371s] INFO:colcon.colcon_core.executor:Executing jobs using 'parallel' executor
[1.386s] DEBUG:colcon.colcon_parallel_executor.executor.parallel:run_until_complete
[1.386s] INFO:colcon.colcon_ros.task.ament_python.build:Building ROS package in '/home/chris/capstone/hitc_ws/src/state_publisher_py' with build type 'ament_python'
[1.386s] Level 1:colcon.colcon_core.shell:create_environment_hook('state_publisher_py', 'ament_prefix_path')
[1.403s] INFO:colcon.colcon_core.plugin_system:Skipping extension 'colcon_core.shell.bat': Not used on non-Windows systems
[1.404s] INFO:colcon.colcon_core.shell:Creating environment hook '/home/chris/capstone/hitc_ws/install/state_publisher_py/share/state_publisher_py/hook/ament_prefix_path.ps1'
[1.404s] INFO:colcon.colcon_core.shell:Creating environment descriptor '/home/chris/capstone/hitc_ws/install/state_publisher_py/share/state_publisher_py/hook/ament_prefix_path.dsv'
[1.404s] INFO:colcon.colcon_core.shell:Creating environment hook '/home/chris/capstone/hitc_ws/install/state_publisher_py/share/state_publisher_py/hook/ament_prefix_path.sh'
[1.420s] INFO:colcon.colcon_core.shell:Skip shell extension 'powershell' for command environment: Not usable outside of PowerShell
[1.420s] DEBUG:colcon.colcon_core.shell:Skip shell extension 'dsv' for command environment
[1.756s] INFO:colcon.colcon_core.task.python.build:Building Python package in '/home/chris/capstone/hitc_ws/src/state_publisher_py'
[1.771s] INFO:colcon.colcon_core.shell:Skip shell extension 'powershell' for command environment: Not usable outside of PowerShell
[1.771s] DEBUG:colcon.colcon_core.shell:Skip shell extension 'dsv' for command environment
[2.213s] DEBUG:colcon.colcon_core.event_handler.log_command:Invoking command in '/home/chris/capstone/hitc_ws/src/state_publisher_py': PYTHONPATH=/home/chris/capstone/hitc_ws/build/state_publisher_py/prefix_override:/home/chris/capstone/hitc_ws/install/state_publisher_py/lib/python3.10/site-packages:${PYTHONPATH} /usr/bin/python3 setup.py egg_info --egg-base ../../build/state_publisher_py build --build-base /home/chris/capstone/hitc_ws/build/state_publisher_py/build install --record /home/chris/capstone/hitc_ws/build/state_publisher_py/install.log --single-version-externally-managed
[2.504s] DEBUG:colcon.colcon_core.event_handler.log_command:Invoked command in '/home/chris/capstone/hitc_ws/src/state_publisher_py' returned '0': PYTHONPATH=/home/chris/capstone/hitc_ws/build/state_publisher_py/prefix_override:/home/chris/capstone/hitc_ws/install/state_publisher_py/lib/python3.10/site-packages:${PYTHONPATH} /usr/bin/python3 setup.py egg_info --egg-base ../../build/state_publisher_py build --build-base /home/chris/capstone/hitc_ws/build/state_publisher_py/build install --record /home/chris/capstone/hitc_ws/build/state_publisher_py/install.log --single-version-externally-managed
[2.522s] Level 1:colcon.colcon_core.environment:checking '/home/chris/capstone/hitc_ws/install/state_publisher_py' for CMake module files
[2.522s] Level 1:colcon.colcon_core.environment:checking '/home/chris/capstone/hitc_ws/install/state_publisher_py' for CMake config files
[2.523s] Level 1:colcon.colcon_core.environment:checking '/home/chris/capstone/hitc_ws/install/state_publisher_py/lib'
[2.523s] Level 1:colcon.colcon_core.environment:checking '/home/chris/capstone/hitc_ws/install/state_publisher_py/bin'
[2.523s] Level 1:colcon.colcon_core.environment:checking '/home/chris/capstone/hitc_ws/install/state_publisher_py/lib/pkgconfig/state_publisher_py.pc'
[2.523s] Level 1:colcon.colcon_core.environment:checking '/home/chris/capstone/hitc_ws/install/state_publisher_py/lib/python3.10/site-packages'
[2.523s] Level 1:colcon.colcon_core.shell:create_environment_hook('state_publisher_py', 'pythonpath')
[2.538s] INFO:colcon.colcon_core.shell:Creating environment hook '/home/chris/capstone/hitc_ws/install/state_publisher_py/share/state_publisher_py/hook/pythonpath.ps1'
[2.538s] INFO:colcon.colcon_core.shell:Creating environment descriptor '/home/chris/capstone/hitc_ws/install/state_publisher_py/share/state_publisher_py/hook/pythonpath.dsv'
[2.539s] INFO:colcon.colcon_core.shell:Creating environment hook '/home/chris/capstone/hitc_ws/install/state_publisher_py/share/state_publisher_py/hook/pythonpath.sh'
[2.539s] Level 1:colcon.colcon_core.environment:checking '/home/chris/capstone/hitc_ws/install/state_publisher_py/bin'
[2.539s] Level 1:colcon.colcon_core.environment:create_environment_scripts_only(state_publisher_py)
[2.554s] INFO:colcon.colcon_core.shell:Creating package script '/home/chris/capstone/hitc_ws/install/state_publisher_py/share/state_publisher_py/package.ps1'
[2.555s] INFO:colcon.colcon_core.shell:Creating package descriptor '/home/chris/capstone/hitc_ws/install/state_publisher_py/share/state_publisher_py/package.dsv'
[2.555s] INFO:colcon.colcon_core.shell:Creating package script '/home/chris/capstone/hitc_ws/install/state_publisher_py/share/state_publisher_py/package.sh'
[2.556s] INFO:colcon.colcon_core.shell:Creating package script '/home/chris/capstone/hitc_ws/install/state_publisher_py/share/state_publisher_py/package.bash'
[2.556s] INFO:colcon.colcon_core.shell:Creating package script '/home/chris/capstone/hitc_ws/install/state_publisher_py/share/state_publisher_py/package.zsh'
[2.557s] Level 1:colcon.colcon_core.environment:create_file_with_runtime_dependencies(/home/chris/capstone/hitc_ws/install/state_publisher_py/share/colcon-core/packages/state_publisher_py)
[2.557s] DEBUG:colcon.colcon_parallel_executor.executor.parallel:closing loop
[2.557s] DEBUG:colcon.colcon_parallel_executor.executor.parallel:loop closed
[2.557s] DEBUG:colcon.colcon_parallel_executor.executor.parallel:run_until_complete finished with '0'
[2.557s] DEBUG:colcon.colcon_core.event_reactor:joining thread
[2.576s] INFO:colcon.colcon_core.plugin_system:Skipping extension 'colcon_notification.desktop_notification.terminal_notifier': Not used on non-Darwin systems
[2.576s] INFO:colcon.colcon_core.plugin_system:Skipping extension 'colcon_notification.desktop_notification.win32': Not used on non-Windows systems
[2.576s] INFO:colcon.colcon_notification.desktop_notification:Sending desktop notification using 'notify2'
[2.586s] DEBUG:colcon.colcon_core.event_reactor:joined thread
[2.601s] INFO:colcon.colcon_core.shell:Creating prefix script '/home/chris/capstone/hitc_ws/install/local_setup.ps1'
[2.602s] INFO:colcon.colcon_core.shell:Creating prefix util module '/home/chris/capstone/hitc_ws/install/_local_setup_util_ps1.py'
[2.603s] INFO:colcon.colcon_core.shell:Creating prefix chain script '/home/chris/capstone/hitc_ws/install/setup.ps1'
[2.619s] INFO:colcon.colcon_core.shell:Creating prefix script '/home/chris/capstone/hitc_ws/install/local_setup.sh'
[2.619s] INFO:colcon.colcon_core.shell:Creating prefix util module '/home/chris/capstone/hitc_ws/install/_local_setup_util_sh.py'
[2.620s] INFO:colcon.colcon_core.shell:Creating prefix chain script '/home/chris/capstone/hitc_ws/install/setup.sh'
[2.636s] INFO:colcon.colcon_core.shell:Creating prefix script '/home/chris/capstone/hitc_ws/install/local_setup.bash'
[2.636s] INFO:colcon.colcon_core.shell:Creating prefix chain script '/home/chris/capstone/hitc_ws/install/setup.bash'
[2.652s] INFO:colcon.colcon_core.shell:Creating prefix script '/home/chris/capstone/hitc_ws/install/local_setup.zsh'
[2.652s] INFO:colcon.colcon_core.shell:Creating prefix chain script '/home/chris/capstone/hitc_ws/install/setup.zsh'
