[4.651s] Invoking command in '/home/chris/capstone/hitc_ws/src/laser_pointer': PYTHONPATH=/home/chris/capstone/hitc_ws/build/laser_pointer/prefix_override:/home/chris/capstone/hitc_ws/install/laser_pointer/lib/python3.10/site-packages:${PYTHONPATH} /usr/bin/python3 setup.py egg_info --egg-base ../../build/laser_pointer build --build-base /home/chris/capstone/hitc_ws/build/laser_pointer/build install --record /home/chris/capstone/hitc_ws/build/laser_pointer/install.log --single-version-externally-managed
[6.238s] running egg_info
[6.241s] writing ../../build/laser_pointer/laser_pointer.egg-info/PKG-INFO
[6.243s] writing dependency_links to ../../build/laser_pointer/laser_pointer.egg-info/dependency_links.txt
[6.244s] writing entry points to ../../build/laser_pointer/laser_pointer.egg-info/entry_points.txt
[6.245s] writing requirements to ../../build/laser_pointer/laser_pointer.egg-info/requires.txt
[6.246s] writing top-level names to ../../build/laser_pointer/laser_pointer.egg-info/top_level.txt
[6.255s] reading manifest file '../../build/laser_pointer/laser_pointer.egg-info/SOURCES.txt'
[6.259s] writing manifest file '../../build/laser_pointer/laser_pointer.egg-info/SOURCES.txt'
[6.260s] running build
[6.261s] running build_py
[6.261s] copying laser_pointer/servo_position.py -> /home/chris/capstone/hitc_ws/build/laser_pointer/build/lib/laser_pointer
[6.263s] running install
[6.265s] running install_lib
[6.269s] copying /home/chris/capstone/hitc_ws/build/laser_pointer/build/lib/laser_pointer/servo_position.py -> /home/chris/capstone/hitc_ws/install/laser_pointer/lib/python3.10/site-packages/laser_pointer
[6.273s] byte-compiling /home/chris/capstone/hitc_ws/install/laser_pointer/lib/python3.10/site-packages/laser_pointer/servo_position.py to servo_position.cpython-310.pyc
[6.277s] running install_data
[6.279s] copying package.xml -> /home/chris/capstone/hitc_ws/install/laser_pointer/share/laser_pointer
[6.280s] running install_egg_info
[6.288s] removing '/home/chris/capstone/hitc_ws/install/laser_pointer/lib/python3.10/site-packages/laser_pointer-0.0.0-py3.10.egg-info' (and everything under it)
[6.290s] Copying ../../build/laser_pointer/laser_pointer.egg-info to /home/chris/capstone/hitc_ws/install/laser_pointer/lib/python3.10/site-packages/laser_pointer-0.0.0-py3.10.egg-info
[6.306s] running install_scripts
[6.416s] Installing laser_pointer script to /home/chris/capstone/hitc_ws/install/laser_pointer/lib/laser_pointer
[6.418s] Installing servo_position script to /home/chris/capstone/hitc_ws/install/laser_pointer/lib/laser_pointer
[6.423s] writing list of installed files to '/home/chris/capstone/hitc_ws/build/laser_pointer/install.log'
[6.564s] Invoked command in '/home/chris/capstone/hitc_ws/src/laser_pointer' returned '0': PYTHONPATH=/home/chris/capstone/hitc_ws/build/laser_pointer/prefix_override:/home/chris/capstone/hitc_ws/install/laser_pointer/lib/python3.10/site-packages:${PYTHONPATH} /usr/bin/python3 setup.py egg_info --egg-base ../../build/laser_pointer build --build-base /home/chris/capstone/hitc_ws/build/laser_pointer/build install --record /home/chris/capstone/hitc_ws/build/laser_pointer/install.log --single-version-externally-managed
