[3.162s] Invoking command in '/home/chris/capstone/hitc_ws/src/path_planner': PYTHONPATH=/home/chris/capstone/hitc_ws/build/path_planner/prefix_override:/home/chris/capstone/hitc_ws/install/path_planner/lib/python3.10/site-packages:${PYTHONPATH} /usr/bin/python3 setup.py egg_info --egg-base ../../build/path_planner build --build-base /home/chris/capstone/hitc_ws/build/path_planner/build install --record /home/chris/capstone/hitc_ws/build/path_planner/install.log --single-version-externally-managed
[3.447s] running egg_info
[3.449s] writing ../../build/path_planner/path_planner.egg-info/PKG-INFO
[3.449s] writing dependency_links to ../../build/path_planner/path_planner.egg-info/dependency_links.txt
[3.449s] writing entry points to ../../build/path_planner/path_planner.egg-info/entry_points.txt
[3.449s] writing requirements to ../../build/path_planner/path_planner.egg-info/requires.txt
[3.449s] writing top-level names to ../../build/path_planner/path_planner.egg-info/top_level.txt
[3.452s] reading manifest file '../../build/path_planner/path_planner.egg-info/SOURCES.txt'
[3.453s] writing manifest file '../../build/path_planner/path_planner.egg-info/SOURCES.txt'
[3.453s] running build
[3.453s] running build_py
[3.454s] running install
[3.455s] running install_lib
[3.457s] running install_data
[3.458s] running install_egg_info
[3.460s] removing '/home/chris/capstone/hitc_ws/install/path_planner/lib/python3.10/site-packages/path_planner-0.0.0-py3.10.egg-info' (and everything under it)
[3.461s] Copying ../../build/path_planner/path_planner.egg-info to /home/chris/capstone/hitc_ws/install/path_planner/lib/python3.10/site-packages/path_planner-0.0.0-py3.10.egg-info
[3.462s] running install_scripts
[3.482s] writing list of installed files to '/home/chris/capstone/hitc_ws/build/path_planner/install.log'
[3.578s] Invoked command in '/home/chris/capstone/hitc_ws/src/path_planner' returned '0': PYTHONPATH=/home/chris/capstone/hitc_ws/build/path_planner/prefix_override:/home/chris/capstone/hitc_ws/install/path_planner/lib/python3.10/site-packages:${PYTHONPATH} /usr/bin/python3 setup.py egg_info --egg-base ../../build/path_planner build --build-base /home/chris/capstone/hitc_ws/build/path_planner/build install --record /home/chris/capstone/hitc_ws/build/path_planner/install.log --single-version-externally-managed
