[1.462s] DEBUG:colcon:Command line arguments: ['/usr/bin/colcon', 'build', '--symlink-install']
[1.462s] DEBUG:colcon:Parsed command line arguments: Namespace(log_base=None, log_level=None, verb_name='build', build_base='build', install_base='install', merge_install=False, symlink_install=True, test_result_base=None, continue_on_error=False, executor='parallel', parallel_workers=12, event_handlers=None, ignore_user_meta=False, metas=['./colcon.meta'], base_paths=['.'], packages_ignore=None, packages_ignore_regex=None, paths=None, packages_up_to=None, packages_up_to_regex=None, packages_above=None, packages_above_and_dependencies=None, packages_above_depth=None, packages_select_by_dep=None, packages_skip_by_dep=None, packages_skip_up_to=None, packages_select_build_failed=False, packages_skip_build_finished=False, packages_select_test_failures=False, packages_skip_test_passed=False, packages_select=None, packages_skip=None, packages_select_regex=None, packages_skip_regex=None, packages_start=None, packages_end=None, allow_overriding=[], cmake_args=None, cmake_target=None, cmake_target_skip_unavailable=False, cmake_clean_cache=False, cmake_clean_first=False, cmake_force_configure=False, ament_cmake_args=None, catkin_cmake_args=None, catkin_skip_building_tests=False, mixin_files=None, mixin=None, verb_parser=<colcon_mixin.mixin.mixin_argument.MixinArgumentDecorator object at 0x70a20cb53a60>, verb_extension=<colcon_core.verb.build.BuildVerb object at 0x70a20cb51540>, main=<bound method BuildVerb.main of <colcon_core.verb.build.BuildVerb object at 0x70a20cb51540>>, mixin_verb=('build',))
[1.525s] Level 1:colcon.colcon_core.package_discovery:discover_packages(colcon_meta) check parameters
[1.525s] Level 1:colcon.colcon_core.package_discovery:discover_packages(recursive) check parameters
[1.525s] Level 1:colcon.colcon_core.package_discovery:discover_packages(ignore) check parameters
[1.525s] Level 1:colcon.colcon_core.package_discovery:discover_packages(path) check parameters
[1.525s] Level 1:colcon.colcon_core.package_discovery:discover_packages(colcon_meta) discover
[1.525s] Level 1:colcon.colcon_core.package_discovery:discover_packages(recursive) discover
[1.525s] INFO:colcon.colcon_core.package_discovery:Crawling recursively for packages in '/home/chris/capstone/hitc_ws'
[1.526s] Level 1:colcon.colcon_core.package_identification:_identify(.) by extensions ['ignore', 'ignore_ament_install']
[1.526s] Level 1:colcon.colcon_core.package_identification:_identify(.) by extension 'ignore'
[1.526s] Level 1:colcon.colcon_core.package_identification:_identify(.) by extension 'ignore_ament_install'
[1.526s] Level 1:colcon.colcon_core.package_identification:_identify(.) by extensions ['colcon_pkg']
[1.526s] Level 1:colcon.colcon_core.package_identification:_identify(.) by extension 'colcon_pkg'
[1.526s] Level 1:colcon.colcon_core.package_identification:_identify(.) by extensions ['colcon_meta']
[1.526s] Level 1:colcon.colcon_core.package_identification:_identify(.) by extension 'colcon_meta'
[1.526s] Level 1:colcon.colcon_core.package_identification:_identify(.) by extensions ['ros']
[1.526s] Level 1:colcon.colcon_core.package_identification:_identify(.) by extension 'ros'
[1.536s] Level 1:colcon.colcon_core.package_identification:_identify(.) by extensions ['cmake', 'python']
[1.536s] Level 1:colcon.colcon_core.package_identification:_identify(.) by extension 'cmake'
[1.536s] Level 1:colcon.colcon_core.package_identification:_identify(.) by extension 'python'
[1.536s] Level 1:colcon.colcon_core.package_identification:_identify(.) by extensions ['python_setup_py']
[1.536s] Level 1:colcon.colcon_core.package_identification:_identify(.) by extension 'python_setup_py'
[1.536s] Level 1:colcon.colcon_core.package_identification:_identify(build) by extensions ['ignore', 'ignore_ament_install']
[1.536s] Level 1:colcon.colcon_core.package_identification:_identify(build) by extension 'ignore'
[1.536s] Level 1:colcon.colcon_core.package_identification:_identify(build) ignored
[1.536s] Level 1:colcon.colcon_core.package_identification:_identify(install) by extensions ['ignore', 'ignore_ament_install']
[1.537s] Level 1:colcon.colcon_core.package_identification:_identify(install) by extension 'ignore'
[1.537s] Level 1:colcon.colcon_core.package_identification:_identify(install) ignored
[1.537s] Level 1:colcon.colcon_core.package_identification:_identify(log) by extensions ['ignore', 'ignore_ament_install']
[1.537s] Level 1:colcon.colcon_core.package_identification:_identify(log) by extension 'ignore'
[1.537s] Level 1:colcon.colcon_core.package_identification:_identify(log) ignored
[1.537s] Level 1:colcon.colcon_core.package_identification:_identify(src) by extensions ['ignore', 'ignore_ament_install']
[1.537s] Level 1:colcon.colcon_core.package_identification:_identify(src) by extension 'ignore'
[1.537s] Level 1:colcon.colcon_core.package_identification:_identify(src) by extension 'ignore_ament_install'
[1.538s] Level 1:colcon.colcon_core.package_identification:_identify(src) by extensions ['colcon_pkg']
[1.538s] Level 1:colcon.colcon_core.package_identification:_identify(src) by extension 'colcon_pkg'
[1.538s] Level 1:colcon.colcon_core.package_identification:_identify(src) by extensions ['colcon_meta']
[1.538s] Level 1:colcon.colcon_core.package_identification:_identify(src) by extension 'colcon_meta'
[1.538s] Level 1:colcon.colcon_core.package_identification:_identify(src) by extensions ['ros']
[1.538s] Level 1:colcon.colcon_core.package_identification:_identify(src) by extension 'ros'
[1.538s] Level 1:colcon.colcon_core.package_identification:_identify(src) by extensions ['cmake', 'python']
[1.538s] Level 1:colcon.colcon_core.package_identification:_identify(src) by extension 'cmake'
[1.538s] Level 1:colcon.colcon_core.package_identification:_identify(src) by extension 'python'
[1.538s] Level 1:colcon.colcon_core.package_identification:_identify(src) by extensions ['python_setup_py']
[1.538s] Level 1:colcon.colcon_core.package_identification:_identify(src) by extension 'python_setup_py'
[1.539s] Level 1:colcon.colcon_core.package_identification:_identify(src/Sensor_readings) by extensions ['ignore', 'ignore_ament_install']
[1.539s] Level 1:colcon.colcon_core.package_identification:_identify(src/Sensor_readings) by extension 'ignore'
[1.539s] Level 1:colcon.colcon_core.package_identification:_identify(src/Sensor_readings) by extension 'ignore_ament_install'
[1.539s] Level 1:colcon.colcon_core.package_identification:_identify(src/Sensor_readings) by extensions ['colcon_pkg']
[1.539s] Level 1:colcon.colcon_core.package_identification:_identify(src/Sensor_readings) by extension 'colcon_pkg'
[1.539s] Level 1:colcon.colcon_core.package_identification:_identify(src/Sensor_readings) by extensions ['colcon_meta']
[1.539s] Level 1:colcon.colcon_core.package_identification:_identify(src/Sensor_readings) by extension 'colcon_meta'
[1.539s] Level 1:colcon.colcon_core.package_identification:_identify(src/Sensor_readings) by extensions ['ros']
[1.539s] Level 1:colcon.colcon_core.package_identification:_identify(src/Sensor_readings) by extension 'ros'
[1.540s] Level 1:colcon.colcon_core.package_identification:_identify(src/Sensor_readings) by extensions ['cmake', 'python']
[1.540s] Level 1:colcon.colcon_core.package_identification:_identify(src/Sensor_readings) by extension 'cmake'
[1.540s] Level 1:colcon.colcon_core.package_identification:_identify(src/Sensor_readings) by extension 'python'
[1.540s] Level 1:colcon.colcon_core.package_identification:_identify(src/Sensor_readings) by extensions ['python_setup_py']
[1.540s] Level 1:colcon.colcon_core.package_identification:_identify(src/Sensor_readings) by extension 'python_setup_py'
[1.540s] Level 1:colcon.colcon_core.package_identification:_identify(src/aruco) by extensions ['ignore', 'ignore_ament_install']
[1.540s] Level 1:colcon.colcon_core.package_identification:_identify(src/aruco) by extension 'ignore'
[1.540s] Level 1:colcon.colcon_core.package_identification:_identify(src/aruco) by extension 'ignore_ament_install'
[1.540s] Level 1:colcon.colcon_core.package_identification:_identify(src/aruco) by extensions ['colcon_pkg']
[1.540s] Level 1:colcon.colcon_core.package_identification:_identify(src/aruco) by extension 'colcon_pkg'
[1.540s] Level 1:colcon.colcon_core.package_identification:_identify(src/aruco) by extensions ['colcon_meta']
[1.540s] Level 1:colcon.colcon_core.package_identification:_identify(src/aruco) by extension 'colcon_meta'
[1.541s] Level 1:colcon.colcon_core.package_identification:_identify(src/aruco) by extensions ['ros']
[1.541s] Level 1:colcon.colcon_core.package_identification:_identify(src/aruco) by extension 'ros'
[1.541s] Level 1:colcon.colcon_core.package_identification:_identify(src/aruco) by extensions ['cmake', 'python']
[1.541s] Level 1:colcon.colcon_core.package_identification:_identify(src/aruco) by extension 'cmake'
[1.541s] Level 1:colcon.colcon_core.package_identification:_identify(src/aruco) by extension 'python'
[1.541s] Level 1:colcon.colcon_core.package_identification:_identify(src/aruco) by extensions ['python_setup_py']
[1.541s] Level 1:colcon.colcon_core.package_identification:_identify(src/aruco) by extension 'python_setup_py'
[1.541s] Level 1:colcon.colcon_core.package_identification:_identify(src/camera_capture) by extensions ['ignore', 'ignore_ament_install']
[1.541s] Level 1:colcon.colcon_core.package_identification:_identify(src/camera_capture) by extension 'ignore'
[1.541s] Level 1:colcon.colcon_core.package_identification:_identify(src/camera_capture) by extension 'ignore_ament_install'
[1.542s] Level 1:colcon.colcon_core.package_identification:_identify(src/camera_capture) by extensions ['colcon_pkg']
[1.542s] Level 1:colcon.colcon_core.package_identification:_identify(src/camera_capture) by extension 'colcon_pkg'
[1.542s] Level 1:colcon.colcon_core.package_identification:_identify(src/camera_capture) by extensions ['colcon_meta']
[1.542s] Level 1:colcon.colcon_core.package_identification:_identify(src/camera_capture) by extension 'colcon_meta'
[1.542s] Level 1:colcon.colcon_core.package_identification:_identify(src/camera_capture) by extensions ['ros']
[1.542s] Level 1:colcon.colcon_core.package_identification:_identify(src/camera_capture) by extension 'ros'
[1.545s] DEBUG:colcon.colcon_core.package_identification:Package 'src/camera_capture' with type 'ros.ament_python' and name 'camera_capture'
[1.545s] Level 1:colcon.colcon_core.package_identification:_identify(src/hitc_robot_description) by extensions ['ignore', 'ignore_ament_install']
[1.546s] Level 1:colcon.colcon_core.package_identification:_identify(src/hitc_robot_description) by extension 'ignore'
[1.546s] Level 1:colcon.colcon_core.package_identification:_identify(src/hitc_robot_description) by extension 'ignore_ament_install'
[1.546s] Level 1:colcon.colcon_core.package_identification:_identify(src/hitc_robot_description) by extensions ['colcon_pkg']
[1.546s] Level 1:colcon.colcon_core.package_identification:_identify(src/hitc_robot_description) by extension 'colcon_pkg'
[1.546s] Level 1:colcon.colcon_core.package_identification:_identify(src/hitc_robot_description) by extensions ['colcon_meta']
[1.546s] Level 1:colcon.colcon_core.package_identification:_identify(src/hitc_robot_description) by extension 'colcon_meta'
[1.546s] Level 1:colcon.colcon_core.package_identification:_identify(src/hitc_robot_description) by extensions ['ros']
[1.546s] Level 1:colcon.colcon_core.package_identification:_identify(src/hitc_robot_description) by extension 'ros'
[1.547s] DEBUG:colcon.colcon_core.package_identification:Package 'src/hitc_robot_description' with type 'ros.ament_cmake' and name 'hitc_robot_description'
[1.547s] Level 1:colcon.colcon_core.package_identification:_identify(src/laser_pointer) by extensions ['ignore', 'ignore_ament_install']
[1.548s] Level 1:colcon.colcon_core.package_identification:_identify(src/laser_pointer) by extension 'ignore'
[1.548s] Level 1:colcon.colcon_core.package_identification:_identify(src/laser_pointer) by extension 'ignore_ament_install'
[1.548s] Level 1:colcon.colcon_core.package_identification:_identify(src/laser_pointer) by extensions ['colcon_pkg']
[1.548s] Level 1:colcon.colcon_core.package_identification:_identify(src/laser_pointer) by extension 'colcon_pkg'
[1.548s] Level 1:colcon.colcon_core.package_identification:_identify(src/laser_pointer) by extensions ['colcon_meta']
[1.548s] Level 1:colcon.colcon_core.package_identification:_identify(src/laser_pointer) by extension 'colcon_meta'
[1.548s] Level 1:colcon.colcon_core.package_identification:_identify(src/laser_pointer) by extensions ['ros']
[1.548s] Level 1:colcon.colcon_core.package_identification:_identify(src/laser_pointer) by extension 'ros'
[1.549s] DEBUG:colcon.colcon_core.package_identification:Package 'src/laser_pointer' with type 'ros.ament_python' and name 'laser_pointer'
[1.549s] Level 1:colcon.colcon_core.package_identification:_identify(src/micro-ROS-Agent) by extensions ['ignore', 'ignore_ament_install']
[1.549s] Level 1:colcon.colcon_core.package_identification:_identify(src/micro-ROS-Agent) by extension 'ignore'
[1.549s] Level 1:colcon.colcon_core.package_identification:_identify(src/micro-ROS-Agent) by extension 'ignore_ament_install'
[1.550s] Level 1:colcon.colcon_core.package_identification:_identify(src/micro-ROS-Agent) by extensions ['colcon_pkg']
[1.550s] Level 1:colcon.colcon_core.package_identification:_identify(src/micro-ROS-Agent) by extension 'colcon_pkg'
[1.550s] Level 1:colcon.colcon_core.package_identification:_identify(src/micro-ROS-Agent) by extensions ['colcon_meta']
[1.550s] Level 1:colcon.colcon_core.package_identification:_identify(src/micro-ROS-Agent) by extension 'colcon_meta'
[1.550s] Level 1:colcon.colcon_core.package_identification:_identify(src/micro-ROS-Agent) by extensions ['ros']
[1.550s] Level 1:colcon.colcon_core.package_identification:_identify(src/micro-ROS-Agent) by extension 'ros'
[1.550s] Level 1:colcon.colcon_core.package_identification:_identify(src/micro-ROS-Agent) by extensions ['cmake', 'python']
[1.550s] Level 1:colcon.colcon_core.package_identification:_identify(src/micro-ROS-Agent) by extension 'cmake'
[1.550s] Level 1:colcon.colcon_core.package_identification:_identify(src/micro-ROS-Agent) by extension 'python'
[1.550s] Level 1:colcon.colcon_core.package_identification:_identify(src/micro-ROS-Agent) by extensions ['python_setup_py']
[1.550s] Level 1:colcon.colcon_core.package_identification:_identify(src/micro-ROS-Agent) by extension 'python_setup_py'
[1.551s] Level 1:colcon.colcon_core.package_identification:_identify(src/micro-ROS-Agent/micro_ros_agent) by extensions ['ignore', 'ignore_ament_install']
[1.551s] Level 1:colcon.colcon_core.package_identification:_identify(src/micro-ROS-Agent/micro_ros_agent) by extension 'ignore'
[1.551s] Level 1:colcon.colcon_core.package_identification:_identify(src/micro-ROS-Agent/micro_ros_agent) by extension 'ignore_ament_install'
[1.551s] Level 1:colcon.colcon_core.package_identification:_identify(src/micro-ROS-Agent/micro_ros_agent) by extensions ['colcon_pkg']
[1.551s] Level 1:colcon.colcon_core.package_identification:_identify(src/micro-ROS-Agent/micro_ros_agent) by extension 'colcon_pkg'
[1.551s] Level 1:colcon.colcon_core.package_identification:_identify(src/micro-ROS-Agent/micro_ros_agent) by extensions ['colcon_meta']
[1.551s] Level 1:colcon.colcon_core.package_identification:_identify(src/micro-ROS-Agent/micro_ros_agent) by extension 'colcon_meta'
[1.551s] Level 1:colcon.colcon_core.package_identification:_identify(src/micro-ROS-Agent/micro_ros_agent) by extensions ['ros']
[1.551s] Level 1:colcon.colcon_core.package_identification:_identify(src/micro-ROS-Agent/micro_ros_agent) by extension 'ros'
[1.553s] DEBUG:colcon.colcon_core.package_identification:Package 'src/micro-ROS-Agent/micro_ros_agent' with type 'ros.ament_cmake' and name 'micro_ros_agent'
[1.553s] Level 1:colcon.colcon_core.package_identification:_identify(src/micro-ROS-Agent/snap) by extensions ['ignore', 'ignore_ament_install']
[1.553s] Level 1:colcon.colcon_core.package_identification:_identify(src/micro-ROS-Agent/snap) by extension 'ignore'
[1.553s] Level 1:colcon.colcon_core.package_identification:_identify(src/micro-ROS-Agent/snap) by extension 'ignore_ament_install'
[1.553s] Level 1:colcon.colcon_core.package_identification:_identify(src/micro-ROS-Agent/snap) by extensions ['colcon_pkg']
[1.553s] Level 1:colcon.colcon_core.package_identification:_identify(src/micro-ROS-Agent/snap) by extension 'colcon_pkg'
[1.553s] Level 1:colcon.colcon_core.package_identification:_identify(src/micro-ROS-Agent/snap) by extensions ['colcon_meta']
[1.553s] Level 1:colcon.colcon_core.package_identification:_identify(src/micro-ROS-Agent/snap) by extension 'colcon_meta'
[1.554s] Level 1:colcon.colcon_core.package_identification:_identify(src/micro-ROS-Agent/snap) by extensions ['ros']
[1.554s] Level 1:colcon.colcon_core.package_identification:_identify(src/micro-ROS-Agent/snap) by extension 'ros'
[1.554s] Level 1:colcon.colcon_core.package_identification:_identify(src/micro-ROS-Agent/snap) by extensions ['cmake', 'python']
[1.554s] Level 1:colcon.colcon_core.package_identification:_identify(src/micro-ROS-Agent/snap) by extension 'cmake'
[1.554s] Level 1:colcon.colcon_core.package_identification:_identify(src/micro-ROS-Agent/snap) by extension 'python'
[1.554s] Level 1:colcon.colcon_core.package_identification:_identify(src/micro-ROS-Agent/snap) by extensions ['python_setup_py']
[1.554s] Level 1:colcon.colcon_core.package_identification:_identify(src/micro-ROS-Agent/snap) by extension 'python_setup_py'
[1.554s] Level 1:colcon.colcon_core.package_identification:_identify(src/micro-ROS-Agent/snap/hooks) by extensions ['ignore', 'ignore_ament_install']
[1.554s] Level 1:colcon.colcon_core.package_identification:_identify(src/micro-ROS-Agent/snap/hooks) by extension 'ignore'
[1.554s] Level 1:colcon.colcon_core.package_identification:_identify(src/micro-ROS-Agent/snap/hooks) by extension 'ignore_ament_install'
[1.555s] Level 1:colcon.colcon_core.package_identification:_identify(src/micro-ROS-Agent/snap/hooks) by extensions ['colcon_pkg']
[1.555s] Level 1:colcon.colcon_core.package_identification:_identify(src/micro-ROS-Agent/snap/hooks) by extension 'colcon_pkg'
[1.555s] Level 1:colcon.colcon_core.package_identification:_identify(src/micro-ROS-Agent/snap/hooks) by extensions ['colcon_meta']
[1.555s] Level 1:colcon.colcon_core.package_identification:_identify(src/micro-ROS-Agent/snap/hooks) by extension 'colcon_meta'
[1.555s] Level 1:colcon.colcon_core.package_identification:_identify(src/micro-ROS-Agent/snap/hooks) by extensions ['ros']
[1.555s] Level 1:colcon.colcon_core.package_identification:_identify(src/micro-ROS-Agent/snap/hooks) by extension 'ros'
[1.555s] Level 1:colcon.colcon_core.package_identification:_identify(src/micro-ROS-Agent/snap/hooks) by extensions ['cmake', 'python']
[1.555s] Level 1:colcon.colcon_core.package_identification:_identify(src/micro-ROS-Agent/snap/hooks) by extension 'cmake'
[1.555s] Level 1:colcon.colcon_core.package_identification:_identify(src/micro-ROS-Agent/snap/hooks) by extension 'python'
[1.555s] Level 1:colcon.colcon_core.package_identification:_identify(src/micro-ROS-Agent/snap/hooks) by extensions ['python_setup_py']
[1.555s] Level 1:colcon.colcon_core.package_identification:_identify(src/micro-ROS-Agent/snap/hooks) by extension 'python_setup_py'
[1.556s] Level 1:colcon.colcon_core.package_identification:_identify(src/micro-ROS-Agent/snap/local) by extensions ['ignore', 'ignore_ament_install']
[1.556s] Level 1:colcon.colcon_core.package_identification:_identify(src/micro-ROS-Agent/snap/local) by extension 'ignore'
[1.556s] Level 1:colcon.colcon_core.package_identification:_identify(src/micro-ROS-Agent/snap/local) by extension 'ignore_ament_install'
[1.556s] Level 1:colcon.colcon_core.package_identification:_identify(src/micro-ROS-Agent/snap/local) by extensions ['colcon_pkg']
[1.556s] Level 1:colcon.colcon_core.package_identification:_identify(src/micro-ROS-Agent/snap/local) by extension 'colcon_pkg'
[1.556s] Level 1:colcon.colcon_core.package_identification:_identify(src/micro-ROS-Agent/snap/local) by extensions ['colcon_meta']
[1.556s] Level 1:colcon.colcon_core.package_identification:_identify(src/micro-ROS-Agent/snap/local) by extension 'colcon_meta'
[1.556s] Level 1:colcon.colcon_core.package_identification:_identify(src/micro-ROS-Agent/snap/local) by extensions ['ros']
[1.556s] Level 1:colcon.colcon_core.package_identification:_identify(src/micro-ROS-Agent/snap/local) by extension 'ros'
[1.556s] Level 1:colcon.colcon_core.package_identification:_identify(src/micro-ROS-Agent/snap/local) by extensions ['cmake', 'python']
[1.556s] Level 1:colcon.colcon_core.package_identification:_identify(src/micro-ROS-Agent/snap/local) by extension 'cmake'
[1.557s] Level 1:colcon.colcon_core.package_identification:_identify(src/micro-ROS-Agent/snap/local) by extension 'python'
[1.557s] Level 1:colcon.colcon_core.package_identification:_identify(src/micro-ROS-Agent/snap/local) by extensions ['python_setup_py']
[1.557s] Level 1:colcon.colcon_core.package_identification:_identify(src/micro-ROS-Agent/snap/local) by extension 'python_setup_py'
[1.557s] Level 1:colcon.colcon_core.package_identification:_identify(src/micro_ros_files) by extensions ['ignore', 'ignore_ament_install']
[1.557s] Level 1:colcon.colcon_core.package_identification:_identify(src/micro_ros_files) by extension 'ignore'
[1.557s] Level 1:colcon.colcon_core.package_identification:_identify(src/micro_ros_files) by extension 'ignore_ament_install'
[1.557s] Level 1:colcon.colcon_core.package_identification:_identify(src/micro_ros_files) by extensions ['colcon_pkg']
[1.557s] Level 1:colcon.colcon_core.package_identification:_identify(src/micro_ros_files) by extension 'colcon_pkg'
[1.557s] Level 1:colcon.colcon_core.package_identification:_identify(src/micro_ros_files) by extensions ['colcon_meta']
[1.557s] Level 1:colcon.colcon_core.package_identification:_identify(src/micro_ros_files) by extension 'colcon_meta'
[1.557s] Level 1:colcon.colcon_core.package_identification:_identify(src/micro_ros_files) by extensions ['ros']
[1.558s] Level 1:colcon.colcon_core.package_identification:_identify(src/micro_ros_files) by extension 'ros'
[1.558s] Level 1:colcon.colcon_core.package_identification:_identify(src/micro_ros_files) by extensions ['cmake', 'python']
[1.558s] Level 1:colcon.colcon_core.package_identification:_identify(src/micro_ros_files) by extension 'cmake'
[1.558s] Level 1:colcon.colcon_core.package_identification:_identify(src/micro_ros_files) by extension 'python'
[1.558s] Level 1:colcon.colcon_core.package_identification:_identify(src/micro_ros_files) by extensions ['python_setup_py']
[1.558s] Level 1:colcon.colcon_core.package_identification:_identify(src/micro_ros_files) by extension 'python_setup_py'
[1.558s] Level 1:colcon.colcon_core.package_identification:_identify(src/micro_ros_files/DRV8825_tutorial) by extensions ['ignore', 'ignore_ament_install']
[1.558s] Level 1:colcon.colcon_core.package_identification:_identify(src/micro_ros_files/DRV8825_tutorial) by extension 'ignore'
[1.558s] Level 1:colcon.colcon_core.package_identification:_identify(src/micro_ros_files/DRV8825_tutorial) by extension 'ignore_ament_install'
[1.558s] Level 1:colcon.colcon_core.package_identification:_identify(src/micro_ros_files/DRV8825_tutorial) by extensions ['colcon_pkg']
[1.558s] Level 1:colcon.colcon_core.package_identification:_identify(src/micro_ros_files/DRV8825_tutorial) by extension 'colcon_pkg'
[1.558s] Level 1:colcon.colcon_core.package_identification:_identify(src/micro_ros_files/DRV8825_tutorial) by extensions ['colcon_meta']
[1.558s] Level 1:colcon.colcon_core.package_identification:_identify(src/micro_ros_files/DRV8825_tutorial) by extension 'colcon_meta'
[1.559s] Level 1:colcon.colcon_core.package_identification:_identify(src/micro_ros_files/DRV8825_tutorial) by extensions ['ros']
[1.559s] Level 1:colcon.colcon_core.package_identification:_identify(src/micro_ros_files/DRV8825_tutorial) by extension 'ros'
[1.559s] Level 1:colcon.colcon_core.package_identification:_identify(src/micro_ros_files/DRV8825_tutorial) by extensions ['cmake', 'python']
[1.559s] Level 1:colcon.colcon_core.package_identification:_identify(src/micro_ros_files/DRV8825_tutorial) by extension 'cmake'
[1.559s] Level 1:colcon.colcon_core.package_identification:_identify(src/micro_ros_files/DRV8825_tutorial) by extension 'python'
[1.559s] Level 1:colcon.colcon_core.package_identification:_identify(src/micro_ros_files/DRV8825_tutorial) by extensions ['python_setup_py']
[1.559s] Level 1:colcon.colcon_core.package_identification:_identify(src/micro_ros_files/DRV8825_tutorial) by extension 'python_setup_py'
[1.559s] Level 1:colcon.colcon_core.package_identification:_identify(src/micro_ros_files/creating_micro_ros_publisher) by extensions ['ignore', 'ignore_ament_install']
[1.559s] Level 1:colcon.colcon_core.package_identification:_identify(src/micro_ros_files/creating_micro_ros_publisher) by extension 'ignore'
[1.559s] Level 1:colcon.colcon_core.package_identification:_identify(src/micro_ros_files/creating_micro_ros_publisher) by extension 'ignore_ament_install'
[1.559s] Level 1:colcon.colcon_core.package_identification:_identify(src/micro_ros_files/creating_micro_ros_publisher) by extensions ['colcon_pkg']
[1.560s] Level 1:colcon.colcon_core.package_identification:_identify(src/micro_ros_files/creating_micro_ros_publisher) by extension 'colcon_pkg'
[1.560s] Level 1:colcon.colcon_core.package_identification:_identify(src/micro_ros_files/creating_micro_ros_publisher) by extensions ['colcon_meta']
[1.560s] Level 1:colcon.colcon_core.package_identification:_identify(src/micro_ros_files/creating_micro_ros_publisher) by extension 'colcon_meta'
[1.560s] Level 1:colcon.colcon_core.package_identification:_identify(src/micro_ros_files/creating_micro_ros_publisher) by extensions ['ros']
[1.560s] Level 1:colcon.colcon_core.package_identification:_identify(src/micro_ros_files/creating_micro_ros_publisher) by extension 'ros'
[1.560s] Level 1:colcon.colcon_core.package_identification:_identify(src/micro_ros_files/creating_micro_ros_publisher) by extensions ['cmake', 'python']
[1.560s] Level 1:colcon.colcon_core.package_identification:_identify(src/micro_ros_files/creating_micro_ros_publisher) by extension 'cmake'
[1.560s] Level 1:colcon.colcon_core.package_identification:_identify(src/micro_ros_files/creating_micro_ros_publisher) by extension 'python'
[1.560s] Level 1:colcon.colcon_core.package_identification:_identify(src/micro_ros_files/creating_micro_ros_publisher) by extensions ['python_setup_py']
[1.560s] Level 1:colcon.colcon_core.package_identification:_identify(src/micro_ros_files/creating_micro_ros_publisher) by extension 'python_setup_py'
[1.560s] Level 1:colcon.colcon_core.package_identification:_identify(src/micro_ros_files/reading_encoder_values) by extensions ['ignore', 'ignore_ament_install']
[1.560s] Level 1:colcon.colcon_core.package_identification:_identify(src/micro_ros_files/reading_encoder_values) by extension 'ignore'
[1.561s] Level 1:colcon.colcon_core.package_identification:_identify(src/micro_ros_files/reading_encoder_values) by extension 'ignore_ament_install'
[1.561s] Level 1:colcon.colcon_core.package_identification:_identify(src/micro_ros_files/reading_encoder_values) by extensions ['colcon_pkg']
[1.561s] Level 1:colcon.colcon_core.package_identification:_identify(src/micro_ros_files/reading_encoder_values) by extension 'colcon_pkg'
[1.561s] Level 1:colcon.colcon_core.package_identification:_identify(src/micro_ros_files/reading_encoder_values) by extensions ['colcon_meta']
[1.561s] Level 1:colcon.colcon_core.package_identification:_identify(src/micro_ros_files/reading_encoder_values) by extension 'colcon_meta'
[1.561s] Level 1:colcon.colcon_core.package_identification:_identify(src/micro_ros_files/reading_encoder_values) by extensions ['ros']
[1.561s] Level 1:colcon.colcon_core.package_identification:_identify(src/micro_ros_files/reading_encoder_values) by extension 'ros'
[1.561s] Level 1:colcon.colcon_core.package_identification:_identify(src/micro_ros_files/reading_encoder_values) by extensions ['cmake', 'python']
[1.561s] Level 1:colcon.colcon_core.package_identification:_identify(src/micro_ros_files/reading_encoder_values) by extension 'cmake'
[1.561s] Level 1:colcon.colcon_core.package_identification:_identify(src/micro_ros_files/reading_encoder_values) by extension 'python'
[1.561s] Level 1:colcon.colcon_core.package_identification:_identify(src/micro_ros_files/reading_encoder_values) by extensions ['python_setup_py']
[1.562s] Level 1:colcon.colcon_core.package_identification:_identify(src/micro_ros_files/reading_encoder_values) by extension 'python_setup_py'
[1.562s] Level 1:colcon.colcon_core.package_identification:_identify(src/path_planner) by extensions ['ignore', 'ignore_ament_install']
[1.562s] Level 1:colcon.colcon_core.package_identification:_identify(src/path_planner) by extension 'ignore'
[1.562s] Level 1:colcon.colcon_core.package_identification:_identify(src/path_planner) by extension 'ignore_ament_install'
[1.562s] Level 1:colcon.colcon_core.package_identification:_identify(src/path_planner) by extensions ['colcon_pkg']
[1.562s] Level 1:colcon.colcon_core.package_identification:_identify(src/path_planner) by extension 'colcon_pkg'
[1.562s] Level 1:colcon.colcon_core.package_identification:_identify(src/path_planner) by extensions ['colcon_meta']
[1.562s] Level 1:colcon.colcon_core.package_identification:_identify(src/path_planner) by extension 'colcon_meta'
[1.562s] Level 1:colcon.colcon_core.package_identification:_identify(src/path_planner) by extensions ['ros']
[1.562s] Level 1:colcon.colcon_core.package_identification:_identify(src/path_planner) by extension 'ros'
[1.563s] DEBUG:colcon.colcon_core.package_identification:Package 'src/path_planner' with type 'ros.ament_python' and name 'path_planner'
[1.563s] Level 1:colcon.colcon_core.package_identification:_identify(src/state_publisher_py) by extensions ['ignore', 'ignore_ament_install']
[1.564s] Level 1:colcon.colcon_core.package_identification:_identify(src/state_publisher_py) by extension 'ignore'
[1.564s] Level 1:colcon.colcon_core.package_identification:_identify(src/state_publisher_py) by extension 'ignore_ament_install'
[1.564s] Level 1:colcon.colcon_core.package_identification:_identify(src/state_publisher_py) by extensions ['colcon_pkg']
[1.564s] Level 1:colcon.colcon_core.package_identification:_identify(src/state_publisher_py) by extension 'colcon_pkg'
[1.564s] Level 1:colcon.colcon_core.package_identification:_identify(src/state_publisher_py) by extensions ['colcon_meta']
[1.564s] Level 1:colcon.colcon_core.package_identification:_identify(src/state_publisher_py) by extension 'colcon_meta'
[1.564s] Level 1:colcon.colcon_core.package_identification:_identify(src/state_publisher_py) by extensions ['ros']
[1.564s] Level 1:colcon.colcon_core.package_identification:_identify(src/state_publisher_py) by extension 'ros'
[1.565s] DEBUG:colcon.colcon_core.package_identification:Package 'src/state_publisher_py' with type 'ros.ament_python' and name 'state_publisher_py'
[1.565s] Level 1:colcon.colcon_core.package_identification:_identify(src/trajectory_generator) by extensions ['ignore', 'ignore_ament_install']
[1.565s] Level 1:colcon.colcon_core.package_identification:_identify(src/trajectory_generator) by extension 'ignore'
[1.565s] Level 1:colcon.colcon_core.package_identification:_identify(src/trajectory_generator) by extension 'ignore_ament_install'
[1.565s] Level 1:colcon.colcon_core.package_identification:_identify(src/trajectory_generator) by extensions ['colcon_pkg']
[1.565s] Level 1:colcon.colcon_core.package_identification:_identify(src/trajectory_generator) by extension 'colcon_pkg'
[1.565s] Level 1:colcon.colcon_core.package_identification:_identify(src/trajectory_generator) by extensions ['colcon_meta']
[1.566s] Level 1:colcon.colcon_core.package_identification:_identify(src/trajectory_generator) by extension 'colcon_meta'
[1.566s] Level 1:colcon.colcon_core.package_identification:_identify(src/trajectory_generator) by extensions ['ros']
[1.566s] Level 1:colcon.colcon_core.package_identification:_identify(src/trajectory_generator) by extension 'ros'
[1.567s] DEBUG:colcon.colcon_core.package_identification:Package 'src/trajectory_generator' with type 'ros.ament_python' and name 'trajectory_generator'
[1.567s] Level 1:colcon.colcon_core.package_discovery:discover_packages(recursive) using defaults
[1.567s] Level 1:colcon.colcon_core.package_discovery:discover_packages(ignore) discover
[1.567s] Level 1:colcon.colcon_core.package_discovery:discover_packages(ignore) using defaults
[1.567s] Level 1:colcon.colcon_core.package_discovery:discover_packages(path) discover
[1.567s] Level 1:colcon.colcon_core.package_discovery:discover_packages(path) using defaults
[1.681s] Level 1:colcon.colcon_core.package_discovery:discover_packages(prefix_path) check parameters
[1.682s] Level 1:colcon.colcon_core.package_discovery:discover_packages(prefix_path) discover
[1.722s] DEBUG:colcon.colcon_installed_package_information.package_discovery:Found 1 installed packages in /home/chris/second_ros2_ws/install
[1.740s] DEBUG:colcon.colcon_installed_package_information.package_discovery:Found 70 installed packages in /home/chris/ws_moveit/install
[1.758s] DEBUG:colcon.colcon_installed_package_information.package_discovery:Found 3 installed packages in /home/chris/capstone/hitc_ws/install
[1.775s] DEBUG:colcon.colcon_installed_package_information.package_discovery:Found 2 installed packages in /home/chris/hitc_ws/install
[1.792s] DEBUG:colcon.colcon_installed_package_information.package_discovery:Found 12 installed packages in /home/chris/ros2_ws/install
[1.810s] DEBUG:colcon.colcon_installed_package_information.package_discovery:Found 354 installed packages in /opt/ros/humble
[1.812s] Level 1:colcon.colcon_core.package_discovery:discover_packages(prefix_path) using defaults
[1.971s] Level 5:colcon.colcon_core.verb:set package 'camera_capture' build argument 'cmake_args' from command line to 'None'
[1.971s] Level 5:colcon.colcon_core.verb:set package 'camera_capture' build argument 'cmake_target' from command line to 'None'
[1.971s] Level 5:colcon.colcon_core.verb:set package 'camera_capture' build argument 'cmake_target_skip_unavailable' from command line to 'False'
[1.971s] Level 5:colcon.colcon_core.verb:set package 'camera_capture' build argument 'cmake_clean_cache' from command line to 'False'
[1.971s] Level 5:colcon.colcon_core.verb:set package 'camera_capture' build argument 'cmake_clean_first' from command line to 'False'
[1.971s] Level 5:colcon.colcon_core.verb:set package 'camera_capture' build argument 'cmake_force_configure' from command line to 'False'
[1.971s] Level 5:colcon.colcon_core.verb:set package 'camera_capture' build argument 'ament_cmake_args' from command line to 'None'
[1.971s] Level 5:colcon.colcon_core.verb:set package 'camera_capture' build argument 'catkin_cmake_args' from command line to 'None'
[1.971s] Level 5:colcon.colcon_core.verb:set package 'camera_capture' build argument 'catkin_skip_building_tests' from command line to 'False'
[1.971s] DEBUG:colcon.colcon_core.verb:Building package 'camera_capture' with the following arguments: {'ament_cmake_args': None, 'build_base': '/home/chris/capstone/hitc_ws/build/camera_capture', 'catkin_cmake_args': None, 'catkin_skip_building_tests': False, 'cmake_args': None, 'cmake_clean_cache': False, 'cmake_clean_first': False, 'cmake_force_configure': False, 'cmake_target': None, 'cmake_target_skip_unavailable': False, 'install_base': '/home/chris/capstone/hitc_ws/install/camera_capture', 'merge_install': False, 'path': '/home/chris/capstone/hitc_ws/src/camera_capture', 'symlink_install': True, 'test_result_base': None}
[1.989s] Level 5:colcon.colcon_core.verb:set package 'hitc_robot_description' build argument 'cmake_args' from command line to 'None'
[1.989s] Level 5:colcon.colcon_core.verb:set package 'hitc_robot_description' build argument 'cmake_target' from command line to 'None'
[1.989s] Level 5:colcon.colcon_core.verb:set package 'hitc_robot_description' build argument 'cmake_target_skip_unavailable' from command line to 'False'
[1.989s] Level 5:colcon.colcon_core.verb:set package 'hitc_robot_description' build argument 'cmake_clean_cache' from command line to 'False'
[1.989s] Level 5:colcon.colcon_core.verb:set package 'hitc_robot_description' build argument 'cmake_clean_first' from command line to 'False'
[1.989s] Level 5:colcon.colcon_core.verb:set package 'hitc_robot_description' build argument 'cmake_force_configure' from command line to 'False'
[1.989s] Level 5:colcon.colcon_core.verb:set package 'hitc_robot_description' build argument 'ament_cmake_args' from command line to 'None'
[1.989s] Level 5:colcon.colcon_core.verb:set package 'hitc_robot_description' build argument 'catkin_cmake_args' from command line to 'None'
[1.989s] Level 5:colcon.colcon_core.verb:set package 'hitc_robot_description' build argument 'catkin_skip_building_tests' from command line to 'False'
[1.989s] DEBUG:colcon.colcon_core.verb:Building package 'hitc_robot_description' with the following arguments: {'ament_cmake_args': None, 'build_base': '/home/chris/capstone/hitc_ws/build/hitc_robot_description', 'catkin_cmake_args': None, 'catkin_skip_building_tests': False, 'cmake_args': None, 'cmake_clean_cache': False, 'cmake_clean_first': False, 'cmake_force_configure': False, 'cmake_target': None, 'cmake_target_skip_unavailable': False, 'install_base': '/home/chris/capstone/hitc_ws/install/hitc_robot_description', 'merge_install': False, 'path': '/home/chris/capstone/hitc_ws/src/hitc_robot_description', 'symlink_install': True, 'test_result_base': None}
[2.006s] Level 5:colcon.colcon_core.verb:set package 'laser_pointer' build argument 'cmake_args' from command line to 'None'
[2.006s] Level 5:colcon.colcon_core.verb:set package 'laser_pointer' build argument 'cmake_target' from command line to 'None'
[2.006s] Level 5:colcon.colcon_core.verb:set package 'laser_pointer' build argument 'cmake_target_skip_unavailable' from command line to 'False'
[2.007s] Level 5:colcon.colcon_core.verb:set package 'laser_pointer' build argument 'cmake_clean_cache' from command line to 'False'
[2.007s] Level 5:colcon.colcon_core.verb:set package 'laser_pointer' build argument 'cmake_clean_first' from command line to 'False'
[2.007s] Level 5:colcon.colcon_core.verb:set package 'laser_pointer' build argument 'cmake_force_configure' from command line to 'False'
[2.007s] Level 5:colcon.colcon_core.verb:set package 'laser_pointer' build argument 'ament_cmake_args' from command line to 'None'
[2.007s] Level 5:colcon.colcon_core.verb:set package 'laser_pointer' build argument 'catkin_cmake_args' from command line to 'None'
[2.007s] Level 5:colcon.colcon_core.verb:set package 'laser_pointer' build argument 'catkin_skip_building_tests' from command line to 'False'
[2.007s] DEBUG:colcon.colcon_core.verb:Building package 'laser_pointer' with the following arguments: {'ament_cmake_args': None, 'build_base': '/home/chris/capstone/hitc_ws/build/laser_pointer', 'catkin_cmake_args': None, 'catkin_skip_building_tests': False, 'cmake_args': None, 'cmake_clean_cache': False, 'cmake_clean_first': False, 'cmake_force_configure': False, 'cmake_target': None, 'cmake_target_skip_unavailable': False, 'install_base': '/home/chris/capstone/hitc_ws/install/laser_pointer', 'merge_install': False, 'path': '/home/chris/capstone/hitc_ws/src/laser_pointer', 'symlink_install': True, 'test_result_base': None}
[2.024s] Level 5:colcon.colcon_core.verb:set package 'micro_ros_agent' build argument 'cmake_args' from command line to 'None'
[2.024s] Level 5:colcon.colcon_core.verb:set package 'micro_ros_agent' build argument 'cmake_target' from command line to 'None'
[2.024s] Level 5:colcon.colcon_core.verb:set package 'micro_ros_agent' build argument 'cmake_target_skip_unavailable' from command line to 'False'
[2.024s] Level 5:colcon.colcon_core.verb:set package 'micro_ros_agent' build argument 'cmake_clean_cache' from command line to 'False'
[2.024s] Level 5:colcon.colcon_core.verb:set package 'micro_ros_agent' build argument 'cmake_clean_first' from command line to 'False'
[2.024s] Level 5:colcon.colcon_core.verb:set package 'micro_ros_agent' build argument 'cmake_force_configure' from command line to 'False'
[2.024s] Level 5:colcon.colcon_core.verb:set package 'micro_ros_agent' build argument 'ament_cmake_args' from command line to 'None'
[2.024s] Level 5:colcon.colcon_core.verb:set package 'micro_ros_agent' build argument 'catkin_cmake_args' from command line to 'None'
[2.024s] Level 5:colcon.colcon_core.verb:set package 'micro_ros_agent' build argument 'catkin_skip_building_tests' from command line to 'False'
[2.024s] DEBUG:colcon.colcon_core.verb:Building package 'micro_ros_agent' with the following arguments: {'ament_cmake_args': None, 'build_base': '/home/chris/capstone/hitc_ws/build/micro_ros_agent', 'catkin_cmake_args': None, 'catkin_skip_building_tests': False, 'cmake_args': None, 'cmake_clean_cache': False, 'cmake_clean_first': False, 'cmake_force_configure': False, 'cmake_target': None, 'cmake_target_skip_unavailable': False, 'install_base': '/home/chris/capstone/hitc_ws/install/micro_ros_agent', 'merge_install': False, 'path': '/home/chris/capstone/hitc_ws/src/micro-ROS-Agent/micro_ros_agent', 'symlink_install': True, 'test_result_base': None}
[2.040s] Level 5:colcon.colcon_core.verb:set package 'path_planner' build argument 'cmake_args' from command line to 'None'
[2.040s] Level 5:colcon.colcon_core.verb:set package 'path_planner' build argument 'cmake_target' from command line to 'None'
[2.040s] Level 5:colcon.colcon_core.verb:set package 'path_planner' build argument 'cmake_target_skip_unavailable' from command line to 'False'
[2.041s] Level 5:colcon.colcon_core.verb:set package 'path_planner' build argument 'cmake_clean_cache' from command line to 'False'
[2.041s] Level 5:colcon.colcon_core.verb:set package 'path_planner' build argument 'cmake_clean_first' from command line to 'False'
[2.041s] Level 5:colcon.colcon_core.verb:set package 'path_planner' build argument 'cmake_force_configure' from command line to 'False'
[2.041s] Level 5:colcon.colcon_core.verb:set package 'path_planner' build argument 'ament_cmake_args' from command line to 'None'
[2.041s] Level 5:colcon.colcon_core.verb:set package 'path_planner' build argument 'catkin_cmake_args' from command line to 'None'
[2.041s] Level 5:colcon.colcon_core.verb:set package 'path_planner' build argument 'catkin_skip_building_tests' from command line to 'False'
[2.041s] DEBUG:colcon.colcon_core.verb:Building package 'path_planner' with the following arguments: {'ament_cmake_args': None, 'build_base': '/home/chris/capstone/hitc_ws/build/path_planner', 'catkin_cmake_args': None, 'catkin_skip_building_tests': False, 'cmake_args': None, 'cmake_clean_cache': False, 'cmake_clean_first': False, 'cmake_force_configure': False, 'cmake_target': None, 'cmake_target_skip_unavailable': False, 'install_base': '/home/chris/capstone/hitc_ws/install/path_planner', 'merge_install': False, 'path': '/home/chris/capstone/hitc_ws/src/path_planner', 'symlink_install': True, 'test_result_base': None}
[2.057s] Level 5:colcon.colcon_core.verb:set package 'state_publisher_py' build argument 'cmake_args' from command line to 'None'
[2.057s] Level 5:colcon.colcon_core.verb:set package 'state_publisher_py' build argument 'cmake_target' from command line to 'None'
[2.057s] Level 5:colcon.colcon_core.verb:set package 'state_publisher_py' build argument 'cmake_target_skip_unavailable' from command line to 'False'
[2.057s] Level 5:colcon.colcon_core.verb:set package 'state_publisher_py' build argument 'cmake_clean_cache' from command line to 'False'
[2.057s] Level 5:colcon.colcon_core.verb:set package 'state_publisher_py' build argument 'cmake_clean_first' from command line to 'False'
[2.057s] Level 5:colcon.colcon_core.verb:set package 'state_publisher_py' build argument 'cmake_force_configure' from command line to 'False'
[2.057s] Level 5:colcon.colcon_core.verb:set package 'state_publisher_py' build argument 'ament_cmake_args' from command line to 'None'
[2.057s] Level 5:colcon.colcon_core.verb:set package 'state_publisher_py' build argument 'catkin_cmake_args' from command line to 'None'
[2.057s] Level 5:colcon.colcon_core.verb:set package 'state_publisher_py' build argument 'catkin_skip_building_tests' from command line to 'False'
[2.057s] DEBUG:colcon.colcon_core.verb:Building package 'state_publisher_py' with the following arguments: {'ament_cmake_args': None, 'build_base': '/home/chris/capstone/hitc_ws/build/state_publisher_py', 'catkin_cmake_args': None, 'catkin_skip_building_tests': False, 'cmake_args': None, 'cmake_clean_cache': False, 'cmake_clean_first': False, 'cmake_force_configure': False, 'cmake_target': None, 'cmake_target_skip_unavailable': False, 'install_base': '/home/chris/capstone/hitc_ws/install/state_publisher_py', 'merge_install': False, 'path': '/home/chris/capstone/hitc_ws/src/state_publisher_py', 'symlink_install': True, 'test_result_base': None}
[2.074s] Level 5:colcon.colcon_core.verb:set package 'trajectory_generator' build argument 'cmake_args' from command line to 'None'
[2.074s] Level 5:colcon.colcon_core.verb:set package 'trajectory_generator' build argument 'cmake_target' from command line to 'None'
[2.074s] Level 5:colcon.colcon_core.verb:set package 'trajectory_generator' build argument 'cmake_target_skip_unavailable' from command line to 'False'
[2.074s] Level 5:colcon.colcon_core.verb:set package 'trajectory_generator' build argument 'cmake_clean_cache' from command line to 'False'
[2.075s] Level 5:colcon.colcon_core.verb:set package 'trajectory_generator' build argument 'cmake_clean_first' from command line to 'False'
[2.075s] Level 5:colcon.colcon_core.verb:set package 'trajectory_generator' build argument 'cmake_force_configure' from command line to 'False'
[2.075s] Level 5:colcon.colcon_core.verb:set package 'trajectory_generator' build argument 'ament_cmake_args' from command line to 'None'
[2.075s] Level 5:colcon.colcon_core.verb:set package 'trajectory_generator' build argument 'catkin_cmake_args' from command line to 'None'
[2.075s] Level 5:colcon.colcon_core.verb:set package 'trajectory_generator' build argument 'catkin_skip_building_tests' from command line to 'False'
[2.075s] DEBUG:colcon.colcon_core.verb:Building package 'trajectory_generator' with the following arguments: {'ament_cmake_args': None, 'build_base': '/home/chris/capstone/hitc_ws/build/trajectory_generator', 'catkin_cmake_args': None, 'catkin_skip_building_tests': False, 'cmake_args': None, 'cmake_clean_cache': False, 'cmake_clean_first': False, 'cmake_force_configure': False, 'cmake_target': None, 'cmake_target_skip_unavailable': False, 'install_base': '/home/chris/capstone/hitc_ws/install/trajectory_generator', 'merge_install': False, 'path': '/home/chris/capstone/hitc_ws/src/trajectory_generator', 'symlink_install': True, 'test_result_base': None}
[2.104s] INFO:colcon.colcon_core.executor:Executing jobs using 'parallel' executor
[2.124s] DEBUG:colcon.colcon_parallel_executor.executor.parallel:run_until_complete
[2.125s] INFO:colcon.colcon_ros.task.ament_python.build:Building ROS package in '/home/chris/capstone/hitc_ws/src/camera_capture' with build type 'ament_python'
[2.125s] Level 1:colcon.colcon_core.shell:create_environment_hook('camera_capture', 'ament_prefix_path')
[2.155s] INFO:colcon.colcon_core.plugin_system:Skipping extension 'colcon_core.shell.bat': Not used on non-Windows systems
[2.155s] INFO:colcon.colcon_core.shell:Creating environment hook '/home/chris/capstone/hitc_ws/install/camera_capture/share/camera_capture/hook/ament_prefix_path.ps1'
[2.155s] INFO:colcon.colcon_core.shell:Creating environment descriptor '/home/chris/capstone/hitc_ws/install/camera_capture/share/camera_capture/hook/ament_prefix_path.dsv'
[2.156s] INFO:colcon.colcon_core.shell:Creating environment hook '/home/chris/capstone/hitc_ws/install/camera_capture/share/camera_capture/hook/ament_prefix_path.sh'
[2.174s] INFO:colcon.colcon_core.shell:Skip shell extension 'powershell' for command environment: Not usable outside of PowerShell
[2.174s] DEBUG:colcon.colcon_core.shell:Skip shell extension 'dsv' for command environment
[2.314s] INFO:colcon.colcon_ros.task.ament_cmake.build:Building ROS package in '/home/chris/capstone/hitc_ws/src/hitc_robot_description' with build type 'ament_cmake'
[2.314s] INFO:colcon.colcon_cmake.task.cmake.build:Building CMake package in '/home/chris/capstone/hitc_ws/src/hitc_robot_description'
[2.340s] INFO:colcon.colcon_core.shell:Skip shell extension 'powershell' for command environment: Not usable outside of PowerShell
[2.340s] DEBUG:colcon.colcon_core.shell:Skip shell extension 'dsv' for command environment
[2.479s] INFO:colcon.colcon_ros.task.ament_python.build:Building ROS package in '/home/chris/capstone/hitc_ws/src/laser_pointer' with build type 'ament_python'
[2.480s] Level 1:colcon.colcon_core.shell:create_environment_hook('laser_pointer', 'ament_prefix_path')
[2.497s] INFO:colcon.colcon_core.shell:Creating environment hook '/home/chris/capstone/hitc_ws/install/laser_pointer/share/laser_pointer/hook/ament_prefix_path.ps1'
[2.498s] INFO:colcon.colcon_core.shell:Creating environment descriptor '/home/chris/capstone/hitc_ws/install/laser_pointer/share/laser_pointer/hook/ament_prefix_path.dsv'
[2.498s] INFO:colcon.colcon_core.shell:Creating environment hook '/home/chris/capstone/hitc_ws/install/laser_pointer/share/laser_pointer/hook/ament_prefix_path.sh'
[2.515s] INFO:colcon.colcon_core.shell:Skip shell extension 'powershell' for command environment: Not usable outside of PowerShell
[2.515s] DEBUG:colcon.colcon_core.shell:Skip shell extension 'dsv' for command environment
[2.642s] INFO:colcon.colcon_ros.task.ament_cmake.build:Building ROS package in '/home/chris/capstone/hitc_ws/src/micro-ROS-Agent/micro_ros_agent' with build type 'ament_cmake'
[2.642s] INFO:colcon.colcon_cmake.task.cmake.build:Building CMake package in '/home/chris/capstone/hitc_ws/src/micro-ROS-Agent/micro_ros_agent'
[2.660s] INFO:colcon.colcon_core.shell:Skip shell extension 'powershell' for command environment: Not usable outside of PowerShell
[2.660s] DEBUG:colcon.colcon_core.shell:Skip shell extension 'dsv' for command environment
[2.795s] INFO:colcon.colcon_ros.task.ament_python.build:Building ROS package in '/home/chris/capstone/hitc_ws/src/path_planner' with build type 'ament_python'
[2.796s] Level 1:colcon.colcon_core.shell:create_environment_hook('path_planner', 'ament_prefix_path')
[2.814s] INFO:colcon.colcon_core.shell:Creating environment hook '/home/chris/capstone/hitc_ws/install/path_planner/share/path_planner/hook/ament_prefix_path.ps1'
[2.814s] INFO:colcon.colcon_core.shell:Creating environment descriptor '/home/chris/capstone/hitc_ws/install/path_planner/share/path_planner/hook/ament_prefix_path.dsv'
[2.814s] INFO:colcon.colcon_core.shell:Creating environment hook '/home/chris/capstone/hitc_ws/install/path_planner/share/path_planner/hook/ament_prefix_path.sh'
[2.834s] INFO:colcon.colcon_core.shell:Skip shell extension 'powershell' for command environment: Not usable outside of PowerShell
[2.834s] DEBUG:colcon.colcon_core.shell:Skip shell extension 'dsv' for command environment
[2.970s] INFO:colcon.colcon_ros.task.ament_python.build:Building ROS package in '/home/chris/capstone/hitc_ws/src/state_publisher_py' with build type 'ament_python'
[2.971s] Level 1:colcon.colcon_core.shell:create_environment_hook('state_publisher_py', 'ament_prefix_path')
[2.989s] INFO:colcon.colcon_core.shell:Creating environment hook '/home/chris/capstone/hitc_ws/install/state_publisher_py/share/state_publisher_py/hook/ament_prefix_path.ps1'
[2.989s] INFO:colcon.colcon_core.shell:Creating environment descriptor '/home/chris/capstone/hitc_ws/install/state_publisher_py/share/state_publisher_py/hook/ament_prefix_path.dsv'
[2.990s] INFO:colcon.colcon_core.shell:Creating environment hook '/home/chris/capstone/hitc_ws/install/state_publisher_py/share/state_publisher_py/hook/ament_prefix_path.sh'
[3.007s] INFO:colcon.colcon_core.shell:Skip shell extension 'powershell' for command environment: Not usable outside of PowerShell
[3.007s] DEBUG:colcon.colcon_core.shell:Skip shell extension 'dsv' for command environment
[3.134s] INFO:colcon.colcon_ros.task.ament_python.build:Building ROS package in '/home/chris/capstone/hitc_ws/src/trajectory_generator' with build type 'ament_python'
[3.134s] Level 1:colcon.colcon_core.shell:create_environment_hook('trajectory_generator', 'ament_prefix_path')
[3.152s] INFO:colcon.colcon_core.shell:Creating environment hook '/home/chris/capstone/hitc_ws/install/trajectory_generator/share/trajectory_generator/hook/ament_prefix_path.ps1'
[3.153s] INFO:colcon.colcon_core.shell:Creating environment descriptor '/home/chris/capstone/hitc_ws/install/trajectory_generator/share/trajectory_generator/hook/ament_prefix_path.dsv'
[3.153s] INFO:colcon.colcon_core.shell:Creating environment hook '/home/chris/capstone/hitc_ws/install/trajectory_generator/share/trajectory_generator/hook/ament_prefix_path.sh'
[3.170s] INFO:colcon.colcon_core.shell:Skip shell extension 'powershell' for command environment: Not usable outside of PowerShell
[3.171s] DEBUG:colcon.colcon_core.shell:Skip shell extension 'dsv' for command environment
[3.586s] INFO:colcon.colcon_core.task.python.build:Building Python package in '/home/chris/capstone/hitc_ws/src/camera_capture'
[3.603s] INFO:colcon.colcon_core.shell:Skip shell extension 'powershell' for command environment: Not usable outside of PowerShell
[3.603s] DEBUG:colcon.colcon_core.shell:Skip shell extension 'dsv' for command environment
[3.741s] DEBUG:colcon.colcon_core.event_handler.log_command:Invoking command in '/home/chris/capstone/hitc_ws/build/hitc_robot_description': CMAKE_PREFIX_PATH=${CMAKE_PREFIX_PATH}:/home/chris/ros2_ws/install/turtlesim_catch_them_all:/home/chris/ros2_ws/install/my_py_pkg:/home/chris/second_ros2_ws/install/urdf_tutorial_r2d2:/home/chris/ws_moveit/install/moveit_configs_utils:/home/chris/capstone/hitc_ws/install/trajectory_generator:/home/chris/capstone/hitc_ws/install/state_publisher_py:/home/chris/hitc_ws/install/test_motors_py:/home/chris/hitc_ws/install/camera_py:/opt/ros/humble /usr/bin/cmake /home/chris/capstone/hitc_ws/src/hitc_robot_description -DAMENT_CMAKE_SYMLINK_INSTALL=1 -DCMAKE_INSTALL_PREFIX=/home/chris/capstone/hitc_ws/install/hitc_robot_description
[4.029s] INFO:colcon.colcon_core.task.python.build:Building Python package in '/home/chris/capstone/hitc_ws/src/laser_pointer'
[4.046s] INFO:colcon.colcon_core.shell:Skip shell extension 'powershell' for command environment: Not usable outside of PowerShell
[4.046s] DEBUG:colcon.colcon_core.shell:Skip shell extension 'dsv' for command environment
[4.182s] DEBUG:colcon.colcon_core.event_handler.log_command:Invoking command in '/home/chris/capstone/hitc_ws/build/micro_ros_agent': CMAKE_PREFIX_PATH=${CMAKE_PREFIX_PATH}:/home/chris/ros2_ws/install/turtlesim_catch_them_all:/home/chris/ros2_ws/install/my_py_pkg:/home/chris/second_ros2_ws/install/urdf_tutorial_r2d2:/home/chris/ws_moveit/install/moveit_configs_utils:/home/chris/capstone/hitc_ws/install/trajectory_generator:/home/chris/capstone/hitc_ws/install/state_publisher_py:/home/chris/hitc_ws/install/test_motors_py:/home/chris/hitc_ws/install/camera_py:/opt/ros/humble /usr/bin/cmake /home/chris/capstone/hitc_ws/src/micro-ROS-Agent/micro_ros_agent -DAMENT_CMAKE_SYMLINK_INSTALL=1 -DCMAKE_INSTALL_PREFIX=/home/chris/capstone/hitc_ws/install/micro_ros_agent
[4.467s] INFO:colcon.colcon_core.task.python.build:Building Python package in '/home/chris/capstone/hitc_ws/src/path_planner'
[4.493s] INFO:colcon.colcon_core.shell:Skip shell extension 'powershell' for command environment: Not usable outside of PowerShell
[4.493s] DEBUG:colcon.colcon_core.shell:Skip shell extension 'dsv' for command environment
[4.925s] INFO:colcon.colcon_core.task.python.build:Building Python package in '/home/chris/capstone/hitc_ws/src/state_publisher_py'
[4.943s] INFO:colcon.colcon_core.shell:Skip shell extension 'powershell' for command environment: Not usable outside of PowerShell
[4.943s] DEBUG:colcon.colcon_core.shell:Skip shell extension 'dsv' for command environment
[5.084s] DEBUG:colcon.colcon_core.event_handler.log_command:Invoked command in '/home/chris/capstone/hitc_ws/build/hitc_robot_description' returned '0': CMAKE_PREFIX_PATH=${CMAKE_PREFIX_PATH}:/home/chris/ros2_ws/install/turtlesim_catch_them_all:/home/chris/ros2_ws/install/my_py_pkg:/home/chris/second_ros2_ws/install/urdf_tutorial_r2d2:/home/chris/ws_moveit/install/moveit_configs_utils:/home/chris/capstone/hitc_ws/install/trajectory_generator:/home/chris/capstone/hitc_ws/install/state_publisher_py:/home/chris/hitc_ws/install/test_motors_py:/home/chris/hitc_ws/install/camera_py:/opt/ros/humble /usr/bin/cmake /home/chris/capstone/hitc_ws/src/hitc_robot_description -DAMENT_CMAKE_SYMLINK_INSTALL=1 -DCMAKE_INSTALL_PREFIX=/home/chris/capstone/hitc_ws/install/hitc_robot_description
[5.085s] DEBUG:colcon.colcon_core.event_handler.log_command:Invoking command in '/home/chris/capstone/hitc_ws/build/hitc_robot_description': CMAKE_PREFIX_PATH=${CMAKE_PREFIX_PATH}:/home/chris/ros2_ws/install/turtlesim_catch_them_all:/home/chris/ros2_ws/install/my_py_pkg:/home/chris/second_ros2_ws/install/urdf_tutorial_r2d2:/home/chris/ws_moveit/install/moveit_configs_utils:/home/chris/capstone/hitc_ws/install/trajectory_generator:/home/chris/capstone/hitc_ws/install/state_publisher_py:/home/chris/hitc_ws/install/test_motors_py:/home/chris/hitc_ws/install/camera_py:/opt/ros/humble /usr/bin/cmake --build /home/chris/capstone/hitc_ws/build/hitc_robot_description -- -j12 -l12
[5.382s] INFO:colcon.colcon_core.task.python.build:Building Python package in '/home/chris/capstone/hitc_ws/src/trajectory_generator'
[5.399s] INFO:colcon.colcon_core.shell:Skip shell extension 'powershell' for command environment: Not usable outside of PowerShell
[5.399s] DEBUG:colcon.colcon_core.shell:Skip shell extension 'dsv' for command environment
[5.541s] DEBUG:colcon.colcon_core.event_handler.log_command:Invoked command in '/home/chris/capstone/hitc_ws/build/micro_ros_agent' returned '0': CMAKE_PREFIX_PATH=${CMAKE_PREFIX_PATH}:/home/chris/ros2_ws/install/turtlesim_catch_them_all:/home/chris/ros2_ws/install/my_py_pkg:/home/chris/second_ros2_ws/install/urdf_tutorial_r2d2:/home/chris/ws_moveit/install/moveit_configs_utils:/home/chris/capstone/hitc_ws/install/trajectory_generator:/home/chris/capstone/hitc_ws/install/state_publisher_py:/home/chris/hitc_ws/install/test_motors_py:/home/chris/hitc_ws/install/camera_py:/opt/ros/humble /usr/bin/cmake /home/chris/capstone/hitc_ws/src/micro-ROS-Agent/micro_ros_agent -DAMENT_CMAKE_SYMLINK_INSTALL=1 -DCMAKE_INSTALL_PREFIX=/home/chris/capstone/hitc_ws/install/micro_ros_agent
[5.543s] DEBUG:colcon.colcon_core.event_handler.log_command:Invoking command in '/home/chris/capstone/hitc_ws/build/micro_ros_agent': CMAKE_PREFIX_PATH=${CMAKE_PREFIX_PATH}:/home/chris/ros2_ws/install/turtlesim_catch_them_all:/home/chris/ros2_ws/install/my_py_pkg:/home/chris/second_ros2_ws/install/urdf_tutorial_r2d2:/home/chris/ws_moveit/install/moveit_configs_utils:/home/chris/capstone/hitc_ws/install/trajectory_generator:/home/chris/capstone/hitc_ws/install/state_publisher_py:/home/chris/hitc_ws/install/test_motors_py:/home/chris/hitc_ws/install/camera_py:/opt/ros/humble /usr/bin/cmake --build /home/chris/capstone/hitc_ws/build/micro_ros_agent -- -j12 -l12
[5.547s] DEBUG:colcon.colcon_core.event_handler.log_command:Invoked command in '/home/chris/capstone/hitc_ws/build/hitc_robot_description' returned '0': CMAKE_PREFIX_PATH=${CMAKE_PREFIX_PATH}:/home/chris/ros2_ws/install/turtlesim_catch_them_all:/home/chris/ros2_ws/install/my_py_pkg:/home/chris/second_ros2_ws/install/urdf_tutorial_r2d2:/home/chris/ws_moveit/install/moveit_configs_utils:/home/chris/capstone/hitc_ws/install/trajectory_generator:/home/chris/capstone/hitc_ws/install/state_publisher_py:/home/chris/hitc_ws/install/test_motors_py:/home/chris/hitc_ws/install/camera_py:/opt/ros/humble /usr/bin/cmake --build /home/chris/capstone/hitc_ws/build/hitc_robot_description -- -j12 -l12
[5.608s] DEBUG:colcon.colcon_core.event_handler.log_command:Invoking command in '/home/chris/capstone/hitc_ws/build/hitc_robot_description': CMAKE_PREFIX_PATH=${CMAKE_PREFIX_PATH}:/home/chris/ros2_ws/install/turtlesim_catch_them_all:/home/chris/ros2_ws/install/my_py_pkg:/home/chris/second_ros2_ws/install/urdf_tutorial_r2d2:/home/chris/ws_moveit/install/moveit_configs_utils:/home/chris/capstone/hitc_ws/install/trajectory_generator:/home/chris/capstone/hitc_ws/install/state_publisher_py:/home/chris/hitc_ws/install/test_motors_py:/home/chris/hitc_ws/install/camera_py:/opt/ros/humble /usr/bin/cmake --install /home/chris/capstone/hitc_ws/build/hitc_robot_description
[5.952s] Level 1:colcon.colcon_core.environment:create_environment_scripts_only(hitc_robot_description)
[5.952s] DEBUG:colcon.colcon_core.event_handler.log_command:Invoked command in '/home/chris/capstone/hitc_ws/build/hitc_robot_description' returned '0': CMAKE_PREFIX_PATH=${CMAKE_PREFIX_PATH}:/home/chris/ros2_ws/install/turtlesim_catch_them_all:/home/chris/ros2_ws/install/my_py_pkg:/home/chris/second_ros2_ws/install/urdf_tutorial_r2d2:/home/chris/ws_moveit/install/moveit_configs_utils:/home/chris/capstone/hitc_ws/install/trajectory_generator:/home/chris/capstone/hitc_ws/install/state_publisher_py:/home/chris/hitc_ws/install/test_motors_py:/home/chris/hitc_ws/install/camera_py:/opt/ros/humble /usr/bin/cmake --install /home/chris/capstone/hitc_ws/build/hitc_robot_description
[5.975s] Level 1:colcon.colcon_core.environment:checking '/home/chris/capstone/hitc_ws/install/hitc_robot_description' for CMake module files
[5.975s] Level 1:colcon.colcon_core.environment:checking '/home/chris/capstone/hitc_ws/install/hitc_robot_description' for CMake config files
[5.975s] Level 1:colcon.colcon_core.shell:create_environment_hook('hitc_robot_description', 'cmake_prefix_path')
[5.993s] INFO:colcon.colcon_core.shell:Creating environment hook '/home/chris/capstone/hitc_ws/install/hitc_robot_description/share/hitc_robot_description/hook/cmake_prefix_path.ps1'
[5.994s] INFO:colcon.colcon_core.shell:Creating environment descriptor '/home/chris/capstone/hitc_ws/install/hitc_robot_description/share/hitc_robot_description/hook/cmake_prefix_path.dsv'
[5.994s] INFO:colcon.colcon_core.shell:Creating environment hook '/home/chris/capstone/hitc_ws/install/hitc_robot_description/share/hitc_robot_description/hook/cmake_prefix_path.sh'
[5.994s] Level 1:colcon.colcon_core.environment:checking '/home/chris/capstone/hitc_ws/install/hitc_robot_description/bin'
[5.995s] Level 1:colcon.colcon_core.environment:checking '/home/chris/capstone/hitc_ws/install/hitc_robot_description/lib/pkgconfig/hitc_robot_description.pc'
[5.995s] Level 1:colcon.colcon_core.environment:checking '/home/chris/capstone/hitc_ws/install/hitc_robot_description/lib/python3.10/site-packages'
[5.995s] Level 1:colcon.colcon_core.environment:checking '/home/chris/capstone/hitc_ws/install/hitc_robot_description/bin'
[6.013s] INFO:colcon.colcon_core.shell:Creating package script '/home/chris/capstone/hitc_ws/install/hitc_robot_description/share/hitc_robot_description/package.ps1'
[6.014s] INFO:colcon.colcon_core.shell:Creating package descriptor '/home/chris/capstone/hitc_ws/install/hitc_robot_description/share/hitc_robot_description/package.dsv'
[6.015s] INFO:colcon.colcon_core.shell:Creating package script '/home/chris/capstone/hitc_ws/install/hitc_robot_description/share/hitc_robot_description/package.sh'
[6.016s] INFO:colcon.colcon_core.shell:Creating package script '/home/chris/capstone/hitc_ws/install/hitc_robot_description/share/hitc_robot_description/package.bash'
[6.017s] INFO:colcon.colcon_core.shell:Creating package script '/home/chris/capstone/hitc_ws/install/hitc_robot_description/share/hitc_robot_description/package.zsh'
[6.018s] Level 1:colcon.colcon_core.environment:create_file_with_runtime_dependencies(/home/chris/capstone/hitc_ws/install/hitc_robot_description/share/colcon-core/packages/hitc_robot_description)
[6.051s] DEBUG:colcon.colcon_core.task.python.build:While undoing a previous installation files outside the Python library path are being ignored: /home/chris/capstone/hitc_ws/install/state_publisher_py/share/ament_index/resource_index/packages/state_publisher_py
[6.051s] DEBUG:colcon.colcon_core.task.python.build:While undoing a previous installation files outside the Python library path are being ignored: /home/chris/capstone/hitc_ws/install/state_publisher_py/share/state_publisher_py/package.xml
[6.051s] DEBUG:colcon.colcon_core.event_handler.log_command:Invoking command in '/home/chris/capstone/hitc_ws/build/laser_pointer': PYTHONPATH=/home/chris/capstone/hitc_ws/build/laser_pointer/prefix_override:/home/chris/capstone/hitc_ws/install/laser_pointer/lib/python3.10/site-packages:${PYTHONPATH} /usr/bin/python3 setup.py develop --editable --build-directory /home/chris/capstone/hitc_ws/build/laser_pointer/build --no-deps install_data
[6.051s] DEBUG:colcon.colcon_core.task.python.build:While undoing a previous installation files outside the Python library path are being ignored: /home/chris/capstone/hitc_ws/install/state_publisher_py/lib/state_publisher_py/state_publisher
[6.053s] DEBUG:colcon.colcon_core.event_handler.log_command:Invoking command in '/home/chris/capstone/hitc_ws/build/state_publisher_py': PYTHONPATH=/home/chris/capstone/hitc_ws/build/state_publisher_py/prefix_override:/home/chris/capstone/hitc_ws/install/state_publisher_py/lib/python3.10/site-packages:${PYTHONPATH} /usr/bin/python3 setup.py develop --editable --build-directory /home/chris/capstone/hitc_ws/build/state_publisher_py/build --no-deps install_data
[6.055s] DEBUG:colcon.colcon_core.event_handler.log_command:Invoking command in '/home/chris/capstone/hitc_ws/build/path_planner': PYTHONPATH=/home/chris/capstone/hitc_ws/build/path_planner/prefix_override:/home/chris/capstone/hitc_ws/install/path_planner/lib/python3.10/site-packages:${PYTHONPATH} /usr/bin/python3 setup.py develop --editable --build-directory /home/chris/capstone/hitc_ws/build/path_planner/build --no-deps install_data
[6.098s] Level 1:colcon.colcon_core.environment:create_environment_scripts_only(hitc_robot_description)
[6.129s] Level 1:colcon.colcon_core.environment:checking '/home/chris/capstone/hitc_ws/install/hitc_robot_description' for CMake module files
[6.130s] Level 1:colcon.colcon_core.environment:checking '/home/chris/capstone/hitc_ws/install/hitc_robot_description' for CMake config files
[6.131s] Level 1:colcon.colcon_core.shell:create_environment_hook('hitc_robot_description', 'cmake_prefix_path')
[6.162s] INFO:colcon.colcon_core.shell:Creating environment hook '/home/chris/capstone/hitc_ws/install/hitc_robot_description/share/hitc_robot_description/hook/cmake_prefix_path.ps1'
[6.163s] INFO:colcon.colcon_core.shell:Creating environment descriptor '/home/chris/capstone/hitc_ws/install/hitc_robot_description/share/hitc_robot_description/hook/cmake_prefix_path.dsv'
[6.163s] INFO:colcon.colcon_core.shell:Creating environment hook '/home/chris/capstone/hitc_ws/install/hitc_robot_description/share/hitc_robot_description/hook/cmake_prefix_path.sh'
[6.164s] Level 1:colcon.colcon_core.environment:checking '/home/chris/capstone/hitc_ws/install/hitc_robot_description/bin'
[6.164s] Level 1:colcon.colcon_core.environment:checking '/home/chris/capstone/hitc_ws/install/hitc_robot_description/lib/pkgconfig/hitc_robot_description.pc'
[6.164s] Level 1:colcon.colcon_core.environment:checking '/home/chris/capstone/hitc_ws/install/hitc_robot_description/lib/python3.10/site-packages'
[6.164s] Level 1:colcon.colcon_core.environment:checking '/home/chris/capstone/hitc_ws/install/hitc_robot_description/bin'
[6.195s] INFO:colcon.colcon_core.shell:Creating package script '/home/chris/capstone/hitc_ws/install/hitc_robot_description/share/hitc_robot_description/package.ps1'
[6.196s] INFO:colcon.colcon_core.shell:Creating package descriptor '/home/chris/capstone/hitc_ws/install/hitc_robot_description/share/hitc_robot_description/package.dsv'
[6.196s] INFO:colcon.colcon_core.shell:Creating package script '/home/chris/capstone/hitc_ws/install/hitc_robot_description/share/hitc_robot_description/package.sh'
[6.196s] INFO:colcon.colcon_core.shell:Creating package script '/home/chris/capstone/hitc_ws/install/hitc_robot_description/share/hitc_robot_description/package.bash'
[6.197s] INFO:colcon.colcon_core.shell:Creating package script '/home/chris/capstone/hitc_ws/install/hitc_robot_description/share/hitc_robot_description/package.zsh'
[6.197s] Level 1:colcon.colcon_core.environment:create_file_with_runtime_dependencies(/home/chris/capstone/hitc_ws/install/hitc_robot_description/share/colcon-core/packages/hitc_robot_description)
[6.200s] DEBUG:colcon.colcon_core.event_handler.log_command:Invoking command in '/home/chris/capstone/hitc_ws/build/camera_capture': PYTHONPATH=/home/chris/capstone/hitc_ws/build/camera_capture/prefix_override:/home/chris/capstone/hitc_ws/install/camera_capture/lib/python3.10/site-packages:${PYTHONPATH} /usr/bin/python3 setup.py develop --editable --build-directory /home/chris/capstone/hitc_ws/build/camera_capture/build --no-deps install_data
[6.200s] DEBUG:colcon.colcon_core.task.python.build:While undoing a previous installation files outside the Python library path are being ignored: /home/chris/capstone/hitc_ws/install/trajectory_generator/share/ament_index/resource_index/packages/trajectory_generator
[6.200s] DEBUG:colcon.colcon_core.task.python.build:While undoing a previous installation files outside the Python library path are being ignored: /home/chris/capstone/hitc_ws/install/trajectory_generator/share/trajectory_generator/package.xml
[6.200s] DEBUG:colcon.colcon_core.task.python.build:While undoing a previous installation files outside the Python library path are being ignored: /home/chris/capstone/hitc_ws/install/trajectory_generator/lib/trajectory_generator/trajectory_generator
[6.203s] DEBUG:colcon.colcon_core.event_handler.log_command:Invoking command in '/home/chris/capstone/hitc_ws/build/trajectory_generator': PYTHONPATH=/home/chris/capstone/hitc_ws/build/trajectory_generator/prefix_override:/home/chris/capstone/hitc_ws/install/trajectory_generator/lib/python3.10/site-packages:${PYTHONPATH} /usr/bin/python3 setup.py develop --editable --build-directory /home/chris/capstone/hitc_ws/build/trajectory_generator/build --no-deps install_data
[6.607s] Level 1:colcon.colcon_core.shell:create_environment_hook('laser_pointer', 'pythonpath_develop')
[6.608s] DEBUG:colcon.colcon_core.event_handler.log_command:Invoked command in '/home/chris/capstone/hitc_ws/build/laser_pointer' returned '0': PYTHONPATH=/home/chris/capstone/hitc_ws/build/laser_pointer/prefix_override:/home/chris/capstone/hitc_ws/install/laser_pointer/lib/python3.10/site-packages:${PYTHONPATH} /usr/bin/python3 setup.py develop --editable --build-directory /home/chris/capstone/hitc_ws/build/laser_pointer/build --no-deps install_data
[6.639s] INFO:colcon.colcon_core.shell:Creating environment hook '/home/chris/capstone/hitc_ws/build/laser_pointer/share/laser_pointer/hook/pythonpath_develop.ps1'
[6.639s] INFO:colcon.colcon_core.shell:Creating environment descriptor '/home/chris/capstone/hitc_ws/build/laser_pointer/share/laser_pointer/hook/pythonpath_develop.dsv'
[6.640s] INFO:colcon.colcon_core.shell:Creating environment hook '/home/chris/capstone/hitc_ws/build/laser_pointer/share/laser_pointer/hook/pythonpath_develop.sh'
[6.674s] Level 1:colcon.colcon_core.environment:checking '/home/chris/capstone/hitc_ws/install/laser_pointer' for CMake module files
[6.675s] Level 1:colcon.colcon_core.environment:checking '/home/chris/capstone/hitc_ws/install/laser_pointer' for CMake config files
[6.675s] Level 1:colcon.colcon_core.environment:checking '/home/chris/capstone/hitc_ws/install/laser_pointer/lib'
[6.676s] Level 1:colcon.colcon_core.environment:checking '/home/chris/capstone/hitc_ws/install/laser_pointer/bin'
[6.676s] Level 1:colcon.colcon_core.environment:checking '/home/chris/capstone/hitc_ws/install/laser_pointer/lib/pkgconfig/laser_pointer.pc'
[6.676s] Level 1:colcon.colcon_core.environment:checking '/home/chris/capstone/hitc_ws/install/laser_pointer/lib/python3.10/site-packages'
[6.676s] Level 1:colcon.colcon_core.shell:create_environment_hook('laser_pointer', 'pythonpath')
[6.694s] INFO:colcon.colcon_core.shell:Creating environment hook '/home/chris/capstone/hitc_ws/install/laser_pointer/share/laser_pointer/hook/pythonpath.ps1'
[6.694s] INFO:colcon.colcon_core.shell:Creating environment descriptor '/home/chris/capstone/hitc_ws/install/laser_pointer/share/laser_pointer/hook/pythonpath.dsv'
[6.694s] INFO:colcon.colcon_core.shell:Creating environment hook '/home/chris/capstone/hitc_ws/install/laser_pointer/share/laser_pointer/hook/pythonpath.sh'
[6.695s] Level 1:colcon.colcon_core.environment:checking '/home/chris/capstone/hitc_ws/install/laser_pointer/bin'
[6.695s] Level 1:colcon.colcon_core.environment:create_environment_scripts_only(laser_pointer)
[6.715s] INFO:colcon.colcon_core.shell:Creating package script '/home/chris/capstone/hitc_ws/install/laser_pointer/share/laser_pointer/package.ps1'
[6.716s] INFO:colcon.colcon_core.shell:Creating package descriptor '/home/chris/capstone/hitc_ws/install/laser_pointer/share/laser_pointer/package.dsv'
[6.716s] INFO:colcon.colcon_core.shell:Creating package script '/home/chris/capstone/hitc_ws/install/laser_pointer/share/laser_pointer/package.sh'
[6.717s] INFO:colcon.colcon_core.shell:Creating package script '/home/chris/capstone/hitc_ws/install/laser_pointer/share/laser_pointer/package.bash'
[6.717s] INFO:colcon.colcon_core.shell:Creating package script '/home/chris/capstone/hitc_ws/install/laser_pointer/share/laser_pointer/package.zsh'
[6.717s] Level 1:colcon.colcon_core.environment:create_file_with_runtime_dependencies(/home/chris/capstone/hitc_ws/install/laser_pointer/share/colcon-core/packages/laser_pointer)
[6.718s] Level 1:colcon.colcon_core.shell:create_environment_hook('state_publisher_py', 'pythonpath_develop')
[6.719s] DEBUG:colcon.colcon_core.event_handler.log_command:Invoked command in '/home/chris/capstone/hitc_ws/build/state_publisher_py' returned '0': PYTHONPATH=/home/chris/capstone/hitc_ws/build/state_publisher_py/prefix_override:/home/chris/capstone/hitc_ws/install/state_publisher_py/lib/python3.10/site-packages:${PYTHONPATH} /usr/bin/python3 setup.py develop --editable --build-directory /home/chris/capstone/hitc_ws/build/state_publisher_py/build --no-deps install_data
[6.739s] INFO:colcon.colcon_core.shell:Creating environment hook '/home/chris/capstone/hitc_ws/build/state_publisher_py/share/state_publisher_py/hook/pythonpath_develop.ps1'
[6.740s] INFO:colcon.colcon_core.shell:Creating environment descriptor '/home/chris/capstone/hitc_ws/build/state_publisher_py/share/state_publisher_py/hook/pythonpath_develop.dsv'
[6.740s] INFO:colcon.colcon_core.shell:Creating environment hook '/home/chris/capstone/hitc_ws/build/state_publisher_py/share/state_publisher_py/hook/pythonpath_develop.sh'
[6.758s] Level 1:colcon.colcon_core.environment:checking '/home/chris/capstone/hitc_ws/install/state_publisher_py' for CMake module files
[6.758s] Level 1:colcon.colcon_core.environment:checking '/home/chris/capstone/hitc_ws/install/state_publisher_py' for CMake config files
[6.759s] Level 1:colcon.colcon_core.environment:checking '/home/chris/capstone/hitc_ws/install/state_publisher_py/lib'
[6.759s] Level 1:colcon.colcon_core.environment:checking '/home/chris/capstone/hitc_ws/install/state_publisher_py/bin'
[6.759s] Level 1:colcon.colcon_core.environment:checking '/home/chris/capstone/hitc_ws/install/state_publisher_py/lib/pkgconfig/state_publisher_py.pc'
[6.759s] Level 1:colcon.colcon_core.environment:checking '/home/chris/capstone/hitc_ws/install/state_publisher_py/lib/python3.10/site-packages'
[6.759s] Level 1:colcon.colcon_core.shell:create_environment_hook('state_publisher_py', 'pythonpath')
[6.776s] INFO:colcon.colcon_core.shell:Creating environment hook '/home/chris/capstone/hitc_ws/install/state_publisher_py/share/state_publisher_py/hook/pythonpath.ps1'
[6.777s] INFO:colcon.colcon_core.shell:Creating environment descriptor '/home/chris/capstone/hitc_ws/install/state_publisher_py/share/state_publisher_py/hook/pythonpath.dsv'
[6.777s] INFO:colcon.colcon_core.shell:Creating environment hook '/home/chris/capstone/hitc_ws/install/state_publisher_py/share/state_publisher_py/hook/pythonpath.sh'
[6.777s] Level 1:colcon.colcon_core.environment:checking '/home/chris/capstone/hitc_ws/install/state_publisher_py/bin'
[6.777s] Level 1:colcon.colcon_core.environment:create_environment_scripts_only(state_publisher_py)
[6.795s] INFO:colcon.colcon_core.shell:Creating package script '/home/chris/capstone/hitc_ws/install/state_publisher_py/share/state_publisher_py/package.ps1'
[6.795s] INFO:colcon.colcon_core.shell:Creating package descriptor '/home/chris/capstone/hitc_ws/install/state_publisher_py/share/state_publisher_py/package.dsv'
[6.795s] INFO:colcon.colcon_core.shell:Creating package script '/home/chris/capstone/hitc_ws/install/state_publisher_py/share/state_publisher_py/package.sh'
[6.796s] INFO:colcon.colcon_core.shell:Creating package script '/home/chris/capstone/hitc_ws/install/state_publisher_py/share/state_publisher_py/package.bash'
[6.796s] INFO:colcon.colcon_core.shell:Creating package script '/home/chris/capstone/hitc_ws/install/state_publisher_py/share/state_publisher_py/package.zsh'
[6.796s] Level 1:colcon.colcon_core.environment:create_file_with_runtime_dependencies(/home/chris/capstone/hitc_ws/install/state_publisher_py/share/colcon-core/packages/state_publisher_py)
[6.796s] Level 1:colcon.colcon_core.shell:create_environment_hook('path_planner', 'pythonpath_develop')
[6.798s] DEBUG:colcon.colcon_core.event_handler.log_command:Invoked command in '/home/chris/capstone/hitc_ws/build/path_planner' returned '0': PYTHONPATH=/home/chris/capstone/hitc_ws/build/path_planner/prefix_override:/home/chris/capstone/hitc_ws/install/path_planner/lib/python3.10/site-packages:${PYTHONPATH} /usr/bin/python3 setup.py develop --editable --build-directory /home/chris/capstone/hitc_ws/build/path_planner/build --no-deps install_data
[6.814s] INFO:colcon.colcon_core.shell:Creating environment hook '/home/chris/capstone/hitc_ws/build/path_planner/share/path_planner/hook/pythonpath_develop.ps1'
[6.815s] INFO:colcon.colcon_core.shell:Creating environment descriptor '/home/chris/capstone/hitc_ws/build/path_planner/share/path_planner/hook/pythonpath_develop.dsv'
[6.815s] INFO:colcon.colcon_core.shell:Creating environment hook '/home/chris/capstone/hitc_ws/build/path_planner/share/path_planner/hook/pythonpath_develop.sh'
[6.833s] Level 1:colcon.colcon_core.environment:checking '/home/chris/capstone/hitc_ws/install/path_planner' for CMake module files
[6.833s] Level 1:colcon.colcon_core.environment:checking '/home/chris/capstone/hitc_ws/install/path_planner' for CMake config files
[6.833s] Level 1:colcon.colcon_core.environment:checking '/home/chris/capstone/hitc_ws/install/path_planner/lib'
[6.833s] Level 1:colcon.colcon_core.environment:checking '/home/chris/capstone/hitc_ws/install/path_planner/bin'
[6.833s] Level 1:colcon.colcon_core.environment:checking '/home/chris/capstone/hitc_ws/install/path_planner/lib/pkgconfig/path_planner.pc'
[6.834s] Level 1:colcon.colcon_core.environment:checking '/home/chris/capstone/hitc_ws/install/path_planner/lib/python3.10/site-packages'
[6.834s] Level 1:colcon.colcon_core.shell:create_environment_hook('path_planner', 'pythonpath')
[6.851s] INFO:colcon.colcon_core.shell:Creating environment hook '/home/chris/capstone/hitc_ws/install/path_planner/share/path_planner/hook/pythonpath.ps1'
[6.851s] INFO:colcon.colcon_core.shell:Creating environment descriptor '/home/chris/capstone/hitc_ws/install/path_planner/share/path_planner/hook/pythonpath.dsv'
[6.852s] INFO:colcon.colcon_core.shell:Creating environment hook '/home/chris/capstone/hitc_ws/install/path_planner/share/path_planner/hook/pythonpath.sh'
[6.852s] Level 1:colcon.colcon_core.environment:checking '/home/chris/capstone/hitc_ws/install/path_planner/bin'
[6.852s] Level 1:colcon.colcon_core.environment:create_environment_scripts_only(path_planner)
[6.870s] INFO:colcon.colcon_core.shell:Creating package script '/home/chris/capstone/hitc_ws/install/path_planner/share/path_planner/package.ps1'
[6.870s] INFO:colcon.colcon_core.shell:Creating package descriptor '/home/chris/capstone/hitc_ws/install/path_planner/share/path_planner/package.dsv'
[6.870s] INFO:colcon.colcon_core.shell:Creating package script '/home/chris/capstone/hitc_ws/install/path_planner/share/path_planner/package.sh'
[6.871s] INFO:colcon.colcon_core.shell:Creating package script '/home/chris/capstone/hitc_ws/install/path_planner/share/path_planner/package.bash'
[6.871s] INFO:colcon.colcon_core.shell:Creating package script '/home/chris/capstone/hitc_ws/install/path_planner/share/path_planner/package.zsh'
[6.871s] Level 1:colcon.colcon_core.environment:create_file_with_runtime_dependencies(/home/chris/capstone/hitc_ws/install/path_planner/share/colcon-core/packages/path_planner)
[6.872s] Level 1:colcon.colcon_core.shell:create_environment_hook('trajectory_generator', 'pythonpath_develop')
[6.873s] DEBUG:colcon.colcon_core.event_handler.log_command:Invoked command in '/home/chris/capstone/hitc_ws/build/trajectory_generator' returned '0': PYTHONPATH=/home/chris/capstone/hitc_ws/build/trajectory_generator/prefix_override:/home/chris/capstone/hitc_ws/install/trajectory_generator/lib/python3.10/site-packages:${PYTHONPATH} /usr/bin/python3 setup.py develop --editable --build-directory /home/chris/capstone/hitc_ws/build/trajectory_generator/build --no-deps install_data
[6.890s] INFO:colcon.colcon_core.shell:Creating environment hook '/home/chris/capstone/hitc_ws/build/trajectory_generator/share/trajectory_generator/hook/pythonpath_develop.ps1'
[6.891s] INFO:colcon.colcon_core.shell:Creating environment descriptor '/home/chris/capstone/hitc_ws/build/trajectory_generator/share/trajectory_generator/hook/pythonpath_develop.dsv'
[6.891s] INFO:colcon.colcon_core.shell:Creating environment hook '/home/chris/capstone/hitc_ws/build/trajectory_generator/share/trajectory_generator/hook/pythonpath_develop.sh'
[6.909s] Level 1:colcon.colcon_core.environment:checking '/home/chris/capstone/hitc_ws/install/trajectory_generator' for CMake module files
[6.909s] Level 1:colcon.colcon_core.environment:checking '/home/chris/capstone/hitc_ws/install/trajectory_generator' for CMake config files
[6.909s] Level 1:colcon.colcon_core.environment:checking '/home/chris/capstone/hitc_ws/install/trajectory_generator/lib'
[6.909s] Level 1:colcon.colcon_core.environment:checking '/home/chris/capstone/hitc_ws/install/trajectory_generator/bin'
[6.910s] Level 1:colcon.colcon_core.environment:checking '/home/chris/capstone/hitc_ws/install/trajectory_generator/lib/pkgconfig/trajectory_generator.pc'
[6.910s] Level 1:colcon.colcon_core.environment:checking '/home/chris/capstone/hitc_ws/install/trajectory_generator/lib/python3.10/site-packages'
[6.910s] Level 1:colcon.colcon_core.shell:create_environment_hook('trajectory_generator', 'pythonpath')
[6.927s] INFO:colcon.colcon_core.shell:Creating environment hook '/home/chris/capstone/hitc_ws/install/trajectory_generator/share/trajectory_generator/hook/pythonpath.ps1'
[6.928s] INFO:colcon.colcon_core.shell:Creating environment descriptor '/home/chris/capstone/hitc_ws/install/trajectory_generator/share/trajectory_generator/hook/pythonpath.dsv'
[6.928s] INFO:colcon.colcon_core.shell:Creating environment hook '/home/chris/capstone/hitc_ws/install/trajectory_generator/share/trajectory_generator/hook/pythonpath.sh'
[6.928s] Level 1:colcon.colcon_core.environment:checking '/home/chris/capstone/hitc_ws/install/trajectory_generator/bin'
[6.928s] Level 1:colcon.colcon_core.environment:create_environment_scripts_only(trajectory_generator)
[6.946s] INFO:colcon.colcon_core.shell:Creating package script '/home/chris/capstone/hitc_ws/install/trajectory_generator/share/trajectory_generator/package.ps1'
[6.947s] INFO:colcon.colcon_core.shell:Creating package descriptor '/home/chris/capstone/hitc_ws/install/trajectory_generator/share/trajectory_generator/package.dsv'
[6.947s] INFO:colcon.colcon_core.shell:Creating package script '/home/chris/capstone/hitc_ws/install/trajectory_generator/share/trajectory_generator/package.sh'
[6.948s] INFO:colcon.colcon_core.shell:Creating package script '/home/chris/capstone/hitc_ws/install/trajectory_generator/share/trajectory_generator/package.bash'
[6.948s] INFO:colcon.colcon_core.shell:Creating package script '/home/chris/capstone/hitc_ws/install/trajectory_generator/share/trajectory_generator/package.zsh'
[6.948s] Level 1:colcon.colcon_core.environment:create_file_with_runtime_dependencies(/home/chris/capstone/hitc_ws/install/trajectory_generator/share/colcon-core/packages/trajectory_generator)
[6.949s] Level 1:colcon.colcon_core.shell:create_environment_hook('camera_capture', 'pythonpath_develop')
[6.950s] DEBUG:colcon.colcon_core.event_handler.log_command:Invoked command in '/home/chris/capstone/hitc_ws/build/camera_capture' returned '0': PYTHONPATH=/home/chris/capstone/hitc_ws/build/camera_capture/prefix_override:/home/chris/capstone/hitc_ws/install/camera_capture/lib/python3.10/site-packages:${PYTHONPATH} /usr/bin/python3 setup.py develop --editable --build-directory /home/chris/capstone/hitc_ws/build/camera_capture/build --no-deps install_data
[6.967s] INFO:colcon.colcon_core.shell:Creating environment hook '/home/chris/capstone/hitc_ws/build/camera_capture/share/camera_capture/hook/pythonpath_develop.ps1'
[6.967s] INFO:colcon.colcon_core.shell:Creating environment descriptor '/home/chris/capstone/hitc_ws/build/camera_capture/share/camera_capture/hook/pythonpath_develop.dsv'
[6.968s] INFO:colcon.colcon_core.shell:Creating environment hook '/home/chris/capstone/hitc_ws/build/camera_capture/share/camera_capture/hook/pythonpath_develop.sh'
[6.987s] Level 1:colcon.colcon_core.environment:checking '/home/chris/capstone/hitc_ws/install/camera_capture' for CMake module files
[6.987s] Level 1:colcon.colcon_core.environment:checking '/home/chris/capstone/hitc_ws/install/camera_capture' for CMake config files
[6.988s] Level 1:colcon.colcon_core.environment:checking '/home/chris/capstone/hitc_ws/install/camera_capture/lib'
[6.988s] Level 1:colcon.colcon_core.environment:checking '/home/chris/capstone/hitc_ws/install/camera_capture/bin'
[6.988s] Level 1:colcon.colcon_core.environment:checking '/home/chris/capstone/hitc_ws/install/camera_capture/lib/pkgconfig/camera_capture.pc'
[6.988s] Level 1:colcon.colcon_core.environment:checking '/home/chris/capstone/hitc_ws/install/camera_capture/lib/python3.10/site-packages'
[6.988s] Level 1:colcon.colcon_core.shell:create_environment_hook('camera_capture', 'pythonpath')
[7.015s] INFO:colcon.colcon_core.shell:Creating environment hook '/home/chris/capstone/hitc_ws/install/camera_capture/share/camera_capture/hook/pythonpath.ps1'
[7.015s] INFO:colcon.colcon_core.shell:Creating environment descriptor '/home/chris/capstone/hitc_ws/install/camera_capture/share/camera_capture/hook/pythonpath.dsv'
[7.015s] INFO:colcon.colcon_core.shell:Creating environment hook '/home/chris/capstone/hitc_ws/install/camera_capture/share/camera_capture/hook/pythonpath.sh'
[7.016s] Level 1:colcon.colcon_core.environment:checking '/home/chris/capstone/hitc_ws/install/camera_capture/bin'
[7.016s] Level 1:colcon.colcon_core.environment:create_environment_scripts_only(camera_capture)
[7.034s] INFO:colcon.colcon_core.shell:Creating package script '/home/chris/capstone/hitc_ws/install/camera_capture/share/camera_capture/package.ps1'
[7.035s] INFO:colcon.colcon_core.shell:Creating package descriptor '/home/chris/capstone/hitc_ws/install/camera_capture/share/camera_capture/package.dsv'
[7.035s] INFO:colcon.colcon_core.shell:Creating package script '/home/chris/capstone/hitc_ws/install/camera_capture/share/camera_capture/package.sh'
[7.036s] INFO:colcon.colcon_core.shell:Creating package script '/home/chris/capstone/hitc_ws/install/camera_capture/share/camera_capture/package.bash'
[7.036s] INFO:colcon.colcon_core.shell:Creating package script '/home/chris/capstone/hitc_ws/install/camera_capture/share/camera_capture/package.zsh'
[7.036s] Level 1:colcon.colcon_core.environment:create_file_with_runtime_dependencies(/home/chris/capstone/hitc_ws/install/camera_capture/share/colcon-core/packages/camera_capture)
[43.732s] DEBUG:colcon.colcon_core.event_handler.log_command:Invoked command in '/home/chris/capstone/hitc_ws/build/micro_ros_agent' returned '2': CMAKE_PREFIX_PATH=${CMAKE_PREFIX_PATH}:/home/chris/ros2_ws/install/turtlesim_catch_them_all:/home/chris/ros2_ws/install/my_py_pkg:/home/chris/second_ros2_ws/install/urdf_tutorial_r2d2:/home/chris/ws_moveit/install/moveit_configs_utils:/home/chris/capstone/hitc_ws/install/trajectory_generator:/home/chris/capstone/hitc_ws/install/state_publisher_py:/home/chris/hitc_ws/install/test_motors_py:/home/chris/hitc_ws/install/camera_py:/opt/ros/humble /usr/bin/cmake --build /home/chris/capstone/hitc_ws/build/micro_ros_agent -- -j12 -l12
[43.846s] Level 1:colcon.colcon_core.environment:create_environment_scripts_only(micro_ros_agent)
[43.864s] Level 1:colcon.colcon_core.environment:checking '/home/chris/capstone/hitc_ws/install/micro_ros_agent' for CMake module files
[43.864s] Level 1:colcon.colcon_core.environment:checking '/home/chris/capstone/hitc_ws/install/micro_ros_agent' for CMake config files
[43.865s] Level 1:colcon.colcon_core.shell:create_environment_hook('micro_ros_agent', 'cmake_prefix_path')
[43.882s] INFO:colcon.colcon_core.shell:Creating environment hook '/home/chris/capstone/hitc_ws/install/micro_ros_agent/share/micro_ros_agent/hook/cmake_prefix_path.ps1'
[43.882s] INFO:colcon.colcon_core.shell:Creating environment descriptor '/home/chris/capstone/hitc_ws/install/micro_ros_agent/share/micro_ros_agent/hook/cmake_prefix_path.dsv'
[43.882s] INFO:colcon.colcon_core.shell:Creating environment hook '/home/chris/capstone/hitc_ws/install/micro_ros_agent/share/micro_ros_agent/hook/cmake_prefix_path.sh'
[43.883s] Level 1:colcon.colcon_core.environment:checking '/home/chris/capstone/hitc_ws/install/micro_ros_agent/lib'
[43.883s] Level 1:colcon.colcon_core.shell:create_environment_hook('micro_ros_agent', 'ld_library_path_lib')
[43.900s] INFO:colcon.colcon_core.shell:Creating environment hook '/home/chris/capstone/hitc_ws/install/micro_ros_agent/share/micro_ros_agent/hook/ld_library_path_lib.ps1'
[43.900s] INFO:colcon.colcon_core.shell:Creating environment descriptor '/home/chris/capstone/hitc_ws/install/micro_ros_agent/share/micro_ros_agent/hook/ld_library_path_lib.dsv'
[43.900s] INFO:colcon.colcon_core.shell:Creating environment hook '/home/chris/capstone/hitc_ws/install/micro_ros_agent/share/micro_ros_agent/hook/ld_library_path_lib.sh'
[43.900s] Level 1:colcon.colcon_core.environment:checking '/home/chris/capstone/hitc_ws/install/micro_ros_agent/bin'
[43.900s] Level 1:colcon.colcon_core.environment:checking '/home/chris/capstone/hitc_ws/install/micro_ros_agent/lib/pkgconfig/micro_ros_agent.pc'
[43.901s] Level 1:colcon.colcon_core.environment:checking '/home/chris/capstone/hitc_ws/install/micro_ros_agent/lib/python3.10/site-packages'
[43.901s] Level 1:colcon.colcon_core.environment:checking '/home/chris/capstone/hitc_ws/install/micro_ros_agent/bin'
[43.918s] INFO:colcon.colcon_core.shell:Creating package script '/home/chris/capstone/hitc_ws/install/micro_ros_agent/share/micro_ros_agent/package.ps1'
[43.918s] INFO:colcon.colcon_core.shell:Creating package descriptor '/home/chris/capstone/hitc_ws/install/micro_ros_agent/share/micro_ros_agent/package.dsv'
[43.918s] INFO:colcon.colcon_core.shell:Creating package script '/home/chris/capstone/hitc_ws/install/micro_ros_agent/share/micro_ros_agent/package.sh'
[43.919s] INFO:colcon.colcon_core.shell:Creating package script '/home/chris/capstone/hitc_ws/install/micro_ros_agent/share/micro_ros_agent/package.bash'
[43.919s] INFO:colcon.colcon_core.shell:Creating package script '/home/chris/capstone/hitc_ws/install/micro_ros_agent/share/micro_ros_agent/package.zsh'
[43.919s] Level 1:colcon.colcon_core.environment:create_file_with_runtime_dependencies(/home/chris/capstone/hitc_ws/install/micro_ros_agent/share/colcon-core/packages/micro_ros_agent)
[43.930s] DEBUG:colcon.colcon_parallel_executor.executor.parallel:closing loop
[43.930s] DEBUG:colcon.colcon_parallel_executor.executor.parallel:loop closed
[43.930s] DEBUG:colcon.colcon_parallel_executor.executor.parallel:run_until_complete finished with '2'
[43.930s] DEBUG:colcon.colcon_core.event_reactor:joining thread
[43.961s] INFO:colcon.colcon_core.plugin_system:Skipping extension 'colcon_notification.desktop_notification.terminal_notifier': Not used on non-Darwin systems
[43.962s] INFO:colcon.colcon_core.plugin_system:Skipping extension 'colcon_notification.desktop_notification.win32': Not used on non-Windows systems
[43.962s] INFO:colcon.colcon_notification.desktop_notification:Sending desktop notification using 'notify2'
[43.972s] DEBUG:colcon.colcon_core.event_reactor:joined thread
[43.989s] INFO:colcon.colcon_core.shell:Creating prefix script '/home/chris/capstone/hitc_ws/install/local_setup.ps1'
[43.990s] INFO:colcon.colcon_core.shell:Creating prefix util module '/home/chris/capstone/hitc_ws/install/_local_setup_util_ps1.py'
[43.991s] INFO:colcon.colcon_core.shell:Creating prefix chain script '/home/chris/capstone/hitc_ws/install/setup.ps1'
[44.013s] INFO:colcon.colcon_core.shell:Creating prefix script '/home/chris/capstone/hitc_ws/install/local_setup.sh'
[44.013s] INFO:colcon.colcon_core.shell:Creating prefix util module '/home/chris/capstone/hitc_ws/install/_local_setup_util_sh.py'
[44.014s] INFO:colcon.colcon_core.shell:Creating prefix chain script '/home/chris/capstone/hitc_ws/install/setup.sh'
[44.035s] INFO:colcon.colcon_core.shell:Creating prefix script '/home/chris/capstone/hitc_ws/install/local_setup.bash'
[44.035s] INFO:colcon.colcon_core.shell:Creating prefix chain script '/home/chris/capstone/hitc_ws/install/setup.bash'
[44.056s] INFO:colcon.colcon_core.shell:Creating prefix script '/home/chris/capstone/hitc_ws/install/local_setup.zsh'
[44.057s] INFO:colcon.colcon_core.shell:Creating prefix chain script '/home/chris/capstone/hitc_ws/install/setup.zsh'
