[1.667s] DEBUG:colcon:Command line arguments: ['/usr/bin/colcon', 'list', '-p', '--base-paths', '/home/chris/capstone/hitc_ws']
[1.667s] DEBUG:colcon:Parsed command line arguments: Namespace(log_base=None, log_level=None, verb_name='list', build_base='build', ignore_user_meta=False, metas=['./colcon.meta'], base_paths=['/home/chris/capstone/hitc_ws'], packages_ignore=None, packages_ignore_regex=None, paths=None, packages_up_to=None, packages_up_to_regex=None, packages_above=None, packages_above_and_dependencies=None, packages_above_depth=None, packages_select_by_dep=None, packages_skip_by_dep=None, packages_skip_up_to=None, packages_select_build_failed=False, packages_skip_build_finished=False, packages_select_test_failures=False, packages_skip_test_passed=False, packages_select=None, packages_skip=None, packages_select_regex=None, packages_skip_regex=None, packages_start=None, packages_end=None, allow_overriding=[], topological_order=False, names_only=False, paths_only=True, topological_graph=False, topological_graph_dot=False, topological_graph_density=False, topological_graph_legend=False, topological_graph_dot_cluster=False, topological_graph_dot_include_skipped=False, mixin_files=None, mixin=None, verb_parser=<colcon_mixin.mixin.mixin_argument.MixinArgumentDecorator object at 0x72d243abc1c0>, verb_extension=<colcon_package_information.verb.list.ListVerb object at 0x72d243a97af0>, main=<bound method ListVerb.main of <colcon_package_information.verb.list.ListVerb object at 0x72d243a97af0>>, mixin_verb=('list',))
[1.722s] Level 1:colcon.colcon_core.package_discovery:discover_packages(colcon_meta) check parameters
[1.722s] Level 1:colcon.colcon_core.package_discovery:discover_packages(recursive) check parameters
[1.722s] Level 1:colcon.colcon_core.package_discovery:discover_packages(ignore) check parameters
[1.722s] Level 1:colcon.colcon_core.package_discovery:discover_packages(path) check parameters
[1.722s] Level 1:colcon.colcon_core.package_discovery:discover_packages(recursive) discover
[1.722s] INFO:colcon.colcon_core.package_discovery:Crawling recursively for packages in '/home/chris/capstone/hitc_ws'
[1.723s] Level 1:colcon.colcon_core.package_identification:_identify(/home/chris/capstone/hitc_ws) by extensions ['ignore', 'ignore_ament_install']
[1.723s] Level 1:colcon.colcon_core.package_identification:_identify(/home/chris/capstone/hitc_ws) by extension 'ignore'
[1.723s] Level 1:colcon.colcon_core.package_identification:_identify(/home/chris/capstone/hitc_ws) by extension 'ignore_ament_install'
[1.723s] Level 1:colcon.colcon_core.package_identification:_identify(/home/chris/capstone/hitc_ws) by extensions ['colcon_pkg']
[1.723s] Level 1:colcon.colcon_core.package_identification:_identify(/home/chris/capstone/hitc_ws) by extension 'colcon_pkg'
[1.723s] Level 1:colcon.colcon_core.package_identification:_identify(/home/chris/capstone/hitc_ws) by extensions ['colcon_meta']
[1.723s] Level 1:colcon.colcon_core.package_identification:_identify(/home/chris/capstone/hitc_ws) by extension 'colcon_meta'
[1.723s] Level 1:colcon.colcon_core.package_identification:_identify(/home/chris/capstone/hitc_ws) by extensions ['ros']
[1.723s] Level 1:colcon.colcon_core.package_identification:_identify(/home/chris/capstone/hitc_ws) by extension 'ros'
[1.734s] Level 1:colcon.colcon_core.package_identification:_identify(/home/chris/capstone/hitc_ws) by extensions ['cmake', 'python']
[1.734s] Level 1:colcon.colcon_core.package_identification:_identify(/home/chris/capstone/hitc_ws) by extension 'cmake'
[1.734s] Level 1:colcon.colcon_core.package_identification:_identify(/home/chris/capstone/hitc_ws) by extension 'python'
[1.734s] Level 1:colcon.colcon_core.package_identification:_identify(/home/chris/capstone/hitc_ws) by extensions ['python_setup_py']
[1.734s] Level 1:colcon.colcon_core.package_identification:_identify(/home/chris/capstone/hitc_ws) by extension 'python_setup_py'
[1.734s] Level 1:colcon.colcon_core.package_identification:_identify(/home/chris/capstone/hitc_ws/build) by extensions ['ignore', 'ignore_ament_install']
[1.734s] Level 1:colcon.colcon_core.package_identification:_identify(/home/chris/capstone/hitc_ws/build) by extension 'ignore'
[1.734s] Level 1:colcon.colcon_core.package_identification:_identify(/home/chris/capstone/hitc_ws/build) ignored
[1.735s] Level 1:colcon.colcon_core.package_identification:_identify(/home/chris/capstone/hitc_ws/install) by extensions ['ignore', 'ignore_ament_install']
[1.735s] Level 1:colcon.colcon_core.package_identification:_identify(/home/chris/capstone/hitc_ws/install) by extension 'ignore'
[1.735s] Level 1:colcon.colcon_core.package_identification:_identify(/home/chris/capstone/hitc_ws/install) ignored
[1.735s] Level 1:colcon.colcon_core.package_identification:_identify(/home/chris/capstone/hitc_ws/log) by extensions ['ignore', 'ignore_ament_install']
[1.735s] Level 1:colcon.colcon_core.package_identification:_identify(/home/chris/capstone/hitc_ws/log) by extension 'ignore'
[1.735s] Level 1:colcon.colcon_core.package_identification:_identify(/home/chris/capstone/hitc_ws/log) ignored
[1.735s] Level 1:colcon.colcon_core.package_identification:_identify(/home/chris/capstone/hitc_ws/src) by extensions ['ignore', 'ignore_ament_install']
[1.735s] Level 1:colcon.colcon_core.package_identification:_identify(/home/chris/capstone/hitc_ws/src) by extension 'ignore'
[1.736s] Level 1:colcon.colcon_core.package_identification:_identify(/home/chris/capstone/hitc_ws/src) by extension 'ignore_ament_install'
[1.736s] Level 1:colcon.colcon_core.package_identification:_identify(/home/chris/capstone/hitc_ws/src) by extensions ['colcon_pkg']
[1.736s] Level 1:colcon.colcon_core.package_identification:_identify(/home/chris/capstone/hitc_ws/src) by extension 'colcon_pkg'
[1.736s] Level 1:colcon.colcon_core.package_identification:_identify(/home/chris/capstone/hitc_ws/src) by extensions ['colcon_meta']
[1.736s] Level 1:colcon.colcon_core.package_identification:_identify(/home/chris/capstone/hitc_ws/src) by extension 'colcon_meta'
[1.736s] Level 1:colcon.colcon_core.package_identification:_identify(/home/chris/capstone/hitc_ws/src) by extensions ['ros']
[1.736s] Level 1:colcon.colcon_core.package_identification:_identify(/home/chris/capstone/hitc_ws/src) by extension 'ros'
[1.736s] Level 1:colcon.colcon_core.package_identification:_identify(/home/chris/capstone/hitc_ws/src) by extensions ['cmake', 'python']
[1.736s] Level 1:colcon.colcon_core.package_identification:_identify(/home/chris/capstone/hitc_ws/src) by extension 'cmake'
[1.736s] Level 1:colcon.colcon_core.package_identification:_identify(/home/chris/capstone/hitc_ws/src) by extension 'python'
[1.736s] Level 1:colcon.colcon_core.package_identification:_identify(/home/chris/capstone/hitc_ws/src) by extensions ['python_setup_py']
[1.736s] Level 1:colcon.colcon_core.package_identification:_identify(/home/chris/capstone/hitc_ws/src) by extension 'python_setup_py'
[1.736s] Level 1:colcon.colcon_core.package_identification:_identify(/home/chris/capstone/hitc_ws/src/Hardware_Level) by extensions ['ignore', 'ignore_ament_install']
[1.737s] Level 1:colcon.colcon_core.package_identification:_identify(/home/chris/capstone/hitc_ws/src/Hardware_Level) by extension 'ignore'
[1.737s] Level 1:colcon.colcon_core.package_identification:_identify(/home/chris/capstone/hitc_ws/src/Hardware_Level) by extension 'ignore_ament_install'
[1.737s] Level 1:colcon.colcon_core.package_identification:_identify(/home/chris/capstone/hitc_ws/src/Hardware_Level) by extensions ['colcon_pkg']
[1.737s] Level 1:colcon.colcon_core.package_identification:_identify(/home/chris/capstone/hitc_ws/src/Hardware_Level) by extension 'colcon_pkg'
[1.737s] Level 1:colcon.colcon_core.package_identification:_identify(/home/chris/capstone/hitc_ws/src/Hardware_Level) by extensions ['colcon_meta']
[1.737s] Level 1:colcon.colcon_core.package_identification:_identify(/home/chris/capstone/hitc_ws/src/Hardware_Level) by extension 'colcon_meta'
[1.737s] Level 1:colcon.colcon_core.package_identification:_identify(/home/chris/capstone/hitc_ws/src/Hardware_Level) by extensions ['ros']
[1.737s] Level 1:colcon.colcon_core.package_identification:_identify(/home/chris/capstone/hitc_ws/src/Hardware_Level) by extension 'ros'
[1.737s] Level 1:colcon.colcon_core.package_identification:_identify(/home/chris/capstone/hitc_ws/src/Hardware_Level) by extensions ['cmake', 'python']
[1.737s] Level 1:colcon.colcon_core.package_identification:_identify(/home/chris/capstone/hitc_ws/src/Hardware_Level) by extension 'cmake'
[1.737s] Level 1:colcon.colcon_core.package_identification:_identify(/home/chris/capstone/hitc_ws/src/Hardware_Level) by extension 'python'
[1.737s] Level 1:colcon.colcon_core.package_identification:_identify(/home/chris/capstone/hitc_ws/src/Hardware_Level) by extensions ['python_setup_py']
[1.737s] Level 1:colcon.colcon_core.package_identification:_identify(/home/chris/capstone/hitc_ws/src/Hardware_Level) by extension 'python_setup_py'
[1.738s] Level 1:colcon.colcon_core.package_identification:_identify(/home/chris/capstone/hitc_ws/src/Hardware_Level/Encoder) by extensions ['ignore', 'ignore_ament_install']
[1.738s] Level 1:colcon.colcon_core.package_identification:_identify(/home/chris/capstone/hitc_ws/src/Hardware_Level/Encoder) by extension 'ignore'
[1.738s] Level 1:colcon.colcon_core.package_identification:_identify(/home/chris/capstone/hitc_ws/src/Hardware_Level/Encoder) by extension 'ignore_ament_install'
[1.738s] Level 1:colcon.colcon_core.package_identification:_identify(/home/chris/capstone/hitc_ws/src/Hardware_Level/Encoder) by extensions ['colcon_pkg']
[1.738s] Level 1:colcon.colcon_core.package_identification:_identify(/home/chris/capstone/hitc_ws/src/Hardware_Level/Encoder) by extension 'colcon_pkg'
[1.738s] Level 1:colcon.colcon_core.package_identification:_identify(/home/chris/capstone/hitc_ws/src/Hardware_Level/Encoder) by extensions ['colcon_meta']
[1.738s] Level 1:colcon.colcon_core.package_identification:_identify(/home/chris/capstone/hitc_ws/src/Hardware_Level/Encoder) by extension 'colcon_meta'
[1.738s] Level 1:colcon.colcon_core.package_identification:_identify(/home/chris/capstone/hitc_ws/src/Hardware_Level/Encoder) by extensions ['ros']
[1.738s] Level 1:colcon.colcon_core.package_identification:_identify(/home/chris/capstone/hitc_ws/src/Hardware_Level/Encoder) by extension 'ros'
[1.738s] Level 1:colcon.colcon_core.package_identification:_identify(/home/chris/capstone/hitc_ws/src/Hardware_Level/Encoder) by extensions ['cmake', 'python']
[1.738s] Level 1:colcon.colcon_core.package_identification:_identify(/home/chris/capstone/hitc_ws/src/Hardware_Level/Encoder) by extension 'cmake'
[1.738s] Level 1:colcon.colcon_core.package_identification:_identify(/home/chris/capstone/hitc_ws/src/Hardware_Level/Encoder) by extension 'python'
[1.738s] Level 1:colcon.colcon_core.package_identification:_identify(/home/chris/capstone/hitc_ws/src/Hardware_Level/Encoder) by extensions ['python_setup_py']
[1.739s] Level 1:colcon.colcon_core.package_identification:_identify(/home/chris/capstone/hitc_ws/src/Hardware_Level/Encoder) by extension 'python_setup_py'
[1.739s] Level 1:colcon.colcon_core.package_identification:_identify(/home/chris/capstone/hitc_ws/src/Sensor_readings) by extensions ['ignore', 'ignore_ament_install']
[1.739s] Level 1:colcon.colcon_core.package_identification:_identify(/home/chris/capstone/hitc_ws/src/Sensor_readings) by extension 'ignore'
[1.739s] Level 1:colcon.colcon_core.package_identification:_identify(/home/chris/capstone/hitc_ws/src/Sensor_readings) by extension 'ignore_ament_install'
[1.739s] Level 1:colcon.colcon_core.package_identification:_identify(/home/chris/capstone/hitc_ws/src/Sensor_readings) by extensions ['colcon_pkg']
[1.739s] Level 1:colcon.colcon_core.package_identification:_identify(/home/chris/capstone/hitc_ws/src/Sensor_readings) by extension 'colcon_pkg'
[1.739s] Level 1:colcon.colcon_core.package_identification:_identify(/home/chris/capstone/hitc_ws/src/Sensor_readings) by extensions ['colcon_meta']
[1.739s] Level 1:colcon.colcon_core.package_identification:_identify(/home/chris/capstone/hitc_ws/src/Sensor_readings) by extension 'colcon_meta'
[1.739s] Level 1:colcon.colcon_core.package_identification:_identify(/home/chris/capstone/hitc_ws/src/Sensor_readings) by extensions ['ros']
[1.739s] Level 1:colcon.colcon_core.package_identification:_identify(/home/chris/capstone/hitc_ws/src/Sensor_readings) by extension 'ros'
[1.739s] Level 1:colcon.colcon_core.package_identification:_identify(/home/chris/capstone/hitc_ws/src/Sensor_readings) by extensions ['cmake', 'python']
[1.739s] Level 1:colcon.colcon_core.package_identification:_identify(/home/chris/capstone/hitc_ws/src/Sensor_readings) by extension 'cmake'
[1.740s] Level 1:colcon.colcon_core.package_identification:_identify(/home/chris/capstone/hitc_ws/src/Sensor_readings) by extension 'python'
[1.740s] Level 1:colcon.colcon_core.package_identification:_identify(/home/chris/capstone/hitc_ws/src/Sensor_readings) by extensions ['python_setup_py']
[1.740s] Level 1:colcon.colcon_core.package_identification:_identify(/home/chris/capstone/hitc_ws/src/Sensor_readings) by extension 'python_setup_py'
[1.740s] Level 1:colcon.colcon_core.package_identification:_identify(/home/chris/capstone/hitc_ws/src/aruco) by extensions ['ignore', 'ignore_ament_install']
[1.740s] Level 1:colcon.colcon_core.package_identification:_identify(/home/chris/capstone/hitc_ws/src/aruco) by extension 'ignore'
[1.740s] Level 1:colcon.colcon_core.package_identification:_identify(/home/chris/capstone/hitc_ws/src/aruco) by extension 'ignore_ament_install'
[1.740s] Level 1:colcon.colcon_core.package_identification:_identify(/home/chris/capstone/hitc_ws/src/aruco) by extensions ['colcon_pkg']
[1.740s] Level 1:colcon.colcon_core.package_identification:_identify(/home/chris/capstone/hitc_ws/src/aruco) by extension 'colcon_pkg'
[1.740s] Level 1:colcon.colcon_core.package_identification:_identify(/home/chris/capstone/hitc_ws/src/aruco) by extensions ['colcon_meta']
[1.740s] Level 1:colcon.colcon_core.package_identification:_identify(/home/chris/capstone/hitc_ws/src/aruco) by extension 'colcon_meta'
[1.740s] Level 1:colcon.colcon_core.package_identification:_identify(/home/chris/capstone/hitc_ws/src/aruco) by extensions ['ros']
[1.740s] Level 1:colcon.colcon_core.package_identification:_identify(/home/chris/capstone/hitc_ws/src/aruco) by extension 'ros'
[1.740s] Level 1:colcon.colcon_core.package_identification:_identify(/home/chris/capstone/hitc_ws/src/aruco) by extensions ['cmake', 'python']
[1.741s] Level 1:colcon.colcon_core.package_identification:_identify(/home/chris/capstone/hitc_ws/src/aruco) by extension 'cmake'
[1.741s] Level 1:colcon.colcon_core.package_identification:_identify(/home/chris/capstone/hitc_ws/src/aruco) by extension 'python'
[1.741s] Level 1:colcon.colcon_core.package_identification:_identify(/home/chris/capstone/hitc_ws/src/aruco) by extensions ['python_setup_py']
[1.741s] Level 1:colcon.colcon_core.package_identification:_identify(/home/chris/capstone/hitc_ws/src/aruco) by extension 'python_setup_py'
[1.741s] Level 1:colcon.colcon_core.package_identification:_identify(/home/chris/capstone/hitc_ws/src/c_pkg) by extensions ['ignore', 'ignore_ament_install']
[1.741s] Level 1:colcon.colcon_core.package_identification:_identify(/home/chris/capstone/hitc_ws/src/c_pkg) by extension 'ignore'
[1.741s] Level 1:colcon.colcon_core.package_identification:_identify(/home/chris/capstone/hitc_ws/src/c_pkg) by extension 'ignore_ament_install'
[1.741s] Level 1:colcon.colcon_core.package_identification:_identify(/home/chris/capstone/hitc_ws/src/c_pkg) by extensions ['colcon_pkg']
[1.741s] Level 1:colcon.colcon_core.package_identification:_identify(/home/chris/capstone/hitc_ws/src/c_pkg) by extension 'colcon_pkg'
[1.741s] Level 1:colcon.colcon_core.package_identification:_identify(/home/chris/capstone/hitc_ws/src/c_pkg) by extensions ['colcon_meta']
[1.741s] Level 1:colcon.colcon_core.package_identification:_identify(/home/chris/capstone/hitc_ws/src/c_pkg) by extension 'colcon_meta'
[1.741s] Level 1:colcon.colcon_core.package_identification:_identify(/home/chris/capstone/hitc_ws/src/c_pkg) by extensions ['ros']
[1.741s] Level 1:colcon.colcon_core.package_identification:_identify(/home/chris/capstone/hitc_ws/src/c_pkg) by extension 'ros'
[1.745s] DEBUG:colcon.colcon_core.package_identification:Package '/home/chris/capstone/hitc_ws/src/c_pkg' with type 'ros.ament_cmake' and name 'c_pkg'
[1.745s] Level 1:colcon.colcon_core.package_identification:_identify(/home/chris/capstone/hitc_ws/src/camera_capture) by extensions ['ignore', 'ignore_ament_install']
[1.745s] Level 1:colcon.colcon_core.package_identification:_identify(/home/chris/capstone/hitc_ws/src/camera_capture) by extension 'ignore'
[1.745s] Level 1:colcon.colcon_core.package_identification:_identify(/home/chris/capstone/hitc_ws/src/camera_capture) by extension 'ignore_ament_install'
[1.745s] Level 1:colcon.colcon_core.package_identification:_identify(/home/chris/capstone/hitc_ws/src/camera_capture) by extensions ['colcon_pkg']
[1.745s] Level 1:colcon.colcon_core.package_identification:_identify(/home/chris/capstone/hitc_ws/src/camera_capture) by extension 'colcon_pkg'
[1.745s] Level 1:colcon.colcon_core.package_identification:_identify(/home/chris/capstone/hitc_ws/src/camera_capture) by extensions ['colcon_meta']
[1.745s] Level 1:colcon.colcon_core.package_identification:_identify(/home/chris/capstone/hitc_ws/src/camera_capture) by extension 'colcon_meta'
[1.745s] Level 1:colcon.colcon_core.package_identification:_identify(/home/chris/capstone/hitc_ws/src/camera_capture) by extensions ['ros']
[1.745s] Level 1:colcon.colcon_core.package_identification:_identify(/home/chris/capstone/hitc_ws/src/camera_capture) by extension 'ros'
[1.746s] DEBUG:colcon.colcon_core.package_identification:Package '/home/chris/capstone/hitc_ws/src/camera_capture' with type 'ros.ament_python' and name 'camera_capture'
[1.746s] Level 1:colcon.colcon_core.package_identification:_identify(/home/chris/capstone/hitc_ws/src/hitc_robot_description) by extensions ['ignore', 'ignore_ament_install']
[1.746s] Level 1:colcon.colcon_core.package_identification:_identify(/home/chris/capstone/hitc_ws/src/hitc_robot_description) by extension 'ignore'
[1.746s] Level 1:colcon.colcon_core.package_identification:_identify(/home/chris/capstone/hitc_ws/src/hitc_robot_description) by extension 'ignore_ament_install'
[1.747s] Level 1:colcon.colcon_core.package_identification:_identify(/home/chris/capstone/hitc_ws/src/hitc_robot_description) by extensions ['colcon_pkg']
[1.747s] Level 1:colcon.colcon_core.package_identification:_identify(/home/chris/capstone/hitc_ws/src/hitc_robot_description) by extension 'colcon_pkg'
[1.747s] Level 1:colcon.colcon_core.package_identification:_identify(/home/chris/capstone/hitc_ws/src/hitc_robot_description) by extensions ['colcon_meta']
[1.747s] Level 1:colcon.colcon_core.package_identification:_identify(/home/chris/capstone/hitc_ws/src/hitc_robot_description) by extension 'colcon_meta'
[1.747s] Level 1:colcon.colcon_core.package_identification:_identify(/home/chris/capstone/hitc_ws/src/hitc_robot_description) by extensions ['ros']
[1.747s] Level 1:colcon.colcon_core.package_identification:_identify(/home/chris/capstone/hitc_ws/src/hitc_robot_description) by extension 'ros'
[1.748s] DEBUG:colcon.colcon_core.package_identification:Package '/home/chris/capstone/hitc_ws/src/hitc_robot_description' with type 'ros.ament_cmake' and name 'hitc_robot_description'
[1.748s] Level 1:colcon.colcon_core.package_identification:_identify(/home/chris/capstone/hitc_ws/src/laser_pointer) by extensions ['ignore', 'ignore_ament_install']
[1.748s] Level 1:colcon.colcon_core.package_identification:_identify(/home/chris/capstone/hitc_ws/src/laser_pointer) by extension 'ignore'
[1.748s] Level 1:colcon.colcon_core.package_identification:_identify(/home/chris/capstone/hitc_ws/src/laser_pointer) by extension 'ignore_ament_install'
[1.748s] Level 1:colcon.colcon_core.package_identification:_identify(/home/chris/capstone/hitc_ws/src/laser_pointer) by extensions ['colcon_pkg']
[1.748s] Level 1:colcon.colcon_core.package_identification:_identify(/home/chris/capstone/hitc_ws/src/laser_pointer) by extension 'colcon_pkg'
[1.748s] Level 1:colcon.colcon_core.package_identification:_identify(/home/chris/capstone/hitc_ws/src/laser_pointer) by extensions ['colcon_meta']
[1.748s] Level 1:colcon.colcon_core.package_identification:_identify(/home/chris/capstone/hitc_ws/src/laser_pointer) by extension 'colcon_meta'
[1.748s] Level 1:colcon.colcon_core.package_identification:_identify(/home/chris/capstone/hitc_ws/src/laser_pointer) by extensions ['ros']
[1.748s] Level 1:colcon.colcon_core.package_identification:_identify(/home/chris/capstone/hitc_ws/src/laser_pointer) by extension 'ros'
[1.749s] DEBUG:colcon.colcon_core.package_identification:Package '/home/chris/capstone/hitc_ws/src/laser_pointer' with type 'ros.ament_python' and name 'laser_pointer'
[1.749s] Level 1:colcon.colcon_core.package_identification:_identify(/home/chris/capstone/hitc_ws/src/log) by extensions ['ignore', 'ignore_ament_install']
[1.749s] Level 1:colcon.colcon_core.package_identification:_identify(/home/chris/capstone/hitc_ws/src/log) by extension 'ignore'
[1.750s] Level 1:colcon.colcon_core.package_identification:_identify(/home/chris/capstone/hitc_ws/src/log) ignored
[1.750s] Level 1:colcon.colcon_core.package_identification:_identify(/home/chris/capstone/hitc_ws/src/path_planner) by extensions ['ignore', 'ignore_ament_install']
[1.750s] Level 1:colcon.colcon_core.package_identification:_identify(/home/chris/capstone/hitc_ws/src/path_planner) by extension 'ignore'
[1.750s] Level 1:colcon.colcon_core.package_identification:_identify(/home/chris/capstone/hitc_ws/src/path_planner) by extension 'ignore_ament_install'
[1.750s] Level 1:colcon.colcon_core.package_identification:_identify(/home/chris/capstone/hitc_ws/src/path_planner) by extensions ['colcon_pkg']
[1.750s] Level 1:colcon.colcon_core.package_identification:_identify(/home/chris/capstone/hitc_ws/src/path_planner) by extension 'colcon_pkg'
[1.750s] Level 1:colcon.colcon_core.package_identification:_identify(/home/chris/capstone/hitc_ws/src/path_planner) by extensions ['colcon_meta']
[1.750s] Level 1:colcon.colcon_core.package_identification:_identify(/home/chris/capstone/hitc_ws/src/path_planner) by extension 'colcon_meta'
[1.750s] Level 1:colcon.colcon_core.package_identification:_identify(/home/chris/capstone/hitc_ws/src/path_planner) by extensions ['ros']
[1.750s] Level 1:colcon.colcon_core.package_identification:_identify(/home/chris/capstone/hitc_ws/src/path_planner) by extension 'ros'
[1.751s] DEBUG:colcon.colcon_core.package_identification:Package '/home/chris/capstone/hitc_ws/src/path_planner' with type 'ros.ament_python' and name 'path_planner'
[1.751s] Level 1:colcon.colcon_core.package_identification:_identify(/home/chris/capstone/hitc_ws/src/robot_arm_description) by extensions ['ignore', 'ignore_ament_install']
[1.751s] Level 1:colcon.colcon_core.package_identification:_identify(/home/chris/capstone/hitc_ws/src/robot_arm_description) by extension 'ignore'
[1.752s] Level 1:colcon.colcon_core.package_identification:_identify(/home/chris/capstone/hitc_ws/src/robot_arm_description) by extension 'ignore_ament_install'
[1.752s] Level 1:colcon.colcon_core.package_identification:_identify(/home/chris/capstone/hitc_ws/src/robot_arm_description) by extensions ['colcon_pkg']
[1.752s] Level 1:colcon.colcon_core.package_identification:_identify(/home/chris/capstone/hitc_ws/src/robot_arm_description) by extension 'colcon_pkg'
[1.752s] Level 1:colcon.colcon_core.package_identification:_identify(/home/chris/capstone/hitc_ws/src/robot_arm_description) by extensions ['colcon_meta']
[1.752s] Level 1:colcon.colcon_core.package_identification:_identify(/home/chris/capstone/hitc_ws/src/robot_arm_description) by extension 'colcon_meta'
[1.752s] Level 1:colcon.colcon_core.package_identification:_identify(/home/chris/capstone/hitc_ws/src/robot_arm_description) by extensions ['ros']
[1.752s] Level 1:colcon.colcon_core.package_identification:_identify(/home/chris/capstone/hitc_ws/src/robot_arm_description) by extension 'ros'
[1.753s] DEBUG:colcon.colcon_core.package_identification:Package '/home/chris/capstone/hitc_ws/src/robot_arm_description' with type 'ros.ament_cmake' and name 'robot_arm_description'
[1.753s] Level 1:colcon.colcon_core.package_identification:_identify(/home/chris/capstone/hitc_ws/src/startup) by extensions ['ignore', 'ignore_ament_install']
[1.753s] Level 1:colcon.colcon_core.package_identification:_identify(/home/chris/capstone/hitc_ws/src/startup) by extension 'ignore'
[1.753s] Level 1:colcon.colcon_core.package_identification:_identify(/home/chris/capstone/hitc_ws/src/startup) by extension 'ignore_ament_install'
[1.753s] Level 1:colcon.colcon_core.package_identification:_identify(/home/chris/capstone/hitc_ws/src/startup) by extensions ['colcon_pkg']
[1.753s] Level 1:colcon.colcon_core.package_identification:_identify(/home/chris/capstone/hitc_ws/src/startup) by extension 'colcon_pkg'
[1.753s] Level 1:colcon.colcon_core.package_identification:_identify(/home/chris/capstone/hitc_ws/src/startup) by extensions ['colcon_meta']
[1.753s] Level 1:colcon.colcon_core.package_identification:_identify(/home/chris/capstone/hitc_ws/src/startup) by extension 'colcon_meta'
[1.753s] Level 1:colcon.colcon_core.package_identification:_identify(/home/chris/capstone/hitc_ws/src/startup) by extensions ['ros']
[1.753s] Level 1:colcon.colcon_core.package_identification:_identify(/home/chris/capstone/hitc_ws/src/startup) by extension 'ros'
[1.754s] DEBUG:colcon.colcon_core.package_identification:Package '/home/chris/capstone/hitc_ws/src/startup' with type 'ros.ament_python' and name 'startup'
[1.754s] Level 1:colcon.colcon_core.package_identification:_identify(/home/chris/capstone/hitc_ws/src/state_publisher_py) by extensions ['ignore', 'ignore_ament_install']
[1.754s] Level 1:colcon.colcon_core.package_identification:_identify(/home/chris/capstone/hitc_ws/src/state_publisher_py) by extension 'ignore'
[1.754s] Level 1:colcon.colcon_core.package_identification:_identify(/home/chris/capstone/hitc_ws/src/state_publisher_py) by extension 'ignore_ament_install'
[1.755s] Level 1:colcon.colcon_core.package_identification:_identify(/home/chris/capstone/hitc_ws/src/state_publisher_py) by extensions ['colcon_pkg']
[1.755s] Level 1:colcon.colcon_core.package_identification:_identify(/home/chris/capstone/hitc_ws/src/state_publisher_py) by extension 'colcon_pkg'
[1.755s] Level 1:colcon.colcon_core.package_identification:_identify(/home/chris/capstone/hitc_ws/src/state_publisher_py) by extensions ['colcon_meta']
[1.755s] Level 1:colcon.colcon_core.package_identification:_identify(/home/chris/capstone/hitc_ws/src/state_publisher_py) by extension 'colcon_meta'
[1.755s] Level 1:colcon.colcon_core.package_identification:_identify(/home/chris/capstone/hitc_ws/src/state_publisher_py) by extensions ['ros']
[1.755s] Level 1:colcon.colcon_core.package_identification:_identify(/home/chris/capstone/hitc_ws/src/state_publisher_py) by extension 'ros'
[1.755s] DEBUG:colcon.colcon_core.package_identification:Package '/home/chris/capstone/hitc_ws/src/state_publisher_py' with type 'ros.ament_python' and name 'state_publisher_py'
[1.756s] Level 1:colcon.colcon_core.package_identification:_identify(/home/chris/capstone/hitc_ws/src/testing_motors) by extensions ['ignore', 'ignore_ament_install']
[1.756s] Level 1:colcon.colcon_core.package_identification:_identify(/home/chris/capstone/hitc_ws/src/testing_motors) by extension 'ignore'
[1.756s] Level 1:colcon.colcon_core.package_identification:_identify(/home/chris/capstone/hitc_ws/src/testing_motors) by extension 'ignore_ament_install'
[1.756s] Level 1:colcon.colcon_core.package_identification:_identify(/home/chris/capstone/hitc_ws/src/testing_motors) by extensions ['colcon_pkg']
[1.756s] Level 1:colcon.colcon_core.package_identification:_identify(/home/chris/capstone/hitc_ws/src/testing_motors) by extension 'colcon_pkg'
[1.756s] Level 1:colcon.colcon_core.package_identification:_identify(/home/chris/capstone/hitc_ws/src/testing_motors) by extensions ['colcon_meta']
[1.756s] Level 1:colcon.colcon_core.package_identification:_identify(/home/chris/capstone/hitc_ws/src/testing_motors) by extension 'colcon_meta'
[1.756s] Level 1:colcon.colcon_core.package_identification:_identify(/home/chris/capstone/hitc_ws/src/testing_motors) by extensions ['ros']
[1.756s] Level 1:colcon.colcon_core.package_identification:_identify(/home/chris/capstone/hitc_ws/src/testing_motors) by extension 'ros'
[1.757s] DEBUG:colcon.colcon_core.package_identification:Package '/home/chris/capstone/hitc_ws/src/testing_motors' with type 'ros.ament_python' and name 'testing_motors'
[1.757s] Level 1:colcon.colcon_core.package_discovery:discover_packages(recursive) using defaults
