/home/chris/capstone/hitc_ws/install/laser_pointer/lib/python3.10/site-packages/laser_pointer/laser_end_effector.py
/home/chris/capstone/hitc_ws/install/laser_pointer/lib/python3.10/site-packages/laser_pointer/__init__.py
/home/chris/capstone/hitc_ws/install/laser_pointer/lib/python3.10/site-packages/laser_pointer/position_publisher.py
/home/chris/capstone/hitc_ws/install/laser_pointer/lib/python3.10/site-packages/laser_pointer/servo_position.py
/home/chris/capstone/hitc_ws/install/laser_pointer/lib/python3.10/site-packages/laser_pointer/__pycache__/laser_end_effector.cpython-310.pyc
/home/chris/capstone/hitc_ws/install/laser_pointer/lib/python3.10/site-packages/laser_pointer/__pycache__/__init__.cpython-310.pyc
/home/chris/capstone/hitc_ws/install/laser_pointer/lib/python3.10/site-packages/laser_pointer/__pycache__/position_publisher.cpython-310.pyc
/home/chris/capstone/hitc_ws/install/laser_pointer/lib/python3.10/site-packages/laser_pointer/__pycache__/servo_position.cpython-310.pyc
/home/chris/capstone/hitc_ws/install/laser_pointer/share/ament_index/resource_index/packages/laser_pointer
/home/chris/capstone/hitc_ws/install/laser_pointer/share/laser_pointer/package.xml
/home/chris/capstone/hitc_ws/install/laser_pointer/lib/python3.10/site-packages/laser_pointer-0.0.0-py3.10.egg-info/dependency_links.txt
/home/chris/capstone/hitc_ws/install/laser_pointer/lib/python3.10/site-packages/laser_pointer-0.0.0-py3.10.egg-info/SOURCES.txt
/home/chris/capstone/hitc_ws/install/laser_pointer/lib/python3.10/site-packages/laser_pointer-0.0.0-py3.10.egg-info/zip-safe
/home/chris/capstone/hitc_ws/install/laser_pointer/lib/python3.10/site-packages/laser_pointer-0.0.0-py3.10.egg-info/requires.txt
/home/chris/capstone/hitc_ws/install/laser_pointer/lib/python3.10/site-packages/laser_pointer-0.0.0-py3.10.egg-info/top_level.txt
/home/chris/capstone/hitc_ws/install/laser_pointer/lib/python3.10/site-packages/laser_pointer-0.0.0-py3.10.egg-info/PKG-INFO
/home/chris/capstone/hitc_ws/install/laser_pointer/lib/python3.10/site-packages/laser_pointer-0.0.0-py3.10.egg-info/entry_points.txt
/home/chris/capstone/hitc_ws/install/laser_pointer/lib/laser_pointer/laser_pointer
/home/chris/capstone/hitc_ws/install/laser_pointer/lib/laser_pointer/position_publisher
/home/chris/capstone/hitc_ws/install/laser_pointer/lib/laser_pointer/servo_position
