[3.198s] Invoking command in '/home/chris/capstone/hitc_ws/src/camera_capture': PYTHONPATH=/home/chris/capstone/hitc_ws/build/camera_capture/prefix_override:/home/chris/capstone/hitc_ws/install/camera_capture/lib/python3.10/site-packages:${PYTHONPATH} /usr/bin/python3 setup.py egg_info --egg-base ../../build/camera_capture build --build-base /home/chris/capstone/hitc_ws/build/camera_capture/build install --record /home/chris/capstone/hitc_ws/build/camera_capture/install.log --single-version-externally-managed
[3.641s] running egg_info
[3.642s] creating ../../build/camera_capture/camera_capture.egg-info
[3.642s] writing ../../build/camera_capture/camera_capture.egg-info/PKG-INFO
[3.642s] writing dependency_links to ../../build/camera_capture/camera_capture.egg-info/dependency_links.txt
[3.642s] writing entry points to ../../build/camera_capture/camera_capture.egg-info/entry_points.txt
[3.643s] writing requirements to ../../build/camera_capture/camera_capture.egg-info/requires.txt
[3.643s] writing top-level names to ../../build/camera_capture/camera_capture.egg-info/top_level.txt
[3.643s] writing manifest file '../../build/camera_capture/camera_capture.egg-info/SOURCES.txt'
[3.646s] reading manifest file '../../build/camera_capture/camera_capture.egg-info/SOURCES.txt'
[3.647s] writing manifest file '../../build/camera_capture/camera_capture.egg-info/SOURCES.txt'
[3.647s] running build
[3.647s] running build_py
[3.647s] creating /home/chris/capstone/hitc_ws/build/camera_capture/build
[3.648s] creating /home/chris/capstone/hitc_ws/build/camera_capture/build/lib
[3.648s] creating /home/chris/capstone/hitc_ws/build/camera_capture/build/lib/camera_capture
[3.648s] copying camera_capture/__init__.py -> /home/chris/capstone/hitc_ws/build/camera_capture/build/lib/camera_capture
[3.648s] copying camera_capture/motor_controller.py -> /home/chris/capstone/hitc_ws/build/camera_capture/build/lib/camera_capture
[3.648s] copying camera_capture/safety_system.py -> /home/chris/capstone/hitc_ws/build/camera_capture/build/lib/camera_capture
[3.648s] copying camera_capture/image_processing.py -> /home/chris/capstone/hitc_ws/build/camera_capture/build/lib/camera_capture
[3.648s] copying camera_capture/camera_capture.py -> /home/chris/capstone/hitc_ws/build/camera_capture/build/lib/camera_capture
[3.649s] running install
[3.649s] running install_lib
[3.650s] creating /home/chris/capstone/hitc_ws/install/camera_capture/lib/python3.10/site-packages/camera_capture
[3.650s] copying /home/chris/capstone/hitc_ws/build/camera_capture/build/lib/camera_capture/__init__.py -> /home/chris/capstone/hitc_ws/install/camera_capture/lib/python3.10/site-packages/camera_capture
[3.650s] copying /home/chris/capstone/hitc_ws/build/camera_capture/build/lib/camera_capture/motor_controller.py -> /home/chris/capstone/hitc_ws/install/camera_capture/lib/python3.10/site-packages/camera_capture
[3.651s] copying /home/chris/capstone/hitc_ws/build/camera_capture/build/lib/camera_capture/safety_system.py -> /home/chris/capstone/hitc_ws/install/camera_capture/lib/python3.10/site-packages/camera_capture
[3.651s] copying /home/chris/capstone/hitc_ws/build/camera_capture/build/lib/camera_capture/image_processing.py -> /home/chris/capstone/hitc_ws/install/camera_capture/lib/python3.10/site-packages/camera_capture
[3.651s] copying /home/chris/capstone/hitc_ws/build/camera_capture/build/lib/camera_capture/camera_capture.py -> /home/chris/capstone/hitc_ws/install/camera_capture/lib/python3.10/site-packages/camera_capture
[3.652s] byte-compiling /home/chris/capstone/hitc_ws/install/camera_capture/lib/python3.10/site-packages/camera_capture/__init__.py to __init__.cpython-310.pyc
[3.652s] byte-compiling /home/chris/capstone/hitc_ws/install/camera_capture/lib/python3.10/site-packages/camera_capture/motor_controller.py to motor_controller.cpython-310.pyc
[3.652s] byte-compiling /home/chris/capstone/hitc_ws/install/camera_capture/lib/python3.10/site-packages/camera_capture/safety_system.py to safety_system.cpython-310.pyc
[3.653s] byte-compiling /home/chris/capstone/hitc_ws/install/camera_capture/lib/python3.10/site-packages/camera_capture/image_processing.py to image_processing.cpython-310.pyc
[3.654s] byte-compiling /home/chris/capstone/hitc_ws/install/camera_capture/lib/python3.10/site-packages/camera_capture/camera_capture.py to camera_capture.cpython-310.pyc
[3.654s] running install_data
[3.655s] creating /home/chris/capstone/hitc_ws/install/camera_capture/share/ament_index
[3.655s] creating /home/chris/capstone/hitc_ws/install/camera_capture/share/ament_index/resource_index
[3.655s] creating /home/chris/capstone/hitc_ws/install/camera_capture/share/ament_index/resource_index/packages
[3.656s] copying resource/camera_capture -> /home/chris/capstone/hitc_ws/install/camera_capture/share/ament_index/resource_index/packages
[3.656s] copying package.xml -> /home/chris/capstone/hitc_ws/install/camera_capture/share/camera_capture
[3.656s] running install_egg_info
[3.658s] Copying ../../build/camera_capture/camera_capture.egg-info to /home/chris/capstone/hitc_ws/install/camera_capture/lib/python3.10/site-packages/camera_capture-0.0.0-py3.10.egg-info
[3.659s] running install_scripts
[3.682s] Installing camera_capture script to /home/chris/capstone/hitc_ws/install/camera_capture/lib/camera_capture
[3.682s] Installing image_proccessing script to /home/chris/capstone/hitc_ws/install/camera_capture/lib/camera_capture
[3.682s] Installing motor_controller script to /home/chris/capstone/hitc_ws/install/camera_capture/lib/camera_capture
[3.682s] Installing safety_system script to /home/chris/capstone/hitc_ws/install/camera_capture/lib/camera_capture
[3.682s] writing list of installed files to '/home/chris/capstone/hitc_ws/build/camera_capture/install.log'
[3.837s] Invoked command in '/home/chris/capstone/hitc_ws/src/camera_capture' returned '0': PYTHONPATH=/home/chris/capstone/hitc_ws/build/camera_capture/prefix_override:/home/chris/capstone/hitc_ws/install/camera_capture/lib/python3.10/site-packages:${PYTHONPATH} /usr/bin/python3 setup.py egg_info --egg-base ../../build/camera_capture build --build-base /home/chris/capstone/hitc_ws/build/camera_capture/build install --record /home/chris/capstone/hitc_ws/build/camera_capture/install.log --single-version-externally-managed
