[18.419s] Invoking command in '/home/chris/capstone/hitc_ws/src/path_planner': PYTHONPATH=/home/chris/capstone/hitc_ws/build/path_planner/prefix_override:/home/chris/capstone/hitc_ws/install/path_planner/lib/python3.10/site-packages:${PYTHONPATH} /usr/bin/python3 setup.py egg_info --egg-base ../../build/path_planner build --build-base /home/chris/capstone/hitc_ws/build/path_planner/build install --record /home/chris/capstone/hitc_ws/build/path_planner/install.log --single-version-externally-managed
[23.900s] running egg_info
[23.908s] writing ../../build/path_planner/path_planner.egg-info/PKG-INFO
[23.911s] writing dependency_links to ../../build/path_planner/path_planner.egg-info/dependency_links.txt
[23.919s] writing entry points to ../../build/path_planner/path_planner.egg-info/entry_points.txt
[23.920s] writing requirements to ../../build/path_planner/path_planner.egg-info/requires.txt
[23.920s] writing top-level names to ../../build/path_planner/path_planner.egg-info/top_level.txt
[23.944s] reading manifest file '../../build/path_planner/path_planner.egg-info/SOURCES.txt'
[23.945s] writing manifest file '../../build/path_planner/path_planner.egg-info/SOURCES.txt'
[23.946s] running build
[23.947s] running build_py
[23.948s] running install
[23.963s] running install_lib
[23.973s] running install_data
[23.976s] running install_egg_info
[23.992s] removing '/home/chris/capstone/hitc_ws/install/path_planner/lib/python3.10/site-packages/path_planner-0.0.0-py3.10.egg-info' (and everything under it)
[23.993s] Copying ../../build/path_planner/path_planner.egg-info to /home/chris/capstone/hitc_ws/install/path_planner/lib/python3.10/site-packages/path_planner-0.0.0-py3.10.egg-info
[24.009s] running install_scripts
[24.190s] writing list of installed files to '/home/chris/capstone/hitc_ws/build/path_planner/install.log'
[29.148s] Invoked command in '/home/chris/capstone/hitc_ws/src/path_planner' returned '0': PYTHONPATH=/home/chris/capstone/hitc_ws/build/path_planner/prefix_override:/home/chris/capstone/hitc_ws/install/path_planner/lib/python3.10/site-packages:${PYTHONPATH} /usr/bin/python3 setup.py egg_info --egg-base ../../build/path_planner build --build-base /home/chris/capstone/hitc_ws/build/path_planner/build install --record /home/chris/capstone/hitc_ws/build/path_planner/install.log --single-version-externally-managed
