[3.094s] Invoking command in '/home/chris/capstone/hitc_ws/src/path_planner': PYTHONPATH=/home/chris/capstone/hitc_ws/build/path_planner/prefix_override:/home/chris/capstone/hitc_ws/install/path_planner/lib/python3.10/site-packages:${PYTHONPATH} /usr/bin/python3 setup.py egg_info --egg-base ../../build/path_planner build --build-base /home/chris/capstone/hitc_ws/build/path_planner/build install --record /home/chris/capstone/hitc_ws/build/path_planner/install.log --single-version-externally-managed
[3.369s] running egg_info
[3.369s] creating ../../build/path_planner/path_planner.egg-info
[3.369s] writing ../../build/path_planner/path_planner.egg-info/PKG-INFO
[3.370s] writing dependency_links to ../../build/path_planner/path_planner.egg-info/dependency_links.txt
[3.370s] writing entry points to ../../build/path_planner/path_planner.egg-info/entry_points.txt
[3.370s] writing requirements to ../../build/path_planner/path_planner.egg-info/requires.txt
[3.370s] writing top-level names to ../../build/path_planner/path_planner.egg-info/top_level.txt
[3.370s] writing manifest file '../../build/path_planner/path_planner.egg-info/SOURCES.txt'
[3.372s] reading manifest file '../../build/path_planner/path_planner.egg-info/SOURCES.txt'
[3.372s] writing manifest file '../../build/path_planner/path_planner.egg-info/SOURCES.txt'
[3.373s] running build
[3.373s] running build_py
[3.373s] creating /home/chris/capstone/hitc_ws/build/path_planner/build
[3.373s] creating /home/chris/capstone/hitc_ws/build/path_planner/build/lib
[3.373s] creating /home/chris/capstone/hitc_ws/build/path_planner/build/lib/path_planner
[3.374s] copying path_planner/__init__.py -> /home/chris/capstone/hitc_ws/build/path_planner/build/lib/path_planner
[3.374s] copying path_planner/milestone_arm_only.py -> /home/chris/capstone/hitc_ws/build/path_planner/build/lib/path_planner
[3.381s] copying path_planner/test_arm_only.py -> /home/chris/capstone/hitc_ws/build/path_planner/build/lib/path_planner
[3.381s] copying path_planner/cartesian_to_radians.py -> /home/chris/capstone/hitc_ws/build/path_planner/build/lib/path_planner
[3.382s] creating /home/chris/capstone/hitc_ws/build/path_planner/build/lib/path_planner/modern_robotics
[3.382s] copying path_planner/modern_robotics/__init__.py -> /home/chris/capstone/hitc_ws/build/path_planner/build/lib/path_planner/modern_robotics
[3.382s] copying path_planner/modern_robotics/__version__.py -> /home/chris/capstone/hitc_ws/build/path_planner/build/lib/path_planner/modern_robotics
[3.383s] copying path_planner/modern_robotics/app.py -> /home/chris/capstone/hitc_ws/build/path_planner/build/lib/path_planner/modern_robotics
[3.383s] copying path_planner/modern_robotics/core.py -> /home/chris/capstone/hitc_ws/build/path_planner/build/lib/path_planner/modern_robotics
[3.385s] running install
[3.385s] running install_lib
[3.386s] creating /home/chris/capstone/hitc_ws/install/path_planner/lib/python3.10/site-packages/path_planner
[3.386s] copying /home/chris/capstone/hitc_ws/build/path_planner/build/lib/path_planner/__init__.py -> /home/chris/capstone/hitc_ws/install/path_planner/lib/python3.10/site-packages/path_planner
[3.386s] copying /home/chris/capstone/hitc_ws/build/path_planner/build/lib/path_planner/milestone_arm_only.py -> /home/chris/capstone/hitc_ws/install/path_planner/lib/python3.10/site-packages/path_planner
[3.386s] copying /home/chris/capstone/hitc_ws/build/path_planner/build/lib/path_planner/test_arm_only.py -> /home/chris/capstone/hitc_ws/install/path_planner/lib/python3.10/site-packages/path_planner
[3.386s] creating /home/chris/capstone/hitc_ws/install/path_planner/lib/python3.10/site-packages/path_planner/modern_robotics
[3.387s] copying /home/chris/capstone/hitc_ws/build/path_planner/build/lib/path_planner/modern_robotics/__init__.py -> /home/chris/capstone/hitc_ws/install/path_planner/lib/python3.10/site-packages/path_planner/modern_robotics
[3.387s] copying /home/chris/capstone/hitc_ws/build/path_planner/build/lib/path_planner/modern_robotics/__version__.py -> /home/chris/capstone/hitc_ws/install/path_planner/lib/python3.10/site-packages/path_planner/modern_robotics
[3.387s] copying /home/chris/capstone/hitc_ws/build/path_planner/build/lib/path_planner/modern_robotics/app.py -> /home/chris/capstone/hitc_ws/install/path_planner/lib/python3.10/site-packages/path_planner/modern_robotics
[3.387s] copying /home/chris/capstone/hitc_ws/build/path_planner/build/lib/path_planner/modern_robotics/core.py -> /home/chris/capstone/hitc_ws/install/path_planner/lib/python3.10/site-packages/path_planner/modern_robotics
[3.387s] copying /home/chris/capstone/hitc_ws/build/path_planner/build/lib/path_planner/cartesian_to_radians.py -> /home/chris/capstone/hitc_ws/install/path_planner/lib/python3.10/site-packages/path_planner
[3.388s] byte-compiling /home/chris/capstone/hitc_ws/install/path_planner/lib/python3.10/site-packages/path_planner/__init__.py to __init__.cpython-310.pyc
[3.389s] byte-compiling /home/chris/capstone/hitc_ws/install/path_planner/lib/python3.10/site-packages/path_planner/milestone_arm_only.py to milestone_arm_only.cpython-310.pyc
[3.391s] byte-compiling /home/chris/capstone/hitc_ws/install/path_planner/lib/python3.10/site-packages/path_planner/test_arm_only.py to test_arm_only.cpython-310.pyc
[3.391s] byte-compiling /home/chris/capstone/hitc_ws/install/path_planner/lib/python3.10/site-packages/path_planner/modern_robotics/__init__.py to __init__.cpython-310.pyc
[3.391s] byte-compiling /home/chris/capstone/hitc_ws/install/path_planner/lib/python3.10/site-packages/path_planner/modern_robotics/__version__.py to __version__.cpython-310.pyc
[3.391s] byte-compiling /home/chris/capstone/hitc_ws/install/path_planner/lib/python3.10/site-packages/path_planner/modern_robotics/app.py to app.cpython-310.pyc
[3.392s] byte-compiling /home/chris/capstone/hitc_ws/install/path_planner/lib/python3.10/site-packages/path_planner/modern_robotics/core.py to core.cpython-310.pyc
[3.396s] byte-compiling /home/chris/capstone/hitc_ws/install/path_planner/lib/python3.10/site-packages/path_planner/cartesian_to_radians.py to cartesian_to_radians.cpython-310.pyc
[3.397s] running install_data
[3.397s] creating /home/chris/capstone/hitc_ws/install/path_planner/share/ament_index
[3.397s] creating /home/chris/capstone/hitc_ws/install/path_planner/share/ament_index/resource_index
[3.397s] creating /home/chris/capstone/hitc_ws/install/path_planner/share/ament_index/resource_index/packages
[3.398s] copying resource/path_planner -> /home/chris/capstone/hitc_ws/install/path_planner/share/ament_index/resource_index/packages
[3.398s] copying package.xml -> /home/chris/capstone/hitc_ws/install/path_planner/share/path_planner
[3.399s] running install_egg_info
[3.399s] Copying ../../build/path_planner/path_planner.egg-info to /home/chris/capstone/hitc_ws/install/path_planner/lib/python3.10/site-packages/path_planner-0.0.0-py3.10.egg-info
[3.401s] running install_scripts
[3.422s] writing list of installed files to '/home/chris/capstone/hitc_ws/build/path_planner/install.log'
[3.578s] Invoked command in '/home/chris/capstone/hitc_ws/src/path_planner' returned '0': PYTHONPATH=/home/chris/capstone/hitc_ws/build/path_planner/prefix_override:/home/chris/capstone/hitc_ws/install/path_planner/lib/python3.10/site-packages:${PYTHONPATH} /usr/bin/python3 setup.py egg_info --egg-base ../../build/path_planner build --build-base /home/chris/capstone/hitc_ws/build/path_planner/build install --record /home/chris/capstone/hitc_ws/build/path_planner/install.log --single-version-externally-managed
