running egg_info
creating ../../build/camera_capture/camera_capture.egg-info
writing ../../build/camera_capture/camera_capture.egg-info/PKG-INFO
writing dependency_links to ../../build/camera_capture/camera_capture.egg-info/dependency_links.txt
writing entry points to ../../build/camera_capture/camera_capture.egg-info/entry_points.txt
writing requirements to ../../build/camera_capture/camera_capture.egg-info/requires.txt
writing top-level names to ../../build/camera_capture/camera_capture.egg-info/top_level.txt
writing manifest file '../../build/camera_capture/camera_capture.egg-info/SOURCES.txt'
reading manifest file '../../build/camera_capture/camera_capture.egg-info/SOURCES.txt'
writing manifest file '../../build/camera_capture/camera_capture.egg-info/SOURCES.txt'
running build
running build_py
creating /home/chris/capstone/hitc_ws/build/camera_capture/build
creating /home/chris/capstone/hitc_ws/build/camera_capture/build/lib
creating /home/chris/capstone/hitc_ws/build/camera_capture/build/lib/camera_capture
copying camera_capture/__init__.py -> /home/chris/capstone/hitc_ws/build/camera_capture/build/lib/camera_capture
copying camera_capture/motor_controller.py -> /home/chris/capstone/hitc_ws/build/camera_capture/build/lib/camera_capture
copying camera_capture/safety_system.py -> /home/chris/capstone/hitc_ws/build/camera_capture/build/lib/camera_capture
copying camera_capture/image_processing.py -> /home/chris/capstone/hitc_ws/build/camera_capture/build/lib/camera_capture
copying camera_capture/camera_capture.py -> /home/chris/capstone/hitc_ws/build/camera_capture/build/lib/camera_capture
running install
running install_lib
creating /home/chris/capstone/hitc_ws/install/camera_capture/lib/python3.10/site-packages/camera_capture
copying /home/chris/capstone/hitc_ws/build/camera_capture/build/lib/camera_capture/__init__.py -> /home/chris/capstone/hitc_ws/install/camera_capture/lib/python3.10/site-packages/camera_capture
copying /home/chris/capstone/hitc_ws/build/camera_capture/build/lib/camera_capture/motor_controller.py -> /home/chris/capstone/hitc_ws/install/camera_capture/lib/python3.10/site-packages/camera_capture
copying /home/chris/capstone/hitc_ws/build/camera_capture/build/lib/camera_capture/safety_system.py -> /home/chris/capstone/hitc_ws/install/camera_capture/lib/python3.10/site-packages/camera_capture
copying /home/chris/capstone/hitc_ws/build/camera_capture/build/lib/camera_capture/image_processing.py -> /home/chris/capstone/hitc_ws/install/camera_capture/lib/python3.10/site-packages/camera_capture
copying /home/chris/capstone/hitc_ws/build/camera_capture/build/lib/camera_capture/camera_capture.py -> /home/chris/capstone/hitc_ws/install/camera_capture/lib/python3.10/site-packages/camera_capture
byte-compiling /home/chris/capstone/hitc_ws/install/camera_capture/lib/python3.10/site-packages/camera_capture/__init__.py to __init__.cpython-310.pyc
byte-compiling /home/chris/capstone/hitc_ws/install/camera_capture/lib/python3.10/site-packages/camera_capture/motor_controller.py to motor_controller.cpython-310.pyc
byte-compiling /home/chris/capstone/hitc_ws/install/camera_capture/lib/python3.10/site-packages/camera_capture/safety_system.py to safety_system.cpython-310.pyc
byte-compiling /home/chris/capstone/hitc_ws/install/camera_capture/lib/python3.10/site-packages/camera_capture/image_processing.py to image_processing.cpython-310.pyc
byte-compiling /home/chris/capstone/hitc_ws/install/camera_capture/lib/python3.10/site-packages/camera_capture/camera_capture.py to camera_capture.cpython-310.pyc
running install_data
creating /home/chris/capstone/hitc_ws/install/camera_capture/share/ament_index
creating /home/chris/capstone/hitc_ws/install/camera_capture/share/ament_index/resource_index
creating /home/chris/capstone/hitc_ws/install/camera_capture/share/ament_index/resource_index/packages
copying resource/camera_capture -> /home/chris/capstone/hitc_ws/install/camera_capture/share/ament_index/resource_index/packages
copying package.xml -> /home/chris/capstone/hitc_ws/install/camera_capture/share/camera_capture
running install_egg_info
Copying ../../build/camera_capture/camera_capture.egg-info to /home/chris/capstone/hitc_ws/install/camera_capture/lib/python3.10/site-packages/camera_capture-0.0.0-py3.10.egg-info
running install_scripts
Installing camera_capture script to /home/chris/capstone/hitc_ws/install/camera_capture/lib/camera_capture
Installing image_proccessing script to /home/chris/capstone/hitc_ws/install/camera_capture/lib/camera_capture
Installing motor_controller script to /home/chris/capstone/hitc_ws/install/camera_capture/lib/camera_capture
Installing safety_system script to /home/chris/capstone/hitc_ws/install/camera_capture/lib/camera_capture
writing list of installed files to '/home/chris/capstone/hitc_ws/build/camera_capture/install.log'
