[3.677s] Invoking command in '/home/chris/capstone/hitc_ws/src/camera_capture': PYTHONPATH=/home/chris/capstone/hitc_ws/build/camera_capture/prefix_override:/home/chris/capstone/hitc_ws/install/camera_capture/lib/python3.10/site-packages:${PYTHONPATH} /usr/bin/python3 setup.py egg_info --egg-base ../../build/camera_capture build --build-base /home/chris/capstone/hitc_ws/build/camera_capture/build install --record /home/chris/capstone/hitc_ws/build/camera_capture/install.log --single-version-externally-managed
[3.974s] running egg_info
[3.974s] creating ../../build/camera_capture/camera_capture.egg-info
[3.974s] writing ../../build/camera_capture/camera_capture.egg-info/PKG-INFO
[3.975s] writing dependency_links to ../../build/camera_capture/camera_capture.egg-info/dependency_links.txt
[3.975s] writing entry points to ../../build/camera_capture/camera_capture.egg-info/entry_points.txt
[3.975s] writing requirements to ../../build/camera_capture/camera_capture.egg-info/requires.txt
[3.975s] writing top-level names to ../../build/camera_capture/camera_capture.egg-info/top_level.txt
[3.977s] writing manifest file '../../build/camera_capture/camera_capture.egg-info/SOURCES.txt'
[3.978s] reading manifest file '../../build/camera_capture/camera_capture.egg-info/SOURCES.txt'
[3.978s] writing manifest file '../../build/camera_capture/camera_capture.egg-info/SOURCES.txt'
[3.978s] running build
[3.979s] running build_py
[3.979s] creating /home/chris/capstone/hitc_ws/build/camera_capture/build
[3.979s] creating /home/chris/capstone/hitc_ws/build/camera_capture/build/lib
[3.979s] creating /home/chris/capstone/hitc_ws/build/camera_capture/build/lib/camera_capture
[3.979s] copying camera_capture/__init__.py -> /home/chris/capstone/hitc_ws/build/camera_capture/build/lib/camera_capture
[3.979s] copying camera_capture/motor_controller.py -> /home/chris/capstone/hitc_ws/build/camera_capture/build/lib/camera_capture
[3.979s] copying camera_capture/safety_system.py -> /home/chris/capstone/hitc_ws/build/camera_capture/build/lib/camera_capture
[3.979s] copying camera_capture/image_processing.py -> /home/chris/capstone/hitc_ws/build/camera_capture/build/lib/camera_capture
[3.980s] copying camera_capture/camera_capture.py -> /home/chris/capstone/hitc_ws/build/camera_capture/build/lib/camera_capture
[3.980s] running install
[3.980s] running install_lib
[3.981s] creating /home/chris/capstone/hitc_ws/install/camera_capture/lib/python3.10/site-packages/camera_capture
[3.981s] copying /home/chris/capstone/hitc_ws/build/camera_capture/build/lib/camera_capture/__init__.py -> /home/chris/capstone/hitc_ws/install/camera_capture/lib/python3.10/site-packages/camera_capture
[3.982s] copying /home/chris/capstone/hitc_ws/build/camera_capture/build/lib/camera_capture/motor_controller.py -> /home/chris/capstone/hitc_ws/install/camera_capture/lib/python3.10/site-packages/camera_capture
[3.982s] copying /home/chris/capstone/hitc_ws/build/camera_capture/build/lib/camera_capture/safety_system.py -> /home/chris/capstone/hitc_ws/install/camera_capture/lib/python3.10/site-packages/camera_capture
[3.982s] copying /home/chris/capstone/hitc_ws/build/camera_capture/build/lib/camera_capture/image_processing.py -> /home/chris/capstone/hitc_ws/install/camera_capture/lib/python3.10/site-packages/camera_capture
[3.982s] copying /home/chris/capstone/hitc_ws/build/camera_capture/build/lib/camera_capture/camera_capture.py -> /home/chris/capstone/hitc_ws/install/camera_capture/lib/python3.10/site-packages/camera_capture
[3.982s] byte-compiling /home/chris/capstone/hitc_ws/install/camera_capture/lib/python3.10/site-packages/camera_capture/__init__.py to __init__.cpython-310.pyc
[3.982s] byte-compiling /home/chris/capstone/hitc_ws/install/camera_capture/lib/python3.10/site-packages/camera_capture/motor_controller.py to motor_controller.cpython-310.pyc
[3.983s] byte-compiling /home/chris/capstone/hitc_ws/install/camera_capture/lib/python3.10/site-packages/camera_capture/safety_system.py to safety_system.cpython-310.pyc
[3.983s] byte-compiling /home/chris/capstone/hitc_ws/install/camera_capture/lib/python3.10/site-packages/camera_capture/image_processing.py to image_processing.cpython-310.pyc
[3.983s] byte-compiling /home/chris/capstone/hitc_ws/install/camera_capture/lib/python3.10/site-packages/camera_capture/camera_capture.py to camera_capture.cpython-310.pyc
[3.984s] running install_data
[3.984s] creating /home/chris/capstone/hitc_ws/install/camera_capture/share/ament_index
[3.984s] creating /home/chris/capstone/hitc_ws/install/camera_capture/share/ament_index/resource_index
[3.984s] creating /home/chris/capstone/hitc_ws/install/camera_capture/share/ament_index/resource_index/packages
[3.984s] copying resource/camera_capture -> /home/chris/capstone/hitc_ws/install/camera_capture/share/ament_index/resource_index/packages
[3.984s] copying package.xml -> /home/chris/capstone/hitc_ws/install/camera_capture/share/camera_capture
[3.984s] running install_egg_info
[3.986s] Copying ../../build/camera_capture/camera_capture.egg-info to /home/chris/capstone/hitc_ws/install/camera_capture/lib/python3.10/site-packages/camera_capture-0.0.0-py3.10.egg-info
[3.987s] running install_scripts
[4.007s] Installing camera_capture script to /home/chris/capstone/hitc_ws/install/camera_capture/lib/camera_capture
[4.008s] Installing image_proccessing script to /home/chris/capstone/hitc_ws/install/camera_capture/lib/camera_capture
[4.008s] Installing motor_controller script to /home/chris/capstone/hitc_ws/install/camera_capture/lib/camera_capture
[4.008s] Installing safety_system script to /home/chris/capstone/hitc_ws/install/camera_capture/lib/camera_capture
[4.008s] writing list of installed files to '/home/chris/capstone/hitc_ws/build/camera_capture/install.log'
[4.269s] Invoked command in '/home/chris/capstone/hitc_ws/src/camera_capture' returned '0': PYTHONPATH=/home/chris/capstone/hitc_ws/build/camera_capture/prefix_override:/home/chris/capstone/hitc_ws/install/camera_capture/lib/python3.10/site-packages:${PYTHONPATH} /usr/bin/python3 setup.py egg_info --egg-base ../../build/camera_capture build --build-base /home/chris/capstone/hitc_ws/build/camera_capture/build install --record /home/chris/capstone/hitc_ws/build/camera_capture/install.log --single-version-externally-managed
