[1.926s] Invoking command in '/home/chris/capstone/hitc_ws/src/laser_pointer': PYTHONPATH=/home/chris/capstone/hitc_ws/build/laser_pointer/prefix_override:/home/chris/capstone/hitc_ws/install/laser_pointer/lib/python3.10/site-packages:${PYTHONPATH} /usr/bin/python3 -W ignore:setup.py install is deprecated setup.py egg_info --egg-base ../../build/laser_pointer build --build-base /home/chris/capstone/hitc_ws/build/laser_pointer/build install --record /home/chris/capstone/hitc_ws/build/laser_pointer/install.log --single-version-externally-managed install_data
[2.229s] running egg_info
[2.230s] writing ../../build/laser_pointer/laser_pointer.egg-info/PKG-INFO
[2.230s] writing dependency_links to ../../build/laser_pointer/laser_pointer.egg-info/dependency_links.txt
[2.230s] writing entry points to ../../build/laser_pointer/laser_pointer.egg-info/entry_points.txt
[2.230s] writing requirements to ../../build/laser_pointer/laser_pointer.egg-info/requires.txt
[2.230s] writing top-level names to ../../build/laser_pointer/laser_pointer.egg-info/top_level.txt
[2.233s] reading manifest file '../../build/laser_pointer/laser_pointer.egg-info/SOURCES.txt'
[2.234s] writing manifest file '../../build/laser_pointer/laser_pointer.egg-info/SOURCES.txt'
[2.234s] running build
[2.234s] running build_py
[2.234s] running install
[2.235s] running install_lib
[2.237s] running install_data
[2.237s] running install_egg_info
[2.239s] removing '/home/chris/capstone/hitc_ws/install/laser_pointer/lib/python3.10/site-packages/laser_pointer-0.0.0-py3.10.egg-info' (and everything under it)
[2.239s] Copying ../../build/laser_pointer/laser_pointer.egg-info to /home/chris/capstone/hitc_ws/install/laser_pointer/lib/python3.10/site-packages/laser_pointer-0.0.0-py3.10.egg-info
[2.241s] running install_scripts
[2.270s] Installing laser_pointer script to /home/chris/capstone/hitc_ws/install/laser_pointer/lib/laser_pointer
[2.270s] Installing position_publisher script to /home/chris/capstone/hitc_ws/install/laser_pointer/lib/laser_pointer
[2.270s] Installing servo_position script to /home/chris/capstone/hitc_ws/install/laser_pointer/lib/laser_pointer
[2.271s] writing list of installed files to '/home/chris/capstone/hitc_ws/build/laser_pointer/install.log'
[2.315s] Invoked command in '/home/chris/capstone/hitc_ws/src/laser_pointer' returned '0': PYTHONPATH=/home/chris/capstone/hitc_ws/build/laser_pointer/prefix_override:/home/chris/capstone/hitc_ws/install/laser_pointer/lib/python3.10/site-packages:${PYTHONPATH} /usr/bin/python3 -W ignore:setup.py install is deprecated setup.py egg_info --egg-base ../../build/laser_pointer build --build-base /home/chris/capstone/hitc_ws/build/laser_pointer/build install --record /home/chris/capstone/hitc_ws/build/laser_pointer/install.log --single-version-externally-managed install_data
