[1.919s] Invoking command in '/home/chris/capstone/hitc_ws/src/camera_capture': PYTHONPATH=/home/chris/capstone/hitc_ws/build/camera_capture/prefix_override:/home/chris/capstone/hitc_ws/install/camera_capture/lib/python3.10/site-packages:${PYTHONPATH} /usr/bin/python3 -W ignore:setup.py install is deprecated setup.py egg_info --egg-base ../../build/camera_capture build --build-base /home/chris/capstone/hitc_ws/build/camera_capture/build install --record /home/chris/capstone/hitc_ws/build/camera_capture/install.log --single-version-externally-managed install_data
[2.206s] running egg_info
[2.206s] writing ../../build/camera_capture/camera_capture.egg-info/PKG-INFO
[2.207s] writing dependency_links to ../../build/camera_capture/camera_capture.egg-info/dependency_links.txt
[2.207s] writing entry points to ../../build/camera_capture/camera_capture.egg-info/entry_points.txt
[2.207s] writing requirements to ../../build/camera_capture/camera_capture.egg-info/requires.txt
[2.207s] writing top-level names to ../../build/camera_capture/camera_capture.egg-info/top_level.txt
[2.209s] reading manifest file '../../build/camera_capture/camera_capture.egg-info/SOURCES.txt'
[2.210s] writing manifest file '../../build/camera_capture/camera_capture.egg-info/SOURCES.txt'
[2.210s] running build
[2.210s] running build_py
[2.210s] running install
[2.210s] running install_lib
[2.212s] running install_data
[2.212s] running install_egg_info
[2.213s] removing '/home/chris/capstone/hitc_ws/install/camera_capture/lib/python3.10/site-packages/camera_capture-0.0.0-py3.10.egg-info' (and everything under it)
[2.214s] Copying ../../build/camera_capture/camera_capture.egg-info to /home/chris/capstone/hitc_ws/install/camera_capture/lib/python3.10/site-packages/camera_capture-0.0.0-py3.10.egg-info
[2.214s] running install_scripts
[2.234s] Installing camera_capture script to /home/chris/capstone/hitc_ws/install/camera_capture/lib/camera_capture
[2.234s] Installing image_proccessing script to /home/chris/capstone/hitc_ws/install/camera_capture/lib/camera_capture
[2.234s] Installing motor_controller script to /home/chris/capstone/hitc_ws/install/camera_capture/lib/camera_capture
[2.234s] Installing safety_system script to /home/chris/capstone/hitc_ws/install/camera_capture/lib/camera_capture
[2.234s] writing list of installed files to '/home/chris/capstone/hitc_ws/build/camera_capture/install.log'
[2.271s] Invoked command in '/home/chris/capstone/hitc_ws/src/camera_capture' returned '0': PYTHONPATH=/home/chris/capstone/hitc_ws/build/camera_capture/prefix_override:/home/chris/capstone/hitc_ws/install/camera_capture/lib/python3.10/site-packages:${PYTHONPATH} /usr/bin/python3 -W ignore:setup.py install is deprecated setup.py egg_info --egg-base ../../build/camera_capture build --build-base /home/chris/capstone/hitc_ws/build/camera_capture/build install --record /home/chris/capstone/hitc_ws/build/camera_capture/install.log --single-version-externally-managed install_data
