[11.724s] Invoking command in '/home/chris/capstone/hitc_ws/src/image_processing': PYTHONPATH=/home/chris/capstone/hitc_ws/build/image_processing/prefix_override:/home/chris/capstone/hitc_ws/install/image_processing/lib/python3.10/site-packages:${PYTHONPATH} /usr/bin/python3 setup.py egg_info --egg-base ../../build/image_processing build --build-base /home/chris/capstone/hitc_ws/build/image_processing/build install --record /home/chris/capstone/hitc_ws/build/image_processing/install.log --single-version-externally-managed
[13.758s] running egg_info
[13.769s] creating ../../build/image_processing/image_processing.egg-info
[13.784s] writing ../../build/image_processing/image_processing.egg-info/PKG-INFO
[13.796s] writing dependency_links to ../../build/image_processing/image_processing.egg-info/dependency_links.txt
[13.800s] writing entry points to ../../build/image_processing/image_processing.egg-info/entry_points.txt
[13.804s] writing requirements to ../../build/image_processing/image_processing.egg-info/requires.txt
[13.807s] writing top-level names to ../../build/image_processing/image_processing.egg-info/top_level.txt
[13.810s] writing manifest file '../../build/image_processing/image_processing.egg-info/SOURCES.txt'
[13.839s] reading manifest file '../../build/image_processing/image_processing.egg-info/SOURCES.txt'
[13.867s] writing manifest file '../../build/image_processing/image_processing.egg-info/SOURCES.txt'
[13.875s] running build
[13.876s] running build_py
[13.883s] creating /home/chris/capstone/hitc_ws/build/image_processing/build
[13.884s] creating /home/chris/capstone/hitc_ws/build/image_processing/build/lib
[13.884s] creating /home/chris/capstone/hitc_ws/build/image_processing/build/lib/image_processing
[13.885s] copying image_processing/__init__.py -> /home/chris/capstone/hitc_ws/build/image_processing/build/lib/image_processing
[13.901s] running install
[13.902s] running install_lib
[13.904s] creating /home/chris/capstone/hitc_ws/install/image_processing/lib/python3.10/site-packages/image_processing
[13.906s] copying /home/chris/capstone/hitc_ws/build/image_processing/build/lib/image_processing/__init__.py -> /home/chris/capstone/hitc_ws/install/image_processing/lib/python3.10/site-packages/image_processing
[13.908s] byte-compiling /home/chris/capstone/hitc_ws/install/image_processing/lib/python3.10/site-packages/image_processing/__init__.py to __init__.cpython-310.pyc
[13.909s] running install_data
[13.909s] creating /home/chris/capstone/hitc_ws/install/image_processing/share/ament_index
[13.910s] creating /home/chris/capstone/hitc_ws/install/image_processing/share/ament_index/resource_index
[13.916s] creating /home/chris/capstone/hitc_ws/install/image_processing/share/ament_index/resource_index/packages
[13.916s] copying resource/image_processing -> /home/chris/capstone/hitc_ws/install/image_processing/share/ament_index/resource_index/packages
[13.917s] copying package.xml -> /home/chris/capstone/hitc_ws/install/image_processing/share/image_processing
[13.918s] running install_egg_info
[13.919s] Copying ../../build/image_processing/image_processing.egg-info to /home/chris/capstone/hitc_ws/install/image_processing/lib/python3.10/site-packages/image_processing-0.0.0-py3.10.egg-info
[13.934s] running install_scripts
[14.029s] writing list of installed files to '/home/chris/capstone/hitc_ws/build/image_processing/install.log'
[16.352s] Invoked command in '/home/chris/capstone/hitc_ws/src/image_processing' returned '0': PYTHONPATH=/home/chris/capstone/hitc_ws/build/image_processing/prefix_override:/home/chris/capstone/hitc_ws/install/image_processing/lib/python3.10/site-packages:${PYTHONPATH} /usr/bin/python3 setup.py egg_info --egg-base ../../build/image_processing build --build-base /home/chris/capstone/hitc_ws/build/image_processing/build install --record /home/chris/capstone/hitc_ws/build/image_processing/install.log --single-version-externally-managed
