[4.641s] Invoking command in '/home/chris/capstone/hitc_ws/src/camera_capture': PYTHONPATH=/home/chris/capstone/hitc_ws/build/camera_capture/prefix_override:/home/chris/capstone/hitc_ws/install/camera_capture/lib/python3.10/site-packages:${PYTHONPATH} /usr/bin/python3 setup.py egg_info --egg-base ../../build/camera_capture build --build-base /home/chris/capstone/hitc_ws/build/camera_capture/build install --record /home/chris/capstone/hitc_ws/build/camera_capture/install.log --single-version-externally-managed
[6.143s] running egg_info
[6.146s] writing ../../build/camera_capture/camera_capture.egg-info/PKG-INFO
[6.148s] writing dependency_links to ../../build/camera_capture/camera_capture.egg-info/dependency_links.txt
[6.149s] writing entry points to ../../build/camera_capture/camera_capture.egg-info/entry_points.txt
[6.150s] writing requirements to ../../build/camera_capture/camera_capture.egg-info/requires.txt
[6.150s] writing top-level names to ../../build/camera_capture/camera_capture.egg-info/top_level.txt
[6.160s] reading manifest file '../../build/camera_capture/camera_capture.egg-info/SOURCES.txt'
[6.164s] writing manifest file '../../build/camera_capture/camera_capture.egg-info/SOURCES.txt'
[6.165s] running build
[6.166s] running build_py
[6.166s] copying camera_capture/human_checker.py -> /home/chris/capstone/hitc_ws/build/camera_capture/build/lib/camera_capture
[6.169s] running install
[6.170s] running install_lib
[6.174s] copying /home/chris/capstone/hitc_ws/build/camera_capture/build/lib/camera_capture/human_checker.py -> /home/chris/capstone/hitc_ws/install/camera_capture/lib/python3.10/site-packages/camera_capture
[6.178s] byte-compiling /home/chris/capstone/hitc_ws/install/camera_capture/lib/python3.10/site-packages/camera_capture/human_checker.py to human_checker.cpython-310.pyc
[6.183s] running install_data
[6.189s] running install_egg_info
[6.198s] removing '/home/chris/capstone/hitc_ws/install/camera_capture/lib/python3.10/site-packages/camera_capture-0.0.0-py3.10.egg-info' (and everything under it)
[6.201s] Copying ../../build/camera_capture/camera_capture.egg-info to /home/chris/capstone/hitc_ws/install/camera_capture/lib/python3.10/site-packages/camera_capture-0.0.0-py3.10.egg-info
[6.208s] running install_scripts
[6.303s] Installing camera_capture script to /home/chris/capstone/hitc_ws/install/camera_capture/lib/camera_capture
[6.304s] Installing human_checker script to /home/chris/capstone/hitc_ws/install/camera_capture/lib/camera_capture
[6.305s] Installing image_proccessing script to /home/chris/capstone/hitc_ws/install/camera_capture/lib/camera_capture
[6.307s] writing list of installed files to '/home/chris/capstone/hitc_ws/build/camera_capture/install.log'
[6.450s] Invoked command in '/home/chris/capstone/hitc_ws/src/camera_capture' returned '0': PYTHONPATH=/home/chris/capstone/hitc_ws/build/camera_capture/prefix_override:/home/chris/capstone/hitc_ws/install/camera_capture/lib/python3.10/site-packages:${PYTHONPATH} /usr/bin/python3 setup.py egg_info --egg-base ../../build/camera_capture build --build-base /home/chris/capstone/hitc_ws/build/camera_capture/build install --record /home/chris/capstone/hitc_ws/build/camera_capture/install.log --single-version-externally-managed
