[12.299s] Invoking command in '/home/chris/capstone/hitc_ws/src/laser_pointer': PYTHONPATH=/home/chris/capstone/hitc_ws/build/laser_pointer/prefix_override:/home/chris/capstone/hitc_ws/install/laser_pointer/lib/python3.10/site-packages:${PYTHONPATH} /usr/bin/python3 setup.py egg_info --egg-base ../../build/laser_pointer build --build-base /home/chris/capstone/hitc_ws/build/laser_pointer/build install --record /home/chris/capstone/hitc_ws/build/laser_pointer/install.log --single-version-externally-managed
[15.245s] running egg_info
[15.251s] writing ../../build/laser_pointer/laser_pointer.egg-info/PKG-INFO
[15.276s] writing dependency_links to ../../build/laser_pointer/laser_pointer.egg-info/dependency_links.txt
[15.278s] writing entry points to ../../build/laser_pointer/laser_pointer.egg-info/entry_points.txt
[15.278s] writing requirements to ../../build/laser_pointer/laser_pointer.egg-info/requires.txt
[15.280s] writing top-level names to ../../build/laser_pointer/laser_pointer.egg-info/top_level.txt
[15.303s] reading manifest file '../../build/laser_pointer/laser_pointer.egg-info/SOURCES.txt'
[15.314s] writing manifest file '../../build/laser_pointer/laser_pointer.egg-info/SOURCES.txt'
[15.319s] running build
[15.321s] running build_py
[15.327s] running install
[15.333s] running install_lib
[15.347s] running install_data
[15.355s] running install_egg_info
[15.372s] removing '/home/chris/capstone/hitc_ws/install/laser_pointer/lib/python3.10/site-packages/laser_pointer-0.0.0-py3.10.egg-info' (and everything under it)
[15.391s] Copying ../../build/laser_pointer/laser_pointer.egg-info to /home/chris/capstone/hitc_ws/install/laser_pointer/lib/python3.10/site-packages/laser_pointer-0.0.0-py3.10.egg-info
[15.443s] running install_scripts
[15.766s] Installing laser_pointer script to /home/chris/capstone/hitc_ws/install/laser_pointer/lib/laser_pointer
[15.775s] writing list of installed files to '/home/chris/capstone/hitc_ws/build/laser_pointer/install.log'
[16.836s] Invoked command in '/home/chris/capstone/hitc_ws/src/laser_pointer' returned '0': PYTHONPATH=/home/chris/capstone/hitc_ws/build/laser_pointer/prefix_override:/home/chris/capstone/hitc_ws/install/laser_pointer/lib/python3.10/site-packages:${PYTHONPATH} /usr/bin/python3 setup.py egg_info --egg-base ../../build/laser_pointer build --build-base /home/chris/capstone/hitc_ws/build/laser_pointer/build install --record /home/chris/capstone/hitc_ws/build/laser_pointer/install.log --single-version-externally-managed
