[3.025s] Invoking command in '/home/chris/capstone/hitc_ws/src/path_planner': PYTHONPATH=/home/chris/capstone/hitc_ws/build/path_planner/prefix_override:/home/chris/capstone/hitc_ws/install/path_planner/lib/python3.10/site-packages:${PYTHONPATH} /usr/bin/python3 setup.py egg_info --egg-base ../../build/path_planner build --build-base /home/chris/capstone/hitc_ws/build/path_planner/build install --record /home/chris/capstone/hitc_ws/build/path_planner/install.log --single-version-externally-managed
[3.302s] running egg_info
[3.302s] writing ../../build/path_planner/path_planner.egg-info/PKG-INFO
[3.303s] writing dependency_links to ../../build/path_planner/path_planner.egg-info/dependency_links.txt
[3.303s] writing entry points to ../../build/path_planner/path_planner.egg-info/entry_points.txt
[3.303s] writing requirements to ../../build/path_planner/path_planner.egg-info/requires.txt
[3.303s] writing top-level names to ../../build/path_planner/path_planner.egg-info/top_level.txt
[3.306s] reading manifest file '../../build/path_planner/path_planner.egg-info/SOURCES.txt'
[3.308s] writing manifest file '../../build/path_planner/path_planner.egg-info/SOURCES.txt'
[3.308s] running build
[3.308s] running build_py
[3.309s] running install
[3.309s] running install_lib
[3.311s] running install_data
[3.312s] running install_egg_info
[3.314s] removing '/home/chris/capstone/hitc_ws/install/path_planner/lib/python3.10/site-packages/path_planner-0.0.0-py3.10.egg-info' (and everything under it)
[3.315s] Copying ../../build/path_planner/path_planner.egg-info to /home/chris/capstone/hitc_ws/install/path_planner/lib/python3.10/site-packages/path_planner-0.0.0-py3.10.egg-info
[3.316s] running install_scripts
[3.337s] writing list of installed files to '/home/chris/capstone/hitc_ws/build/path_planner/install.log'
[3.525s] Invoked command in '/home/chris/capstone/hitc_ws/src/path_planner' returned '0': PYTHONPATH=/home/chris/capstone/hitc_ws/build/path_planner/prefix_override:/home/chris/capstone/hitc_ws/install/path_planner/lib/python3.10/site-packages:${PYTHONPATH} /usr/bin/python3 setup.py egg_info --egg-base ../../build/path_planner build --build-base /home/chris/capstone/hitc_ws/build/path_planner/build install --record /home/chris/capstone/hitc_ws/build/path_planner/install.log --single-version-externally-managed
