[4.507s] DEBUG:colcon:Command line arguments: ['/usr/bin/colcon', 'build']
[4.507s] DEBUG:colcon:Parsed command line arguments: Namespace(log_base=None, log_level=None, verb_name='build', build_base='build', install_base='install', merge_install=False, symlink_install=False, test_result_base=None, continue_on_error=False, executor='parallel', parallel_workers=4, event_handlers=None, ignore_user_meta=False, metas=['./colcon.meta'], base_paths=['.'], packages_ignore=None, packages_ignore_regex=None, paths=None, packages_up_to=None, packages_up_to_regex=None, packages_above=None, packages_above_and_dependencies=None, packages_above_depth=None, packages_select_by_dep=None, packages_skip_by_dep=None, packages_skip_up_to=None, packages_select_build_failed=False, packages_skip_build_finished=False, packages_select_test_failures=False, packages_skip_test_passed=False, packages_select=None, packages_skip=None, packages_select_regex=None, packages_skip_regex=None, packages_start=None, packages_end=None, allow_overriding=[], cmake_args=None, cmake_target=None, cmake_target_skip_unavailable=False, cmake_clean_cache=False, cmake_clean_first=False, cmake_force_configure=False, ament_cmake_args=None, catkin_cmake_args=None, catkin_skip_building_tests=False, verb_parser=<colcon_defaults.argument_parser.defaults.DefaultArgumentsDecorator object at 0xffffaa03bf10>, verb_extension=<colcon_core.verb.build.BuildVerb object at 0xffffaa003dc0>, main=<bound method BuildVerb.main of <colcon_core.verb.build.BuildVerb object at 0xffffaa003dc0>>)
[4.737s] Level 1:colcon.colcon_core.package_discovery:discover_packages(colcon_meta) check parameters
[4.737s] Level 1:colcon.colcon_core.package_discovery:discover_packages(recursive) check parameters
[4.738s] Level 1:colcon.colcon_core.package_discovery:discover_packages(ignore) check parameters
[4.738s] Level 1:colcon.colcon_core.package_discovery:discover_packages(path) check parameters
[4.738s] Level 1:colcon.colcon_core.package_discovery:discover_packages(colcon_meta) discover
[4.738s] Level 1:colcon.colcon_core.package_discovery:discover_packages(recursive) discover
[4.738s] INFO:colcon.colcon_core.package_discovery:Crawling recursively for packages in '/home/chris/capstone/hitc_ws'
[4.739s] Level 1:colcon.colcon_core.package_identification:_identify(.) by extensions ['ignore', 'ignore_ament_install']
[4.739s] Level 1:colcon.colcon_core.package_identification:_identify(.) by extension 'ignore'
[4.739s] Level 1:colcon.colcon_core.package_identification:_identify(.) by extension 'ignore_ament_install'
[4.740s] Level 1:colcon.colcon_core.package_identification:_identify(.) by extensions ['colcon_pkg']
[4.740s] Level 1:colcon.colcon_core.package_identification:_identify(.) by extension 'colcon_pkg'
[4.740s] Level 1:colcon.colcon_core.package_identification:_identify(.) by extensions ['colcon_meta']
[4.740s] Level 1:colcon.colcon_core.package_identification:_identify(.) by extension 'colcon_meta'
[4.740s] Level 1:colcon.colcon_core.package_identification:_identify(.) by extensions ['ros']
[4.741s] Level 1:colcon.colcon_core.package_identification:_identify(.) by extension 'ros'
[4.785s] Level 1:colcon.colcon_core.package_identification:_identify(.) by extensions ['cmake', 'python']
[4.785s] Level 1:colcon.colcon_core.package_identification:_identify(.) by extension 'cmake'
[4.786s] Level 1:colcon.colcon_core.package_identification:_identify(.) by extension 'python'
[4.786s] Level 1:colcon.colcon_core.package_identification:_identify(.) by extensions ['python_setup_py']
[4.786s] Level 1:colcon.colcon_core.package_identification:_identify(.) by extension 'python_setup_py'
[4.786s] Level 1:colcon.colcon_core.package_identification:_identify(build) by extensions ['ignore', 'ignore_ament_install']
[4.787s] Level 1:colcon.colcon_core.package_identification:_identify(build) by extension 'ignore'
[4.787s] Level 1:colcon.colcon_core.package_identification:_identify(build) ignored
[4.788s] Level 1:colcon.colcon_core.package_identification:_identify(install) by extensions ['ignore', 'ignore_ament_install']
[4.788s] Level 1:colcon.colcon_core.package_identification:_identify(install) by extension 'ignore'
[4.789s] Level 1:colcon.colcon_core.package_identification:_identify(install) ignored
[4.789s] Level 1:colcon.colcon_core.package_identification:_identify(log) by extensions ['ignore', 'ignore_ament_install']
[4.789s] Level 1:colcon.colcon_core.package_identification:_identify(log) by extension 'ignore'
[4.790s] Level 1:colcon.colcon_core.package_identification:_identify(log) ignored
[4.790s] Level 1:colcon.colcon_core.package_identification:_identify(src) by extensions ['ignore', 'ignore_ament_install']
[4.790s] Level 1:colcon.colcon_core.package_identification:_identify(src) by extension 'ignore'
[4.791s] Level 1:colcon.colcon_core.package_identification:_identify(src) by extension 'ignore_ament_install'
[4.791s] Level 1:colcon.colcon_core.package_identification:_identify(src) by extensions ['colcon_pkg']
[4.791s] Level 1:colcon.colcon_core.package_identification:_identify(src) by extension 'colcon_pkg'
[4.791s] Level 1:colcon.colcon_core.package_identification:_identify(src) by extensions ['colcon_meta']
[4.791s] Level 1:colcon.colcon_core.package_identification:_identify(src) by extension 'colcon_meta'
[4.792s] Level 1:colcon.colcon_core.package_identification:_identify(src) by extensions ['ros']
[4.792s] Level 1:colcon.colcon_core.package_identification:_identify(src) by extension 'ros'
[4.792s] Level 1:colcon.colcon_core.package_identification:_identify(src) by extensions ['cmake', 'python']
[4.792s] Level 1:colcon.colcon_core.package_identification:_identify(src) by extension 'cmake'
[4.792s] Level 1:colcon.colcon_core.package_identification:_identify(src) by extension 'python'
[4.793s] Level 1:colcon.colcon_core.package_identification:_identify(src) by extensions ['python_setup_py']
[4.793s] Level 1:colcon.colcon_core.package_identification:_identify(src) by extension 'python_setup_py'
[4.793s] Level 1:colcon.colcon_core.package_identification:_identify(src/camera_capture) by extensions ['ignore', 'ignore_ament_install']
[4.794s] Level 1:colcon.colcon_core.package_identification:_identify(src/camera_capture) by extension 'ignore'
[4.794s] Level 1:colcon.colcon_core.package_identification:_identify(src/camera_capture) by extension 'ignore_ament_install'
[4.794s] Level 1:colcon.colcon_core.package_identification:_identify(src/camera_capture) by extensions ['colcon_pkg']
[4.794s] Level 1:colcon.colcon_core.package_identification:_identify(src/camera_capture) by extension 'colcon_pkg'
[4.795s] Level 1:colcon.colcon_core.package_identification:_identify(src/camera_capture) by extensions ['colcon_meta']
[4.795s] Level 1:colcon.colcon_core.package_identification:_identify(src/camera_capture) by extension 'colcon_meta'
[4.795s] Level 1:colcon.colcon_core.package_identification:_identify(src/camera_capture) by extensions ['ros']
[4.795s] Level 1:colcon.colcon_core.package_identification:_identify(src/camera_capture) by extension 'ros'
[4.804s] DEBUG:colcon.colcon_core.package_identification:Package 'src/camera_capture' with type 'ros.ament_python' and name 'camera_capture'
[4.805s] Level 1:colcon.colcon_core.package_identification:_identify(src/image_processing) by extensions ['ignore', 'ignore_ament_install']
[4.805s] Level 1:colcon.colcon_core.package_identification:_identify(src/image_processing) by extension 'ignore'
[4.806s] Level 1:colcon.colcon_core.package_identification:_identify(src/image_processing) by extension 'ignore_ament_install'
[4.806s] Level 1:colcon.colcon_core.package_identification:_identify(src/image_processing) by extensions ['colcon_pkg']
[4.806s] Level 1:colcon.colcon_core.package_identification:_identify(src/image_processing) by extension 'colcon_pkg'
[4.806s] Level 1:colcon.colcon_core.package_identification:_identify(src/image_processing) by extensions ['colcon_meta']
[4.806s] Level 1:colcon.colcon_core.package_identification:_identify(src/image_processing) by extension 'colcon_meta'
[4.807s] Level 1:colcon.colcon_core.package_identification:_identify(src/image_processing) by extensions ['ros']
[4.807s] Level 1:colcon.colcon_core.package_identification:_identify(src/image_processing) by extension 'ros'
[4.809s] DEBUG:colcon.colcon_core.package_identification:Package 'src/image_processing' with type 'ros.ament_python' and name 'image_processing'
[4.810s] Level 1:colcon.colcon_core.package_identification:_identify(src/laser_pointer) by extensions ['ignore', 'ignore_ament_install']
[4.810s] Level 1:colcon.colcon_core.package_identification:_identify(src/laser_pointer) by extension 'ignore'
[4.810s] Level 1:colcon.colcon_core.package_identification:_identify(src/laser_pointer) by extension 'ignore_ament_install'
[4.811s] Level 1:colcon.colcon_core.package_identification:_identify(src/laser_pointer) by extensions ['colcon_pkg']
[4.811s] Level 1:colcon.colcon_core.package_identification:_identify(src/laser_pointer) by extension 'colcon_pkg'
[4.811s] Level 1:colcon.colcon_core.package_identification:_identify(src/laser_pointer) by extensions ['colcon_meta']
[4.811s] Level 1:colcon.colcon_core.package_identification:_identify(src/laser_pointer) by extension 'colcon_meta'
[4.811s] Level 1:colcon.colcon_core.package_identification:_identify(src/laser_pointer) by extensions ['ros']
[4.811s] Level 1:colcon.colcon_core.package_identification:_identify(src/laser_pointer) by extension 'ros'
[4.814s] DEBUG:colcon.colcon_core.package_identification:Package 'src/laser_pointer' with type 'ros.ament_python' and name 'laser_pointer'
[4.814s] Level 1:colcon.colcon_core.package_identification:_identify(src/path_planner) by extensions ['ignore', 'ignore_ament_install']
[4.815s] Level 1:colcon.colcon_core.package_identification:_identify(src/path_planner) by extension 'ignore'
[4.815s] Level 1:colcon.colcon_core.package_identification:_identify(src/path_planner) by extension 'ignore_ament_install'
[4.815s] Level 1:colcon.colcon_core.package_identification:_identify(src/path_planner) by extensions ['colcon_pkg']
[4.815s] Level 1:colcon.colcon_core.package_identification:_identify(src/path_planner) by extension 'colcon_pkg'
[4.816s] Level 1:colcon.colcon_core.package_identification:_identify(src/path_planner) by extensions ['colcon_meta']
[4.816s] Level 1:colcon.colcon_core.package_identification:_identify(src/path_planner) by extension 'colcon_meta'
[4.816s] Level 1:colcon.colcon_core.package_identification:_identify(src/path_planner) by extensions ['ros']
[4.816s] Level 1:colcon.colcon_core.package_identification:_identify(src/path_planner) by extension 'ros'
[4.818s] DEBUG:colcon.colcon_core.package_identification:Package 'src/path_planner' with type 'ros.ament_python' and name 'path_planner'
[4.819s] Level 1:colcon.colcon_core.package_identification:_identify(src/testing_motors) by extensions ['ignore', 'ignore_ament_install']
[4.819s] Level 1:colcon.colcon_core.package_identification:_identify(src/testing_motors) by extension 'ignore'
[4.820s] Level 1:colcon.colcon_core.package_identification:_identify(src/testing_motors) by extension 'ignore_ament_install'
[4.820s] Level 1:colcon.colcon_core.package_identification:_identify(src/testing_motors) by extensions ['colcon_pkg']
[4.820s] Level 1:colcon.colcon_core.package_identification:_identify(src/testing_motors) by extension 'colcon_pkg'
[4.820s] Level 1:colcon.colcon_core.package_identification:_identify(src/testing_motors) by extensions ['colcon_meta']
[4.820s] Level 1:colcon.colcon_core.package_identification:_identify(src/testing_motors) by extension 'colcon_meta'
[4.821s] Level 1:colcon.colcon_core.package_identification:_identify(src/testing_motors) by extensions ['ros']
[4.821s] Level 1:colcon.colcon_core.package_identification:_identify(src/testing_motors) by extension 'ros'
[4.823s] DEBUG:colcon.colcon_core.package_identification:Package 'src/testing_motors' with type 'ros.ament_python' and name 'testing_motors'
[4.823s] Level 1:colcon.colcon_core.package_discovery:discover_packages(recursive) using defaults
[4.823s] Level 1:colcon.colcon_core.package_discovery:discover_packages(ignore) discover
[4.823s] Level 1:colcon.colcon_core.package_discovery:discover_packages(ignore) using defaults
[4.824s] Level 1:colcon.colcon_core.package_discovery:discover_packages(path) discover
[4.824s] Level 1:colcon.colcon_core.package_discovery:discover_packages(path) using defaults
[5.311s] Level 1:colcon.colcon_core.package_discovery:discover_packages(prefix_path) check parameters
[5.312s] Level 1:colcon.colcon_core.package_discovery:discover_packages(prefix_path) discover
[5.511s] DEBUG:colcon.colcon_installed_package_information.package_discovery:Found 1 installed packages in /home/chris/capstone/hitc_ws/install
[5.582s] DEBUG:colcon.colcon_installed_package_information.package_discovery:Found 270 installed packages in /opt/ros/humble
[5.588s] Level 1:colcon.colcon_core.package_discovery:discover_packages(prefix_path) using defaults
[6.033s] Level 5:colcon.colcon_core.verb:set package 'camera_capture' build argument 'cmake_args' from command line to 'None'
[6.033s] Level 5:colcon.colcon_core.verb:set package 'camera_capture' build argument 'cmake_target' from command line to 'None'
[6.033s] Level 5:colcon.colcon_core.verb:set package 'camera_capture' build argument 'cmake_target_skip_unavailable' from command line to 'False'
[6.033s] Level 5:colcon.colcon_core.verb:set package 'camera_capture' build argument 'cmake_clean_cache' from command line to 'False'
[6.033s] Level 5:colcon.colcon_core.verb:set package 'camera_capture' build argument 'cmake_clean_first' from command line to 'False'
[6.033s] Level 5:colcon.colcon_core.verb:set package 'camera_capture' build argument 'cmake_force_configure' from command line to 'False'
[6.033s] Level 5:colcon.colcon_core.verb:set package 'camera_capture' build argument 'ament_cmake_args' from command line to 'None'
[6.034s] Level 5:colcon.colcon_core.verb:set package 'camera_capture' build argument 'catkin_cmake_args' from command line to 'None'
[6.034s] Level 5:colcon.colcon_core.verb:set package 'camera_capture' build argument 'catkin_skip_building_tests' from command line to 'False'
[6.034s] DEBUG:colcon.colcon_core.verb:Building package 'camera_capture' with the following arguments: {'ament_cmake_args': None, 'build_base': '/home/chris/capstone/hitc_ws/build/camera_capture', 'catkin_cmake_args': None, 'catkin_skip_building_tests': False, 'cmake_args': None, 'cmake_clean_cache': False, 'cmake_clean_first': False, 'cmake_force_configure': False, 'cmake_target': None, 'cmake_target_skip_unavailable': False, 'install_base': '/home/chris/capstone/hitc_ws/install/camera_capture', 'merge_install': False, 'path': '/home/chris/capstone/hitc_ws/src/camera_capture', 'symlink_install': False, 'test_result_base': None}
[6.098s] Level 5:colcon.colcon_core.verb:set package 'image_processing' build argument 'cmake_args' from command line to 'None'
[6.098s] Level 5:colcon.colcon_core.verb:set package 'image_processing' build argument 'cmake_target' from command line to 'None'
[6.098s] Level 5:colcon.colcon_core.verb:set package 'image_processing' build argument 'cmake_target_skip_unavailable' from command line to 'False'
[6.098s] Level 5:colcon.colcon_core.verb:set package 'image_processing' build argument 'cmake_clean_cache' from command line to 'False'
[6.098s] Level 5:colcon.colcon_core.verb:set package 'image_processing' build argument 'cmake_clean_first' from command line to 'False'
[6.098s] Level 5:colcon.colcon_core.verb:set package 'image_processing' build argument 'cmake_force_configure' from command line to 'False'
[6.099s] Level 5:colcon.colcon_core.verb:set package 'image_processing' build argument 'ament_cmake_args' from command line to 'None'
[6.099s] Level 5:colcon.colcon_core.verb:set package 'image_processing' build argument 'catkin_cmake_args' from command line to 'None'
[6.099s] Level 5:colcon.colcon_core.verb:set package 'image_processing' build argument 'catkin_skip_building_tests' from command line to 'False'
[6.099s] DEBUG:colcon.colcon_core.verb:Building package 'image_processing' with the following arguments: {'ament_cmake_args': None, 'build_base': '/home/chris/capstone/hitc_ws/build/image_processing', 'catkin_cmake_args': None, 'catkin_skip_building_tests': False, 'cmake_args': None, 'cmake_clean_cache': False, 'cmake_clean_first': False, 'cmake_force_configure': False, 'cmake_target': None, 'cmake_target_skip_unavailable': False, 'install_base': '/home/chris/capstone/hitc_ws/install/image_processing', 'merge_install': False, 'path': '/home/chris/capstone/hitc_ws/src/image_processing', 'symlink_install': False, 'test_result_base': None}
[6.164s] Level 5:colcon.colcon_core.verb:set package 'laser_pointer' build argument 'cmake_args' from command line to 'None'
[6.164s] Level 5:colcon.colcon_core.verb:set package 'laser_pointer' build argument 'cmake_target' from command line to 'None'
[6.164s] Level 5:colcon.colcon_core.verb:set package 'laser_pointer' build argument 'cmake_target_skip_unavailable' from command line to 'False'
[6.165s] Level 5:colcon.colcon_core.verb:set package 'laser_pointer' build argument 'cmake_clean_cache' from command line to 'False'
[6.165s] Level 5:colcon.colcon_core.verb:set package 'laser_pointer' build argument 'cmake_clean_first' from command line to 'False'
[6.165s] Level 5:colcon.colcon_core.verb:set package 'laser_pointer' build argument 'cmake_force_configure' from command line to 'False'
[6.165s] Level 5:colcon.colcon_core.verb:set package 'laser_pointer' build argument 'ament_cmake_args' from command line to 'None'
[6.166s] Level 5:colcon.colcon_core.verb:set package 'laser_pointer' build argument 'catkin_cmake_args' from command line to 'None'
[6.166s] Level 5:colcon.colcon_core.verb:set package 'laser_pointer' build argument 'catkin_skip_building_tests' from command line to 'False'
[6.166s] DEBUG:colcon.colcon_core.verb:Building package 'laser_pointer' with the following arguments: {'ament_cmake_args': None, 'build_base': '/home/chris/capstone/hitc_ws/build/laser_pointer', 'catkin_cmake_args': None, 'catkin_skip_building_tests': False, 'cmake_args': None, 'cmake_clean_cache': False, 'cmake_clean_first': False, 'cmake_force_configure': False, 'cmake_target': None, 'cmake_target_skip_unavailable': False, 'install_base': '/home/chris/capstone/hitc_ws/install/laser_pointer', 'merge_install': False, 'path': '/home/chris/capstone/hitc_ws/src/laser_pointer', 'symlink_install': False, 'test_result_base': None}
[6.231s] Level 5:colcon.colcon_core.verb:set package 'path_planner' build argument 'cmake_args' from command line to 'None'
[6.231s] Level 5:colcon.colcon_core.verb:set package 'path_planner' build argument 'cmake_target' from command line to 'None'
[6.231s] Level 5:colcon.colcon_core.verb:set package 'path_planner' build argument 'cmake_target_skip_unavailable' from command line to 'False'
[6.231s] Level 5:colcon.colcon_core.verb:set package 'path_planner' build argument 'cmake_clean_cache' from command line to 'False'
[6.231s] Level 5:colcon.colcon_core.verb:set package 'path_planner' build argument 'cmake_clean_first' from command line to 'False'
[6.231s] Level 5:colcon.colcon_core.verb:set package 'path_planner' build argument 'cmake_force_configure' from command line to 'False'
[6.231s] Level 5:colcon.colcon_core.verb:set package 'path_planner' build argument 'ament_cmake_args' from command line to 'None'
[6.232s] Level 5:colcon.colcon_core.verb:set package 'path_planner' build argument 'catkin_cmake_args' from command line to 'None'
[6.232s] Level 5:colcon.colcon_core.verb:set package 'path_planner' build argument 'catkin_skip_building_tests' from command line to 'False'
[6.232s] DEBUG:colcon.colcon_core.verb:Building package 'path_planner' with the following arguments: {'ament_cmake_args': None, 'build_base': '/home/chris/capstone/hitc_ws/build/path_planner', 'catkin_cmake_args': None, 'catkin_skip_building_tests': False, 'cmake_args': None, 'cmake_clean_cache': False, 'cmake_clean_first': False, 'cmake_force_configure': False, 'cmake_target': None, 'cmake_target_skip_unavailable': False, 'install_base': '/home/chris/capstone/hitc_ws/install/path_planner', 'merge_install': False, 'path': '/home/chris/capstone/hitc_ws/src/path_planner', 'symlink_install': False, 'test_result_base': None}
[6.297s] Level 5:colcon.colcon_core.verb:set package 'testing_motors' build argument 'cmake_args' from command line to 'None'
[6.297s] Level 5:colcon.colcon_core.verb:set package 'testing_motors' build argument 'cmake_target' from command line to 'None'
[6.297s] Level 5:colcon.colcon_core.verb:set package 'testing_motors' build argument 'cmake_target_skip_unavailable' from command line to 'False'
[6.298s] Level 5:colcon.colcon_core.verb:set package 'testing_motors' build argument 'cmake_clean_cache' from command line to 'False'
[6.298s] Level 5:colcon.colcon_core.verb:set package 'testing_motors' build argument 'cmake_clean_first' from command line to 'False'
[6.298s] Level 5:colcon.colcon_core.verb:set package 'testing_motors' build argument 'cmake_force_configure' from command line to 'False'
[6.298s] Level 5:colcon.colcon_core.verb:set package 'testing_motors' build argument 'ament_cmake_args' from command line to 'None'
[6.298s] Level 5:colcon.colcon_core.verb:set package 'testing_motors' build argument 'catkin_cmake_args' from command line to 'None'
[6.298s] Level 5:colcon.colcon_core.verb:set package 'testing_motors' build argument 'catkin_skip_building_tests' from command line to 'False'
[6.298s] DEBUG:colcon.colcon_core.verb:Building package 'testing_motors' with the following arguments: {'ament_cmake_args': None, 'build_base': '/home/chris/capstone/hitc_ws/build/testing_motors', 'catkin_cmake_args': None, 'catkin_skip_building_tests': False, 'cmake_args': None, 'cmake_clean_cache': False, 'cmake_clean_first': False, 'cmake_force_configure': False, 'cmake_target': None, 'cmake_target_skip_unavailable': False, 'install_base': '/home/chris/capstone/hitc_ws/install/testing_motors', 'merge_install': False, 'path': '/home/chris/capstone/hitc_ws/src/testing_motors', 'symlink_install': False, 'test_result_base': None}
[6.369s] INFO:colcon.colcon_core.executor:Executing jobs using 'parallel' executor
[6.437s] DEBUG:colcon.colcon_parallel_executor.executor.parallel:run_until_complete
[6.439s] INFO:colcon.colcon_ros.task.ament_python.build:Building ROS package in '/home/chris/capstone/hitc_ws/src/camera_capture' with build type 'ament_python'
[6.439s] Level 1:colcon.colcon_core.shell:create_environment_hook('camera_capture', 'ament_prefix_path')
[6.519s] INFO:colcon.colcon_core.plugin_system:Skipping extension 'colcon_core.shell.bat': Not used on non-Windows systems
[6.520s] INFO:colcon.colcon_core.shell:Creating environment hook '/home/chris/capstone/hitc_ws/install/camera_capture/share/camera_capture/hook/ament_prefix_path.ps1'
[6.523s] INFO:colcon.colcon_core.shell:Creating environment descriptor '/home/chris/capstone/hitc_ws/install/camera_capture/share/camera_capture/hook/ament_prefix_path.dsv'
[6.525s] INFO:colcon.colcon_core.shell:Creating environment hook '/home/chris/capstone/hitc_ws/install/camera_capture/share/camera_capture/hook/ament_prefix_path.sh'
[6.618s] INFO:colcon.colcon_core.shell:Skip shell extension 'powershell' for command environment: Not usable outside of PowerShell
[6.619s] DEBUG:colcon.colcon_core.shell:Skip shell extension 'dsv' for command environment
[6.849s] INFO:colcon.colcon_ros.task.ament_python.build:Building ROS package in '/home/chris/capstone/hitc_ws/src/image_processing' with build type 'ament_python'
[6.850s] Level 1:colcon.colcon_core.shell:create_environment_hook('image_processing', 'ament_prefix_path')
[6.926s] INFO:colcon.colcon_core.shell:Creating environment hook '/home/chris/capstone/hitc_ws/install/image_processing/share/image_processing/hook/ament_prefix_path.ps1'
[6.928s] INFO:colcon.colcon_core.shell:Creating environment descriptor '/home/chris/capstone/hitc_ws/install/image_processing/share/image_processing/hook/ament_prefix_path.dsv'
[6.930s] INFO:colcon.colcon_core.shell:Creating environment hook '/home/chris/capstone/hitc_ws/install/image_processing/share/image_processing/hook/ament_prefix_path.sh'
[7.019s] INFO:colcon.colcon_core.shell:Skip shell extension 'powershell' for command environment: Not usable outside of PowerShell
[7.020s] DEBUG:colcon.colcon_core.shell:Skip shell extension 'dsv' for command environment
[7.359s] INFO:colcon.colcon_ros.task.ament_python.build:Building ROS package in '/home/chris/capstone/hitc_ws/src/laser_pointer' with build type 'ament_python'
[7.361s] Level 1:colcon.colcon_core.shell:create_environment_hook('laser_pointer', 'ament_prefix_path')
[7.456s] INFO:colcon.colcon_core.shell:Creating environment hook '/home/chris/capstone/hitc_ws/install/laser_pointer/share/laser_pointer/hook/ament_prefix_path.ps1'
[7.458s] INFO:colcon.colcon_core.shell:Creating environment descriptor '/home/chris/capstone/hitc_ws/install/laser_pointer/share/laser_pointer/hook/ament_prefix_path.dsv'
[7.461s] INFO:colcon.colcon_core.shell:Creating environment hook '/home/chris/capstone/hitc_ws/install/laser_pointer/share/laser_pointer/hook/ament_prefix_path.sh'
[7.559s] INFO:colcon.colcon_core.shell:Skip shell extension 'powershell' for command environment: Not usable outside of PowerShell
[7.559s] DEBUG:colcon.colcon_core.shell:Skip shell extension 'dsv' for command environment
[7.943s] INFO:colcon.colcon_ros.task.ament_python.build:Building ROS package in '/home/chris/capstone/hitc_ws/src/path_planner' with build type 'ament_python'
[7.945s] Level 1:colcon.colcon_core.shell:create_environment_hook('path_planner', 'ament_prefix_path')
[8.043s] INFO:colcon.colcon_core.shell:Creating environment hook '/home/chris/capstone/hitc_ws/install/path_planner/share/path_planner/hook/ament_prefix_path.ps1'
[8.045s] INFO:colcon.colcon_core.shell:Creating environment descriptor '/home/chris/capstone/hitc_ws/install/path_planner/share/path_planner/hook/ament_prefix_path.dsv'
[8.046s] INFO:colcon.colcon_core.shell:Creating environment hook '/home/chris/capstone/hitc_ws/install/path_planner/share/path_planner/hook/ament_prefix_path.sh'
[8.121s] INFO:colcon.colcon_core.shell:Skip shell extension 'powershell' for command environment: Not usable outside of PowerShell
[8.122s] DEBUG:colcon.colcon_core.shell:Skip shell extension 'dsv' for command environment
[9.984s] INFO:colcon.colcon_core.task.python.build:Building Python package in '/home/chris/capstone/hitc_ws/src/camera_capture'
[10.058s] INFO:colcon.colcon_core.shell:Skip shell extension 'powershell' for command environment: Not usable outside of PowerShell
[10.058s] DEBUG:colcon.colcon_core.shell:Skip shell extension 'dsv' for command environment
[11.617s] INFO:colcon.colcon_core.task.python.build:Building Python package in '/home/chris/capstone/hitc_ws/src/image_processing'
[11.692s] INFO:colcon.colcon_core.shell:Skip shell extension 'powershell' for command environment: Not usable outside of PowerShell
[11.692s] DEBUG:colcon.colcon_core.shell:Skip shell extension 'dsv' for command environment
[13.236s] INFO:colcon.colcon_core.task.python.build:Building Python package in '/home/chris/capstone/hitc_ws/src/laser_pointer'
[13.310s] INFO:colcon.colcon_core.shell:Skip shell extension 'powershell' for command environment: Not usable outside of PowerShell
[13.310s] DEBUG:colcon.colcon_core.shell:Skip shell extension 'dsv' for command environment
[14.850s] INFO:colcon.colcon_core.task.python.build:Building Python package in '/home/chris/capstone/hitc_ws/src/path_planner'
[14.923s] INFO:colcon.colcon_core.shell:Skip shell extension 'powershell' for command environment: Not usable outside of PowerShell
[14.924s] DEBUG:colcon.colcon_core.shell:Skip shell extension 'dsv' for command environment
[18.281s] DEBUG:colcon.colcon_core.event_handler.log_command:Invoking command in '/home/chris/capstone/hitc_ws/src/camera_capture': PYTHONPATH=/home/chris/capstone/hitc_ws/build/camera_capture/prefix_override:/home/chris/capstone/hitc_ws/install/camera_capture/lib/python3.10/site-packages:${PYTHONPATH} /usr/bin/python3 setup.py egg_info --egg-base ../../build/camera_capture build --build-base /home/chris/capstone/hitc_ws/build/camera_capture/build install --record /home/chris/capstone/hitc_ws/build/camera_capture/install.log --single-version-externally-managed
[18.438s] DEBUG:colcon.colcon_core.event_handler.log_command:Invoking command in '/home/chris/capstone/hitc_ws/src/path_planner': PYTHONPATH=/home/chris/capstone/hitc_ws/build/path_planner/prefix_override:/home/chris/capstone/hitc_ws/install/path_planner/lib/python3.10/site-packages:${PYTHONPATH} /usr/bin/python3 setup.py egg_info --egg-base ../../build/path_planner build --build-base /home/chris/capstone/hitc_ws/build/path_planner/build install --record /home/chris/capstone/hitc_ws/build/path_planner/install.log --single-version-externally-managed
[18.530s] DEBUG:colcon.colcon_core.event_handler.log_command:Invoking command in '/home/chris/capstone/hitc_ws/src/laser_pointer': PYTHONPATH=/home/chris/capstone/hitc_ws/build/laser_pointer/prefix_override:/home/chris/capstone/hitc_ws/install/laser_pointer/lib/python3.10/site-packages:${PYTHONPATH} /usr/bin/python3 setup.py egg_info --egg-base ../../build/laser_pointer build --build-base /home/chris/capstone/hitc_ws/build/laser_pointer/build install --record /home/chris/capstone/hitc_ws/build/laser_pointer/install.log --single-version-externally-managed
[18.580s] DEBUG:colcon.colcon_core.event_handler.log_command:Invoking command in '/home/chris/capstone/hitc_ws/src/image_processing': PYTHONPATH=/home/chris/capstone/hitc_ws/build/image_processing/prefix_override:/home/chris/capstone/hitc_ws/install/image_processing/lib/python3.10/site-packages:${PYTHONPATH} /usr/bin/python3 setup.py egg_info --egg-base ../../build/image_processing build --build-base /home/chris/capstone/hitc_ws/build/image_processing/build install --record /home/chris/capstone/hitc_ws/build/image_processing/install.log --single-version-externally-managed
[21.034s] DEBUG:colcon.colcon_core.event_handler.log_command:Invoked command in '/home/chris/capstone/hitc_ws/src/camera_capture' returned '0': PYTHONPATH=/home/chris/capstone/hitc_ws/build/camera_capture/prefix_override:/home/chris/capstone/hitc_ws/install/camera_capture/lib/python3.10/site-packages:${PYTHONPATH} /usr/bin/python3 setup.py egg_info --egg-base ../../build/camera_capture build --build-base /home/chris/capstone/hitc_ws/build/camera_capture/build install --record /home/chris/capstone/hitc_ws/build/camera_capture/install.log --single-version-externally-managed
[21.482s] Level 1:colcon.colcon_core.environment:checking '/home/chris/capstone/hitc_ws/install/camera_capture' for CMake module files
[21.485s] Level 1:colcon.colcon_core.environment:checking '/home/chris/capstone/hitc_ws/install/camera_capture' for CMake config files
[21.489s] Level 1:colcon.colcon_core.environment:checking '/home/chris/capstone/hitc_ws/install/camera_capture/lib'
[21.490s] Level 1:colcon.colcon_core.environment:checking '/home/chris/capstone/hitc_ws/install/camera_capture/bin'
[21.491s] Level 1:colcon.colcon_core.environment:checking '/home/chris/capstone/hitc_ws/install/camera_capture/lib/pkgconfig/camera_capture.pc'
[21.492s] Level 1:colcon.colcon_core.environment:checking '/home/chris/capstone/hitc_ws/install/camera_capture/lib/python3.10/site-packages'
[21.493s] Level 1:colcon.colcon_core.shell:create_environment_hook('camera_capture', 'pythonpath')
[21.597s] INFO:colcon.colcon_core.shell:Creating environment hook '/home/chris/capstone/hitc_ws/install/camera_capture/share/camera_capture/hook/pythonpath.ps1'
[21.600s] INFO:colcon.colcon_core.shell:Creating environment descriptor '/home/chris/capstone/hitc_ws/install/camera_capture/share/camera_capture/hook/pythonpath.dsv'
[21.602s] INFO:colcon.colcon_core.shell:Creating environment hook '/home/chris/capstone/hitc_ws/install/camera_capture/share/camera_capture/hook/pythonpath.sh'
[21.605s] Level 1:colcon.colcon_core.environment:checking '/home/chris/capstone/hitc_ws/install/camera_capture/bin'
[21.605s] Level 1:colcon.colcon_core.environment:create_environment_scripts_only(camera_capture)
[21.727s] INFO:colcon.colcon_core.shell:Creating package script '/home/chris/capstone/hitc_ws/install/camera_capture/share/camera_capture/package.ps1'
[21.730s] INFO:colcon.colcon_core.shell:Creating package descriptor '/home/chris/capstone/hitc_ws/install/camera_capture/share/camera_capture/package.dsv'
[21.734s] INFO:colcon.colcon_core.shell:Creating package script '/home/chris/capstone/hitc_ws/install/camera_capture/share/camera_capture/package.sh'
[21.739s] INFO:colcon.colcon_core.shell:Creating package script '/home/chris/capstone/hitc_ws/install/camera_capture/share/camera_capture/package.bash'
[21.744s] INFO:colcon.colcon_core.shell:Creating package script '/home/chris/capstone/hitc_ws/install/camera_capture/share/camera_capture/package.zsh'
[21.747s] Level 1:colcon.colcon_core.environment:create_file_with_runtime_dependencies(/home/chris/capstone/hitc_ws/install/camera_capture/share/colcon-core/packages/camera_capture)
[21.752s] INFO:colcon.colcon_ros.task.ament_python.build:Building ROS package in '/home/chris/capstone/hitc_ws/src/testing_motors' with build type 'ament_python'
[21.753s] Level 1:colcon.colcon_core.shell:create_environment_hook('testing_motors', 'ament_prefix_path')
[21.934s] INFO:colcon.colcon_core.shell:Creating environment hook '/home/chris/capstone/hitc_ws/install/testing_motors/share/testing_motors/hook/ament_prefix_path.ps1'
[21.938s] INFO:colcon.colcon_core.shell:Creating environment descriptor '/home/chris/capstone/hitc_ws/install/testing_motors/share/testing_motors/hook/ament_prefix_path.dsv'
[21.940s] INFO:colcon.colcon_core.shell:Creating environment hook '/home/chris/capstone/hitc_ws/install/testing_motors/share/testing_motors/hook/ament_prefix_path.sh'
[22.193s] INFO:colcon.colcon_core.shell:Skip shell extension 'powershell' for command environment: Not usable outside of PowerShell
[22.195s] DEBUG:colcon.colcon_core.shell:Skip shell extension 'dsv' for command environment
[23.202s] DEBUG:colcon.colcon_core.event_handler.log_command:Invoked command in '/home/chris/capstone/hitc_ws/src/image_processing' returned '0': PYTHONPATH=/home/chris/capstone/hitc_ws/build/image_processing/prefix_override:/home/chris/capstone/hitc_ws/install/image_processing/lib/python3.10/site-packages:${PYTHONPATH} /usr/bin/python3 setup.py egg_info --egg-base ../../build/image_processing build --build-base /home/chris/capstone/hitc_ws/build/image_processing/build install --record /home/chris/capstone/hitc_ws/build/image_processing/install.log --single-version-externally-managed
[23.411s] Level 1:colcon.colcon_core.environment:checking '/home/chris/capstone/hitc_ws/install/image_processing' for CMake module files
[23.413s] Level 1:colcon.colcon_core.environment:checking '/home/chris/capstone/hitc_ws/install/image_processing' for CMake config files
[23.417s] Level 1:colcon.colcon_core.environment:checking '/home/chris/capstone/hitc_ws/install/image_processing/lib'
[23.417s] Level 1:colcon.colcon_core.environment:checking '/home/chris/capstone/hitc_ws/install/image_processing/bin'
[23.418s] Level 1:colcon.colcon_core.environment:checking '/home/chris/capstone/hitc_ws/install/image_processing/lib/pkgconfig/image_processing.pc'
[23.419s] Level 1:colcon.colcon_core.environment:checking '/home/chris/capstone/hitc_ws/install/image_processing/lib/python3.10/site-packages'
[23.420s] Level 1:colcon.colcon_core.shell:create_environment_hook('image_processing', 'pythonpath')
[23.590s] INFO:colcon.colcon_core.shell:Creating environment hook '/home/chris/capstone/hitc_ws/install/image_processing/share/image_processing/hook/pythonpath.ps1'
[23.595s] INFO:colcon.colcon_core.shell:Creating environment descriptor '/home/chris/capstone/hitc_ws/install/image_processing/share/image_processing/hook/pythonpath.dsv'
[23.597s] INFO:colcon.colcon_core.shell:Creating environment hook '/home/chris/capstone/hitc_ws/install/image_processing/share/image_processing/hook/pythonpath.sh'
[23.604s] Level 1:colcon.colcon_core.environment:checking '/home/chris/capstone/hitc_ws/install/image_processing/bin'
[23.605s] Level 1:colcon.colcon_core.environment:create_environment_scripts_only(image_processing)
[23.843s] INFO:colcon.colcon_core.shell:Creating package script '/home/chris/capstone/hitc_ws/install/image_processing/share/image_processing/package.ps1'
[23.852s] INFO:colcon.colcon_core.shell:Creating package descriptor '/home/chris/capstone/hitc_ws/install/image_processing/share/image_processing/package.dsv'
[23.858s] INFO:colcon.colcon_core.shell:Creating package script '/home/chris/capstone/hitc_ws/install/image_processing/share/image_processing/package.sh'
[23.864s] INFO:colcon.colcon_core.shell:Creating package script '/home/chris/capstone/hitc_ws/install/image_processing/share/image_processing/package.bash'
[23.871s] INFO:colcon.colcon_core.shell:Creating package script '/home/chris/capstone/hitc_ws/install/image_processing/share/image_processing/package.zsh'
[23.876s] Level 1:colcon.colcon_core.environment:create_file_with_runtime_dependencies(/home/chris/capstone/hitc_ws/install/image_processing/share/colcon-core/packages/image_processing)
[23.890s] DEBUG:colcon.colcon_core.event_handler.log_command:Invoked command in '/home/chris/capstone/hitc_ws/src/laser_pointer' returned '0': PYTHONPATH=/home/chris/capstone/hitc_ws/build/laser_pointer/prefix_override:/home/chris/capstone/hitc_ws/install/laser_pointer/lib/python3.10/site-packages:${PYTHONPATH} /usr/bin/python3 setup.py egg_info --egg-base ../../build/laser_pointer build --build-base /home/chris/capstone/hitc_ws/build/laser_pointer/build install --record /home/chris/capstone/hitc_ws/build/laser_pointer/install.log --single-version-externally-managed
[24.340s] Level 1:colcon.colcon_core.environment:checking '/home/chris/capstone/hitc_ws/install/laser_pointer' for CMake module files
[24.344s] Level 1:colcon.colcon_core.environment:checking '/home/chris/capstone/hitc_ws/install/laser_pointer' for CMake config files
[24.355s] Level 1:colcon.colcon_core.environment:checking '/home/chris/capstone/hitc_ws/install/laser_pointer/lib'
[24.357s] Level 1:colcon.colcon_core.environment:checking '/home/chris/capstone/hitc_ws/install/laser_pointer/bin'
[24.359s] Level 1:colcon.colcon_core.environment:checking '/home/chris/capstone/hitc_ws/install/laser_pointer/lib/pkgconfig/laser_pointer.pc'
[24.361s] Level 1:colcon.colcon_core.environment:checking '/home/chris/capstone/hitc_ws/install/laser_pointer/lib/python3.10/site-packages'
[24.363s] Level 1:colcon.colcon_core.shell:create_environment_hook('laser_pointer', 'pythonpath')
[24.719s] INFO:colcon.colcon_core.shell:Creating environment hook '/home/chris/capstone/hitc_ws/install/laser_pointer/share/laser_pointer/hook/pythonpath.ps1'
[24.725s] INFO:colcon.colcon_core.shell:Creating environment descriptor '/home/chris/capstone/hitc_ws/install/laser_pointer/share/laser_pointer/hook/pythonpath.dsv'
[24.731s] INFO:colcon.colcon_core.shell:Creating environment hook '/home/chris/capstone/hitc_ws/install/laser_pointer/share/laser_pointer/hook/pythonpath.sh'
[24.738s] Level 1:colcon.colcon_core.environment:checking '/home/chris/capstone/hitc_ws/install/laser_pointer/bin'
[24.740s] Level 1:colcon.colcon_core.environment:create_environment_scripts_only(laser_pointer)
[25.042s] INFO:colcon.colcon_core.shell:Creating package script '/home/chris/capstone/hitc_ws/install/laser_pointer/share/laser_pointer/package.ps1'
[25.049s] INFO:colcon.colcon_core.shell:Creating package descriptor '/home/chris/capstone/hitc_ws/install/laser_pointer/share/laser_pointer/package.dsv'
[25.055s] INFO:colcon.colcon_core.shell:Creating package script '/home/chris/capstone/hitc_ws/install/laser_pointer/share/laser_pointer/package.sh'
[25.061s] INFO:colcon.colcon_core.shell:Creating package script '/home/chris/capstone/hitc_ws/install/laser_pointer/share/laser_pointer/package.bash'
[25.064s] INFO:colcon.colcon_core.shell:Creating package script '/home/chris/capstone/hitc_ws/install/laser_pointer/share/laser_pointer/package.zsh'
[25.066s] Level 1:colcon.colcon_core.environment:create_file_with_runtime_dependencies(/home/chris/capstone/hitc_ws/install/laser_pointer/share/colcon-core/packages/laser_pointer)
[25.078s] DEBUG:colcon.colcon_core.event_handler.log_command:Invoked command in '/home/chris/capstone/hitc_ws/src/path_planner' returned '0': PYTHONPATH=/home/chris/capstone/hitc_ws/build/path_planner/prefix_override:/home/chris/capstone/hitc_ws/install/path_planner/lib/python3.10/site-packages:${PYTHONPATH} /usr/bin/python3 setup.py egg_info --egg-base ../../build/path_planner build --build-base /home/chris/capstone/hitc_ws/build/path_planner/build install --record /home/chris/capstone/hitc_ws/build/path_planner/install.log --single-version-externally-managed
[25.301s] Level 1:colcon.colcon_core.environment:checking '/home/chris/capstone/hitc_ws/install/path_planner' for CMake module files
[25.305s] Level 1:colcon.colcon_core.environment:checking '/home/chris/capstone/hitc_ws/install/path_planner' for CMake config files
[25.312s] Level 1:colcon.colcon_core.environment:checking '/home/chris/capstone/hitc_ws/install/path_planner/lib'
[25.314s] Level 1:colcon.colcon_core.environment:checking '/home/chris/capstone/hitc_ws/install/path_planner/bin'
[25.315s] Level 1:colcon.colcon_core.environment:checking '/home/chris/capstone/hitc_ws/install/path_planner/lib/pkgconfig/path_planner.pc'
[25.318s] Level 1:colcon.colcon_core.environment:checking '/home/chris/capstone/hitc_ws/install/path_planner/lib/python3.10/site-packages'
[25.319s] Level 1:colcon.colcon_core.shell:create_environment_hook('path_planner', 'pythonpath')
[25.570s] INFO:colcon.colcon_core.shell:Creating environment hook '/home/chris/capstone/hitc_ws/install/path_planner/share/path_planner/hook/pythonpath.ps1'
[25.576s] INFO:colcon.colcon_core.shell:Creating environment descriptor '/home/chris/capstone/hitc_ws/install/path_planner/share/path_planner/hook/pythonpath.dsv'
[25.582s] INFO:colcon.colcon_core.shell:Creating environment hook '/home/chris/capstone/hitc_ws/install/path_planner/share/path_planner/hook/pythonpath.sh'
[25.595s] Level 1:colcon.colcon_core.environment:checking '/home/chris/capstone/hitc_ws/install/path_planner/bin'
[25.596s] Level 1:colcon.colcon_core.environment:create_environment_scripts_only(path_planner)
[25.830s] INFO:colcon.colcon_core.shell:Creating package script '/home/chris/capstone/hitc_ws/install/path_planner/share/path_planner/package.ps1'
[25.838s] INFO:colcon.colcon_core.shell:Creating package descriptor '/home/chris/capstone/hitc_ws/install/path_planner/share/path_planner/package.dsv'
[25.844s] INFO:colcon.colcon_core.shell:Creating package script '/home/chris/capstone/hitc_ws/install/path_planner/share/path_planner/package.sh'
[25.849s] INFO:colcon.colcon_core.shell:Creating package script '/home/chris/capstone/hitc_ws/install/path_planner/share/path_planner/package.bash'
[25.852s] INFO:colcon.colcon_core.shell:Creating package script '/home/chris/capstone/hitc_ws/install/path_planner/share/path_planner/package.zsh'
[25.855s] Level 1:colcon.colcon_core.environment:create_file_with_runtime_dependencies(/home/chris/capstone/hitc_ws/install/path_planner/share/colcon-core/packages/path_planner)
[29.188s] INFO:colcon.colcon_core.task.python.build:Building Python package in '/home/chris/capstone/hitc_ws/src/testing_motors'
[29.410s] INFO:colcon.colcon_core.shell:Skip shell extension 'powershell' for command environment: Not usable outside of PowerShell
[29.411s] DEBUG:colcon.colcon_core.shell:Skip shell extension 'dsv' for command environment
[32.057s] DEBUG:colcon.colcon_core.event_handler.log_command:Invoking command in '/home/chris/capstone/hitc_ws/src/testing_motors': PYTHONPATH=/home/chris/capstone/hitc_ws/build/testing_motors/prefix_override:/home/chris/capstone/hitc_ws/install/testing_motors/lib/python3.10/site-packages:${PYTHONPATH} /usr/bin/python3 setup.py egg_info --egg-base ../../build/testing_motors build --build-base /home/chris/capstone/hitc_ws/build/testing_motors/build install --record /home/chris/capstone/hitc_ws/build/testing_motors/install.log --single-version-externally-managed
[33.683s] DEBUG:colcon.colcon_core.event_handler.log_command:Invoked command in '/home/chris/capstone/hitc_ws/src/testing_motors' returned '0': PYTHONPATH=/home/chris/capstone/hitc_ws/build/testing_motors/prefix_override:/home/chris/capstone/hitc_ws/install/testing_motors/lib/python3.10/site-packages:${PYTHONPATH} /usr/bin/python3 setup.py egg_info --egg-base ../../build/testing_motors build --build-base /home/chris/capstone/hitc_ws/build/testing_motors/build install --record /home/chris/capstone/hitc_ws/build/testing_motors/install.log --single-version-externally-managed
[33.754s] Level 1:colcon.colcon_core.environment:checking '/home/chris/capstone/hitc_ws/install/testing_motors' for CMake module files
[33.756s] Level 1:colcon.colcon_core.environment:checking '/home/chris/capstone/hitc_ws/install/testing_motors' for CMake config files
[33.759s] Level 1:colcon.colcon_core.environment:checking '/home/chris/capstone/hitc_ws/install/testing_motors/lib'
[33.760s] Level 1:colcon.colcon_core.environment:checking '/home/chris/capstone/hitc_ws/install/testing_motors/bin'
[33.760s] Level 1:colcon.colcon_core.environment:checking '/home/chris/capstone/hitc_ws/install/testing_motors/lib/pkgconfig/testing_motors.pc'
[33.761s] Level 1:colcon.colcon_core.environment:checking '/home/chris/capstone/hitc_ws/install/testing_motors/lib/python3.10/site-packages'
[33.762s] Level 1:colcon.colcon_core.shell:create_environment_hook('testing_motors', 'pythonpath')
[33.827s] INFO:colcon.colcon_core.shell:Creating environment hook '/home/chris/capstone/hitc_ws/install/testing_motors/share/testing_motors/hook/pythonpath.ps1'
[33.829s] INFO:colcon.colcon_core.shell:Creating environment descriptor '/home/chris/capstone/hitc_ws/install/testing_motors/share/testing_motors/hook/pythonpath.dsv'
[33.830s] INFO:colcon.colcon_core.shell:Creating environment hook '/home/chris/capstone/hitc_ws/install/testing_motors/share/testing_motors/hook/pythonpath.sh'
[33.833s] Level 1:colcon.colcon_core.environment:checking '/home/chris/capstone/hitc_ws/install/testing_motors/bin'
[33.833s] Level 1:colcon.colcon_core.environment:create_environment_scripts_only(testing_motors)
[33.906s] INFO:colcon.colcon_core.shell:Creating package script '/home/chris/capstone/hitc_ws/install/testing_motors/share/testing_motors/package.ps1'
[33.909s] INFO:colcon.colcon_core.shell:Creating package descriptor '/home/chris/capstone/hitc_ws/install/testing_motors/share/testing_motors/package.dsv'
[33.911s] INFO:colcon.colcon_core.shell:Creating package script '/home/chris/capstone/hitc_ws/install/testing_motors/share/testing_motors/package.sh'
[33.912s] INFO:colcon.colcon_core.shell:Creating package script '/home/chris/capstone/hitc_ws/install/testing_motors/share/testing_motors/package.bash'
[33.914s] INFO:colcon.colcon_core.shell:Creating package script '/home/chris/capstone/hitc_ws/install/testing_motors/share/testing_motors/package.zsh'
[33.916s] Level 1:colcon.colcon_core.environment:create_file_with_runtime_dependencies(/home/chris/capstone/hitc_ws/install/testing_motors/share/colcon-core/packages/testing_motors)
[33.917s] DEBUG:colcon.colcon_parallel_executor.executor.parallel:closing loop
[33.918s] DEBUG:colcon.colcon_parallel_executor.executor.parallel:loop closed
[33.919s] DEBUG:colcon.colcon_parallel_executor.executor.parallel:run_until_complete finished with '0'
[33.919s] DEBUG:colcon.colcon_core.event_reactor:joining thread
[34.042s] INFO:colcon.colcon_core.plugin_system:Skipping extension 'colcon_notification.desktop_notification.terminal_notifier': Not used on non-Darwin systems
[34.042s] INFO:colcon.colcon_core.plugin_system:Skipping extension 'colcon_notification.desktop_notification.win32': Not used on non-Windows systems
[34.043s] INFO:colcon.colcon_notification.desktop_notification:Sending desktop notification using 'notify2'
[34.101s] DEBUG:colcon.colcon_core.event_reactor:joined thread
[34.210s] INFO:colcon.colcon_core.shell:Creating prefix script '/home/chris/capstone/hitc_ws/install/local_setup.ps1'
[34.217s] INFO:colcon.colcon_core.shell:Creating prefix util module '/home/chris/capstone/hitc_ws/install/_local_setup_util_ps1.py'
[34.224s] INFO:colcon.colcon_core.shell:Creating prefix chain script '/home/chris/capstone/hitc_ws/install/setup.ps1'
[34.322s] INFO:colcon.colcon_core.shell:Creating prefix script '/home/chris/capstone/hitc_ws/install/local_setup.sh'
[34.324s] INFO:colcon.colcon_core.shell:Creating prefix util module '/home/chris/capstone/hitc_ws/install/_local_setup_util_sh.py'
[34.343s] INFO:colcon.colcon_core.shell:Creating prefix chain script '/home/chris/capstone/hitc_ws/install/setup.sh'
[34.421s] INFO:colcon.colcon_core.shell:Creating prefix script '/home/chris/capstone/hitc_ws/install/local_setup.bash'
[34.423s] INFO:colcon.colcon_core.shell:Creating prefix chain script '/home/chris/capstone/hitc_ws/install/setup.bash'
[34.493s] INFO:colcon.colcon_core.shell:Creating prefix script '/home/chris/capstone/hitc_ws/install/local_setup.zsh'
[34.496s] INFO:colcon.colcon_core.shell:Creating prefix chain script '/home/chris/capstone/hitc_ws/install/setup.zsh'
