[1.004s] Invoking command in '/home/chris/capstone/hitc_ws/src/state_publisher_py': PYTHONPATH=/home/chris/capstone/hitc_ws/build/state_publisher_py/prefix_override:/home/chris/capstone/hitc_ws/install/state_publisher_py/lib/python3.10/site-packages:${PYTHONPATH} /usr/bin/python3 setup.py egg_info --egg-base ../../build/state_publisher_py build --build-base /home/chris/capstone/hitc_ws/build/state_publisher_py/build install --record /home/chris/capstone/hitc_ws/build/state_publisher_py/install.log --single-version-externally-managed
[1.279s] running egg_info
[1.279s] writing ../../build/state_publisher_py/state_publisher_py.egg-info/PKG-INFO
[1.279s] writing dependency_links to ../../build/state_publisher_py/state_publisher_py.egg-info/dependency_links.txt
[1.280s] writing entry points to ../../build/state_publisher_py/state_publisher_py.egg-info/entry_points.txt
[1.280s] writing requirements to ../../build/state_publisher_py/state_publisher_py.egg-info/requires.txt
[1.280s] writing top-level names to ../../build/state_publisher_py/state_publisher_py.egg-info/top_level.txt
[1.281s] reading manifest file '../../build/state_publisher_py/state_publisher_py.egg-info/SOURCES.txt'
[1.282s] writing manifest file '../../build/state_publisher_py/state_publisher_py.egg-info/SOURCES.txt'
[1.282s] running build
[1.282s] running build_py
[1.282s] copying state_publisher_py/state_publisher.py -> /home/chris/capstone/hitc_ws/build/state_publisher_py/build/lib/state_publisher_py
[1.283s] running install
[1.283s] running install_lib
[1.283s] copying /home/chris/capstone/hitc_ws/build/state_publisher_py/build/lib/state_publisher_py/state_publisher.py -> /home/chris/capstone/hitc_ws/install/state_publisher_py/lib/python3.10/site-packages/state_publisher_py
[1.284s] byte-compiling /home/chris/capstone/hitc_ws/install/state_publisher_py/lib/python3.10/site-packages/state_publisher_py/state_publisher.py to state_publisher.cpython-310.pyc
[1.284s] running install_data
[1.285s] running install_egg_info
[1.286s] removing '/home/chris/capstone/hitc_ws/install/state_publisher_py/lib/python3.10/site-packages/state_publisher_py-0.0.0-py3.10.egg-info' (and everything under it)
[1.287s] Copying ../../build/state_publisher_py/state_publisher_py.egg-info to /home/chris/capstone/hitc_ws/install/state_publisher_py/lib/python3.10/site-packages/state_publisher_py-0.0.0-py3.10.egg-info
[1.287s] running install_scripts
[1.306s] Installing state_publisher script to /home/chris/capstone/hitc_ws/install/state_publisher_py/lib/state_publisher_py
[1.306s] writing list of installed files to '/home/chris/capstone/hitc_ws/build/state_publisher_py/install.log'
[1.326s] Invoked command in '/home/chris/capstone/hitc_ws/src/state_publisher_py' returned '0': PYTHONPATH=/home/chris/capstone/hitc_ws/build/state_publisher_py/prefix_override:/home/chris/capstone/hitc_ws/install/state_publisher_py/lib/python3.10/site-packages:${PYTHONPATH} /usr/bin/python3 setup.py egg_info --egg-base ../../build/state_publisher_py build --build-base /home/chris/capstone/hitc_ws/build/state_publisher_py/build install --record /home/chris/capstone/hitc_ws/build/state_publisher_py/install.log --single-version-externally-managed
