[1.962s] Invoking command in '/home/chris/capstone/hitc_ws/src/path_planner': PYTHONPATH=/home/chris/capstone/hitc_ws/build/path_planner/prefix_override:/home/chris/capstone/hitc_ws/install/path_planner/lib/python3.10/site-packages:${PYTHONPATH} /usr/bin/python3 -W ignore:setup.py install is deprecated setup.py egg_info --egg-base ../../build/path_planner build --build-base /home/chris/capstone/hitc_ws/build/path_planner/build install --record /home/chris/capstone/hitc_ws/build/path_planner/install.log --single-version-externally-managed install_data
[2.257s] running egg_info
[2.257s] writing ../../build/path_planner/path_planner.egg-info/PKG-INFO
[2.257s] writing dependency_links to ../../build/path_planner/path_planner.egg-info/dependency_links.txt
[2.257s] writing entry points to ../../build/path_planner/path_planner.egg-info/entry_points.txt
[2.257s] writing requirements to ../../build/path_planner/path_planner.egg-info/requires.txt
[2.258s] writing top-level names to ../../build/path_planner/path_planner.egg-info/top_level.txt
[2.259s] reading manifest file '../../build/path_planner/path_planner.egg-info/SOURCES.txt'
[2.260s] writing manifest file '../../build/path_planner/path_planner.egg-info/SOURCES.txt'
[2.260s] running build
[2.261s] running build_py
[2.261s] running install
[2.261s] running install_lib
[2.263s] running install_data
[2.263s] running install_egg_info
[2.265s] removing '/home/chris/capstone/hitc_ws/install/path_planner/lib/python3.10/site-packages/path_planner-0.0.0-py3.10.egg-info' (and everything under it)
[2.265s] Copying ../../build/path_planner/path_planner.egg-info to /home/chris/capstone/hitc_ws/install/path_planner/lib/python3.10/site-packages/path_planner-0.0.0-py3.10.egg-info
[2.266s] running install_scripts
[2.286s] writing list of installed files to '/home/chris/capstone/hitc_ws/build/path_planner/install.log'
[2.318s] Invoked command in '/home/chris/capstone/hitc_ws/src/path_planner' returned '0': PYTHONPATH=/home/chris/capstone/hitc_ws/build/path_planner/prefix_override:/home/chris/capstone/hitc_ws/install/path_planner/lib/python3.10/site-packages:${PYTHONPATH} /usr/bin/python3 -W ignore:setup.py install is deprecated setup.py egg_info --egg-base ../../build/path_planner build --build-base /home/chris/capstone/hitc_ws/build/path_planner/build install --record /home/chris/capstone/hitc_ws/build/path_planner/install.log --single-version-externally-managed install_data
