[8.555s] Invoking command in '/home/chris/capstone/hitc_ws/src/startup': PYTHONPATH=/home/chris/capstone/hitc_ws/build/startup/prefix_override:/home/chris/capstone/hitc_ws/install/startup/lib/python3.10/site-packages:${PYTHONPATH} /usr/bin/python3 setup.py egg_info --egg-base ../../build/startup build --build-base /home/chris/capstone/hitc_ws/build/startup/build install --record /home/chris/capstone/hitc_ws/build/startup/install.log --single-version-externally-managed
[10.286s] running egg_info
[10.288s] creating ../../build/startup/startup.egg-info
[10.290s] writing ../../build/startup/startup.egg-info/PKG-INFO
[10.302s] writing dependency_links to ../../build/startup/startup.egg-info/dependency_links.txt
[10.303s] writing entry points to ../../build/startup/startup.egg-info/entry_points.txt
[10.305s] writing requirements to ../../build/startup/startup.egg-info/requires.txt
[10.306s] writing top-level names to ../../build/startup/startup.egg-info/top_level.txt
[10.306s] writing manifest file '../../build/startup/startup.egg-info/SOURCES.txt'
[10.313s] reading manifest file '../../build/startup/startup.egg-info/SOURCES.txt'
[10.317s] writing manifest file '../../build/startup/startup.egg-info/SOURCES.txt'
[10.319s] running build
[10.320s] running build_py
[10.322s] creating /home/chris/capstone/hitc_ws/build/startup/build
[10.323s] creating /home/chris/capstone/hitc_ws/build/startup/build/lib
[10.324s] creating /home/chris/capstone/hitc_ws/build/startup/build/lib/startup
[10.324s] copying startup/start_platform.py -> /home/chris/capstone/hitc_ws/build/startup/build/lib/startup
[10.325s] copying startup/__init__.py -> /home/chris/capstone/hitc_ws/build/startup/build/lib/startup
[10.326s] running install
[10.326s] running install_lib
[10.329s] creating /home/chris/capstone/hitc_ws/install/startup/lib/python3.10/site-packages/startup
[10.330s] copying /home/chris/capstone/hitc_ws/build/startup/build/lib/startup/start_platform.py -> /home/chris/capstone/hitc_ws/install/startup/lib/python3.10/site-packages/startup
[10.331s] copying /home/chris/capstone/hitc_ws/build/startup/build/lib/startup/__init__.py -> /home/chris/capstone/hitc_ws/install/startup/lib/python3.10/site-packages/startup
[10.334s] byte-compiling /home/chris/capstone/hitc_ws/install/startup/lib/python3.10/site-packages/startup/start_platform.py to start_platform.cpython-310.pyc
[10.336s] byte-compiling /home/chris/capstone/hitc_ws/install/startup/lib/python3.10/site-packages/startup/__init__.py to __init__.cpython-310.pyc
[10.337s] running install_data
[10.341s] creating /home/chris/capstone/hitc_ws/install/startup/share/ament_index
[10.342s] creating /home/chris/capstone/hitc_ws/install/startup/share/ament_index/resource_index
[10.343s] creating /home/chris/capstone/hitc_ws/install/startup/share/ament_index/resource_index/packages
[10.343s] copying resource/startup -> /home/chris/capstone/hitc_ws/install/startup/share/ament_index/resource_index/packages
[10.344s] copying package.xml -> /home/chris/capstone/hitc_ws/install/startup/share/startup
[10.345s] running install_egg_info
[10.352s] Copying ../../build/startup/startup.egg-info to /home/chris/capstone/hitc_ws/install/startup/lib/python3.10/site-packages/startup-0.0.0-py3.10.egg-info
[10.359s] running install_scripts
[10.514s] writing list of installed files to '/home/chris/capstone/hitc_ws/build/startup/install.log'
[11.018s] Invoked command in '/home/chris/capstone/hitc_ws/src/startup' returned '0': PYTHONPATH=/home/chris/capstone/hitc_ws/build/startup/prefix_override:/home/chris/capstone/hitc_ws/install/startup/lib/python3.10/site-packages:${PYTHONPATH} /usr/bin/python3 setup.py egg_info --egg-base ../../build/startup build --build-base /home/chris/capstone/hitc_ws/build/startup/build install --record /home/chris/capstone/hitc_ws/build/startup/install.log --single-version-externally-managed
