[4.414s] Invoking command in '/home/chris/capstone/hitc_ws/src/laser_pointer': PYTHONPATH=/home/chris/capstone/hitc_ws/build/laser_pointer/prefix_override:/home/chris/capstone/hitc_ws/install/laser_pointer/lib/python3.10/site-packages:${PYTHONPATH} /usr/bin/python3 setup.py egg_info --egg-base ../../build/laser_pointer build --build-base /home/chris/capstone/hitc_ws/build/laser_pointer/build install --record /home/chris/capstone/hitc_ws/build/laser_pointer/install.log --single-version-externally-managed
[6.066s] running egg_info
[6.069s] writing ../../build/laser_pointer/laser_pointer.egg-info/PKG-INFO
[6.071s] writing dependency_links to ../../build/laser_pointer/laser_pointer.egg-info/dependency_links.txt
[6.072s] writing entry points to ../../build/laser_pointer/laser_pointer.egg-info/entry_points.txt
[6.073s] writing requirements to ../../build/laser_pointer/laser_pointer.egg-info/requires.txt
[6.074s] writing top-level names to ../../build/laser_pointer/laser_pointer.egg-info/top_level.txt
[6.088s] reading manifest file '../../build/laser_pointer/laser_pointer.egg-info/SOURCES.txt'
[6.090s] writing manifest file '../../build/laser_pointer/laser_pointer.egg-info/SOURCES.txt'
[6.092s] running build
[6.093s] running build_py
[6.094s] copying laser_pointer/position_publisher.py -> /home/chris/capstone/hitc_ws/build/laser_pointer/build/lib/laser_pointer
[6.096s] running install
[6.098s] running install_lib
[6.103s] copying /home/chris/capstone/hitc_ws/build/laser_pointer/build/lib/laser_pointer/position_publisher.py -> /home/chris/capstone/hitc_ws/install/laser_pointer/lib/python3.10/site-packages/laser_pointer
[6.107s] byte-compiling /home/chris/capstone/hitc_ws/install/laser_pointer/lib/python3.10/site-packages/laser_pointer/position_publisher.py to position_publisher.cpython-310.pyc
[6.110s] running install_data
[6.113s] running install_egg_info
[6.121s] removing '/home/chris/capstone/hitc_ws/install/laser_pointer/lib/python3.10/site-packages/laser_pointer-0.0.0-py3.10.egg-info' (and everything under it)
[6.123s] Copying ../../build/laser_pointer/laser_pointer.egg-info to /home/chris/capstone/hitc_ws/install/laser_pointer/lib/python3.10/site-packages/laser_pointer-0.0.0-py3.10.egg-info
[6.130s] running install_scripts
[6.222s] Installing laser_pointer script to /home/chris/capstone/hitc_ws/install/laser_pointer/lib/laser_pointer
[6.223s] Installing position_publisher script to /home/chris/capstone/hitc_ws/install/laser_pointer/lib/laser_pointer
[6.224s] Installing servo_position script to /home/chris/capstone/hitc_ws/install/laser_pointer/lib/laser_pointer
[6.226s] writing list of installed files to '/home/chris/capstone/hitc_ws/build/laser_pointer/install.log'
[6.367s] Invoked command in '/home/chris/capstone/hitc_ws/src/laser_pointer' returned '0': PYTHONPATH=/home/chris/capstone/hitc_ws/build/laser_pointer/prefix_override:/home/chris/capstone/hitc_ws/install/laser_pointer/lib/python3.10/site-packages:${PYTHONPATH} /usr/bin/python3 setup.py egg_info --egg-base ../../build/laser_pointer build --build-base /home/chris/capstone/hitc_ws/build/laser_pointer/build install --record /home/chris/capstone/hitc_ws/build/laser_pointer/install.log --single-version-externally-managed
