running egg_info
writing ../../build/laser_pointer/laser_pointer.egg-info/PKG-INFO
writing dependency_links to ../../build/laser_pointer/laser_pointer.egg-info/dependency_links.txt
writing entry points to ../../build/laser_pointer/laser_pointer.egg-info/entry_points.txt
writing requirements to ../../build/laser_pointer/laser_pointer.egg-info/requires.txt
writing top-level names to ../../build/laser_pointer/laser_pointer.egg-info/top_level.txt
reading manifest file '../../build/laser_pointer/laser_pointer.egg-info/SOURCES.txt'
writing manifest file '../../build/laser_pointer/laser_pointer.egg-info/SOURCES.txt'
running build
running build_py
copying laser_pointer/servos_position.py -> /home/chris/capstone/hitc_ws/build/laser_pointer/build/lib/laser_pointer
running install
running install_lib
copying /home/chris/capstone/hitc_ws/build/laser_pointer/build/lib/laser_pointer/servos_position.py -> /home/chris/capstone/hitc_ws/install/laser_pointer/lib/python3.10/site-packages/laser_pointer
byte-compiling /home/chris/capstone/hitc_ws/install/laser_pointer/lib/python3.10/site-packages/laser_pointer/servos_position.py to servos_position.cpython-310.pyc
running install_data
running install_egg_info
removing '/home/chris/capstone/hitc_ws/install/laser_pointer/lib/python3.10/site-packages/laser_pointer-0.0.0-py3.10.egg-info' (and everything under it)
Copying ../../build/laser_pointer/laser_pointer.egg-info to /home/chris/capstone/hitc_ws/install/laser_pointer/lib/python3.10/site-packages/laser_pointer-0.0.0-py3.10.egg-info
running install_scripts
Installing laser_pointer script to /home/chris/capstone/hitc_ws/install/laser_pointer/lib/laser_pointer
writing list of installed files to '/home/chris/capstone/hitc_ws/build/laser_pointer/install.log'
