[3.182s] Invoking command in '/home/chris/capstone/hitc_ws/src/state_publisher_py': PYTHONPATH=/home/chris/capstone/hitc_ws/build/state_publisher_py/prefix_override:/home/chris/capstone/hitc_ws/install/state_publisher_py/lib/python3.10/site-packages:${PYTHONPATH} /usr/bin/python3 setup.py egg_info --egg-base ../../build/state_publisher_py build --build-base /home/chris/capstone/hitc_ws/build/state_publisher_py/build install --record /home/chris/capstone/hitc_ws/build/state_publisher_py/install.log --single-version-externally-managed
[3.481s] running egg_info
[3.481s] writing ../../build/state_publisher_py/state_publisher_py.egg-info/PKG-INFO
[3.481s] writing dependency_links to ../../build/state_publisher_py/state_publisher_py.egg-info/dependency_links.txt
[3.482s] writing entry points to ../../build/state_publisher_py/state_publisher_py.egg-info/entry_points.txt
[3.482s] writing requirements to ../../build/state_publisher_py/state_publisher_py.egg-info/requires.txt
[3.482s] writing top-level names to ../../build/state_publisher_py/state_publisher_py.egg-info/top_level.txt
[3.484s] reading manifest file '../../build/state_publisher_py/state_publisher_py.egg-info/SOURCES.txt'
[3.486s] writing manifest file '../../build/state_publisher_py/state_publisher_py.egg-info/SOURCES.txt'
[3.486s] running build
[3.486s] running build_py
[3.486s] copying state_publisher_py/state_publisher.py -> /home/chris/capstone/hitc_ws/build/state_publisher_py/build/lib/state_publisher_py
[3.487s] running install
[3.487s] running install_lib
[3.488s] copying /home/chris/capstone/hitc_ws/build/state_publisher_py/build/lib/state_publisher_py/state_publisher.py -> /home/chris/capstone/hitc_ws/install/state_publisher_py/lib/python3.10/site-packages/state_publisher_py
[3.489s] byte-compiling /home/chris/capstone/hitc_ws/install/state_publisher_py/lib/python3.10/site-packages/state_publisher_py/state_publisher.py to state_publisher.cpython-310.pyc
[3.490s] running install_data
[3.491s] running install_egg_info
[3.493s] removing '/home/chris/capstone/hitc_ws/install/state_publisher_py/lib/python3.10/site-packages/state_publisher_py-0.0.0-py3.10.egg-info' (and everything under it)
[3.493s] Copying ../../build/state_publisher_py/state_publisher_py.egg-info to /home/chris/capstone/hitc_ws/install/state_publisher_py/lib/python3.10/site-packages/state_publisher_py-0.0.0-py3.10.egg-info
[3.494s] running install_scripts
[3.516s] Installing state_publisher script to /home/chris/capstone/hitc_ws/install/state_publisher_py/lib/state_publisher_py
[3.516s] writing list of installed files to '/home/chris/capstone/hitc_ws/build/state_publisher_py/install.log'
[3.707s] Invoked command in '/home/chris/capstone/hitc_ws/src/state_publisher_py' returned '0': PYTHONPATH=/home/chris/capstone/hitc_ws/build/state_publisher_py/prefix_override:/home/chris/capstone/hitc_ws/install/state_publisher_py/lib/python3.10/site-packages:${PYTHONPATH} /usr/bin/python3 setup.py egg_info --egg-base ../../build/state_publisher_py build --build-base /home/chris/capstone/hitc_ws/build/state_publisher_py/build install --record /home/chris/capstone/hitc_ws/build/state_publisher_py/install.log --single-version-externally-managed
