-- Install configuration: ""
-- Up-to-date: /home/chris/capstone/hitc_ws/install/hitc_robot_description/share/hitc_robot_description//config
-- Up-to-date: /home/chris/capstone/hitc_ws/install/hitc_robot_description/share/hitc_robot_description//config/joint_names_hitc_robot_description.yaml
-- Up-to-date: /home/chris/capstone/hitc_ws/install/hitc_robot_description/share/hitc_robot_description//launch
-- Up-to-date: /home/chris/capstone/hitc_ws/install/hitc_robot_description/share/hitc_robot_description//launch/gazebo.launch
-- Up-to-date: /home/chris/capstone/hitc_ws/install/hitc_robot_description/share/hitc_robot_description//launch/display.launch
-- Up-to-date: /home/chris/capstone/hitc_ws/install/hitc_robot_description/share/hitc_robot_description//meshes
-- Up-to-date: /home/chris/capstone/hitc_ws/install/hitc_robot_description/share/hitc_robot_description//meshes/link1.STL
-- Up-to-date: /home/chris/capstone/hitc_ws/install/hitc_robot_description/share/hitc_robot_description//meshes/end_effector.STL
-- Up-to-date: /home/chris/capstone/hitc_ws/install/hitc_robot_description/share/hitc_robot_description//meshes/link2.STL
-- Up-to-date: /home/chris/capstone/hitc_ws/install/hitc_robot_description/share/hitc_robot_description//meshes/base_link.STL
-- Up-to-date: /home/chris/capstone/hitc_ws/install/hitc_robot_description/share/hitc_robot_description//urdf
-- Up-to-date: /home/chris/capstone/hitc_ws/install/hitc_robot_description/share/hitc_robot_description//urdf/hitc_robot_description.csv
-- Up-to-date: /home/chris/capstone/hitc_ws/install/hitc_robot_description/share/hitc_robot_description//urdf/hitc_robot_description.urdf
-- Up-to-date: /home/chris/capstone/hitc_ws/install/hitc_robot_description/share/hitc_robot_description//textures
-- Up-to-date: /home/chris/capstone/hitc_ws/install/hitc_robot_description/share/ament_index/resource_index/package_run_dependencies/hitc_robot_description
-- Up-to-date: /home/chris/capstone/hitc_ws/install/hitc_robot_description/share/ament_index/resource_index/parent_prefix_path/hitc_robot_description
-- Up-to-date: /home/chris/capstone/hitc_ws/install/hitc_robot_description/share/hitc_robot_description/environment/ament_prefix_path.sh
-- Up-to-date: /home/chris/capstone/hitc_ws/install/hitc_robot_description/share/hitc_robot_description/environment/ament_prefix_path.dsv
-- Up-to-date: /home/chris/capstone/hitc_ws/install/hitc_robot_description/share/hitc_robot_description/environment/path.sh
-- Up-to-date: /home/chris/capstone/hitc_ws/install/hitc_robot_description/share/hitc_robot_description/environment/path.dsv
-- Up-to-date: /home/chris/capstone/hitc_ws/install/hitc_robot_description/share/hitc_robot_description/local_setup.bash
-- Up-to-date: /home/chris/capstone/hitc_ws/install/hitc_robot_description/share/hitc_robot_description/local_setup.sh
-- Up-to-date: /home/chris/capstone/hitc_ws/install/hitc_robot_description/share/hitc_robot_description/local_setup.zsh
-- Up-to-date: /home/chris/capstone/hitc_ws/install/hitc_robot_description/share/hitc_robot_description/local_setup.dsv
-- Installing: /home/chris/capstone/hitc_ws/install/hitc_robot_description/share/hitc_robot_description/package.dsv
-- Up-to-date: /home/chris/capstone/hitc_ws/install/hitc_robot_description/share/ament_index/resource_index/packages/hitc_robot_description
-- Up-to-date: /home/chris/capstone/hitc_ws/install/hitc_robot_description/share/hitc_robot_description/cmake/hitc_robot_descriptionConfig.cmake
-- Up-to-date: /home/chris/capstone/hitc_ws/install/hitc_robot_description/share/hitc_robot_description/cmake/hitc_robot_descriptionConfig-version.cmake
-- Up-to-date: /home/chris/capstone/hitc_ws/install/hitc_robot_description/share/hitc_robot_description/package.xml
