[3.710s] Invoking command in '/home/chris/capstone/hitc_ws/src/camera_capture': PYTHONPATH=/home/chris/capstone/hitc_ws/build/camera_capture/prefix_override:/home/chris/capstone/hitc_ws/install/camera_capture/lib/python3.10/site-packages:${PYTHONPATH} /usr/bin/python3 setup.py egg_info --egg-base ../../build/camera_capture build --build-base /home/chris/capstone/hitc_ws/build/camera_capture/build install --record /home/chris/capstone/hitc_ws/build/camera_capture/install.log --single-version-externally-managed
[4.016s] running egg_info
[4.017s] creating ../../build/camera_capture/camera_capture.egg-info
[4.017s] writing ../../build/camera_capture/camera_capture.egg-info/PKG-INFO
[4.018s] writing dependency_links to ../../build/camera_capture/camera_capture.egg-info/dependency_links.txt
[4.018s] writing entry points to ../../build/camera_capture/camera_capture.egg-info/entry_points.txt
[4.018s] writing requirements to ../../build/camera_capture/camera_capture.egg-info/requires.txt
[4.018s] writing top-level names to ../../build/camera_capture/camera_capture.egg-info/top_level.txt
[4.018s] writing manifest file '../../build/camera_capture/camera_capture.egg-info/SOURCES.txt'
[4.020s] reading manifest file '../../build/camera_capture/camera_capture.egg-info/SOURCES.txt'
[4.021s] writing manifest file '../../build/camera_capture/camera_capture.egg-info/SOURCES.txt'
[4.021s] running build
[4.022s] running build_py
[4.022s] creating /home/chris/capstone/hitc_ws/build/camera_capture/build
[4.022s] creating /home/chris/capstone/hitc_ws/build/camera_capture/build/lib
[4.022s] creating /home/chris/capstone/hitc_ws/build/camera_capture/build/lib/camera_capture
[4.022s] copying camera_capture/__init__.py -> /home/chris/capstone/hitc_ws/build/camera_capture/build/lib/camera_capture
[4.022s] copying camera_capture/motor_controller.py -> /home/chris/capstone/hitc_ws/build/camera_capture/build/lib/camera_capture
[4.023s] copying camera_capture/safety_system.py -> /home/chris/capstone/hitc_ws/build/camera_capture/build/lib/camera_capture
[4.023s] copying camera_capture/image_processing.py -> /home/chris/capstone/hitc_ws/build/camera_capture/build/lib/camera_capture
[4.023s] copying camera_capture/camera_capture.py -> /home/chris/capstone/hitc_ws/build/camera_capture/build/lib/camera_capture
[4.024s] running install
[4.024s] running install_lib
[4.025s] creating /home/chris/capstone/hitc_ws/install/camera_capture/lib/python3.10/site-packages/camera_capture
[4.025s] copying /home/chris/capstone/hitc_ws/build/camera_capture/build/lib/camera_capture/__init__.py -> /home/chris/capstone/hitc_ws/install/camera_capture/lib/python3.10/site-packages/camera_capture
[4.025s] copying /home/chris/capstone/hitc_ws/build/camera_capture/build/lib/camera_capture/motor_controller.py -> /home/chris/capstone/hitc_ws/install/camera_capture/lib/python3.10/site-packages/camera_capture
[4.025s] copying /home/chris/capstone/hitc_ws/build/camera_capture/build/lib/camera_capture/safety_system.py -> /home/chris/capstone/hitc_ws/install/camera_capture/lib/python3.10/site-packages/camera_capture
[4.025s] copying /home/chris/capstone/hitc_ws/build/camera_capture/build/lib/camera_capture/image_processing.py -> /home/chris/capstone/hitc_ws/install/camera_capture/lib/python3.10/site-packages/camera_capture
[4.025s] copying /home/chris/capstone/hitc_ws/build/camera_capture/build/lib/camera_capture/camera_capture.py -> /home/chris/capstone/hitc_ws/install/camera_capture/lib/python3.10/site-packages/camera_capture
[4.026s] byte-compiling /home/chris/capstone/hitc_ws/install/camera_capture/lib/python3.10/site-packages/camera_capture/__init__.py to __init__.cpython-310.pyc
[4.026s] byte-compiling /home/chris/capstone/hitc_ws/install/camera_capture/lib/python3.10/site-packages/camera_capture/motor_controller.py to motor_controller.cpython-310.pyc
[4.027s] byte-compiling /home/chris/capstone/hitc_ws/install/camera_capture/lib/python3.10/site-packages/camera_capture/safety_system.py to safety_system.cpython-310.pyc
[4.028s] byte-compiling /home/chris/capstone/hitc_ws/install/camera_capture/lib/python3.10/site-packages/camera_capture/image_processing.py to image_processing.cpython-310.pyc
[4.028s] byte-compiling /home/chris/capstone/hitc_ws/install/camera_capture/lib/python3.10/site-packages/camera_capture/camera_capture.py to camera_capture.cpython-310.pyc
[4.028s] running install_data
[4.029s] creating /home/chris/capstone/hitc_ws/install/camera_capture/share/ament_index
[4.030s] creating /home/chris/capstone/hitc_ws/install/camera_capture/share/ament_index/resource_index
[4.030s] creating /home/chris/capstone/hitc_ws/install/camera_capture/share/ament_index/resource_index/packages
[4.030s] copying resource/camera_capture -> /home/chris/capstone/hitc_ws/install/camera_capture/share/ament_index/resource_index/packages
[4.030s] copying package.xml -> /home/chris/capstone/hitc_ws/install/camera_capture/share/camera_capture
[4.030s] running install_egg_info
[4.032s] Copying ../../build/camera_capture/camera_capture.egg-info to /home/chris/capstone/hitc_ws/install/camera_capture/lib/python3.10/site-packages/camera_capture-0.0.0-py3.10.egg-info
[4.033s] running install_scripts
[4.058s] Installing camera_capture script to /home/chris/capstone/hitc_ws/install/camera_capture/lib/camera_capture
[4.058s] Installing image_proccessing script to /home/chris/capstone/hitc_ws/install/camera_capture/lib/camera_capture
[4.058s] Installing motor_controller script to /home/chris/capstone/hitc_ws/install/camera_capture/lib/camera_capture
[4.058s] Installing safety_system script to /home/chris/capstone/hitc_ws/install/camera_capture/lib/camera_capture
[4.058s] writing list of installed files to '/home/chris/capstone/hitc_ws/build/camera_capture/install.log'
[4.181s] Invoked command in '/home/chris/capstone/hitc_ws/src/camera_capture' returned '0': PYTHONPATH=/home/chris/capstone/hitc_ws/build/camera_capture/prefix_override:/home/chris/capstone/hitc_ws/install/camera_capture/lib/python3.10/site-packages:${PYTHONPATH} /usr/bin/python3 setup.py egg_info --egg-base ../../build/camera_capture build --build-base /home/chris/capstone/hitc_ws/build/camera_capture/build install --record /home/chris/capstone/hitc_ws/build/camera_capture/install.log --single-version-externally-managed
