[3.717s] Invoking command in '/home/chris/capstone/hitc_ws/src/laser_pointer': PYTHONPATH=/home/chris/capstone/hitc_ws/build/laser_pointer/prefix_override:/home/chris/capstone/hitc_ws/install/laser_pointer/lib/python3.10/site-packages:${PYTHONPATH} /usr/bin/python3 setup.py egg_info --egg-base ../../build/laser_pointer build --build-base /home/chris/capstone/hitc_ws/build/laser_pointer/build install --record /home/chris/capstone/hitc_ws/build/laser_pointer/install.log --single-version-externally-managed
[4.017s] running egg_info
[4.017s] writing ../../build/laser_pointer/laser_pointer.egg-info/PKG-INFO
[4.025s] writing dependency_links to ../../build/laser_pointer/laser_pointer.egg-info/dependency_links.txt
[4.026s] writing entry points to ../../build/laser_pointer/laser_pointer.egg-info/entry_points.txt
[4.027s] writing requirements to ../../build/laser_pointer/laser_pointer.egg-info/requires.txt
[4.027s] writing top-level names to ../../build/laser_pointer/laser_pointer.egg-info/top_level.txt
[4.028s] reading manifest file '../../build/laser_pointer/laser_pointer.egg-info/SOURCES.txt'
[4.030s] writing manifest file '../../build/laser_pointer/laser_pointer.egg-info/SOURCES.txt'
[4.030s] running build
[4.030s] running build_py
[4.031s] running install
[4.031s] running install_lib
[4.033s] running install_data
[4.034s] running install_egg_info
[4.036s] removing '/home/chris/capstone/hitc_ws/install/laser_pointer/lib/python3.10/site-packages/laser_pointer-0.0.0-py3.10.egg-info' (and everything under it)
[4.036s] Copying ../../build/laser_pointer/laser_pointer.egg-info to /home/chris/capstone/hitc_ws/install/laser_pointer/lib/python3.10/site-packages/laser_pointer-0.0.0-py3.10.egg-info
[4.038s] running install_scripts
[4.058s] Installing laser_pointer script to /home/chris/capstone/hitc_ws/install/laser_pointer/lib/laser_pointer
[4.058s] Installing position_publisher script to /home/chris/capstone/hitc_ws/install/laser_pointer/lib/laser_pointer
[4.059s] Installing servo_position script to /home/chris/capstone/hitc_ws/install/laser_pointer/lib/laser_pointer
[4.059s] writing list of installed files to '/home/chris/capstone/hitc_ws/build/laser_pointer/install.log'
[4.225s] Invoked command in '/home/chris/capstone/hitc_ws/src/laser_pointer' returned '0': PYTHONPATH=/home/chris/capstone/hitc_ws/build/laser_pointer/prefix_override:/home/chris/capstone/hitc_ws/install/laser_pointer/lib/python3.10/site-packages:${PYTHONPATH} /usr/bin/python3 setup.py egg_info --egg-base ../../build/laser_pointer build --build-base /home/chris/capstone/hitc_ws/build/laser_pointer/build install --record /home/chris/capstone/hitc_ws/build/laser_pointer/install.log --single-version-externally-managed
