[3.524s] Invoking command in '/home/chris/capstone/hitc_ws/src/camera_capture': PYTHONPATH=/home/chris/capstone/hitc_ws/build/camera_capture/prefix_override:/home/chris/capstone/hitc_ws/install/camera_capture/lib/python3.10/site-packages:${PYTHONPATH} /usr/bin/python3 setup.py egg_info --egg-base ../../build/camera_capture build --build-base /home/chris/capstone/hitc_ws/build/camera_capture/build install --record /home/chris/capstone/hitc_ws/build/camera_capture/install.log --single-version-externally-managed
[3.823s] running egg_info
[3.823s] writing ../../build/camera_capture/camera_capture.egg-info/PKG-INFO
[3.823s] writing dependency_links to ../../build/camera_capture/camera_capture.egg-info/dependency_links.txt
[3.824s] writing entry points to ../../build/camera_capture/camera_capture.egg-info/entry_points.txt
[3.824s] writing requirements to ../../build/camera_capture/camera_capture.egg-info/requires.txt
[3.824s] writing top-level names to ../../build/camera_capture/camera_capture.egg-info/top_level.txt
[3.827s] reading manifest file '../../build/camera_capture/camera_capture.egg-info/SOURCES.txt'
[3.828s] writing manifest file '../../build/camera_capture/camera_capture.egg-info/SOURCES.txt'
[3.828s] running build
[3.828s] running build_py
[3.828s] running install
[3.829s] running install_lib
[3.831s] running install_data
[3.832s] running install_egg_info
[3.834s] removing '/home/chris/capstone/hitc_ws/install/camera_capture/lib/python3.10/site-packages/camera_capture-0.0.0-py3.10.egg-info' (and everything under it)
[3.834s] Copying ../../build/camera_capture/camera_capture.egg-info to /home/chris/capstone/hitc_ws/install/camera_capture/lib/python3.10/site-packages/camera_capture-0.0.0-py3.10.egg-info
[3.835s] running install_scripts
[3.862s] Installing camera_capture script to /home/chris/capstone/hitc_ws/install/camera_capture/lib/camera_capture
[3.862s] Installing image_proccessing script to /home/chris/capstone/hitc_ws/install/camera_capture/lib/camera_capture
[3.863s] Installing motor_controller script to /home/chris/capstone/hitc_ws/install/camera_capture/lib/camera_capture
[3.863s] Installing safety_system script to /home/chris/capstone/hitc_ws/install/camera_capture/lib/camera_capture
[3.863s] writing list of installed files to '/home/chris/capstone/hitc_ws/build/camera_capture/install.log'
[3.960s] Invoked command in '/home/chris/capstone/hitc_ws/src/camera_capture' returned '0': PYTHONPATH=/home/chris/capstone/hitc_ws/build/camera_capture/prefix_override:/home/chris/capstone/hitc_ws/install/camera_capture/lib/python3.10/site-packages:${PYTHONPATH} /usr/bin/python3 setup.py egg_info --egg-base ../../build/camera_capture build --build-base /home/chris/capstone/hitc_ws/build/camera_capture/build install --record /home/chris/capstone/hitc_ws/build/camera_capture/install.log --single-version-externally-managed
