[4.520s] Invoking command in '/home/chris/capstone/hitc_ws/src/camera_capture': PYTHONPATH=/home/chris/capstone/hitc_ws/build/camera_capture/prefix_override:/home/chris/capstone/hitc_ws/install/camera_capture/lib/python3.10/site-packages:${PYTHONPATH} /usr/bin/python3 setup.py egg_info --egg-base ../../build/camera_capture build --build-base /home/chris/capstone/hitc_ws/build/camera_capture/build install --record /home/chris/capstone/hitc_ws/build/camera_capture/install.log --single-version-externally-managed
[6.029s] running egg_info
[6.032s] writing ../../build/camera_capture/camera_capture.egg-info/PKG-INFO
[6.034s] writing dependency_links to ../../build/camera_capture/camera_capture.egg-info/dependency_links.txt
[6.035s] writing entry points to ../../build/camera_capture/camera_capture.egg-info/entry_points.txt
[6.036s] writing requirements to ../../build/camera_capture/camera_capture.egg-info/requires.txt
[6.037s] writing top-level names to ../../build/camera_capture/camera_capture.egg-info/top_level.txt
[6.046s] reading manifest file '../../build/camera_capture/camera_capture.egg-info/SOURCES.txt'
[6.051s] writing manifest file '../../build/camera_capture/camera_capture.egg-info/SOURCES.txt'
[6.052s] running build
[6.053s] running build_py
[6.053s] copying camera_capture/human_checker.py -> /home/chris/capstone/hitc_ws/build/camera_capture/build/lib/camera_capture
[6.055s] running install
[6.056s] running install_lib
[6.061s] copying /home/chris/capstone/hitc_ws/build/camera_capture/build/lib/camera_capture/human_checker.py -> /home/chris/capstone/hitc_ws/install/camera_capture/lib/python3.10/site-packages/camera_capture
[6.065s] byte-compiling /home/chris/capstone/hitc_ws/install/camera_capture/lib/python3.10/site-packages/camera_capture/human_checker.py to human_checker.cpython-310.pyc
[6.068s] running install_data
[6.071s] running install_egg_info
[6.079s] removing '/home/chris/capstone/hitc_ws/install/camera_capture/lib/python3.10/site-packages/camera_capture-0.0.0-py3.10.egg-info' (and everything under it)
[6.086s] Copying ../../build/camera_capture/camera_capture.egg-info to /home/chris/capstone/hitc_ws/install/camera_capture/lib/python3.10/site-packages/camera_capture-0.0.0-py3.10.egg-info
[6.094s] running install_scripts
[6.195s] Installing camera_capture script to /home/chris/capstone/hitc_ws/install/camera_capture/lib/camera_capture
[6.197s] Installing human_checker script to /home/chris/capstone/hitc_ws/install/camera_capture/lib/camera_capture
[6.199s] Installing image_proccessing script to /home/chris/capstone/hitc_ws/install/camera_capture/lib/camera_capture
[6.202s] writing list of installed files to '/home/chris/capstone/hitc_ws/build/camera_capture/install.log'
[6.350s] Invoked command in '/home/chris/capstone/hitc_ws/src/camera_capture' returned '0': PYTHONPATH=/home/chris/capstone/hitc_ws/build/camera_capture/prefix_override:/home/chris/capstone/hitc_ws/install/camera_capture/lib/python3.10/site-packages:${PYTHONPATH} /usr/bin/python3 setup.py egg_info --egg-base ../../build/camera_capture build --build-base /home/chris/capstone/hitc_ws/build/camera_capture/build install --record /home/chris/capstone/hitc_ws/build/camera_capture/install.log --single-version-externally-managed
