[0.981s] DEBUG:colcon:Command line arguments: ['/usr/bin/colcon', 'build']
[0.981s] DEBUG:colcon:Parsed command line arguments: Namespace(log_base=None, log_level=None, verb_name='build', build_base='build', install_base='install', merge_install=False, symlink_install=False, test_result_base=None, continue_on_error=False, executor='parallel', parallel_workers=12, event_handlers=None, ignore_user_meta=False, metas=['./colcon.meta'], base_paths=['.'], packages_ignore=None, packages_ignore_regex=None, paths=None, packages_up_to=None, packages_up_to_regex=None, packages_above=None, packages_above_and_dependencies=None, packages_above_depth=None, packages_select_by_dep=None, packages_skip_by_dep=None, packages_skip_up_to=None, packages_select_build_failed=False, packages_skip_build_finished=False, packages_select_test_failures=False, packages_skip_test_passed=False, packages_select=None, packages_skip=None, packages_select_regex=None, packages_skip_regex=None, packages_start=None, packages_end=None, allow_overriding=[], cmake_args=None, cmake_target=None, cmake_target_skip_unavailable=False, cmake_clean_cache=False, cmake_clean_first=False, cmake_force_configure=False, ament_cmake_args=None, catkin_cmake_args=None, catkin_skip_building_tests=False, verb_parser=<colcon_defaults.argument_parser.defaults.DefaultArgumentsDecorator object at 0x7ff6366809d0>, verb_extension=<colcon_core.verb.build.BuildVerb object at 0x7ff636683fd0>, main=<bound method BuildVerb.main of <colcon_core.verb.build.BuildVerb object at 0x7ff636683fd0>>)
[1.026s] Level 1:colcon.colcon_core.package_discovery:discover_packages(colcon_meta) check parameters
[1.026s] Level 1:colcon.colcon_core.package_discovery:discover_packages(recursive) check parameters
[1.026s] Level 1:colcon.colcon_core.package_discovery:discover_packages(ignore) check parameters
[1.026s] Level 1:colcon.colcon_core.package_discovery:discover_packages(path) check parameters
[1.026s] Level 1:colcon.colcon_core.package_discovery:discover_packages(colcon_meta) discover
[1.026s] Level 1:colcon.colcon_core.package_discovery:discover_packages(recursive) discover
[1.026s] INFO:colcon.colcon_core.package_discovery:Crawling recursively for packages in '/home/chris/capstone/hitc_ws/src'
[1.027s] Level 1:colcon.colcon_core.package_identification:_identify(.) by extensions ['ignore', 'ignore_ament_install']
[1.027s] Level 1:colcon.colcon_core.package_identification:_identify(.) by extension 'ignore'
[1.027s] Level 1:colcon.colcon_core.package_identification:_identify(.) by extension 'ignore_ament_install'
[1.027s] Level 1:colcon.colcon_core.package_identification:_identify(.) by extensions ['colcon_pkg']
[1.027s] Level 1:colcon.colcon_core.package_identification:_identify(.) by extension 'colcon_pkg'
[1.027s] Level 1:colcon.colcon_core.package_identification:_identify(.) by extensions ['colcon_meta']
[1.027s] Level 1:colcon.colcon_core.package_identification:_identify(.) by extension 'colcon_meta'
[1.027s] Level 1:colcon.colcon_core.package_identification:_identify(.) by extensions ['ros']
[1.027s] Level 1:colcon.colcon_core.package_identification:_identify(.) by extension 'ros'
[1.036s] Level 1:colcon.colcon_core.package_identification:_identify(.) by extensions ['cmake', 'python']
[1.036s] Level 1:colcon.colcon_core.package_identification:_identify(.) by extension 'cmake'
[1.036s] Level 1:colcon.colcon_core.package_identification:_identify(.) by extension 'python'
[1.036s] Level 1:colcon.colcon_core.package_identification:_identify(.) by extensions ['python_setup_py']
[1.036s] Level 1:colcon.colcon_core.package_identification:_identify(.) by extension 'python_setup_py'
[1.036s] Level 1:colcon.colcon_core.package_identification:_identify(Hardware_Level) by extensions ['ignore', 'ignore_ament_install']
[1.037s] Level 1:colcon.colcon_core.package_identification:_identify(Hardware_Level) by extension 'ignore'
[1.037s] Level 1:colcon.colcon_core.package_identification:_identify(Hardware_Level) by extension 'ignore_ament_install'
[1.037s] Level 1:colcon.colcon_core.package_identification:_identify(Hardware_Level) by extensions ['colcon_pkg']
[1.037s] Level 1:colcon.colcon_core.package_identification:_identify(Hardware_Level) by extension 'colcon_pkg'
[1.037s] Level 1:colcon.colcon_core.package_identification:_identify(Hardware_Level) by extensions ['colcon_meta']
[1.037s] Level 1:colcon.colcon_core.package_identification:_identify(Hardware_Level) by extension 'colcon_meta'
[1.037s] Level 1:colcon.colcon_core.package_identification:_identify(Hardware_Level) by extensions ['ros']
[1.037s] Level 1:colcon.colcon_core.package_identification:_identify(Hardware_Level) by extension 'ros'
[1.037s] Level 1:colcon.colcon_core.package_identification:_identify(Hardware_Level) by extensions ['cmake', 'python']
[1.037s] Level 1:colcon.colcon_core.package_identification:_identify(Hardware_Level) by extension 'cmake'
[1.037s] Level 1:colcon.colcon_core.package_identification:_identify(Hardware_Level) by extension 'python'
[1.037s] Level 1:colcon.colcon_core.package_identification:_identify(Hardware_Level) by extensions ['python_setup_py']
[1.037s] Level 1:colcon.colcon_core.package_identification:_identify(Hardware_Level) by extension 'python_setup_py'
[1.037s] Level 1:colcon.colcon_core.package_identification:_identify(Hardware_Level/Encoder) by extensions ['ignore', 'ignore_ament_install']
[1.037s] Level 1:colcon.colcon_core.package_identification:_identify(Hardware_Level/Encoder) by extension 'ignore'
[1.037s] Level 1:colcon.colcon_core.package_identification:_identify(Hardware_Level/Encoder) by extension 'ignore_ament_install'
[1.037s] Level 1:colcon.colcon_core.package_identification:_identify(Hardware_Level/Encoder) by extensions ['colcon_pkg']
[1.037s] Level 1:colcon.colcon_core.package_identification:_identify(Hardware_Level/Encoder) by extension 'colcon_pkg'
[1.037s] Level 1:colcon.colcon_core.package_identification:_identify(Hardware_Level/Encoder) by extensions ['colcon_meta']
[1.037s] Level 1:colcon.colcon_core.package_identification:_identify(Hardware_Level/Encoder) by extension 'colcon_meta'
[1.037s] Level 1:colcon.colcon_core.package_identification:_identify(Hardware_Level/Encoder) by extensions ['ros']
[1.037s] Level 1:colcon.colcon_core.package_identification:_identify(Hardware_Level/Encoder) by extension 'ros'
[1.038s] Level 1:colcon.colcon_core.package_identification:_identify(Hardware_Level/Encoder) by extensions ['cmake', 'python']
[1.038s] Level 1:colcon.colcon_core.package_identification:_identify(Hardware_Level/Encoder) by extension 'cmake'
[1.038s] Level 1:colcon.colcon_core.package_identification:_identify(Hardware_Level/Encoder) by extension 'python'
[1.038s] Level 1:colcon.colcon_core.package_identification:_identify(Hardware_Level/Encoder) by extensions ['python_setup_py']
[1.038s] Level 1:colcon.colcon_core.package_identification:_identify(Hardware_Level/Encoder) by extension 'python_setup_py'
[1.038s] Level 1:colcon.colcon_core.package_identification:_identify(Sensor_readings) by extensions ['ignore', 'ignore_ament_install']
[1.038s] Level 1:colcon.colcon_core.package_identification:_identify(Sensor_readings) by extension 'ignore'
[1.038s] Level 1:colcon.colcon_core.package_identification:_identify(Sensor_readings) by extension 'ignore_ament_install'
[1.038s] Level 1:colcon.colcon_core.package_identification:_identify(Sensor_readings) by extensions ['colcon_pkg']
[1.038s] Level 1:colcon.colcon_core.package_identification:_identify(Sensor_readings) by extension 'colcon_pkg'
[1.038s] Level 1:colcon.colcon_core.package_identification:_identify(Sensor_readings) by extensions ['colcon_meta']
[1.038s] Level 1:colcon.colcon_core.package_identification:_identify(Sensor_readings) by extension 'colcon_meta'
[1.038s] Level 1:colcon.colcon_core.package_identification:_identify(Sensor_readings) by extensions ['ros']
[1.038s] Level 1:colcon.colcon_core.package_identification:_identify(Sensor_readings) by extension 'ros'
[1.038s] Level 1:colcon.colcon_core.package_identification:_identify(Sensor_readings) by extensions ['cmake', 'python']
[1.038s] Level 1:colcon.colcon_core.package_identification:_identify(Sensor_readings) by extension 'cmake'
[1.038s] Level 1:colcon.colcon_core.package_identification:_identify(Sensor_readings) by extension 'python'
[1.038s] Level 1:colcon.colcon_core.package_identification:_identify(Sensor_readings) by extensions ['python_setup_py']
[1.038s] Level 1:colcon.colcon_core.package_identification:_identify(Sensor_readings) by extension 'python_setup_py'
[1.038s] Level 1:colcon.colcon_core.package_identification:_identify(aruco) by extensions ['ignore', 'ignore_ament_install']
[1.038s] Level 1:colcon.colcon_core.package_identification:_identify(aruco) by extension 'ignore'
[1.039s] Level 1:colcon.colcon_core.package_identification:_identify(aruco) by extension 'ignore_ament_install'
[1.039s] Level 1:colcon.colcon_core.package_identification:_identify(aruco) by extensions ['colcon_pkg']
[1.039s] Level 1:colcon.colcon_core.package_identification:_identify(aruco) by extension 'colcon_pkg'
[1.039s] Level 1:colcon.colcon_core.package_identification:_identify(aruco) by extensions ['colcon_meta']
[1.039s] Level 1:colcon.colcon_core.package_identification:_identify(aruco) by extension 'colcon_meta'
[1.039s] Level 1:colcon.colcon_core.package_identification:_identify(aruco) by extensions ['ros']
[1.039s] Level 1:colcon.colcon_core.package_identification:_identify(aruco) by extension 'ros'
[1.039s] Level 1:colcon.colcon_core.package_identification:_identify(aruco) by extensions ['cmake', 'python']
[1.039s] Level 1:colcon.colcon_core.package_identification:_identify(aruco) by extension 'cmake'
[1.039s] Level 1:colcon.colcon_core.package_identification:_identify(aruco) by extension 'python'
[1.039s] Level 1:colcon.colcon_core.package_identification:_identify(aruco) by extensions ['python_setup_py']
[1.039s] Level 1:colcon.colcon_core.package_identification:_identify(aruco) by extension 'python_setup_py'
[1.039s] Level 1:colcon.colcon_core.package_identification:_identify(build) by extensions ['ignore', 'ignore_ament_install']
[1.039s] Level 1:colcon.colcon_core.package_identification:_identify(build) by extension 'ignore'
[1.039s] Level 1:colcon.colcon_core.package_identification:_identify(build) ignored
[1.039s] Level 1:colcon.colcon_core.package_identification:_identify(c_pkg) by extensions ['ignore', 'ignore_ament_install']
[1.039s] Level 1:colcon.colcon_core.package_identification:_identify(c_pkg) by extension 'ignore'
[1.039s] Level 1:colcon.colcon_core.package_identification:_identify(c_pkg) by extension 'ignore_ament_install'
[1.039s] Level 1:colcon.colcon_core.package_identification:_identify(c_pkg) by extensions ['colcon_pkg']
[1.039s] Level 1:colcon.colcon_core.package_identification:_identify(c_pkg) by extension 'colcon_pkg'
[1.039s] Level 1:colcon.colcon_core.package_identification:_identify(c_pkg) by extensions ['colcon_meta']
[1.040s] Level 1:colcon.colcon_core.package_identification:_identify(c_pkg) by extension 'colcon_meta'
[1.040s] Level 1:colcon.colcon_core.package_identification:_identify(c_pkg) by extensions ['ros']
[1.040s] Level 1:colcon.colcon_core.package_identification:_identify(c_pkg) by extension 'ros'
[1.042s] DEBUG:colcon.colcon_core.package_identification:Package 'c_pkg' with type 'ros.ament_cmake' and name 'c_pkg'
[1.042s] Level 1:colcon.colcon_core.package_identification:_identify(camera_capture) by extensions ['ignore', 'ignore_ament_install']
[1.042s] Level 1:colcon.colcon_core.package_identification:_identify(camera_capture) by extension 'ignore'
[1.042s] Level 1:colcon.colcon_core.package_identification:_identify(camera_capture) by extension 'ignore_ament_install'
[1.042s] Level 1:colcon.colcon_core.package_identification:_identify(camera_capture) by extensions ['colcon_pkg']
[1.042s] Level 1:colcon.colcon_core.package_identification:_identify(camera_capture) by extension 'colcon_pkg'
[1.042s] Level 1:colcon.colcon_core.package_identification:_identify(camera_capture) by extensions ['colcon_meta']
[1.042s] Level 1:colcon.colcon_core.package_identification:_identify(camera_capture) by extension 'colcon_meta'
[1.042s] Level 1:colcon.colcon_core.package_identification:_identify(camera_capture) by extensions ['ros']
[1.042s] Level 1:colcon.colcon_core.package_identification:_identify(camera_capture) by extension 'ros'
[1.043s] DEBUG:colcon.colcon_core.package_identification:Package 'camera_capture' with type 'ros.ament_python' and name 'camera_capture'
[1.043s] Level 1:colcon.colcon_core.package_identification:_identify(hitc_platform_description) by extensions ['ignore', 'ignore_ament_install']
[1.043s] Level 1:colcon.colcon_core.package_identification:_identify(hitc_platform_description) by extension 'ignore'
[1.043s] Level 1:colcon.colcon_core.package_identification:_identify(hitc_platform_description) by extension 'ignore_ament_install'
[1.043s] Level 1:colcon.colcon_core.package_identification:_identify(hitc_platform_description) by extensions ['colcon_pkg']
[1.043s] Level 1:colcon.colcon_core.package_identification:_identify(hitc_platform_description) by extension 'colcon_pkg'
[1.043s] Level 1:colcon.colcon_core.package_identification:_identify(hitc_platform_description) by extensions ['colcon_meta']
[1.043s] Level 1:colcon.colcon_core.package_identification:_identify(hitc_platform_description) by extension 'colcon_meta'
[1.043s] Level 1:colcon.colcon_core.package_identification:_identify(hitc_platform_description) by extensions ['ros']
[1.043s] Level 1:colcon.colcon_core.package_identification:_identify(hitc_platform_description) by extension 'ros'
[1.044s] DEBUG:colcon.colcon_core.package_identification:Package 'hitc_platform_description' with type 'ros.catkin' and name 'HITC_platform'
[1.044s] Level 1:colcon.colcon_core.package_identification:_identify(install) by extensions ['ignore', 'ignore_ament_install']
[1.044s] Level 1:colcon.colcon_core.package_identification:_identify(install) by extension 'ignore'
[1.044s] Level 1:colcon.colcon_core.package_identification:_identify(install) ignored
[1.044s] Level 1:colcon.colcon_core.package_identification:_identify(laser_pointer) by extensions ['ignore', 'ignore_ament_install']
[1.044s] Level 1:colcon.colcon_core.package_identification:_identify(laser_pointer) by extension 'ignore'
[1.044s] Level 1:colcon.colcon_core.package_identification:_identify(laser_pointer) by extension 'ignore_ament_install'
[1.044s] Level 1:colcon.colcon_core.package_identification:_identify(laser_pointer) by extensions ['colcon_pkg']
[1.045s] Level 1:colcon.colcon_core.package_identification:_identify(laser_pointer) by extension 'colcon_pkg'
[1.045s] Level 1:colcon.colcon_core.package_identification:_identify(laser_pointer) by extensions ['colcon_meta']
[1.045s] Level 1:colcon.colcon_core.package_identification:_identify(laser_pointer) by extension 'colcon_meta'
[1.045s] Level 1:colcon.colcon_core.package_identification:_identify(laser_pointer) by extensions ['ros']
[1.045s] Level 1:colcon.colcon_core.package_identification:_identify(laser_pointer) by extension 'ros'
[1.045s] DEBUG:colcon.colcon_core.package_identification:Package 'laser_pointer' with type 'ros.ament_python' and name 'laser_pointer'
[1.045s] Level 1:colcon.colcon_core.package_identification:_identify(log) by extensions ['ignore', 'ignore_ament_install']
[1.045s] Level 1:colcon.colcon_core.package_identification:_identify(log) by extension 'ignore'
[1.045s] Level 1:colcon.colcon_core.package_identification:_identify(log) ignored
[1.045s] Level 1:colcon.colcon_core.package_identification:_identify(path_planner) by extensions ['ignore', 'ignore_ament_install']
[1.046s] Level 1:colcon.colcon_core.package_identification:_identify(path_planner) by extension 'ignore'
[1.046s] Level 1:colcon.colcon_core.package_identification:_identify(path_planner) by extension 'ignore_ament_install'
[1.046s] Level 1:colcon.colcon_core.package_identification:_identify(path_planner) by extensions ['colcon_pkg']
[1.046s] Level 1:colcon.colcon_core.package_identification:_identify(path_planner) by extension 'colcon_pkg'
[1.046s] Level 1:colcon.colcon_core.package_identification:_identify(path_planner) by extensions ['colcon_meta']
[1.046s] Level 1:colcon.colcon_core.package_identification:_identify(path_planner) by extension 'colcon_meta'
[1.046s] Level 1:colcon.colcon_core.package_identification:_identify(path_planner) by extensions ['ros']
[1.046s] Level 1:colcon.colcon_core.package_identification:_identify(path_planner) by extension 'ros'
[1.046s] DEBUG:colcon.colcon_core.package_identification:Package 'path_planner' with type 'ros.ament_python' and name 'path_planner'
[1.046s] Level 1:colcon.colcon_core.package_identification:_identify(robot_arm_description) by extensions ['ignore', 'ignore_ament_install']
[1.046s] Level 1:colcon.colcon_core.package_identification:_identify(robot_arm_description) by extension 'ignore'
[1.046s] Level 1:colcon.colcon_core.package_identification:_identify(robot_arm_description) by extension 'ignore_ament_install'
[1.046s] Level 1:colcon.colcon_core.package_identification:_identify(robot_arm_description) by extensions ['colcon_pkg']
[1.047s] Level 1:colcon.colcon_core.package_identification:_identify(robot_arm_description) by extension 'colcon_pkg'
[1.047s] Level 1:colcon.colcon_core.package_identification:_identify(robot_arm_description) by extensions ['colcon_meta']
[1.047s] Level 1:colcon.colcon_core.package_identification:_identify(robot_arm_description) by extension 'colcon_meta'
[1.047s] Level 1:colcon.colcon_core.package_identification:_identify(robot_arm_description) by extensions ['ros']
[1.047s] Level 1:colcon.colcon_core.package_identification:_identify(robot_arm_description) by extension 'ros'
[1.047s] DEBUG:colcon.colcon_core.package_identification:Package 'robot_arm_description' with type 'ros.ament_cmake' and name 'robot_arm_description'
[1.047s] Level 1:colcon.colcon_core.package_identification:_identify(startup) by extensions ['ignore', 'ignore_ament_install']
[1.047s] Level 1:colcon.colcon_core.package_identification:_identify(startup) by extension 'ignore'
[1.047s] Level 1:colcon.colcon_core.package_identification:_identify(startup) by extension 'ignore_ament_install'
[1.047s] Level 1:colcon.colcon_core.package_identification:_identify(startup) by extensions ['colcon_pkg']
[1.047s] Level 1:colcon.colcon_core.package_identification:_identify(startup) by extension 'colcon_pkg'
[1.047s] Level 1:colcon.colcon_core.package_identification:_identify(startup) by extensions ['colcon_meta']
[1.048s] Level 1:colcon.colcon_core.package_identification:_identify(startup) by extension 'colcon_meta'
[1.048s] Level 1:colcon.colcon_core.package_identification:_identify(startup) by extensions ['ros']
[1.048s] Level 1:colcon.colcon_core.package_identification:_identify(startup) by extension 'ros'
[1.048s] DEBUG:colcon.colcon_core.package_identification:Package 'startup' with type 'ros.ament_python' and name 'startup'
[1.048s] Level 1:colcon.colcon_core.package_identification:_identify(testing_motors) by extensions ['ignore', 'ignore_ament_install']
[1.048s] Level 1:colcon.colcon_core.package_identification:_identify(testing_motors) by extension 'ignore'
[1.048s] Level 1:colcon.colcon_core.package_identification:_identify(testing_motors) by extension 'ignore_ament_install'
[1.048s] Level 1:colcon.colcon_core.package_identification:_identify(testing_motors) by extensions ['colcon_pkg']
[1.048s] Level 1:colcon.colcon_core.package_identification:_identify(testing_motors) by extension 'colcon_pkg'
[1.048s] Level 1:colcon.colcon_core.package_identification:_identify(testing_motors) by extensions ['colcon_meta']
[1.048s] Level 1:colcon.colcon_core.package_identification:_identify(testing_motors) by extension 'colcon_meta'
[1.048s] Level 1:colcon.colcon_core.package_identification:_identify(testing_motors) by extensions ['ros']
[1.048s] Level 1:colcon.colcon_core.package_identification:_identify(testing_motors) by extension 'ros'
[1.049s] DEBUG:colcon.colcon_core.package_identification:Package 'testing_motors' with type 'ros.ament_python' and name 'testing_motors'
[1.049s] Level 1:colcon.colcon_core.package_discovery:discover_packages(recursive) using defaults
[1.049s] Level 1:colcon.colcon_core.package_discovery:discover_packages(ignore) discover
[1.049s] Level 1:colcon.colcon_core.package_discovery:discover_packages(ignore) using defaults
[1.049s] Level 1:colcon.colcon_core.package_discovery:discover_packages(path) discover
[1.049s] Level 1:colcon.colcon_core.package_discovery:discover_packages(path) using defaults
[1.141s] Level 1:colcon.colcon_core.package_discovery:discover_packages(prefix_path) check parameters
[1.141s] Level 1:colcon.colcon_core.package_discovery:discover_packages(prefix_path) discover
[1.171s] DEBUG:colcon.colcon_installed_package_information.package_discovery:Found 2 installed packages in /home/chris/hitc_ws/install
[1.193s] DEBUG:colcon.colcon_installed_package_information.package_discovery:Found 12 installed packages in /home/chris/ros2_ws/install
[1.209s] DEBUG:colcon.colcon_installed_package_information.package_discovery:Found 312 installed packages in /opt/ros/humble
[1.210s] Level 1:colcon.colcon_core.package_discovery:discover_packages(prefix_path) using defaults
[1.301s] Level 5:colcon.colcon_core.verb:set package 'HITC_platform' build argument 'cmake_args' from command line to 'None'
[1.301s] Level 5:colcon.colcon_core.verb:set package 'HITC_platform' build argument 'cmake_target' from command line to 'None'
[1.301s] Level 5:colcon.colcon_core.verb:set package 'HITC_platform' build argument 'cmake_target_skip_unavailable' from command line to 'False'
[1.301s] Level 5:colcon.colcon_core.verb:set package 'HITC_platform' build argument 'cmake_clean_cache' from command line to 'False'
[1.301s] Level 5:colcon.colcon_core.verb:set package 'HITC_platform' build argument 'cmake_clean_first' from command line to 'False'
[1.301s] Level 5:colcon.colcon_core.verb:set package 'HITC_platform' build argument 'cmake_force_configure' from command line to 'False'
[1.301s] Level 5:colcon.colcon_core.verb:set package 'HITC_platform' build argument 'ament_cmake_args' from command line to 'None'
[1.301s] Level 5:colcon.colcon_core.verb:set package 'HITC_platform' build argument 'catkin_cmake_args' from command line to 'None'
[1.301s] Level 5:colcon.colcon_core.verb:set package 'HITC_platform' build argument 'catkin_skip_building_tests' from command line to 'False'
[1.301s] DEBUG:colcon.colcon_core.verb:Building package 'HITC_platform' with the following arguments: {'ament_cmake_args': None, 'build_base': '/home/chris/capstone/hitc_ws/src/build/HITC_platform', 'catkin_cmake_args': None, 'catkin_skip_building_tests': False, 'cmake_args': None, 'cmake_clean_cache': False, 'cmake_clean_first': False, 'cmake_force_configure': False, 'cmake_target': None, 'cmake_target_skip_unavailable': False, 'install_base': '/home/chris/capstone/hitc_ws/src/install/HITC_platform', 'merge_install': False, 'path': '/home/chris/capstone/hitc_ws/src/hitc_platform_description', 'symlink_install': False, 'test_result_base': None}
[1.316s] Level 5:colcon.colcon_core.verb:set package 'c_pkg' build argument 'cmake_args' from command line to 'None'
[1.316s] Level 5:colcon.colcon_core.verb:set package 'c_pkg' build argument 'cmake_target' from command line to 'None'
[1.316s] Level 5:colcon.colcon_core.verb:set package 'c_pkg' build argument 'cmake_target_skip_unavailable' from command line to 'False'
[1.316s] Level 5:colcon.colcon_core.verb:set package 'c_pkg' build argument 'cmake_clean_cache' from command line to 'False'
[1.316s] Level 5:colcon.colcon_core.verb:set package 'c_pkg' build argument 'cmake_clean_first' from command line to 'False'
[1.316s] Level 5:colcon.colcon_core.verb:set package 'c_pkg' build argument 'cmake_force_configure' from command line to 'False'
[1.316s] Level 5:colcon.colcon_core.verb:set package 'c_pkg' build argument 'ament_cmake_args' from command line to 'None'
[1.316s] Level 5:colcon.colcon_core.verb:set package 'c_pkg' build argument 'catkin_cmake_args' from command line to 'None'
[1.316s] Level 5:colcon.colcon_core.verb:set package 'c_pkg' build argument 'catkin_skip_building_tests' from command line to 'False'
[1.316s] DEBUG:colcon.colcon_core.verb:Building package 'c_pkg' with the following arguments: {'ament_cmake_args': None, 'build_base': '/home/chris/capstone/hitc_ws/src/build/c_pkg', 'catkin_cmake_args': None, 'catkin_skip_building_tests': False, 'cmake_args': None, 'cmake_clean_cache': False, 'cmake_clean_first': False, 'cmake_force_configure': False, 'cmake_target': None, 'cmake_target_skip_unavailable': False, 'install_base': '/home/chris/capstone/hitc_ws/src/install/c_pkg', 'merge_install': False, 'path': '/home/chris/capstone/hitc_ws/src/c_pkg', 'symlink_install': False, 'test_result_base': None}
[1.330s] Level 5:colcon.colcon_core.verb:set package 'camera_capture' build argument 'cmake_args' from command line to 'None'
[1.330s] Level 5:colcon.colcon_core.verb:set package 'camera_capture' build argument 'cmake_target' from command line to 'None'
[1.330s] Level 5:colcon.colcon_core.verb:set package 'camera_capture' build argument 'cmake_target_skip_unavailable' from command line to 'False'
[1.330s] Level 5:colcon.colcon_core.verb:set package 'camera_capture' build argument 'cmake_clean_cache' from command line to 'False'
[1.330s] Level 5:colcon.colcon_core.verb:set package 'camera_capture' build argument 'cmake_clean_first' from command line to 'False'
[1.330s] Level 5:colcon.colcon_core.verb:set package 'camera_capture' build argument 'cmake_force_configure' from command line to 'False'
[1.330s] Level 5:colcon.colcon_core.verb:set package 'camera_capture' build argument 'ament_cmake_args' from command line to 'None'
[1.331s] Level 5:colcon.colcon_core.verb:set package 'camera_capture' build argument 'catkin_cmake_args' from command line to 'None'
[1.331s] Level 5:colcon.colcon_core.verb:set package 'camera_capture' build argument 'catkin_skip_building_tests' from command line to 'False'
[1.331s] DEBUG:colcon.colcon_core.verb:Building package 'camera_capture' with the following arguments: {'ament_cmake_args': None, 'build_base': '/home/chris/capstone/hitc_ws/src/build/camera_capture', 'catkin_cmake_args': None, 'catkin_skip_building_tests': False, 'cmake_args': None, 'cmake_clean_cache': False, 'cmake_clean_first': False, 'cmake_force_configure': False, 'cmake_target': None, 'cmake_target_skip_unavailable': False, 'install_base': '/home/chris/capstone/hitc_ws/src/install/camera_capture', 'merge_install': False, 'path': '/home/chris/capstone/hitc_ws/src/camera_capture', 'symlink_install': False, 'test_result_base': None}
[1.345s] Level 5:colcon.colcon_core.verb:set package 'laser_pointer' build argument 'cmake_args' from command line to 'None'
[1.345s] Level 5:colcon.colcon_core.verb:set package 'laser_pointer' build argument 'cmake_target' from command line to 'None'
[1.345s] Level 5:colcon.colcon_core.verb:set package 'laser_pointer' build argument 'cmake_target_skip_unavailable' from command line to 'False'
[1.345s] Level 5:colcon.colcon_core.verb:set package 'laser_pointer' build argument 'cmake_clean_cache' from command line to 'False'
[1.345s] Level 5:colcon.colcon_core.verb:set package 'laser_pointer' build argument 'cmake_clean_first' from command line to 'False'
[1.345s] Level 5:colcon.colcon_core.verb:set package 'laser_pointer' build argument 'cmake_force_configure' from command line to 'False'
[1.345s] Level 5:colcon.colcon_core.verb:set package 'laser_pointer' build argument 'ament_cmake_args' from command line to 'None'
[1.345s] Level 5:colcon.colcon_core.verb:set package 'laser_pointer' build argument 'catkin_cmake_args' from command line to 'None'
[1.345s] Level 5:colcon.colcon_core.verb:set package 'laser_pointer' build argument 'catkin_skip_building_tests' from command line to 'False'
[1.345s] DEBUG:colcon.colcon_core.verb:Building package 'laser_pointer' with the following arguments: {'ament_cmake_args': None, 'build_base': '/home/chris/capstone/hitc_ws/src/build/laser_pointer', 'catkin_cmake_args': None, 'catkin_skip_building_tests': False, 'cmake_args': None, 'cmake_clean_cache': False, 'cmake_clean_first': False, 'cmake_force_configure': False, 'cmake_target': None, 'cmake_target_skip_unavailable': False, 'install_base': '/home/chris/capstone/hitc_ws/src/install/laser_pointer', 'merge_install': False, 'path': '/home/chris/capstone/hitc_ws/src/laser_pointer', 'symlink_install': False, 'test_result_base': None}
[1.359s] Level 5:colcon.colcon_core.verb:set package 'path_planner' build argument 'cmake_args' from command line to 'None'
[1.359s] Level 5:colcon.colcon_core.verb:set package 'path_planner' build argument 'cmake_target' from command line to 'None'
[1.359s] Level 5:colcon.colcon_core.verb:set package 'path_planner' build argument 'cmake_target_skip_unavailable' from command line to 'False'
[1.359s] Level 5:colcon.colcon_core.verb:set package 'path_planner' build argument 'cmake_clean_cache' from command line to 'False'
[1.359s] Level 5:colcon.colcon_core.verb:set package 'path_planner' build argument 'cmake_clean_first' from command line to 'False'
[1.359s] Level 5:colcon.colcon_core.verb:set package 'path_planner' build argument 'cmake_force_configure' from command line to 'False'
[1.359s] Level 5:colcon.colcon_core.verb:set package 'path_planner' build argument 'ament_cmake_args' from command line to 'None'
[1.359s] Level 5:colcon.colcon_core.verb:set package 'path_planner' build argument 'catkin_cmake_args' from command line to 'None'
[1.359s] Level 5:colcon.colcon_core.verb:set package 'path_planner' build argument 'catkin_skip_building_tests' from command line to 'False'
[1.359s] DEBUG:colcon.colcon_core.verb:Building package 'path_planner' with the following arguments: {'ament_cmake_args': None, 'build_base': '/home/chris/capstone/hitc_ws/src/build/path_planner', 'catkin_cmake_args': None, 'catkin_skip_building_tests': False, 'cmake_args': None, 'cmake_clean_cache': False, 'cmake_clean_first': False, 'cmake_force_configure': False, 'cmake_target': None, 'cmake_target_skip_unavailable': False, 'install_base': '/home/chris/capstone/hitc_ws/src/install/path_planner', 'merge_install': False, 'path': '/home/chris/capstone/hitc_ws/src/path_planner', 'symlink_install': False, 'test_result_base': None}
[1.374s] Level 5:colcon.colcon_core.verb:set package 'robot_arm_description' build argument 'cmake_args' from command line to 'None'
[1.374s] Level 5:colcon.colcon_core.verb:set package 'robot_arm_description' build argument 'cmake_target' from command line to 'None'
[1.374s] Level 5:colcon.colcon_core.verb:set package 'robot_arm_description' build argument 'cmake_target_skip_unavailable' from command line to 'False'
[1.374s] Level 5:colcon.colcon_core.verb:set package 'robot_arm_description' build argument 'cmake_clean_cache' from command line to 'False'
[1.374s] Level 5:colcon.colcon_core.verb:set package 'robot_arm_description' build argument 'cmake_clean_first' from command line to 'False'
[1.374s] Level 5:colcon.colcon_core.verb:set package 'robot_arm_description' build argument 'cmake_force_configure' from command line to 'False'
[1.374s] Level 5:colcon.colcon_core.verb:set package 'robot_arm_description' build argument 'ament_cmake_args' from command line to 'None'
[1.374s] Level 5:colcon.colcon_core.verb:set package 'robot_arm_description' build argument 'catkin_cmake_args' from command line to 'None'
[1.374s] Level 5:colcon.colcon_core.verb:set package 'robot_arm_description' build argument 'catkin_skip_building_tests' from command line to 'False'
[1.374s] DEBUG:colcon.colcon_core.verb:Building package 'robot_arm_description' with the following arguments: {'ament_cmake_args': None, 'build_base': '/home/chris/capstone/hitc_ws/src/build/robot_arm_description', 'catkin_cmake_args': None, 'catkin_skip_building_tests': False, 'cmake_args': None, 'cmake_clean_cache': False, 'cmake_clean_first': False, 'cmake_force_configure': False, 'cmake_target': None, 'cmake_target_skip_unavailable': False, 'install_base': '/home/chris/capstone/hitc_ws/src/install/robot_arm_description', 'merge_install': False, 'path': '/home/chris/capstone/hitc_ws/src/robot_arm_description', 'symlink_install': False, 'test_result_base': None}
[1.389s] Level 5:colcon.colcon_core.verb:set package 'startup' build argument 'cmake_args' from command line to 'None'
[1.389s] Level 5:colcon.colcon_core.verb:set package 'startup' build argument 'cmake_target' from command line to 'None'
[1.389s] Level 5:colcon.colcon_core.verb:set package 'startup' build argument 'cmake_target_skip_unavailable' from command line to 'False'
[1.389s] Level 5:colcon.colcon_core.verb:set package 'startup' build argument 'cmake_clean_cache' from command line to 'False'
[1.389s] Level 5:colcon.colcon_core.verb:set package 'startup' build argument 'cmake_clean_first' from command line to 'False'
[1.389s] Level 5:colcon.colcon_core.verb:set package 'startup' build argument 'cmake_force_configure' from command line to 'False'
[1.389s] Level 5:colcon.colcon_core.verb:set package 'startup' build argument 'ament_cmake_args' from command line to 'None'
[1.389s] Level 5:colcon.colcon_core.verb:set package 'startup' build argument 'catkin_cmake_args' from command line to 'None'
[1.389s] Level 5:colcon.colcon_core.verb:set package 'startup' build argument 'catkin_skip_building_tests' from command line to 'False'
[1.389s] DEBUG:colcon.colcon_core.verb:Building package 'startup' with the following arguments: {'ament_cmake_args': None, 'build_base': '/home/chris/capstone/hitc_ws/src/build/startup', 'catkin_cmake_args': None, 'catkin_skip_building_tests': False, 'cmake_args': None, 'cmake_clean_cache': False, 'cmake_clean_first': False, 'cmake_force_configure': False, 'cmake_target': None, 'cmake_target_skip_unavailable': False, 'install_base': '/home/chris/capstone/hitc_ws/src/install/startup', 'merge_install': False, 'path': '/home/chris/capstone/hitc_ws/src/startup', 'symlink_install': False, 'test_result_base': None}
[1.403s] Level 5:colcon.colcon_core.verb:set package 'testing_motors' build argument 'cmake_args' from command line to 'None'
[1.403s] Level 5:colcon.colcon_core.verb:set package 'testing_motors' build argument 'cmake_target' from command line to 'None'
[1.403s] Level 5:colcon.colcon_core.verb:set package 'testing_motors' build argument 'cmake_target_skip_unavailable' from command line to 'False'
[1.403s] Level 5:colcon.colcon_core.verb:set package 'testing_motors' build argument 'cmake_clean_cache' from command line to 'False'
[1.403s] Level 5:colcon.colcon_core.verb:set package 'testing_motors' build argument 'cmake_clean_first' from command line to 'False'
[1.403s] Level 5:colcon.colcon_core.verb:set package 'testing_motors' build argument 'cmake_force_configure' from command line to 'False'
[1.403s] Level 5:colcon.colcon_core.verb:set package 'testing_motors' build argument 'ament_cmake_args' from command line to 'None'
[1.403s] Level 5:colcon.colcon_core.verb:set package 'testing_motors' build argument 'catkin_cmake_args' from command line to 'None'
[1.403s] Level 5:colcon.colcon_core.verb:set package 'testing_motors' build argument 'catkin_skip_building_tests' from command line to 'False'
[1.403s] DEBUG:colcon.colcon_core.verb:Building package 'testing_motors' with the following arguments: {'ament_cmake_args': None, 'build_base': '/home/chris/capstone/hitc_ws/src/build/testing_motors', 'catkin_cmake_args': None, 'catkin_skip_building_tests': False, 'cmake_args': None, 'cmake_clean_cache': False, 'cmake_clean_first': False, 'cmake_force_configure': False, 'cmake_target': None, 'cmake_target_skip_unavailable': False, 'install_base': '/home/chris/capstone/hitc_ws/src/install/testing_motors', 'merge_install': False, 'path': '/home/chris/capstone/hitc_ws/src/testing_motors', 'symlink_install': False, 'test_result_base': None}
[1.418s] INFO:colcon.colcon_core.executor:Executing jobs using 'parallel' executor
[1.432s] DEBUG:colcon.colcon_parallel_executor.executor.parallel:run_until_complete
[1.432s] INFO:colcon.colcon_ros.task.catkin.build:Building ROS package in '/home/chris/capstone/hitc_ws/src/hitc_platform_description' with build type 'catkin'
[1.433s] INFO:colcon.colcon_cmake.task.cmake.build:Building CMake package in '/home/chris/capstone/hitc_ws/src/hitc_platform_description'
[1.449s] INFO:colcon.colcon_core.plugin_system:Skipping extension 'colcon_core.shell.bat': Not used on non-Windows systems
[1.449s] INFO:colcon.colcon_core.shell:Skip shell extension 'powershell' for command environment: Not usable outside of PowerShell
[1.449s] DEBUG:colcon.colcon_core.shell:Skip shell extension 'dsv' for command environment
[1.510s] INFO:colcon.colcon_ros.task.ament_cmake.build:Building ROS package in '/home/chris/capstone/hitc_ws/src/c_pkg' with build type 'ament_cmake'
[1.510s] INFO:colcon.colcon_cmake.task.cmake.build:Building CMake package in '/home/chris/capstone/hitc_ws/src/c_pkg'
[1.525s] INFO:colcon.colcon_core.shell:Skip shell extension 'powershell' for command environment: Not usable outside of PowerShell
[1.525s] DEBUG:colcon.colcon_core.shell:Skip shell extension 'dsv' for command environment
[1.591s] INFO:colcon.colcon_ros.task.ament_python.build:Building ROS package in '/home/chris/capstone/hitc_ws/src/camera_capture' with build type 'ament_python'
[1.591s] Level 1:colcon.colcon_core.shell:create_environment_hook('camera_capture', 'ament_prefix_path')
[1.606s] INFO:colcon.colcon_core.shell:Creating environment hook '/home/chris/capstone/hitc_ws/src/install/camera_capture/share/camera_capture/hook/ament_prefix_path.ps1'
[1.607s] INFO:colcon.colcon_core.shell:Creating environment descriptor '/home/chris/capstone/hitc_ws/src/install/camera_capture/share/camera_capture/hook/ament_prefix_path.dsv'
[1.608s] INFO:colcon.colcon_core.shell:Creating environment hook '/home/chris/capstone/hitc_ws/src/install/camera_capture/share/camera_capture/hook/ament_prefix_path.sh'
[1.623s] INFO:colcon.colcon_core.shell:Skip shell extension 'powershell' for command environment: Not usable outside of PowerShell
[1.624s] DEBUG:colcon.colcon_core.shell:Skip shell extension 'dsv' for command environment
[1.689s] INFO:colcon.colcon_ros.task.ament_python.build:Building ROS package in '/home/chris/capstone/hitc_ws/src/laser_pointer' with build type 'ament_python'
[1.690s] Level 1:colcon.colcon_core.shell:create_environment_hook('laser_pointer', 'ament_prefix_path')
[1.705s] INFO:colcon.colcon_core.shell:Creating environment hook '/home/chris/capstone/hitc_ws/src/install/laser_pointer/share/laser_pointer/hook/ament_prefix_path.ps1'
[1.714s] INFO:colcon.colcon_core.shell:Creating environment descriptor '/home/chris/capstone/hitc_ws/src/install/laser_pointer/share/laser_pointer/hook/ament_prefix_path.dsv'
[1.714s] INFO:colcon.colcon_core.shell:Creating environment hook '/home/chris/capstone/hitc_ws/src/install/laser_pointer/share/laser_pointer/hook/ament_prefix_path.sh'
[1.729s] INFO:colcon.colcon_core.shell:Skip shell extension 'powershell' for command environment: Not usable outside of PowerShell
[1.729s] DEBUG:colcon.colcon_core.shell:Skip shell extension 'dsv' for command environment
[1.792s] INFO:colcon.colcon_ros.task.ament_python.build:Building ROS package in '/home/chris/capstone/hitc_ws/src/path_planner' with build type 'ament_python'
[1.792s] Level 1:colcon.colcon_core.shell:create_environment_hook('path_planner', 'ament_prefix_path')
[1.807s] INFO:colcon.colcon_core.shell:Creating environment hook '/home/chris/capstone/hitc_ws/src/install/path_planner/share/path_planner/hook/ament_prefix_path.ps1'
[1.808s] INFO:colcon.colcon_core.shell:Creating environment descriptor '/home/chris/capstone/hitc_ws/src/install/path_planner/share/path_planner/hook/ament_prefix_path.dsv'
[1.808s] INFO:colcon.colcon_core.shell:Creating environment hook '/home/chris/capstone/hitc_ws/src/install/path_planner/share/path_planner/hook/ament_prefix_path.sh'
[1.823s] INFO:colcon.colcon_core.shell:Skip shell extension 'powershell' for command environment: Not usable outside of PowerShell
[1.823s] DEBUG:colcon.colcon_core.shell:Skip shell extension 'dsv' for command environment
[1.884s] INFO:colcon.colcon_ros.task.ament_cmake.build:Building ROS package in '/home/chris/capstone/hitc_ws/src/robot_arm_description' with build type 'ament_cmake'
[1.884s] INFO:colcon.colcon_cmake.task.cmake.build:Building CMake package in '/home/chris/capstone/hitc_ws/src/robot_arm_description'
[1.899s] INFO:colcon.colcon_core.shell:Skip shell extension 'powershell' for command environment: Not usable outside of PowerShell
[1.899s] DEBUG:colcon.colcon_core.shell:Skip shell extension 'dsv' for command environment
[1.961s] INFO:colcon.colcon_ros.task.ament_python.build:Building ROS package in '/home/chris/capstone/hitc_ws/src/startup' with build type 'ament_python'
[1.961s] Level 1:colcon.colcon_core.shell:create_environment_hook('startup', 'ament_prefix_path')
[1.976s] INFO:colcon.colcon_core.shell:Creating environment hook '/home/chris/capstone/hitc_ws/src/install/startup/share/startup/hook/ament_prefix_path.ps1'
[1.976s] INFO:colcon.colcon_core.shell:Creating environment descriptor '/home/chris/capstone/hitc_ws/src/install/startup/share/startup/hook/ament_prefix_path.dsv'
[1.977s] INFO:colcon.colcon_core.shell:Creating environment hook '/home/chris/capstone/hitc_ws/src/install/startup/share/startup/hook/ament_prefix_path.sh'
[1.992s] INFO:colcon.colcon_core.shell:Skip shell extension 'powershell' for command environment: Not usable outside of PowerShell
[1.992s] DEBUG:colcon.colcon_core.shell:Skip shell extension 'dsv' for command environment
[2.053s] INFO:colcon.colcon_ros.task.ament_python.build:Building ROS package in '/home/chris/capstone/hitc_ws/src/testing_motors' with build type 'ament_python'
[2.053s] Level 1:colcon.colcon_core.shell:create_environment_hook('testing_motors', 'ament_prefix_path')
[2.077s] INFO:colcon.colcon_core.shell:Creating environment hook '/home/chris/capstone/hitc_ws/src/install/testing_motors/share/testing_motors/hook/ament_prefix_path.ps1'
[2.077s] INFO:colcon.colcon_core.shell:Creating environment descriptor '/home/chris/capstone/hitc_ws/src/install/testing_motors/share/testing_motors/hook/ament_prefix_path.dsv'
[2.077s] INFO:colcon.colcon_core.shell:Creating environment hook '/home/chris/capstone/hitc_ws/src/install/testing_motors/share/testing_motors/hook/ament_prefix_path.sh'
[2.092s] INFO:colcon.colcon_core.shell:Skip shell extension 'powershell' for command environment: Not usable outside of PowerShell
[2.092s] DEBUG:colcon.colcon_core.shell:Skip shell extension 'dsv' for command environment
[2.159s] DEBUG:colcon.colcon_core.event_handler.log_command:Invoking command in '/home/chris/capstone/hitc_ws/src/build/HITC_platform': /usr/bin/cmake /home/chris/capstone/hitc_ws/src/hitc_platform_description -DCATKIN_INSTALL_INTO_PREFIX_ROOT=0 -DCMAKE_INSTALL_PREFIX=/home/chris/capstone/hitc_ws/src/install/HITC_platform
[2.162s] DEBUG:colcon.colcon_core.event_handler.log_command:Invoking command in '/home/chris/capstone/hitc_ws/src/build/c_pkg': CMAKE_PREFIX_PATH=${CMAKE_PREFIX_PATH}:/home/chris/ros2_ws/install/turtlesim_catch_them_all:/home/chris/ros2_ws/install/my_py_pkg:/home/chris/hitc_ws/install/test_motors_py:/home/chris/hitc_ws/install/camera_py:/opt/ros/humble /usr/bin/cmake /home/chris/capstone/hitc_ws/src/c_pkg -DCMAKE_INSTALL_PREFIX=/home/chris/capstone/hitc_ws/src/install/c_pkg
[2.424s] INFO:colcon.colcon_core.task.python.build:Building Python package in '/home/chris/capstone/hitc_ws/src/camera_capture'
[2.440s] INFO:colcon.colcon_core.shell:Skip shell extension 'powershell' for command environment: Not usable outside of PowerShell
[2.440s] DEBUG:colcon.colcon_core.shell:Skip shell extension 'dsv' for command environment
[2.796s] INFO:colcon.colcon_core.task.python.build:Building Python package in '/home/chris/capstone/hitc_ws/src/laser_pointer'
[2.818s] INFO:colcon.colcon_core.shell:Skip shell extension 'powershell' for command environment: Not usable outside of PowerShell
[2.818s] DEBUG:colcon.colcon_core.shell:Skip shell extension 'dsv' for command environment
[3.131s] INFO:colcon.colcon_core.task.python.build:Building Python package in '/home/chris/capstone/hitc_ws/src/path_planner'
[3.145s] INFO:colcon.colcon_core.shell:Skip shell extension 'powershell' for command environment: Not usable outside of PowerShell
[3.145s] DEBUG:colcon.colcon_core.shell:Skip shell extension 'dsv' for command environment
[3.208s] DEBUG:colcon.colcon_core.event_handler.log_command:Invoking command in '/home/chris/capstone/hitc_ws/src/build/robot_arm_description': CMAKE_PREFIX_PATH=${CMAKE_PREFIX_PATH}:/home/chris/ros2_ws/install/turtlesim_catch_them_all:/home/chris/ros2_ws/install/my_py_pkg:/home/chris/hitc_ws/install/test_motors_py:/home/chris/hitc_ws/install/camera_py:/opt/ros/humble /usr/bin/cmake /home/chris/capstone/hitc_ws/src/robot_arm_description -DCMAKE_INSTALL_PREFIX=/home/chris/capstone/hitc_ws/src/install/robot_arm_description
[3.466s] INFO:colcon.colcon_core.task.python.build:Building Python package in '/home/chris/capstone/hitc_ws/src/startup'
[3.481s] INFO:colcon.colcon_core.shell:Skip shell extension 'powershell' for command environment: Not usable outside of PowerShell
[3.481s] DEBUG:colcon.colcon_core.shell:Skip shell extension 'dsv' for command environment
[3.830s] INFO:colcon.colcon_core.task.python.build:Building Python package in '/home/chris/capstone/hitc_ws/src/testing_motors'
[3.846s] INFO:colcon.colcon_core.shell:Skip shell extension 'powershell' for command environment: Not usable outside of PowerShell
[3.846s] DEBUG:colcon.colcon_core.shell:Skip shell extension 'dsv' for command environment
[3.910s] DEBUG:colcon.colcon_core.event_handler.log_command:Invoked command in '/home/chris/capstone/hitc_ws/src/build/HITC_platform' returned '1': /usr/bin/cmake /home/chris/capstone/hitc_ws/src/hitc_platform_description -DCATKIN_INSTALL_INTO_PREFIX_ROOT=0 -DCMAKE_INSTALL_PREFIX=/home/chris/capstone/hitc_ws/src/install/HITC_platform
[3.911s] DEBUG:colcon.colcon_core.event_handler.log_command:Invoked command in '/home/chris/capstone/hitc_ws/src/build/c_pkg' returned '0': CMAKE_PREFIX_PATH=${CMAKE_PREFIX_PATH}:/home/chris/ros2_ws/install/turtlesim_catch_them_all:/home/chris/ros2_ws/install/my_py_pkg:/home/chris/hitc_ws/install/test_motors_py:/home/chris/hitc_ws/install/camera_py:/opt/ros/humble /usr/bin/cmake /home/chris/capstone/hitc_ws/src/c_pkg -DCMAKE_INSTALL_PREFIX=/home/chris/capstone/hitc_ws/src/install/c_pkg
[3.912s] DEBUG:colcon.colcon_core.event_handler.log_command:Invoking command in '/home/chris/capstone/hitc_ws/src/build/c_pkg': CMAKE_PREFIX_PATH=${CMAKE_PREFIX_PATH}:/home/chris/ros2_ws/install/turtlesim_catch_them_all:/home/chris/ros2_ws/install/my_py_pkg:/home/chris/hitc_ws/install/test_motors_py:/home/chris/hitc_ws/install/camera_py:/opt/ros/humble /usr/bin/cmake --build /home/chris/capstone/hitc_ws/src/build/c_pkg -- -j12 -l12
[3.923s] DEBUG:colcon.colcon_core.event_handler.log_command:Invoked command in '/home/chris/capstone/hitc_ws/src/build/robot_arm_description' returned '0': CMAKE_PREFIX_PATH=${CMAKE_PREFIX_PATH}:/home/chris/ros2_ws/install/turtlesim_catch_them_all:/home/chris/ros2_ws/install/my_py_pkg:/home/chris/hitc_ws/install/test_motors_py:/home/chris/hitc_ws/install/camera_py:/opt/ros/humble /usr/bin/cmake /home/chris/capstone/hitc_ws/src/robot_arm_description -DCMAKE_INSTALL_PREFIX=/home/chris/capstone/hitc_ws/src/install/robot_arm_description
[3.926s] DEBUG:colcon.colcon_core.event_handler.log_command:Invoking command in '/home/chris/capstone/hitc_ws/src/build/robot_arm_description': CMAKE_PREFIX_PATH=${CMAKE_PREFIX_PATH}:/home/chris/ros2_ws/install/turtlesim_catch_them_all:/home/chris/ros2_ws/install/my_py_pkg:/home/chris/hitc_ws/install/test_motors_py:/home/chris/hitc_ws/install/camera_py:/opt/ros/humble /usr/bin/cmake --build /home/chris/capstone/hitc_ws/src/build/robot_arm_description -- -j12 -l12
[3.930s] Level 1:colcon.colcon_core.environment:create_environment_scripts_only(HITC_platform)
[3.949s] Level 1:colcon.colcon_core.environment:checking '/home/chris/capstone/hitc_ws/src/install/HITC_platform' for CMake module files
[3.950s] Level 1:colcon.colcon_core.environment:checking '/home/chris/capstone/hitc_ws/src/install/HITC_platform' for CMake config files
[3.950s] Level 1:colcon.colcon_core.environment:checking '/home/chris/capstone/hitc_ws/src/install/HITC_platform/bin'
[3.950s] Level 1:colcon.colcon_core.environment:checking '/home/chris/capstone/hitc_ws/src/install/HITC_platform/lib/pkgconfig/HITC_platform.pc'
[3.950s] Level 1:colcon.colcon_core.environment:checking '/home/chris/capstone/hitc_ws/src/install/HITC_platform/lib/python3.10/site-packages'
[3.951s] Level 1:colcon.colcon_core.environment:checking '/home/chris/capstone/hitc_ws/src/install/HITC_platform/bin'
[3.967s] INFO:colcon.colcon_core.shell:Creating package script '/home/chris/capstone/hitc_ws/src/install/HITC_platform/share/HITC_platform/package.ps1'
[3.968s] INFO:colcon.colcon_core.shell:Creating package descriptor '/home/chris/capstone/hitc_ws/src/install/HITC_platform/share/HITC_platform/package.dsv'
[3.969s] INFO:colcon.colcon_core.shell:Creating package script '/home/chris/capstone/hitc_ws/src/install/HITC_platform/share/HITC_platform/package.sh'
[3.969s] INFO:colcon.colcon_core.shell:Creating package script '/home/chris/capstone/hitc_ws/src/install/HITC_platform/share/HITC_platform/package.bash'
[3.970s] INFO:colcon.colcon_core.shell:Creating package script '/home/chris/capstone/hitc_ws/src/install/HITC_platform/share/HITC_platform/package.zsh'
[3.970s] Level 1:colcon.colcon_core.environment:create_file_with_runtime_dependencies(/home/chris/capstone/hitc_ws/src/install/HITC_platform/share/colcon-core/packages/HITC_platform)
[4.335s] DEBUG:colcon.colcon_parallel_executor.executor.parallel:closing loop
[4.336s] DEBUG:colcon.colcon_parallel_executor.executor.parallel:loop closed
[4.336s] DEBUG:colcon.colcon_parallel_executor.executor.parallel:run_until_complete finished with '1'
[4.336s] DEBUG:colcon.colcon_core.event_reactor:joining thread
[4.355s] INFO:colcon.colcon_core.plugin_system:Skipping extension 'colcon_notification.desktop_notification.terminal_notifier': Not used on non-Darwin systems
[4.355s] INFO:colcon.colcon_core.plugin_system:Skipping extension 'colcon_notification.desktop_notification.win32': Not used on non-Windows systems
[4.355s] INFO:colcon.colcon_notification.desktop_notification:Sending desktop notification using 'notify2'
[4.368s] DEBUG:colcon.colcon_core.event_reactor:joined thread
[4.384s] INFO:colcon.colcon_core.shell:Creating prefix script '/home/chris/capstone/hitc_ws/src/install/local_setup.ps1'
[4.384s] INFO:colcon.colcon_core.shell:Creating prefix util module '/home/chris/capstone/hitc_ws/src/install/_local_setup_util_ps1.py'
[4.385s] INFO:colcon.colcon_core.shell:Creating prefix chain script '/home/chris/capstone/hitc_ws/src/install/setup.ps1'
[4.402s] INFO:colcon.colcon_core.shell:Creating prefix script '/home/chris/capstone/hitc_ws/src/install/local_setup.sh'
[4.402s] INFO:colcon.colcon_core.shell:Creating prefix util module '/home/chris/capstone/hitc_ws/src/install/_local_setup_util_sh.py'
[4.402s] INFO:colcon.colcon_core.shell:Creating prefix chain script '/home/chris/capstone/hitc_ws/src/install/setup.sh'
[4.419s] INFO:colcon.colcon_core.shell:Creating prefix script '/home/chris/capstone/hitc_ws/src/install/local_setup.bash'
[4.419s] INFO:colcon.colcon_core.shell:Creating prefix chain script '/home/chris/capstone/hitc_ws/src/install/setup.bash'
[4.435s] INFO:colcon.colcon_core.shell:Creating prefix script '/home/chris/capstone/hitc_ws/src/install/local_setup.zsh'
[4.435s] INFO:colcon.colcon_core.shell:Creating prefix chain script '/home/chris/capstone/hitc_ws/src/install/setup.zsh'
