[1.401s] DEBUG:colcon:Command line arguments: ['/usr/bin/colcon', 'build', '--packages-select', 'micro-ROS-Agent']
[1.401s] DEBUG:colcon:Parsed command line arguments: Namespace(log_base=None, log_level=None, verb_name='build', build_base='build', install_base='install', merge_install=False, symlink_install=False, test_result_base=None, continue_on_error=False, executor='parallel', parallel_workers=12, event_handlers=None, ignore_user_meta=False, metas=['./colcon.meta'], base_paths=['.'], packages_ignore=None, packages_ignore_regex=None, paths=None, packages_up_to=None, packages_up_to_regex=None, packages_above=None, packages_above_and_dependencies=None, packages_above_depth=None, packages_select_by_dep=None, packages_skip_by_dep=None, packages_skip_up_to=None, packages_select_build_failed=False, packages_skip_build_finished=False, packages_select_test_failures=False, packages_skip_test_passed=False, packages_select=['micro-ROS-Agent'], packages_skip=None, packages_select_regex=None, packages_skip_regex=None, packages_start=None, packages_end=None, allow_overriding=[], cmake_args=None, cmake_target=None, cmake_target_skip_unavailable=False, cmake_clean_cache=False, cmake_clean_first=False, cmake_force_configure=False, ament_cmake_args=None, catkin_cmake_args=None, catkin_skip_building_tests=False, mixin_files=None, mixin=None, verb_parser=<colcon_mixin.mixin.mixin_argument.MixinArgumentDecorator object at 0x72bdbf68bd90>, verb_extension=<colcon_core.verb.build.BuildVerb object at 0x72bdbf68b010>, main=<bound method BuildVerb.main of <colcon_core.verb.build.BuildVerb object at 0x72bdbf68b010>>, mixin_verb=('build',))
[1.454s] Level 1:colcon.colcon_core.package_discovery:discover_packages(colcon_meta) check parameters
[1.455s] Level 1:colcon.colcon_core.package_discovery:discover_packages(recursive) check parameters
[1.455s] Level 1:colcon.colcon_core.package_discovery:discover_packages(ignore) check parameters
[1.455s] Level 1:colcon.colcon_core.package_discovery:discover_packages(path) check parameters
[1.455s] Level 1:colcon.colcon_core.package_discovery:discover_packages(colcon_meta) discover
[1.455s] Level 1:colcon.colcon_core.package_discovery:discover_packages(recursive) discover
[1.455s] INFO:colcon.colcon_core.package_discovery:Crawling recursively for packages in '/home/chris/capstone/hitc_ws'
[1.455s] Level 1:colcon.colcon_core.package_identification:_identify(.) by extensions ['ignore', 'ignore_ament_install']
[1.455s] Level 1:colcon.colcon_core.package_identification:_identify(.) by extension 'ignore'
[1.455s] Level 1:colcon.colcon_core.package_identification:_identify(.) by extension 'ignore_ament_install'
[1.455s] Level 1:colcon.colcon_core.package_identification:_identify(.) by extensions ['colcon_pkg']
[1.455s] Level 1:colcon.colcon_core.package_identification:_identify(.) by extension 'colcon_pkg'
[1.455s] Level 1:colcon.colcon_core.package_identification:_identify(.) by extensions ['colcon_meta']
[1.455s] Level 1:colcon.colcon_core.package_identification:_identify(.) by extension 'colcon_meta'
[1.455s] Level 1:colcon.colcon_core.package_identification:_identify(.) by extensions ['ros']
[1.455s] Level 1:colcon.colcon_core.package_identification:_identify(.) by extension 'ros'
[1.465s] Level 1:colcon.colcon_core.package_identification:_identify(.) by extensions ['cmake', 'python']
[1.465s] Level 1:colcon.colcon_core.package_identification:_identify(.) by extension 'cmake'
[1.465s] Level 1:colcon.colcon_core.package_identification:_identify(.) by extension 'python'
[1.465s] Level 1:colcon.colcon_core.package_identification:_identify(.) by extensions ['python_setup_py']
[1.465s] Level 1:colcon.colcon_core.package_identification:_identify(.) by extension 'python_setup_py'
[1.465s] Level 1:colcon.colcon_core.package_identification:_identify(build) by extensions ['ignore', 'ignore_ament_install']
[1.466s] Level 1:colcon.colcon_core.package_identification:_identify(build) by extension 'ignore'
[1.466s] Level 1:colcon.colcon_core.package_identification:_identify(build) ignored
[1.466s] Level 1:colcon.colcon_core.package_identification:_identify(install) by extensions ['ignore', 'ignore_ament_install']
[1.466s] Level 1:colcon.colcon_core.package_identification:_identify(install) by extension 'ignore'
[1.466s] Level 1:colcon.colcon_core.package_identification:_identify(install) ignored
[1.466s] Level 1:colcon.colcon_core.package_identification:_identify(log) by extensions ['ignore', 'ignore_ament_install']
[1.466s] Level 1:colcon.colcon_core.package_identification:_identify(log) by extension 'ignore'
[1.466s] Level 1:colcon.colcon_core.package_identification:_identify(log) ignored
[1.466s] Level 1:colcon.colcon_core.package_identification:_identify(src) by extensions ['ignore', 'ignore_ament_install']
[1.466s] Level 1:colcon.colcon_core.package_identification:_identify(src) by extension 'ignore'
[1.466s] Level 1:colcon.colcon_core.package_identification:_identify(src) by extension 'ignore_ament_install'
[1.467s] Level 1:colcon.colcon_core.package_identification:_identify(src) by extensions ['colcon_pkg']
[1.467s] Level 1:colcon.colcon_core.package_identification:_identify(src) by extension 'colcon_pkg'
[1.467s] Level 1:colcon.colcon_core.package_identification:_identify(src) by extensions ['colcon_meta']
[1.467s] Level 1:colcon.colcon_core.package_identification:_identify(src) by extension 'colcon_meta'
[1.467s] Level 1:colcon.colcon_core.package_identification:_identify(src) by extensions ['ros']
[1.467s] Level 1:colcon.colcon_core.package_identification:_identify(src) by extension 'ros'
[1.467s] Level 1:colcon.colcon_core.package_identification:_identify(src) by extensions ['cmake', 'python']
[1.467s] Level 1:colcon.colcon_core.package_identification:_identify(src) by extension 'cmake'
[1.467s] Level 1:colcon.colcon_core.package_identification:_identify(src) by extension 'python'
[1.467s] Level 1:colcon.colcon_core.package_identification:_identify(src) by extensions ['python_setup_py']
[1.467s] Level 1:colcon.colcon_core.package_identification:_identify(src) by extension 'python_setup_py'
[1.467s] Level 1:colcon.colcon_core.package_identification:_identify(src/Sensor_readings) by extensions ['ignore', 'ignore_ament_install']
[1.467s] Level 1:colcon.colcon_core.package_identification:_identify(src/Sensor_readings) by extension 'ignore'
[1.467s] Level 1:colcon.colcon_core.package_identification:_identify(src/Sensor_readings) by extension 'ignore_ament_install'
[1.467s] Level 1:colcon.colcon_core.package_identification:_identify(src/Sensor_readings) by extensions ['colcon_pkg']
[1.467s] Level 1:colcon.colcon_core.package_identification:_identify(src/Sensor_readings) by extension 'colcon_pkg'
[1.467s] Level 1:colcon.colcon_core.package_identification:_identify(src/Sensor_readings) by extensions ['colcon_meta']
[1.467s] Level 1:colcon.colcon_core.package_identification:_identify(src/Sensor_readings) by extension 'colcon_meta'
[1.467s] Level 1:colcon.colcon_core.package_identification:_identify(src/Sensor_readings) by extensions ['ros']
[1.468s] Level 1:colcon.colcon_core.package_identification:_identify(src/Sensor_readings) by extension 'ros'
[1.468s] Level 1:colcon.colcon_core.package_identification:_identify(src/Sensor_readings) by extensions ['cmake', 'python']
[1.468s] Level 1:colcon.colcon_core.package_identification:_identify(src/Sensor_readings) by extension 'cmake'
[1.468s] Level 1:colcon.colcon_core.package_identification:_identify(src/Sensor_readings) by extension 'python'
[1.468s] Level 1:colcon.colcon_core.package_identification:_identify(src/Sensor_readings) by extensions ['python_setup_py']
[1.468s] Level 1:colcon.colcon_core.package_identification:_identify(src/Sensor_readings) by extension 'python_setup_py'
[1.468s] Level 1:colcon.colcon_core.package_identification:_identify(src/aruco) by extensions ['ignore', 'ignore_ament_install']
[1.468s] Level 1:colcon.colcon_core.package_identification:_identify(src/aruco) by extension 'ignore'
[1.468s] Level 1:colcon.colcon_core.package_identification:_identify(src/aruco) by extension 'ignore_ament_install'
[1.468s] Level 1:colcon.colcon_core.package_identification:_identify(src/aruco) by extensions ['colcon_pkg']
[1.468s] Level 1:colcon.colcon_core.package_identification:_identify(src/aruco) by extension 'colcon_pkg'
[1.468s] Level 1:colcon.colcon_core.package_identification:_identify(src/aruco) by extensions ['colcon_meta']
[1.468s] Level 1:colcon.colcon_core.package_identification:_identify(src/aruco) by extension 'colcon_meta'
[1.468s] Level 1:colcon.colcon_core.package_identification:_identify(src/aruco) by extensions ['ros']
[1.468s] Level 1:colcon.colcon_core.package_identification:_identify(src/aruco) by extension 'ros'
[1.468s] Level 1:colcon.colcon_core.package_identification:_identify(src/aruco) by extensions ['cmake', 'python']
[1.468s] Level 1:colcon.colcon_core.package_identification:_identify(src/aruco) by extension 'cmake'
[1.468s] Level 1:colcon.colcon_core.package_identification:_identify(src/aruco) by extension 'python'
[1.468s] Level 1:colcon.colcon_core.package_identification:_identify(src/aruco) by extensions ['python_setup_py']
[1.468s] Level 1:colcon.colcon_core.package_identification:_identify(src/aruco) by extension 'python_setup_py'
[1.469s] Level 1:colcon.colcon_core.package_identification:_identify(src/camera_capture) by extensions ['ignore', 'ignore_ament_install']
[1.469s] Level 1:colcon.colcon_core.package_identification:_identify(src/camera_capture) by extension 'ignore'
[1.469s] Level 1:colcon.colcon_core.package_identification:_identify(src/camera_capture) by extension 'ignore_ament_install'
[1.469s] Level 1:colcon.colcon_core.package_identification:_identify(src/camera_capture) by extensions ['colcon_pkg']
[1.469s] Level 1:colcon.colcon_core.package_identification:_identify(src/camera_capture) by extension 'colcon_pkg'
[1.469s] Level 1:colcon.colcon_core.package_identification:_identify(src/camera_capture) by extensions ['colcon_meta']
[1.469s] Level 1:colcon.colcon_core.package_identification:_identify(src/camera_capture) by extension 'colcon_meta'
[1.469s] Level 1:colcon.colcon_core.package_identification:_identify(src/camera_capture) by extensions ['ros']
[1.469s] Level 1:colcon.colcon_core.package_identification:_identify(src/camera_capture) by extension 'ros'
[1.471s] DEBUG:colcon.colcon_core.package_identification:Package 'src/camera_capture' with type 'ros.ament_python' and name 'camera_capture'
[1.471s] Level 1:colcon.colcon_core.package_identification:_identify(src/hitc_robot_description) by extensions ['ignore', 'ignore_ament_install']
[1.471s] Level 1:colcon.colcon_core.package_identification:_identify(src/hitc_robot_description) by extension 'ignore'
[1.471s] Level 1:colcon.colcon_core.package_identification:_identify(src/hitc_robot_description) by extension 'ignore_ament_install'
[1.471s] Level 1:colcon.colcon_core.package_identification:_identify(src/hitc_robot_description) by extensions ['colcon_pkg']
[1.471s] Level 1:colcon.colcon_core.package_identification:_identify(src/hitc_robot_description) by extension 'colcon_pkg'
[1.471s] Level 1:colcon.colcon_core.package_identification:_identify(src/hitc_robot_description) by extensions ['colcon_meta']
[1.471s] Level 1:colcon.colcon_core.package_identification:_identify(src/hitc_robot_description) by extension 'colcon_meta'
[1.471s] Level 1:colcon.colcon_core.package_identification:_identify(src/hitc_robot_description) by extensions ['ros']
[1.471s] Level 1:colcon.colcon_core.package_identification:_identify(src/hitc_robot_description) by extension 'ros'
[1.472s] DEBUG:colcon.colcon_core.package_identification:Package 'src/hitc_robot_description' with type 'ros.ament_cmake' and name 'hitc_robot_description'
[1.472s] Level 1:colcon.colcon_core.package_identification:_identify(src/laser_pointer) by extensions ['ignore', 'ignore_ament_install']
[1.472s] Level 1:colcon.colcon_core.package_identification:_identify(src/laser_pointer) by extension 'ignore'
[1.472s] Level 1:colcon.colcon_core.package_identification:_identify(src/laser_pointer) by extension 'ignore_ament_install'
[1.472s] Level 1:colcon.colcon_core.package_identification:_identify(src/laser_pointer) by extensions ['colcon_pkg']
[1.472s] Level 1:colcon.colcon_core.package_identification:_identify(src/laser_pointer) by extension 'colcon_pkg'
[1.473s] Level 1:colcon.colcon_core.package_identification:_identify(src/laser_pointer) by extensions ['colcon_meta']
[1.473s] Level 1:colcon.colcon_core.package_identification:_identify(src/laser_pointer) by extension 'colcon_meta'
[1.473s] Level 1:colcon.colcon_core.package_identification:_identify(src/laser_pointer) by extensions ['ros']
[1.473s] Level 1:colcon.colcon_core.package_identification:_identify(src/laser_pointer) by extension 'ros'
[1.473s] DEBUG:colcon.colcon_core.package_identification:Package 'src/laser_pointer' with type 'ros.ament_python' and name 'laser_pointer'
[1.473s] Level 1:colcon.colcon_core.package_identification:_identify(src/micro-ROS-Agent) by extensions ['ignore', 'ignore_ament_install']
[1.473s] Level 1:colcon.colcon_core.package_identification:_identify(src/micro-ROS-Agent) by extension 'ignore'
[1.473s] Level 1:colcon.colcon_core.package_identification:_identify(src/micro-ROS-Agent) by extension 'ignore_ament_install'
[1.474s] Level 1:colcon.colcon_core.package_identification:_identify(src/micro-ROS-Agent) by extensions ['colcon_pkg']
[1.474s] Level 1:colcon.colcon_core.package_identification:_identify(src/micro-ROS-Agent) by extension 'colcon_pkg'
[1.474s] Level 1:colcon.colcon_core.package_identification:_identify(src/micro-ROS-Agent) by extensions ['colcon_meta']
[1.474s] Level 1:colcon.colcon_core.package_identification:_identify(src/micro-ROS-Agent) by extension 'colcon_meta'
[1.474s] Level 1:colcon.colcon_core.package_identification:_identify(src/micro-ROS-Agent) by extensions ['ros']
[1.474s] Level 1:colcon.colcon_core.package_identification:_identify(src/micro-ROS-Agent) by extension 'ros'
[1.474s] Level 1:colcon.colcon_core.package_identification:_identify(src/micro-ROS-Agent) by extensions ['cmake', 'python']
[1.474s] Level 1:colcon.colcon_core.package_identification:_identify(src/micro-ROS-Agent) by extension 'cmake'
[1.474s] Level 1:colcon.colcon_core.package_identification:_identify(src/micro-ROS-Agent) by extension 'python'
[1.474s] Level 1:colcon.colcon_core.package_identification:_identify(src/micro-ROS-Agent) by extensions ['python_setup_py']
[1.474s] Level 1:colcon.colcon_core.package_identification:_identify(src/micro-ROS-Agent) by extension 'python_setup_py'
[1.474s] Level 1:colcon.colcon_core.package_identification:_identify(src/micro-ROS-Agent/micro_ros_agent) by extensions ['ignore', 'ignore_ament_install']
[1.474s] Level 1:colcon.colcon_core.package_identification:_identify(src/micro-ROS-Agent/micro_ros_agent) by extension 'ignore'
[1.474s] Level 1:colcon.colcon_core.package_identification:_identify(src/micro-ROS-Agent/micro_ros_agent) by extension 'ignore_ament_install'
[1.474s] Level 1:colcon.colcon_core.package_identification:_identify(src/micro-ROS-Agent/micro_ros_agent) by extensions ['colcon_pkg']
[1.474s] Level 1:colcon.colcon_core.package_identification:_identify(src/micro-ROS-Agent/micro_ros_agent) by extension 'colcon_pkg'
[1.474s] Level 1:colcon.colcon_core.package_identification:_identify(src/micro-ROS-Agent/micro_ros_agent) by extensions ['colcon_meta']
[1.474s] Level 1:colcon.colcon_core.package_identification:_identify(src/micro-ROS-Agent/micro_ros_agent) by extension 'colcon_meta'
[1.475s] Level 1:colcon.colcon_core.package_identification:_identify(src/micro-ROS-Agent/micro_ros_agent) by extensions ['ros']
[1.475s] Level 1:colcon.colcon_core.package_identification:_identify(src/micro-ROS-Agent/micro_ros_agent) by extension 'ros'
[1.475s] DEBUG:colcon.colcon_core.package_identification:Package 'src/micro-ROS-Agent/micro_ros_agent' with type 'ros.ament_cmake' and name 'micro_ros_agent'
[1.476s] Level 1:colcon.colcon_core.package_identification:_identify(src/micro-ROS-Agent/snap) by extensions ['ignore', 'ignore_ament_install']
[1.476s] Level 1:colcon.colcon_core.package_identification:_identify(src/micro-ROS-Agent/snap) by extension 'ignore'
[1.476s] Level 1:colcon.colcon_core.package_identification:_identify(src/micro-ROS-Agent/snap) by extension 'ignore_ament_install'
[1.476s] Level 1:colcon.colcon_core.package_identification:_identify(src/micro-ROS-Agent/snap) by extensions ['colcon_pkg']
[1.476s] Level 1:colcon.colcon_core.package_identification:_identify(src/micro-ROS-Agent/snap) by extension 'colcon_pkg'
[1.476s] Level 1:colcon.colcon_core.package_identification:_identify(src/micro-ROS-Agent/snap) by extensions ['colcon_meta']
[1.476s] Level 1:colcon.colcon_core.package_identification:_identify(src/micro-ROS-Agent/snap) by extension 'colcon_meta'
[1.476s] Level 1:colcon.colcon_core.package_identification:_identify(src/micro-ROS-Agent/snap) by extensions ['ros']
[1.476s] Level 1:colcon.colcon_core.package_identification:_identify(src/micro-ROS-Agent/snap) by extension 'ros'
[1.476s] Level 1:colcon.colcon_core.package_identification:_identify(src/micro-ROS-Agent/snap) by extensions ['cmake', 'python']
[1.476s] Level 1:colcon.colcon_core.package_identification:_identify(src/micro-ROS-Agent/snap) by extension 'cmake'
[1.476s] Level 1:colcon.colcon_core.package_identification:_identify(src/micro-ROS-Agent/snap) by extension 'python'
[1.476s] Level 1:colcon.colcon_core.package_identification:_identify(src/micro-ROS-Agent/snap) by extensions ['python_setup_py']
[1.476s] Level 1:colcon.colcon_core.package_identification:_identify(src/micro-ROS-Agent/snap) by extension 'python_setup_py'
[1.476s] Level 1:colcon.colcon_core.package_identification:_identify(src/micro-ROS-Agent/snap/hooks) by extensions ['ignore', 'ignore_ament_install']
[1.476s] Level 1:colcon.colcon_core.package_identification:_identify(src/micro-ROS-Agent/snap/hooks) by extension 'ignore'
[1.476s] Level 1:colcon.colcon_core.package_identification:_identify(src/micro-ROS-Agent/snap/hooks) by extension 'ignore_ament_install'
[1.477s] Level 1:colcon.colcon_core.package_identification:_identify(src/micro-ROS-Agent/snap/hooks) by extensions ['colcon_pkg']
[1.477s] Level 1:colcon.colcon_core.package_identification:_identify(src/micro-ROS-Agent/snap/hooks) by extension 'colcon_pkg'
[1.477s] Level 1:colcon.colcon_core.package_identification:_identify(src/micro-ROS-Agent/snap/hooks) by extensions ['colcon_meta']
[1.477s] Level 1:colcon.colcon_core.package_identification:_identify(src/micro-ROS-Agent/snap/hooks) by extension 'colcon_meta'
[1.477s] Level 1:colcon.colcon_core.package_identification:_identify(src/micro-ROS-Agent/snap/hooks) by extensions ['ros']
[1.477s] Level 1:colcon.colcon_core.package_identification:_identify(src/micro-ROS-Agent/snap/hooks) by extension 'ros'
[1.477s] Level 1:colcon.colcon_core.package_identification:_identify(src/micro-ROS-Agent/snap/hooks) by extensions ['cmake', 'python']
[1.477s] Level 1:colcon.colcon_core.package_identification:_identify(src/micro-ROS-Agent/snap/hooks) by extension 'cmake'
[1.477s] Level 1:colcon.colcon_core.package_identification:_identify(src/micro-ROS-Agent/snap/hooks) by extension 'python'
[1.477s] Level 1:colcon.colcon_core.package_identification:_identify(src/micro-ROS-Agent/snap/hooks) by extensions ['python_setup_py']
[1.477s] Level 1:colcon.colcon_core.package_identification:_identify(src/micro-ROS-Agent/snap/hooks) by extension 'python_setup_py'
[1.477s] Level 1:colcon.colcon_core.package_identification:_identify(src/micro-ROS-Agent/snap/local) by extensions ['ignore', 'ignore_ament_install']
[1.477s] Level 1:colcon.colcon_core.package_identification:_identify(src/micro-ROS-Agent/snap/local) by extension 'ignore'
[1.477s] Level 1:colcon.colcon_core.package_identification:_identify(src/micro-ROS-Agent/snap/local) by extension 'ignore_ament_install'
[1.477s] Level 1:colcon.colcon_core.package_identification:_identify(src/micro-ROS-Agent/snap/local) by extensions ['colcon_pkg']
[1.477s] Level 1:colcon.colcon_core.package_identification:_identify(src/micro-ROS-Agent/snap/local) by extension 'colcon_pkg'
[1.477s] Level 1:colcon.colcon_core.package_identification:_identify(src/micro-ROS-Agent/snap/local) by extensions ['colcon_meta']
[1.477s] Level 1:colcon.colcon_core.package_identification:_identify(src/micro-ROS-Agent/snap/local) by extension 'colcon_meta'
[1.477s] Level 1:colcon.colcon_core.package_identification:_identify(src/micro-ROS-Agent/snap/local) by extensions ['ros']
[1.478s] Level 1:colcon.colcon_core.package_identification:_identify(src/micro-ROS-Agent/snap/local) by extension 'ros'
[1.478s] Level 1:colcon.colcon_core.package_identification:_identify(src/micro-ROS-Agent/snap/local) by extensions ['cmake', 'python']
[1.478s] Level 1:colcon.colcon_core.package_identification:_identify(src/micro-ROS-Agent/snap/local) by extension 'cmake'
[1.478s] Level 1:colcon.colcon_core.package_identification:_identify(src/micro-ROS-Agent/snap/local) by extension 'python'
[1.478s] Level 1:colcon.colcon_core.package_identification:_identify(src/micro-ROS-Agent/snap/local) by extensions ['python_setup_py']
[1.478s] Level 1:colcon.colcon_core.package_identification:_identify(src/micro-ROS-Agent/snap/local) by extension 'python_setup_py'
[1.478s] Level 1:colcon.colcon_core.package_identification:_identify(src/micro_ros_files) by extensions ['ignore', 'ignore_ament_install']
[1.478s] Level 1:colcon.colcon_core.package_identification:_identify(src/micro_ros_files) by extension 'ignore'
[1.478s] Level 1:colcon.colcon_core.package_identification:_identify(src/micro_ros_files) by extension 'ignore_ament_install'
[1.478s] Level 1:colcon.colcon_core.package_identification:_identify(src/micro_ros_files) by extensions ['colcon_pkg']
[1.478s] Level 1:colcon.colcon_core.package_identification:_identify(src/micro_ros_files) by extension 'colcon_pkg'
[1.478s] Level 1:colcon.colcon_core.package_identification:_identify(src/micro_ros_files) by extensions ['colcon_meta']
[1.478s] Level 1:colcon.colcon_core.package_identification:_identify(src/micro_ros_files) by extension 'colcon_meta'
[1.478s] Level 1:colcon.colcon_core.package_identification:_identify(src/micro_ros_files) by extensions ['ros']
[1.478s] Level 1:colcon.colcon_core.package_identification:_identify(src/micro_ros_files) by extension 'ros'
[1.478s] Level 1:colcon.colcon_core.package_identification:_identify(src/micro_ros_files) by extensions ['cmake', 'python']
[1.478s] Level 1:colcon.colcon_core.package_identification:_identify(src/micro_ros_files) by extension 'cmake'
[1.479s] Level 1:colcon.colcon_core.package_identification:_identify(src/micro_ros_files) by extension 'python'
[1.479s] Level 1:colcon.colcon_core.package_identification:_identify(src/micro_ros_files) by extensions ['python_setup_py']
[1.479s] Level 1:colcon.colcon_core.package_identification:_identify(src/micro_ros_files) by extension 'python_setup_py'
[1.479s] Level 1:colcon.colcon_core.package_identification:_identify(src/micro_ros_files/DRV8825_tutorial) by extensions ['ignore', 'ignore_ament_install']
[1.479s] Level 1:colcon.colcon_core.package_identification:_identify(src/micro_ros_files/DRV8825_tutorial) by extension 'ignore'
[1.479s] Level 1:colcon.colcon_core.package_identification:_identify(src/micro_ros_files/DRV8825_tutorial) by extension 'ignore_ament_install'
[1.479s] Level 1:colcon.colcon_core.package_identification:_identify(src/micro_ros_files/DRV8825_tutorial) by extensions ['colcon_pkg']
[1.479s] Level 1:colcon.colcon_core.package_identification:_identify(src/micro_ros_files/DRV8825_tutorial) by extension 'colcon_pkg'
[1.479s] Level 1:colcon.colcon_core.package_identification:_identify(src/micro_ros_files/DRV8825_tutorial) by extensions ['colcon_meta']
[1.479s] Level 1:colcon.colcon_core.package_identification:_identify(src/micro_ros_files/DRV8825_tutorial) by extension 'colcon_meta'
[1.479s] Level 1:colcon.colcon_core.package_identification:_identify(src/micro_ros_files/DRV8825_tutorial) by extensions ['ros']
[1.479s] Level 1:colcon.colcon_core.package_identification:_identify(src/micro_ros_files/DRV8825_tutorial) by extension 'ros'
[1.479s] Level 1:colcon.colcon_core.package_identification:_identify(src/micro_ros_files/DRV8825_tutorial) by extensions ['cmake', 'python']
[1.479s] Level 1:colcon.colcon_core.package_identification:_identify(src/micro_ros_files/DRV8825_tutorial) by extension 'cmake'
[1.479s] Level 1:colcon.colcon_core.package_identification:_identify(src/micro_ros_files/DRV8825_tutorial) by extension 'python'
[1.479s] Level 1:colcon.colcon_core.package_identification:_identify(src/micro_ros_files/DRV8825_tutorial) by extensions ['python_setup_py']
[1.479s] Level 1:colcon.colcon_core.package_identification:_identify(src/micro_ros_files/DRV8825_tutorial) by extension 'python_setup_py'
[1.479s] Level 1:colcon.colcon_core.package_identification:_identify(src/micro_ros_files/creating_micro_ros_publisher) by extensions ['ignore', 'ignore_ament_install']
[1.480s] Level 1:colcon.colcon_core.package_identification:_identify(src/micro_ros_files/creating_micro_ros_publisher) by extension 'ignore'
[1.480s] Level 1:colcon.colcon_core.package_identification:_identify(src/micro_ros_files/creating_micro_ros_publisher) by extension 'ignore_ament_install'
[1.480s] Level 1:colcon.colcon_core.package_identification:_identify(src/micro_ros_files/creating_micro_ros_publisher) by extensions ['colcon_pkg']
[1.480s] Level 1:colcon.colcon_core.package_identification:_identify(src/micro_ros_files/creating_micro_ros_publisher) by extension 'colcon_pkg'
[1.480s] Level 1:colcon.colcon_core.package_identification:_identify(src/micro_ros_files/creating_micro_ros_publisher) by extensions ['colcon_meta']
[1.480s] Level 1:colcon.colcon_core.package_identification:_identify(src/micro_ros_files/creating_micro_ros_publisher) by extension 'colcon_meta'
[1.480s] Level 1:colcon.colcon_core.package_identification:_identify(src/micro_ros_files/creating_micro_ros_publisher) by extensions ['ros']
[1.480s] Level 1:colcon.colcon_core.package_identification:_identify(src/micro_ros_files/creating_micro_ros_publisher) by extension 'ros'
[1.480s] Level 1:colcon.colcon_core.package_identification:_identify(src/micro_ros_files/creating_micro_ros_publisher) by extensions ['cmake', 'python']
[1.480s] Level 1:colcon.colcon_core.package_identification:_identify(src/micro_ros_files/creating_micro_ros_publisher) by extension 'cmake'
[1.480s] Level 1:colcon.colcon_core.package_identification:_identify(src/micro_ros_files/creating_micro_ros_publisher) by extension 'python'
[1.480s] Level 1:colcon.colcon_core.package_identification:_identify(src/micro_ros_files/creating_micro_ros_publisher) by extensions ['python_setup_py']
[1.480s] Level 1:colcon.colcon_core.package_identification:_identify(src/micro_ros_files/creating_micro_ros_publisher) by extension 'python_setup_py'
[1.480s] Level 1:colcon.colcon_core.package_identification:_identify(src/micro_ros_files/reading_encoder_values) by extensions ['ignore', 'ignore_ament_install']
[1.480s] Level 1:colcon.colcon_core.package_identification:_identify(src/micro_ros_files/reading_encoder_values) by extension 'ignore'
[1.480s] Level 1:colcon.colcon_core.package_identification:_identify(src/micro_ros_files/reading_encoder_values) by extension 'ignore_ament_install'
[1.480s] Level 1:colcon.colcon_core.package_identification:_identify(src/micro_ros_files/reading_encoder_values) by extensions ['colcon_pkg']
[1.480s] Level 1:colcon.colcon_core.package_identification:_identify(src/micro_ros_files/reading_encoder_values) by extension 'colcon_pkg'
[1.480s] Level 1:colcon.colcon_core.package_identification:_identify(src/micro_ros_files/reading_encoder_values) by extensions ['colcon_meta']
[1.480s] Level 1:colcon.colcon_core.package_identification:_identify(src/micro_ros_files/reading_encoder_values) by extension 'colcon_meta'
[1.480s] Level 1:colcon.colcon_core.package_identification:_identify(src/micro_ros_files/reading_encoder_values) by extensions ['ros']
[1.481s] Level 1:colcon.colcon_core.package_identification:_identify(src/micro_ros_files/reading_encoder_values) by extension 'ros'
[1.481s] Level 1:colcon.colcon_core.package_identification:_identify(src/micro_ros_files/reading_encoder_values) by extensions ['cmake', 'python']
[1.481s] Level 1:colcon.colcon_core.package_identification:_identify(src/micro_ros_files/reading_encoder_values) by extension 'cmake'
[1.481s] Level 1:colcon.colcon_core.package_identification:_identify(src/micro_ros_files/reading_encoder_values) by extension 'python'
[1.481s] Level 1:colcon.colcon_core.package_identification:_identify(src/micro_ros_files/reading_encoder_values) by extensions ['python_setup_py']
[1.481s] Level 1:colcon.colcon_core.package_identification:_identify(src/micro_ros_files/reading_encoder_values) by extension 'python_setup_py'
[1.481s] Level 1:colcon.colcon_core.package_identification:_identify(src/path_planner) by extensions ['ignore', 'ignore_ament_install']
[1.481s] Level 1:colcon.colcon_core.package_identification:_identify(src/path_planner) by extension 'ignore'
[1.481s] Level 1:colcon.colcon_core.package_identification:_identify(src/path_planner) by extension 'ignore_ament_install'
[1.481s] Level 1:colcon.colcon_core.package_identification:_identify(src/path_planner) by extensions ['colcon_pkg']
[1.481s] Level 1:colcon.colcon_core.package_identification:_identify(src/path_planner) by extension 'colcon_pkg'
[1.481s] Level 1:colcon.colcon_core.package_identification:_identify(src/path_planner) by extensions ['colcon_meta']
[1.481s] Level 1:colcon.colcon_core.package_identification:_identify(src/path_planner) by extension 'colcon_meta'
[1.481s] Level 1:colcon.colcon_core.package_identification:_identify(src/path_planner) by extensions ['ros']
[1.481s] Level 1:colcon.colcon_core.package_identification:_identify(src/path_planner) by extension 'ros'
[1.482s] DEBUG:colcon.colcon_core.package_identification:Package 'src/path_planner' with type 'ros.ament_python' and name 'path_planner'
[1.482s] Level 1:colcon.colcon_core.package_identification:_identify(src/state_publisher_py) by extensions ['ignore', 'ignore_ament_install']
[1.482s] Level 1:colcon.colcon_core.package_identification:_identify(src/state_publisher_py) by extension 'ignore'
[1.482s] Level 1:colcon.colcon_core.package_identification:_identify(src/state_publisher_py) by extension 'ignore_ament_install'
[1.482s] Level 1:colcon.colcon_core.package_identification:_identify(src/state_publisher_py) by extensions ['colcon_pkg']
[1.482s] Level 1:colcon.colcon_core.package_identification:_identify(src/state_publisher_py) by extension 'colcon_pkg'
[1.482s] Level 1:colcon.colcon_core.package_identification:_identify(src/state_publisher_py) by extensions ['colcon_meta']
[1.482s] Level 1:colcon.colcon_core.package_identification:_identify(src/state_publisher_py) by extension 'colcon_meta'
[1.482s] Level 1:colcon.colcon_core.package_identification:_identify(src/state_publisher_py) by extensions ['ros']
[1.482s] Level 1:colcon.colcon_core.package_identification:_identify(src/state_publisher_py) by extension 'ros'
[1.483s] DEBUG:colcon.colcon_core.package_identification:Package 'src/state_publisher_py' with type 'ros.ament_python' and name 'state_publisher_py'
[1.483s] Level 1:colcon.colcon_core.package_identification:_identify(src/trajectory_generator) by extensions ['ignore', 'ignore_ament_install']
[1.483s] Level 1:colcon.colcon_core.package_identification:_identify(src/trajectory_generator) by extension 'ignore'
[1.483s] Level 1:colcon.colcon_core.package_identification:_identify(src/trajectory_generator) by extension 'ignore_ament_install'
[1.483s] Level 1:colcon.colcon_core.package_identification:_identify(src/trajectory_generator) by extensions ['colcon_pkg']
[1.483s] Level 1:colcon.colcon_core.package_identification:_identify(src/trajectory_generator) by extension 'colcon_pkg'
[1.483s] Level 1:colcon.colcon_core.package_identification:_identify(src/trajectory_generator) by extensions ['colcon_meta']
[1.483s] Level 1:colcon.colcon_core.package_identification:_identify(src/trajectory_generator) by extension 'colcon_meta'
[1.483s] Level 1:colcon.colcon_core.package_identification:_identify(src/trajectory_generator) by extensions ['ros']
[1.483s] Level 1:colcon.colcon_core.package_identification:_identify(src/trajectory_generator) by extension 'ros'
[1.484s] DEBUG:colcon.colcon_core.package_identification:Package 'src/trajectory_generator' with type 'ros.ament_python' and name 'trajectory_generator'
[1.484s] Level 1:colcon.colcon_core.package_discovery:discover_packages(recursive) using defaults
[1.484s] Level 1:colcon.colcon_core.package_discovery:discover_packages(ignore) discover
[1.484s] Level 1:colcon.colcon_core.package_discovery:discover_packages(ignore) using defaults
[1.484s] Level 1:colcon.colcon_core.package_discovery:discover_packages(path) discover
[1.484s] Level 1:colcon.colcon_core.package_discovery:discover_packages(path) using defaults
[1.501s] WARNING:colcon.colcon_core.package_selection:ignoring unknown package 'micro-ROS-Agent' in --packages-select
[1.553s] INFO:colcon.colcon_core.package_selection:Skipping not selected package 'camera_capture' in 'src/camera_capture'
[1.553s] INFO:colcon.colcon_core.package_selection:Skipping not selected package 'hitc_robot_description' in 'src/hitc_robot_description'
[1.553s] INFO:colcon.colcon_core.package_selection:Skipping not selected package 'laser_pointer' in 'src/laser_pointer'
[1.553s] INFO:colcon.colcon_core.package_selection:Skipping not selected package 'micro_ros_agent' in 'src/micro-ROS-Agent/micro_ros_agent'
[1.553s] INFO:colcon.colcon_core.package_selection:Skipping not selected package 'path_planner' in 'src/path_planner'
[1.553s] INFO:colcon.colcon_core.package_selection:Skipping not selected package 'state_publisher_py' in 'src/state_publisher_py'
[1.553s] INFO:colcon.colcon_core.package_selection:Skipping not selected package 'trajectory_generator' in 'src/trajectory_generator'
[1.586s] Level 1:colcon.colcon_core.package_discovery:discover_packages(prefix_path) check parameters
[1.586s] Level 1:colcon.colcon_core.package_discovery:discover_packages(prefix_path) discover
[1.623s] DEBUG:colcon.colcon_installed_package_information.package_discovery:Found 1 installed packages in /home/chris/second_ros2_ws/install
[1.641s] DEBUG:colcon.colcon_installed_package_information.package_discovery:Found 70 installed packages in /home/chris/ws_moveit/install
[1.658s] DEBUG:colcon.colcon_installed_package_information.package_discovery:Found 7 installed packages in /home/chris/capstone/hitc_ws/install
[1.674s] DEBUG:colcon.colcon_installed_package_information.package_discovery:Found 2 installed packages in /home/chris/hitc_ws/install
[1.691s] DEBUG:colcon.colcon_installed_package_information.package_discovery:Found 12 installed packages in /home/chris/ros2_ws/install
[1.709s] DEBUG:colcon.colcon_installed_package_information.package_discovery:Found 354 installed packages in /opt/ros/humble
[1.710s] Level 1:colcon.colcon_core.package_discovery:discover_packages(prefix_path) using defaults
[1.821s] INFO:colcon.colcon_core.executor:Executing jobs using 'parallel' executor
[1.837s] DEBUG:colcon.colcon_parallel_executor.executor.parallel:run_until_complete
[1.837s] DEBUG:colcon.colcon_parallel_executor.executor.parallel:closing loop
[1.838s] DEBUG:colcon.colcon_parallel_executor.executor.parallel:loop closed
[1.838s] DEBUG:colcon.colcon_parallel_executor.executor.parallel:run_until_complete finished with '0'
[1.838s] DEBUG:colcon.colcon_core.event_reactor:joining thread
[1.859s] INFO:colcon.colcon_core.plugin_system:Skipping extension 'colcon_notification.desktop_notification.terminal_notifier': Not used on non-Darwin systems
[1.860s] INFO:colcon.colcon_core.plugin_system:Skipping extension 'colcon_notification.desktop_notification.win32': Not used on non-Windows systems
[1.860s] INFO:colcon.colcon_notification.desktop_notification:Sending desktop notification using 'notify2'
[1.869s] DEBUG:colcon.colcon_core.event_reactor:joined thread
[1.887s] INFO:colcon.colcon_core.plugin_system:Skipping extension 'colcon_core.shell.bat': Not used on non-Windows systems
[1.887s] INFO:colcon.colcon_core.shell:Creating prefix script '/home/chris/capstone/hitc_ws/install/local_setup.ps1'
[1.888s] INFO:colcon.colcon_core.shell:Creating prefix util module '/home/chris/capstone/hitc_ws/install/_local_setup_util_ps1.py'
[1.889s] INFO:colcon.colcon_core.shell:Creating prefix chain script '/home/chris/capstone/hitc_ws/install/setup.ps1'
[1.910s] INFO:colcon.colcon_core.shell:Creating prefix script '/home/chris/capstone/hitc_ws/install/local_setup.sh'
[1.911s] INFO:colcon.colcon_core.shell:Creating prefix util module '/home/chris/capstone/hitc_ws/install/_local_setup_util_sh.py'
[1.911s] INFO:colcon.colcon_core.shell:Creating prefix chain script '/home/chris/capstone/hitc_ws/install/setup.sh'
[1.932s] INFO:colcon.colcon_core.shell:Creating prefix script '/home/chris/capstone/hitc_ws/install/local_setup.bash'
[1.932s] INFO:colcon.colcon_core.shell:Creating prefix chain script '/home/chris/capstone/hitc_ws/install/setup.bash'
[1.953s] INFO:colcon.colcon_core.shell:Creating prefix script '/home/chris/capstone/hitc_ws/install/local_setup.zsh'
[1.953s] INFO:colcon.colcon_core.shell:Creating prefix chain script '/home/chris/capstone/hitc_ws/install/setup.zsh'
