[3.936s] Invoking command in '/home/chris/capstone/hitc_ws/src/my_robot_description': PYTHONPATH=/home/chris/capstone/hitc_ws/build/my_robot_description/prefix_override:/home/chris/capstone/hitc_ws/install/my_robot_description/lib/python3.10/site-packages:${PYTHONPATH} /usr/bin/python3 setup.py egg_info --egg-base ../../build/my_robot_description build --build-base /home/chris/capstone/hitc_ws/build/my_robot_description/build install --record /home/chris/capstone/hitc_ws/build/my_robot_description/install.log --single-version-externally-managed
[5.180s] running egg_info
[5.183s] creating ../../build/my_robot_description/my_robot_description.egg-info
[5.184s] writing ../../build/my_robot_description/my_robot_description.egg-info/PKG-INFO
[5.185s] writing dependency_links to ../../build/my_robot_description/my_robot_description.egg-info/dependency_links.txt
[5.185s] writing entry points to ../../build/my_robot_description/my_robot_description.egg-info/entry_points.txt
[5.186s] writing requirements to ../../build/my_robot_description/my_robot_description.egg-info/requires.txt
[5.186s] writing top-level names to ../../build/my_robot_description/my_robot_description.egg-info/top_level.txt
[5.187s] writing manifest file '../../build/my_robot_description/my_robot_description.egg-info/SOURCES.txt'
[5.195s] reading manifest file '../../build/my_robot_description/my_robot_description.egg-info/SOURCES.txt'
[5.199s] writing manifest file '../../build/my_robot_description/my_robot_description.egg-info/SOURCES.txt'
[5.199s] running build
[5.200s] running build_py
[5.200s] creating /home/chris/capstone/hitc_ws/build/my_robot_description/build
[5.201s] creating /home/chris/capstone/hitc_ws/build/my_robot_description/build/lib
[5.201s] creating /home/chris/capstone/hitc_ws/build/my_robot_description/build/lib/my_robot_description
[5.202s] copying my_robot_description/__init__.py -> /home/chris/capstone/hitc_ws/build/my_robot_description/build/lib/my_robot_description
[5.202s] running install
[5.203s] running install_lib
[5.206s] creating /home/chris/capstone/hitc_ws/install/my_robot_description/lib/python3.10/site-packages/my_robot_description
[5.207s] copying /home/chris/capstone/hitc_ws/build/my_robot_description/build/lib/my_robot_description/__init__.py -> /home/chris/capstone/hitc_ws/install/my_robot_description/lib/python3.10/site-packages/my_robot_description
[5.210s] byte-compiling /home/chris/capstone/hitc_ws/install/my_robot_description/lib/python3.10/site-packages/my_robot_description/__init__.py to __init__.cpython-310.pyc
[5.211s] running install_data
[5.213s] creating /home/chris/capstone/hitc_ws/install/my_robot_description/share/ament_index
[5.214s] creating /home/chris/capstone/hitc_ws/install/my_robot_description/share/ament_index/resource_index
[5.214s] creating /home/chris/capstone/hitc_ws/install/my_robot_description/share/ament_index/resource_index/packages
[5.215s] copying resource/my_robot_description -> /home/chris/capstone/hitc_ws/install/my_robot_description/share/ament_index/resource_index/packages
[5.215s] copying package.xml -> /home/chris/capstone/hitc_ws/install/my_robot_description/share/my_robot_description
[5.215s] running install_egg_info
[5.223s] Copying ../../build/my_robot_description/my_robot_description.egg-info to /home/chris/capstone/hitc_ws/install/my_robot_description/lib/python3.10/site-packages/my_robot_description-0.0.0-py3.10.egg-info
[5.228s] running install_scripts
[5.311s] writing list of installed files to '/home/chris/capstone/hitc_ws/build/my_robot_description/install.log'
[5.451s] Invoked command in '/home/chris/capstone/hitc_ws/src/my_robot_description' returned '0': PYTHONPATH=/home/chris/capstone/hitc_ws/build/my_robot_description/prefix_override:/home/chris/capstone/hitc_ws/install/my_robot_description/lib/python3.10/site-packages:${PYTHONPATH} /usr/bin/python3 setup.py egg_info --egg-base ../../build/my_robot_description build --build-base /home/chris/capstone/hitc_ws/build/my_robot_description/build install --record /home/chris/capstone/hitc_ws/build/my_robot_description/install.log --single-version-externally-managed
